#
# A fatal error has been detected by the Java Runtime Environment:
#
#  EXCEPTION_ACCESS_VIOLATION (0xc0000005) at pc=0x00007ffaccef1f4a, pid=14748, tid=30432
#
# JRE version: OpenJDK Runtime Environment (23.0+37) (build 23+37-2369)
# Java VM: OpenJDK 64-Bit Server VM (23+37-2369, mixed mode, sharing, tiered, compressed oops, compressed class ptrs, g1 gc, windows-amd64)
# Problematic frame:
# C  [igd12um64xel.dll+0x71f4a]
#
# No core dump will be written. Minidumps are not enabled by default on client versions of Windows
#
# If you would like to submit a bug report, please visit:
#   https://bugreport.java.com/bugreport/crash.jsp
# The crash happened outside the Java Virtual Machine in native code.
# See problematic frame for where to report the bug.
#

---------------  S U M M A R Y ------------

Command Line: -XX:+UseG1GC -javaagent:C:\Program Files\JetBrains\IntelliJ IDEA 2024.2.1\lib\idea_rt.jar=64521:C:\Program Files\JetBrains\IntelliJ IDEA 2024.2.1\bin -Dfile.encoding=UTF-8 -Dsun.stdout.encoding=UTF-8 -Dsun.stderr.encoding=UTF-8 --module-path=C:\Users\asus\.m2\repository\org\openjfx\javafx-base\17.0.6\javafx-base-17.0.6-win.jar;C:\Users\asus\.m2\repository\org\openjfx\javafx-fxml\17.0.6\javafx-fxml-17.0.6-win.jar;C:\Users\asus\.m2\repository\org\openjfx\javafx-controls\17.0.6\javafx-controls-17.0.6-win.jar;C:\Users\asus\.m2\repository\com\dlsc\formsfx\formsfx-core\11.6.0\formsfx-core-11.6.0.jar;C:\Users\asus\.m2\repository\org\openjfx\javafx-graphics\17.0.6\javafx-graphics-17.0.6-win.jar;C:\Users\asus\Desktop\OOP\BTL\plant_tree\target\classes -Djdk.module.main=com.example.demo com.example.demo/com.example.demo.Main

Host: 13th Gen Intel(R) Core(TM) i9-13900H, 20 cores, 15G,  Windows 11 , 64 bit Build 22621 (10.0.22621.4391)
Time: Thu Nov 21 03:15:10 2024 SE Asia Standard Time elapsed time: 0.319772 seconds (0d 0h 0m 0s)

---------------  T H R E A D  ---------------

Current thread (0x0000025f8ef80410):  JavaThread "QuantumRenderer-0" daemon [_thread_in_native, id=30432, stack(0x000000a1ce700000,0x000000a1ce800000) (1024K)]

Stack: [0x000000a1ce700000,0x000000a1ce800000],  sp=0x000000a1ce7f60b0,  free space=984k
Native frames: (J=compiled Java code, j=interpreted, Vv=VM code, C=native code)
C  [igd12um64xel.dll+0x71f4a]  (no source info available)
C  [igd12um64xel.dll+0x7210a]  (no source info available)
C  [igd12um64xel.dll+0x71704]  (no source info available)
C  [igd12um64xel.dll+0x71671]  (no source info available)
C  [igd12umd64.dll+0x1672]  (no source info available)
C  [igd12umd64.dll+0x11ee]  (no source info available)
C  [D3D12Core.dll+0x98de0]  (no source info available)
C  [D3D12Core.dll+0x9a536]  (no source info available)
C  [D3D12Core.dll+0x16c89]  (no source info available)
C  [D3D12Core.dll+0x199d5]  (no source info available)
C  [D3D12Core.dll+0x2048e]  (no source info available)
C  [D3D12Core.dll+0x219d6]  (no source info available)
C  [d3d12.dll+0x6c4b]  (no source info available)
C  [d3d12.dll+0x63ae]  (no source info available)
C  [d3d9on12.dll+0x4ae0]  (no source info available)
C  [d3d9on12.dll+0x7df7b]  (no source info available)
C  [d3d9.dll+0x623fb]  (no source info available)

Java frames: (J=compiled Java code, j=interpreted, Vv=VM code)
j  com.sun.prism.d3d.D3DPipeline.nInit(Ljava/lang/Class;Z)Z+0 javafx.graphics
j  com.sun.prism.d3d.D3DPipeline.lambda$static$0()Ljava/lang/Boolean;+39 javafx.graphics
j  com.sun.prism.d3d.D3DPipeline$$Lambda+0x0000025f4a026e20.run()Ljava/lang/Object;+0 javafx.graphics
j  java.security.AccessController.executePrivileged(Ljava/security/PrivilegedAction;Ljava/security/AccessControlContext;Ljava/lang/Class;)Ljava/lang/Object;+29 java.base@23
j  java.security.AccessController.doPrivileged(Ljava/security/PrivilegedAction;)Ljava/lang/Object;+5 java.base@23
j  com.sun.prism.d3d.D3DPipeline.<clinit>()V+5 javafx.graphics
v  ~StubRoutines::call_stub 0x0000025f38650fcd
j  java.lang.Class.forName0(Ljava/lang/String;ZLjava/lang/ClassLoader;Ljava/lang/Class;)Ljava/lang/Class;+0 java.base@23
j  java.lang.Class.forName(Ljava/lang/String;Ljava/lang/Class;)Ljava/lang/Class;+19 java.base@23
j  java.lang.Class.forName(Ljava/lang/String;)Ljava/lang/Class;+6 java.base@23
j  com.sun.prism.GraphicsPipeline.createPipeline()Lcom/sun/prism/GraphicsPipeline;+180 javafx.graphics
j  com.sun.javafx.tk.quantum.QuantumRenderer$PipelineRunnable.init()V+0 javafx.graphics
j  com.sun.javafx.tk.quantum.QuantumRenderer$PipelineRunnable.run()V+1 javafx.graphics
j  java.lang.Thread.runWith(Ljava/lang/Object;Ljava/lang/Runnable;)V+5 java.base@23
j  java.lang.Thread.run()V+19 java.base@23
v  ~StubRoutines::call_stub 0x0000025f38650fcd

siginfo: EXCEPTION_ACCESS_VIOLATION (0xc0000005), reading address 0x000000003f800018


Registers:
RAX=0x000000003f800000, RBX=0x0000025f8f7d93f8, RCX=0x0000025f8f7d7740, RDX=0x000000a1ce7f60f0
RSP=0x000000a1ce7f60b0, RBP=0x0000025f8f7d7740, RSI=0xffff8264c20b3c98, RDI=0x00007ffacd725760
R8 =0x0000000000000000, R9 =0x000000000000002c, R10=0x00007ffacce80000, R11=0x00007ffaccfcc50a
R12=0x0000025f8f7d4978, R13=0x0000025f8f7d3540, R14=0x00007ffacd725810, R15=0x0000025f8f7d4c10
RIP=0x00007ffaccef1f4a, EFLAGS=0x0000000000010246


Register to memory mapping:

RAX=0x000000003f800000 is an unknown value
RBX=0x0000025f8f7d93f8 points into unknown readable memory: 0x0000025f8f7d7740 | 40 77 7d 8f 5f 02 00 00
RCX=0x0000025f8f7d7740 points into unknown readable memory: 0x000000003f800000 | 00 00 80 3f 00 00 00 00
RDX=0x000000a1ce7f60f0 is pointing into the stack for thread: 0x0000025f8ef80410
RSP=0x000000a1ce7f60b0 is pointing into the stack for thread: 0x0000025f8ef80410
RBP=0x0000025f8f7d7740 points into unknown readable memory: 0x000000003f800000 | 00 00 80 3f 00 00 00 00
RSI=0xffff8264c20b3c98 is an unknown value
RDI=0x00007ffacd725760 igd12um64xel.dll
R8 =0x0 is null
R9 =0x000000000000002c is an unknown value
R10=0x00007ffacce80000 igd12um64xel.dll
R11=0x00007ffaccfcc50a igd12um64xel.dll
R12=0x0000025f8f7d4978 points into unknown readable memory: 0x0000000000000000 | 00 00 00 00 00 00 00 00
R13=0x0000025f8f7d3540 points into unknown readable memory: 0x000f79ef00010004 | 04 00 01 00 ef 79 0f 00
R14=0x00007ffacd725810 igd12um64xel.dll
R15=0x0000025f8f7d4c10 points into unknown readable memory: 0x0000000000000000 | 00 00 00 00 00 00 00 00

Top of Stack: (sp=0x000000a1ce7f60b0)
0x000000a1ce7f60b0:   0000025f8f7d93f8 0000025f8f7d7740
0x000000a1ce7f60c0:   00007ffb50ba1b40 0000025f8f7d4971
0x000000a1ce7f60d0:   0000000000000000 0000000000000000
0x000000a1ce7f60e0:   0000000000000000 0000000000000000
0x000000a1ce7f60f0:   0000025f8f7d7740 0000025f8f7d93f8
0x000000a1ce7f6100:   7ffffffe00000025 0000001100000011
0x000000a1ce7f6110:   0004a7a000000002 000000010001519d
0x000000a1ce7f6120:   0000000000000000 0000000000000000
0x000000a1ce7f6130:   0000000000000004 0000025f8f7d377c
0x000000a1ce7f6140:   0000025f8f7d385c 0000025f8f7d3b35
0x000000a1ce7f6150:   0000000000000200 0000000000000000
0x000000a1ce7f6160:   0000025f8f7d3548 0000000500000000
0x000000a1ce7f6170:   0000025f8ef4f0b0 0000c7804a924c59
0x000000a1ce7f6180:   000000a1ce7fb3d8 0000000000000000
0x000000a1ce7f6190:   0000025f8f7d4971 00007ffaccef210a
0x000000a1ce7f61a0:   0000025f8f7d78e8 0000025f8f7d78e8
0x000000a1ce7f61b0:   0000025f8f7d78e8 00007ffaccfe82c0
0x000000a1ce7f61c0:   0000000000000000 0000000000007667
0x000000a1ce7f61d0:   6665313437395f34 3834333930340000
0x000000a1ce7f61e0:   0000000000000000 0000025f8ef4f0b0
0x000000a1ce7f61f0:   00007ffb3e1b81f0 0000000000000001
0x000000a1ce7f6200:   000000a1ce7f6388 000000a1ce7fb3d0
0x000000a1ce7f6210:   000000a1ce7fb500 00007ffaccef1704
0x000000a1ce7f6220:   0000025f8f7d3540 000000a1ce7fb3d0
0x000000a1ce7f6230:   0000025f8ef4f0b0 0000000000007667
0x000000a1ce7f6240:   0000000000000000 0000000000000000
0x000000a1ce7f6250:   000000a1ce7fb3d0 00007ffaccef1671
0x000000a1ce7f6260:   0000000000000000 000000a1ce7f6380
0x000000a1ce7f6270:   00007ffaf3e22490 0000025f0000001d
0x000000a1ce7f6280:   00007ffaf3e22490 00007ffb16fd5ae8
0x000000a1ce7f6290:   0000000000000000 00007ffb21261664
0x000000a1ce7f62a0:   0000000000140013 00007ffb2127cac0 

Instructions: (pc=0x00007ffaccef1f4a)
0x00007ffaccef1e4a:   84 d6 c4 1d 00 48 8d 15 c2 ab 2b 00 48 8b c8 ff
0x00007ffaccef1e5a:   15 f1 73 2b 00 48 8b f0 48 85 c0 0f 84 d3 c4 1d
0x00007ffaccef1e6a:   00 33 d2 44 8d 42 70 48 8d 4c 24 50 e8 c5 a4 0d
0x00007ffaccef1e7a:   00 0f 10 87 08 02 00 00 0f 29 44 24 50 0f 10 8f
0x00007ffaccef1e8a:   18 02 00 00 0f 29 4c 24 60 0f 10 87 28 02 00 00
0x00007ffaccef1e9a:   0f 29 44 24 70 8b 87 38 02 00 00 89 84 24 80 00
0x00007ffaccef1eaa:   00 00 48 8d 87 3c 02 00 00 48 89 84 24 88 00 00
0x00007ffaccef1eba:   00 48 8d 87 1c 03 00 00 48 89 84 24 90 00 00 00
0x00007ffaccef1eca:   48 8d 87 f5 05 00 00 48 89 84 24 98 00 00 00 8b
0x00007ffaccef1eda:   87 30 13 00 00 89 84 24 a0 00 00 00 48 8d 47 08
0x00007ffaccef1eea:   48 89 84 24 b0 00 00 00 8b 87 c4 13 00 00 89 84
0x00007ffaccef1efa:   24 b8 00 00 00 c7 84 24 bc 00 00 00 05 00 00 00
0x00007ffaccef1f0a:   48 8d 54 24 40 48 8d 4c 24 50 48 8b c6 ff 15 1b
0x00007ffaccef1f1a:   77 2b 00 48 8b 44 24 40 48 89 03 48 8d 3d 34 38
0x00007ffaccef1f2a:   83 00 48 8b f3 48 2b f7 4c 8d 35 d7 38 83 00 48
0x00007ffaccef1f3a:   8b 0b 48 8b 01 44 8b 0f 45 33 c0 48 8d 54 24 40
0x00007ffaccef1f4a:   48 8b 40 18 ff 15 e4 76 2b 00 8b 08 89 4c 3e 08
0x00007ffaccef1f5a:   48 83 c7 04 49 3b fe 7c d6 48 8b c3 48 8b 8c 24
0x00007ffaccef1f6a:   c8 00 00 00 48 33 cc e8 9a 76 0d 00 48 8b 9c 24
0x00007ffaccef1f7a:   00 01 00 00 48 81 c4 d0 00 00 00 41 5e 5f 5e c3
0x00007ffaccef1f8a:   cc cc 48 8b c4 48 89 58 18 44 89 48 20 48 89 50
0x00007ffaccef1f9a:   10 48 89 48 08 55 56 57 41 54 41 55 41 56 41 57
0x00007ffaccef1faa:   48 83 ec 40 49 8b c0 48 8b da 4c 8b e9 33 ff 41
0x00007ffaccef1fba:   b8 fc 13 00 00 48 8b d0 e8 a9 9c 0d 00 49 89 bd
0x00007ffaccef1fca:   00 14 00 00 49 89 bd 08 14 00 00 48 8b 43 10 49
0x00007ffaccef1fda:   89 85 10 14 00 00 49 89 bd 18 14 00 00 49 89 bd
0x00007ffaccef1fea:   20 14 00 00 49 89 bd 28 14 00 00 4d 8d a5 38 14
0x00007ffaccef1ffa:   00 00 49 89 3c 24 41 89 7c 24 08 49 c7 44 24 0c
0x00007ffaccef200a:   01 00 00 00 49 89 7c 24 14 49 89 7c 24 1c 41 89
0x00007ffaccef201a:   7c 24 24 49 c7 44 24 28 32 00 00 00 49 89 7c 24
0x00007ffaccef202a:   30 48 b8 00 00 00 00 00 40 8f 40 49 89 44 24 38
0x00007ffaccef203a:   41 89 7c 24 48 41 88 7c 24 4c 41 89 7c 24 50 41 


Stack slot to memory mapping:

stack at sp + 0 slots: 0x0000025f8f7d93f8 points into unknown readable memory: 0x0000025f8f7d7740 | 40 77 7d 8f 5f 02 00 00
stack at sp + 1 slots: 0x0000025f8f7d7740 points into unknown readable memory: 0x000000003f800000 | 00 00 80 3f 00 00 00 00
stack at sp + 2 slots: 0x00007ffb50ba1b40 igdgmm64.dll
stack at sp + 3 slots: 0x0000025f8f7d4971 points into unknown readable memory: 00 00 00 00 00 00 00
stack at sp + 4 slots: 0x0 is null
stack at sp + 5 slots: 0x0 is null
stack at sp + 6 slots: 0x0 is null
stack at sp + 7 slots: 0x0 is null

Lock stack of current Java thread (top to bottom):


---------------  P R O C E S S  ---------------

Threads class SMR info:
_java_thread_list=0x0000025f8edec620, length=19, elements={
0x0000025f26654670, 0x0000025f48342910, 0x0000025f48344780, 0x0000025f48346800,
0x0000025f483493a0, 0x0000025f48349f30, 0x0000025f4834aac0, 0x0000025f4834fdf0,
0x0000025f483509d0, 0x0000025f8e063390, 0x0000025f8e159ca0, 0x0000025f8e166d50,
0x0000025f8e1ce140, 0x0000025f8e1d0810, 0x0000025f8e293b10, 0x0000025f8e2e2260,
0x0000025f8ee96de0, 0x0000025f8ef80aa0, 0x0000025f8ef80410
}

Java Threads: ( => current thread )
  0x0000025f26654670 JavaThread "main"                              [_thread_blocked, id=16948, stack(0x000000a1cce00000,0x000000a1ccf00000) (1024K)]
  0x0000025f48342910 JavaThread "Reference Handler"          daemon [_thread_blocked, id=11176, stack(0x000000a1cd600000,0x000000a1cd700000) (1024K)]
  0x0000025f48344780 JavaThread "Finalizer"                  daemon [_thread_blocked, id=30292, stack(0x000000a1cd700000,0x000000a1cd800000) (1024K)]
  0x0000025f48346800 JavaThread "Signal Dispatcher"          daemon [_thread_blocked, id=1288, stack(0x000000a1cd800000,0x000000a1cd900000) (1024K)]
  0x0000025f483493a0 JavaThread "Attach Listener"            daemon [_thread_blocked, id=21816, stack(0x000000a1cd900000,0x000000a1cda00000) (1024K)]
  0x0000025f48349f30 JavaThread "Service Thread"             daemon [_thread_blocked, id=25772, stack(0x000000a1cda00000,0x000000a1cdb00000) (1024K)]
  0x0000025f4834aac0 JavaThread "Monitor Deflation Thread"   daemon [_thread_blocked, id=26784, stack(0x000000a1cdb00000,0x000000a1cdc00000) (1024K)]
  0x0000025f4834fdf0 JavaThread "C2 CompilerThread0"         daemon [_thread_blocked, id=2736, stack(0x000000a1cdc00000,0x000000a1cdd00000) (1024K)]
  0x0000025f483509d0 JavaThread "C1 CompilerThread0"         daemon [_thread_blocked, id=21916, stack(0x000000a1cdd00000,0x000000a1cde00000) (1024K)]
  0x0000025f8e063390 JavaThread "C1 CompilerThread1"         daemon [_thread_blocked, id=7760, stack(0x000000a1cde00000,0x000000a1cdf00000) (1024K)]
  0x0000025f8e159ca0 JavaThread "Common-Cleaner"             daemon [_thread_blocked, id=10252, stack(0x000000a1cdf00000,0x000000a1ce000000) (1024K)]
  0x0000025f8e166d50 JavaThread "C1 CompilerThread2"         daemon [_thread_blocked, id=29584, stack(0x000000a1ce000000,0x000000a1ce100000) (1024K)]
  0x0000025f8e1ce140 JavaThread "C2 CompilerThread1"         daemon [_thread_blocked, id=32300, stack(0x000000a1ce100000,0x000000a1ce200000) (1024K)]
  0x0000025f8e1d0810 JavaThread "C1 CompilerThread3"         daemon [_thread_blocked, id=31164, stack(0x000000a1ce200000,0x000000a1ce300000) (1024K)]
  0x0000025f8e293b10 JavaThread "C2 CompilerThread2"         daemon [_thread_blocked, id=30884, stack(0x000000a1ce300000,0x000000a1ce400000) (1024K)]
  0x0000025f8e2e2260 JavaThread "C2 CompilerThread3"         daemon [_thread_blocked, id=22468, stack(0x000000a1ce400000,0x000000a1ce500000) (1024K)]
  0x0000025f8ee96de0 JavaThread "Monitor Ctrl-Break"         daemon [_thread_in_native, id=5300, stack(0x000000a1ce500000,0x000000a1ce600000) (1024K)]
  0x0000025f8ef80aa0 JavaThread "Notification Thread"        daemon [_thread_blocked, id=3688, stack(0x000000a1ce600000,0x000000a1ce700000) (1024K)]
=>0x0000025f8ef80410 JavaThread "QuantumRenderer-0"          daemon [_thread_in_native, id=30432, stack(0x000000a1ce700000,0x000000a1ce800000) (1024K)]
Total: 19

Other Threads:
  0x0000025f4832aa30 VMThread "VM Thread"                           [id=1944, stack(0x000000a1cd500000,0x000000a1cd600000) (1024K)]
  0x0000025f48318b80 WatcherThread "VM Periodic Task Thread"        [id=3744, stack(0x000000a1cd400000,0x000000a1cd500000) (1024K)]
  0x0000025f28b34a60 WorkerThread "GC Thread#0"                     [id=13632, stack(0x000000a1ccf00000,0x000000a1cd000000) (1024K)]
  0x0000025f28b49150 ConcurrentGCThread "G1 Main Marker"            [id=27088, stack(0x000000a1cd000000,0x000000a1cd100000) (1024K)]
  0x0000025f28b4a270 WorkerThread "G1 Conc#0"                       [id=28576, stack(0x000000a1cd100000,0x000000a1cd200000) (1024K)]
  0x0000025f28b8e8a0 ConcurrentGCThread "G1 Refine#0"               [id=11064, stack(0x000000a1cd200000,0x000000a1cd300000) (1024K)]
  0x0000025f481ea610 ConcurrentGCThread "G1 Service"                [id=28332, stack(0x000000a1cd300000,0x000000a1cd400000) (1024K)]
Total: 7

Threads with active compile tasks:
Total: 0

VM state: not at safepoint (normal execution)

VM Mutex/Monitor currently owned by a thread: None

Heap address: 0x0000000705a00000, size: 4006 MB, Compressed Oops mode: Zero based, Oop shift amount: 3

CDS archive(s) mapped at: [0x0000025f49000000-0x0000025f49d70000-0x0000025f49d70000), size 14090240, SharedBaseAddress: 0x0000025f49000000, ArchiveRelocationMode: 1.
Compressed class space mapped at: 0x0000025f4a000000-0x0000025f8a000000, reserved size: 1073741824
Narrow klass base: 0x0000025f49000000, Narrow klass shift: 0, Narrow klass range: 0x41000000

GC Precious Log:
 CardTable entry size: 512
 Card Set container configuration: InlinePtr #cards 4 size 8 Array Of Cards #cards 16 size 48 Howl #buckets 8 coarsen threshold 3686 Howl Bitmap #cards 512 size 80 coarsen threshold 460 Card regions per heap region 1 cards per card region 4096
 CPUs: 20 total, 20 available
 Memory: 16016M
 Large Page Support: Disabled
 NUMA Support: Disabled
 Compressed Oops: Enabled (Zero based)
 Heap Region Size: 2M
 Heap Min Capacity: 8M
 Heap Initial Capacity: 252M
 Heap Max Capacity: 4006M
 Pre-touch: Disabled
 Parallel Workers: 15
 Concurrent Workers: 4
 Concurrent Refinement Workers: 15
 Periodic GC: Disabled

Heap:
 garbage-first heap   total reserved 4102144K, committed 258048K, used 14336K [0x0000000705a00000, 0x0000000800000000)
  region size 2048K, 9 young (18432K), 0 survivors (0K)
 Metaspace       used 2923K, committed 3072K, reserved 1114112K
  class space    used 314K, committed 384K, reserved 1048576K

Heap Regions: E=young(eden), S=young(survivor), O=old, HS=humongous(starts), HC=humongous(continues), CS=collection set, F=free, TAMS=top-at-mark-start, PB=parsable bottom
|   0|0x0000000705a00000, 0x0000000705a00000, 0x0000000705c00000|  0%| F|  |TAMS 0x0000000705a00000| PB 0x0000000705a00000| Untracked |  0
|   1|0x0000000705c00000, 0x0000000705c00000, 0x0000000705e00000|  0%| F|  |TAMS 0x0000000705c00000| PB 0x0000000705c00000| Untracked |  0
|   2|0x0000000705e00000, 0x0000000705e00000, 0x0000000706000000|  0%| F|  |TAMS 0x0000000705e00000| PB 0x0000000705e00000| Untracked |  0
|   3|0x0000000706000000, 0x0000000706000000, 0x0000000706200000|  0%| F|  |TAMS 0x0000000706000000| PB 0x0000000706000000| Untracked |  0
|   4|0x0000000706200000, 0x0000000706200000, 0x0000000706400000|  0%| F|  |TAMS 0x0000000706200000| PB 0x0000000706200000| Untracked |  0
|   5|0x0000000706400000, 0x0000000706400000, 0x0000000706600000|  0%| F|  |TAMS 0x0000000706400000| PB 0x0000000706400000| Untracked |  0
|   6|0x0000000706600000, 0x0000000706600000, 0x0000000706800000|  0%| F|  |TAMS 0x0000000706600000| PB 0x0000000706600000| Untracked |  0
|   7|0x0000000706800000, 0x0000000706800000, 0x0000000706a00000|  0%| F|  |TAMS 0x0000000706800000| PB 0x0000000706800000| Untracked |  0
|   8|0x0000000706a00000, 0x0000000706a00000, 0x0000000706c00000|  0%| F|  |TAMS 0x0000000706a00000| PB 0x0000000706a00000| Untracked |  0
|   9|0x0000000706c00000, 0x0000000706c00000, 0x0000000706e00000|  0%| F|  |TAMS 0x0000000706c00000| PB 0x0000000706c00000| Untracked |  0
|  10|0x0000000706e00000, 0x0000000706e00000, 0x0000000707000000|  0%| F|  |TAMS 0x0000000706e00000| PB 0x0000000706e00000| Untracked |  0
|  11|0x0000000707000000, 0x0000000707000000, 0x0000000707200000|  0%| F|  |TAMS 0x0000000707000000| PB 0x0000000707000000| Untracked |  0
|  12|0x0000000707200000, 0x0000000707200000, 0x0000000707400000|  0%| F|  |TAMS 0x0000000707200000| PB 0x0000000707200000| Untracked |  0
|  13|0x0000000707400000, 0x0000000707400000, 0x0000000707600000|  0%| F|  |TAMS 0x0000000707400000| PB 0x0000000707400000| Untracked |  0
|  14|0x0000000707600000, 0x0000000707600000, 0x0000000707800000|  0%| F|  |TAMS 0x0000000707600000| PB 0x0000000707600000| Untracked |  0
|  15|0x0000000707800000, 0x0000000707800000, 0x0000000707a00000|  0%| F|  |TAMS 0x0000000707800000| PB 0x0000000707800000| Untracked |  0
|  16|0x0000000707a00000, 0x0000000707a00000, 0x0000000707c00000|  0%| F|  |TAMS 0x0000000707a00000| PB 0x0000000707a00000| Untracked |  0
|  17|0x0000000707c00000, 0x0000000707c00000, 0x0000000707e00000|  0%| F|  |TAMS 0x0000000707c00000| PB 0x0000000707c00000| Untracked |  0
|  18|0x0000000707e00000, 0x0000000707e00000, 0x0000000708000000|  0%| F|  |TAMS 0x0000000707e00000| PB 0x0000000707e00000| Untracked |  0
|  19|0x0000000708000000, 0x0000000708000000, 0x0000000708200000|  0%| F|  |TAMS 0x0000000708000000| PB 0x0000000708000000| Untracked |  0
|  20|0x0000000708200000, 0x0000000708200000, 0x0000000708400000|  0%| F|  |TAMS 0x0000000708200000| PB 0x0000000708200000| Untracked |  0
|  21|0x0000000708400000, 0x0000000708400000, 0x0000000708600000|  0%| F|  |TAMS 0x0000000708400000| PB 0x0000000708400000| Untracked |  0
|  22|0x0000000708600000, 0x0000000708600000, 0x0000000708800000|  0%| F|  |TAMS 0x0000000708600000| PB 0x0000000708600000| Untracked |  0
|  23|0x0000000708800000, 0x0000000708800000, 0x0000000708a00000|  0%| F|  |TAMS 0x0000000708800000| PB 0x0000000708800000| Untracked |  0
|  24|0x0000000708a00000, 0x0000000708a00000, 0x0000000708c00000|  0%| F|  |TAMS 0x0000000708a00000| PB 0x0000000708a00000| Untracked |  0
|  25|0x0000000708c00000, 0x0000000708c00000, 0x0000000708e00000|  0%| F|  |TAMS 0x0000000708c00000| PB 0x0000000708c00000| Untracked |  0
|  26|0x0000000708e00000, 0x0000000708e00000, 0x0000000709000000|  0%| F|  |TAMS 0x0000000708e00000| PB 0x0000000708e00000| Untracked |  0
|  27|0x0000000709000000, 0x0000000709000000, 0x0000000709200000|  0%| F|  |TAMS 0x0000000709000000| PB 0x0000000709000000| Untracked |  0
|  28|0x0000000709200000, 0x0000000709200000, 0x0000000709400000|  0%| F|  |TAMS 0x0000000709200000| PB 0x0000000709200000| Untracked |  0
|  29|0x0000000709400000, 0x0000000709400000, 0x0000000709600000|  0%| F|  |TAMS 0x0000000709400000| PB 0x0000000709400000| Untracked |  0
|  30|0x0000000709600000, 0x0000000709600000, 0x0000000709800000|  0%| F|  |TAMS 0x0000000709600000| PB 0x0000000709600000| Untracked |  0
|  31|0x0000000709800000, 0x0000000709800000, 0x0000000709a00000|  0%| F|  |TAMS 0x0000000709800000| PB 0x0000000709800000| Untracked |  0
|  32|0x0000000709a00000, 0x0000000709a00000, 0x0000000709c00000|  0%| F|  |TAMS 0x0000000709a00000| PB 0x0000000709a00000| Untracked |  0
|  33|0x0000000709c00000, 0x0000000709c00000, 0x0000000709e00000|  0%| F|  |TAMS 0x0000000709c00000| PB 0x0000000709c00000| Untracked |  0
|  34|0x0000000709e00000, 0x0000000709e00000, 0x000000070a000000|  0%| F|  |TAMS 0x0000000709e00000| PB 0x0000000709e00000| Untracked |  0
|  35|0x000000070a000000, 0x000000070a000000, 0x000000070a200000|  0%| F|  |TAMS 0x000000070a000000| PB 0x000000070a000000| Untracked |  0
|  36|0x000000070a200000, 0x000000070a200000, 0x000000070a400000|  0%| F|  |TAMS 0x000000070a200000| PB 0x000000070a200000| Untracked |  0
|  37|0x000000070a400000, 0x000000070a400000, 0x000000070a600000|  0%| F|  |TAMS 0x000000070a400000| PB 0x000000070a400000| Untracked |  0
|  38|0x000000070a600000, 0x000000070a600000, 0x000000070a800000|  0%| F|  |TAMS 0x000000070a600000| PB 0x000000070a600000| Untracked |  0
|  39|0x000000070a800000, 0x000000070a800000, 0x000000070aa00000|  0%| F|  |TAMS 0x000000070a800000| PB 0x000000070a800000| Untracked |  0
|  40|0x000000070aa00000, 0x000000070aa00000, 0x000000070ac00000|  0%| F|  |TAMS 0x000000070aa00000| PB 0x000000070aa00000| Untracked |  0
|  41|0x000000070ac00000, 0x000000070ac00000, 0x000000070ae00000|  0%| F|  |TAMS 0x000000070ac00000| PB 0x000000070ac00000| Untracked |  0
|  42|0x000000070ae00000, 0x000000070ae00000, 0x000000070b000000|  0%| F|  |TAMS 0x000000070ae00000| PB 0x000000070ae00000| Untracked |  0
|  43|0x000000070b000000, 0x000000070b000000, 0x000000070b200000|  0%| F|  |TAMS 0x000000070b000000| PB 0x000000070b000000| Untracked |  0
|  44|0x000000070b200000, 0x000000070b200000, 0x000000070b400000|  0%| F|  |TAMS 0x000000070b200000| PB 0x000000070b200000| Untracked |  0
|  45|0x000000070b400000, 0x000000070b400000, 0x000000070b600000|  0%| F|  |TAMS 0x000000070b400000| PB 0x000000070b400000| Untracked |  0
|  46|0x000000070b600000, 0x000000070b600000, 0x000000070b800000|  0%| F|  |TAMS 0x000000070b600000| PB 0x000000070b600000| Untracked |  0
|  47|0x000000070b800000, 0x000000070b800000, 0x000000070ba00000|  0%| F|  |TAMS 0x000000070b800000| PB 0x000000070b800000| Untracked |  0
|  48|0x000000070ba00000, 0x000000070ba00000, 0x000000070bc00000|  0%| F|  |TAMS 0x000000070ba00000| PB 0x000000070ba00000| Untracked |  0
|  49|0x000000070bc00000, 0x000000070bc00000, 0x000000070be00000|  0%| F|  |TAMS 0x000000070bc00000| PB 0x000000070bc00000| Untracked |  0
|  50|0x000000070be00000, 0x000000070be00000, 0x000000070c000000|  0%| F|  |TAMS 0x000000070be00000| PB 0x000000070be00000| Untracked |  0
|  51|0x000000070c000000, 0x000000070c000000, 0x000000070c200000|  0%| F|  |TAMS 0x000000070c000000| PB 0x000000070c000000| Untracked |  0
|  52|0x000000070c200000, 0x000000070c200000, 0x000000070c400000|  0%| F|  |TAMS 0x000000070c200000| PB 0x000000070c200000| Untracked |  0
|  53|0x000000070c400000, 0x000000070c400000, 0x000000070c600000|  0%| F|  |TAMS 0x000000070c400000| PB 0x000000070c400000| Untracked |  0
|  54|0x000000070c600000, 0x000000070c600000, 0x000000070c800000|  0%| F|  |TAMS 0x000000070c600000| PB 0x000000070c600000| Untracked |  0
|  55|0x000000070c800000, 0x000000070c800000, 0x000000070ca00000|  0%| F|  |TAMS 0x000000070c800000| PB 0x000000070c800000| Untracked |  0
|  56|0x000000070ca00000, 0x000000070ca00000, 0x000000070cc00000|  0%| F|  |TAMS 0x000000070ca00000| PB 0x000000070ca00000| Untracked |  0
|  57|0x000000070cc00000, 0x000000070cc00000, 0x000000070ce00000|  0%| F|  |TAMS 0x000000070cc00000| PB 0x000000070cc00000| Untracked |  0
|  58|0x000000070ce00000, 0x000000070ce00000, 0x000000070d000000|  0%| F|  |TAMS 0x000000070ce00000| PB 0x000000070ce00000| Untracked |  0
|  59|0x000000070d000000, 0x000000070d000000, 0x000000070d200000|  0%| F|  |TAMS 0x000000070d000000| PB 0x000000070d000000| Untracked |  0
|  60|0x000000070d200000, 0x000000070d200000, 0x000000070d400000|  0%| F|  |TAMS 0x000000070d200000| PB 0x000000070d200000| Untracked |  0
|  61|0x000000070d400000, 0x000000070d400000, 0x000000070d600000|  0%| F|  |TAMS 0x000000070d400000| PB 0x000000070d400000| Untracked |  0
|  62|0x000000070d600000, 0x000000070d600000, 0x000000070d800000|  0%| F|  |TAMS 0x000000070d600000| PB 0x000000070d600000| Untracked |  0
|  63|0x000000070d800000, 0x000000070d800000, 0x000000070da00000|  0%| F|  |TAMS 0x000000070d800000| PB 0x000000070d800000| Untracked |  0
|  64|0x000000070da00000, 0x000000070da00000, 0x000000070dc00000|  0%| F|  |TAMS 0x000000070da00000| PB 0x000000070da00000| Untracked |  0
|  65|0x000000070dc00000, 0x000000070dc00000, 0x000000070de00000|  0%| F|  |TAMS 0x000000070dc00000| PB 0x000000070dc00000| Untracked |  0
|  66|0x000000070de00000, 0x000000070de00000, 0x000000070e000000|  0%| F|  |TAMS 0x000000070de00000| PB 0x000000070de00000| Untracked |  0
|  67|0x000000070e000000, 0x000000070e000000, 0x000000070e200000|  0%| F|  |TAMS 0x000000070e000000| PB 0x000000070e000000| Untracked |  0
|  68|0x000000070e200000, 0x000000070e200000, 0x000000070e400000|  0%| F|  |TAMS 0x000000070e200000| PB 0x000000070e200000| Untracked |  0
|  69|0x000000070e400000, 0x000000070e400000, 0x000000070e600000|  0%| F|  |TAMS 0x000000070e400000| PB 0x000000070e400000| Untracked |  0
|  70|0x000000070e600000, 0x000000070e600000, 0x000000070e800000|  0%| F|  |TAMS 0x000000070e600000| PB 0x000000070e600000| Untracked |  0
|  71|0x000000070e800000, 0x000000070e800000, 0x000000070ea00000|  0%| F|  |TAMS 0x000000070e800000| PB 0x000000070e800000| Untracked |  0
|  72|0x000000070ea00000, 0x000000070ea00000, 0x000000070ec00000|  0%| F|  |TAMS 0x000000070ea00000| PB 0x000000070ea00000| Untracked |  0
|  73|0x000000070ec00000, 0x000000070ec00000, 0x000000070ee00000|  0%| F|  |TAMS 0x000000070ec00000| PB 0x000000070ec00000| Untracked |  0
|  74|0x000000070ee00000, 0x000000070ee00000, 0x000000070f000000|  0%| F|  |TAMS 0x000000070ee00000| PB 0x000000070ee00000| Untracked |  0
|  75|0x000000070f000000, 0x000000070f000000, 0x000000070f200000|  0%| F|  |TAMS 0x000000070f000000| PB 0x000000070f000000| Untracked |  0
|  76|0x000000070f200000, 0x000000070f200000, 0x000000070f400000|  0%| F|  |TAMS 0x000000070f200000| PB 0x000000070f200000| Untracked |  0
|  77|0x000000070f400000, 0x000000070f400000, 0x000000070f600000|  0%| F|  |TAMS 0x000000070f400000| PB 0x000000070f400000| Untracked |  0
|  78|0x000000070f600000, 0x000000070f600000, 0x000000070f800000|  0%| F|  |TAMS 0x000000070f600000| PB 0x000000070f600000| Untracked |  0
|  79|0x000000070f800000, 0x000000070f800000, 0x000000070fa00000|  0%| F|  |TAMS 0x000000070f800000| PB 0x000000070f800000| Untracked |  0
|  80|0x000000070fa00000, 0x000000070fa00000, 0x000000070fc00000|  0%| F|  |TAMS 0x000000070fa00000| PB 0x000000070fa00000| Untracked |  0
|  81|0x000000070fc00000, 0x000000070fc00000, 0x000000070fe00000|  0%| F|  |TAMS 0x000000070fc00000| PB 0x000000070fc00000| Untracked |  0
|  82|0x000000070fe00000, 0x000000070fe00000, 0x0000000710000000|  0%| F|  |TAMS 0x000000070fe00000| PB 0x000000070fe00000| Untracked |  0
|  83|0x0000000710000000, 0x0000000710000000, 0x0000000710200000|  0%| F|  |TAMS 0x0000000710000000| PB 0x0000000710000000| Untracked |  0
|  84|0x0000000710200000, 0x0000000710200000, 0x0000000710400000|  0%| F|  |TAMS 0x0000000710200000| PB 0x0000000710200000| Untracked |  0
|  85|0x0000000710400000, 0x0000000710400000, 0x0000000710600000|  0%| F|  |TAMS 0x0000000710400000| PB 0x0000000710400000| Untracked |  0
|  86|0x0000000710600000, 0x0000000710600000, 0x0000000710800000|  0%| F|  |TAMS 0x0000000710600000| PB 0x0000000710600000| Untracked |  0
|  87|0x0000000710800000, 0x0000000710800000, 0x0000000710a00000|  0%| F|  |TAMS 0x0000000710800000| PB 0x0000000710800000| Untracked |  0
|  88|0x0000000710a00000, 0x0000000710a00000, 0x0000000710c00000|  0%| F|  |TAMS 0x0000000710a00000| PB 0x0000000710a00000| Untracked |  0
|  89|0x0000000710c00000, 0x0000000710c00000, 0x0000000710e00000|  0%| F|  |TAMS 0x0000000710c00000| PB 0x0000000710c00000| Untracked |  0
|  90|0x0000000710e00000, 0x0000000710e00000, 0x0000000711000000|  0%| F|  |TAMS 0x0000000710e00000| PB 0x0000000710e00000| Untracked |  0
|  91|0x0000000711000000, 0x0000000711000000, 0x0000000711200000|  0%| F|  |TAMS 0x0000000711000000| PB 0x0000000711000000| Untracked |  0
|  92|0x0000000711200000, 0x0000000711200000, 0x0000000711400000|  0%| F|  |TAMS 0x0000000711200000| PB 0x0000000711200000| Untracked |  0
|  93|0x0000000711400000, 0x0000000711400000, 0x0000000711600000|  0%| F|  |TAMS 0x0000000711400000| PB 0x0000000711400000| Untracked |  0
|  94|0x0000000711600000, 0x0000000711600000, 0x0000000711800000|  0%| F|  |TAMS 0x0000000711600000| PB 0x0000000711600000| Untracked |  0
|  95|0x0000000711800000, 0x0000000711800000, 0x0000000711a00000|  0%| F|  |TAMS 0x0000000711800000| PB 0x0000000711800000| Untracked |  0
|  96|0x0000000711a00000, 0x0000000711a00000, 0x0000000711c00000|  0%| F|  |TAMS 0x0000000711a00000| PB 0x0000000711a00000| Untracked |  0
|  97|0x0000000711c00000, 0x0000000711c00000, 0x0000000711e00000|  0%| F|  |TAMS 0x0000000711c00000| PB 0x0000000711c00000| Untracked |  0
|  98|0x0000000711e00000, 0x0000000711e00000, 0x0000000712000000|  0%| F|  |TAMS 0x0000000711e00000| PB 0x0000000711e00000| Untracked |  0
|  99|0x0000000712000000, 0x0000000712000000, 0x0000000712200000|  0%| F|  |TAMS 0x0000000712000000| PB 0x0000000712000000| Untracked |  0
| 100|0x0000000712200000, 0x0000000712200000, 0x0000000712400000|  0%| F|  |TAMS 0x0000000712200000| PB 0x0000000712200000| Untracked |  0
| 101|0x0000000712400000, 0x0000000712400000, 0x0000000712600000|  0%| F|  |TAMS 0x0000000712400000| PB 0x0000000712400000| Untracked |  0
| 102|0x0000000712600000, 0x0000000712600000, 0x0000000712800000|  0%| F|  |TAMS 0x0000000712600000| PB 0x0000000712600000| Untracked |  0
| 103|0x0000000712800000, 0x0000000712800000, 0x0000000712a00000|  0%| F|  |TAMS 0x0000000712800000| PB 0x0000000712800000| Untracked |  0
| 104|0x0000000712a00000, 0x0000000712a00000, 0x0000000712c00000|  0%| F|  |TAMS 0x0000000712a00000| PB 0x0000000712a00000| Untracked |  0
| 105|0x0000000712c00000, 0x0000000712c00000, 0x0000000712e00000|  0%| F|  |TAMS 0x0000000712c00000| PB 0x0000000712c00000| Untracked |  0
| 106|0x0000000712e00000, 0x0000000712e00000, 0x0000000713000000|  0%| F|  |TAMS 0x0000000712e00000| PB 0x0000000712e00000| Untracked |  0
| 107|0x0000000713000000, 0x0000000713000000, 0x0000000713200000|  0%| F|  |TAMS 0x0000000713000000| PB 0x0000000713000000| Untracked |  0
| 108|0x0000000713200000, 0x0000000713200000, 0x0000000713400000|  0%| F|  |TAMS 0x0000000713200000| PB 0x0000000713200000| Untracked |  0
| 109|0x0000000713400000, 0x0000000713400000, 0x0000000713600000|  0%| F|  |TAMS 0x0000000713400000| PB 0x0000000713400000| Untracked |  0
| 110|0x0000000713600000, 0x0000000713600000, 0x0000000713800000|  0%| F|  |TAMS 0x0000000713600000| PB 0x0000000713600000| Untracked |  0
| 111|0x0000000713800000, 0x0000000713800000, 0x0000000713a00000|  0%| F|  |TAMS 0x0000000713800000| PB 0x0000000713800000| Untracked |  0
| 112|0x0000000713a00000, 0x0000000713a00000, 0x0000000713c00000|  0%| F|  |TAMS 0x0000000713a00000| PB 0x0000000713a00000| Untracked |  0
| 113|0x0000000713c00000, 0x0000000713c00000, 0x0000000713e00000|  0%| F|  |TAMS 0x0000000713c00000| PB 0x0000000713c00000| Untracked |  0
| 114|0x0000000713e00000, 0x0000000713e00000, 0x0000000714000000|  0%| F|  |TAMS 0x0000000713e00000| PB 0x0000000713e00000| Untracked |  0
| 115|0x0000000714000000, 0x0000000714000000, 0x0000000714200000|  0%| F|  |TAMS 0x0000000714000000| PB 0x0000000714000000| Untracked |  0
| 116|0x0000000714200000, 0x0000000714200000, 0x0000000714400000|  0%| F|  |TAMS 0x0000000714200000| PB 0x0000000714200000| Untracked |  0
| 117|0x0000000714400000, 0x0000000714575ea0, 0x0000000714600000| 73%| E|  |TAMS 0x0000000714400000| PB 0x0000000714400000| Complete |  0
| 118|0x0000000714600000, 0x0000000714800000, 0x0000000714800000|100%| E|CS|TAMS 0x0000000714600000| PB 0x0000000714600000| Complete |  0
| 119|0x0000000714800000, 0x0000000714a00000, 0x0000000714a00000|100%| E|  |TAMS 0x0000000714800000| PB 0x0000000714800000| Complete |  0
| 120|0x0000000714a00000, 0x0000000714c00000, 0x0000000714c00000|100%| E|CS|TAMS 0x0000000714a00000| PB 0x0000000714a00000| Complete |  0
| 121|0x0000000714c00000, 0x0000000714e00000, 0x0000000714e00000|100%| E|CS|TAMS 0x0000000714c00000| PB 0x0000000714c00000| Complete |  0
| 122|0x0000000714e00000, 0x0000000715000000, 0x0000000715000000|100%| E|CS|TAMS 0x0000000714e00000| PB 0x0000000714e00000| Complete |  0
| 123|0x0000000715000000, 0x0000000715200000, 0x0000000715200000|100%| E|CS|TAMS 0x0000000715000000| PB 0x0000000715000000| Complete |  0
| 124|0x0000000715200000, 0x0000000715400000, 0x0000000715400000|100%| E|CS|TAMS 0x0000000715200000| PB 0x0000000715200000| Complete |  0
| 125|0x0000000715400000, 0x0000000715600000, 0x0000000715600000|100%| E|CS|TAMS 0x0000000715400000| PB 0x0000000715400000| Complete |  0

Card table byte_map: [0x0000025f41590000,0x0000025f41d70000] _byte_map_base: 0x0000025f3dd63000

Marking Bits: (CMBitMap*) 0x0000025f28b35170
 Bits: [0x0000025f41d70000, 0x0000025f45c08000)

Polling page: 0x0000025f28290000

Metaspace:

Usage:
  Non-class:      2.55 MB used.
      Class:    314.76 KB used.
       Both:      2.85 MB used.

Virtual space:
  Non-class space:       64.00 MB reserved,       2.62 MB (  4%) committed,  1 nodes.
      Class space:        1.00 GB reserved,     384.00 KB ( <1%) committed,  1 nodes.
             Both:        1.06 GB reserved,       3.00 MB ( <1%) committed. 

Chunk freelists:
   Non-Class:  11.20 MB
       Class:  15.59 MB
        Both:  26.79 MB

MaxMetaspaceSize: unlimited
CompressedClassSpaceSize: 1.00 GB
Initial GC threshold: 21.00 MB
Current GC threshold: 21.00 MB
CDS: on
 - commit_granule_bytes: 65536.
 - commit_granule_words: 8192.
 - virtual_space_node_default_size: 8388608.
 - enlarge_chunks_in_place: 1.
 - use_allocation_guard: 0.


Internal statistics:

num_allocs_failed_limit: 0.
num_arena_births: 110.
num_arena_deaths: 0.
num_vsnodes_births: 2.
num_vsnodes_deaths: 0.
num_space_committed: 48.
num_space_uncommitted: 0.
num_chunks_returned_to_freelist: 0.
num_chunks_taken_from_freelist: 170.
num_chunk_merges: 0.
num_chunk_splits: 107.
num_chunks_enlarged: 61.
num_inconsistent_stats: 0.

CodeHeap 'non-profiled nmethods': size=119232Kb used=302Kb max_used=302Kb free=118929Kb
 bounds [0x0000025f38d90000, 0x0000025f39000000, 0x0000025f40200000]
CodeHeap 'profiled nmethods': size=119104Kb used=992Kb max_used=992Kb free=118112Kb
 bounds [0x0000025f31200000, 0x0000025f31470000, 0x0000025f38650000]
CodeHeap 'non-nmethods': size=7424Kb used=3056Kb max_used=3068Kb free=4367Kb
 bounds [0x0000025f38650000, 0x0000025f38960000, 0x0000025f38d90000]
CodeCache: size=245760Kb, used=4350Kb, max_used=4362Kb, free=241408Kb
 total_blobs=1354, nmethods=873, adapters=384, full_count=0
Compilation: enabled, stopped_count=0, restarted_count=0

Compilation events (20 events):
Event: 0.288 Thread 0x0000025f8e1d0810  866       3       java.util.Collections$SetFromMap::add (22 bytes)
Event: 0.288 Thread 0x0000025f8e1d0810 nmethod 866 0x0000025f312f3d08 code [0x0000025f312f3e40, 0x0000025f312f4070]
Event: 0.288 Thread 0x0000025f8e063390  867       3       jdk.internal.org.objectweb.asm.SymbolTable::addTypeInternal (85 bytes)
Event: 0.288 Thread 0x0000025f483509d0  868       3       jdk.internal.org.objectweb.asm.Attribute::computeAttributesSize (62 bytes)
Event: 0.288 Thread 0x0000025f8e166d50  869       3       jdk.internal.org.objectweb.asm.AnnotationWriter::computeAnnotationsSize (66 bytes)
Event: 0.288 Thread 0x0000025f8e1d0810  870       3       jdk.internal.org.objectweb.asm.Attribute::putAttributes (78 bytes)
Event: 0.288 Thread 0x0000025f8e063390 nmethod 867 0x0000025f312f4088 code [0x0000025f312f41e0, 0x0000025f312f47f0]
Event: 0.288 Thread 0x0000025f483509d0 nmethod 868 0x0000025f312f4808 code [0x0000025f312f4960, 0x0000025f312f4c38]
Event: 0.289 Thread 0x0000025f8e166d50 nmethod 869 0x0000025f312f4c88 code [0x0000025f312f4de0, 0x0000025f312f50c0]
Event: 0.289 Thread 0x0000025f8e1d0810 nmethod 870 0x0000025f312f5108 code [0x0000025f312f52e0, 0x0000025f312f5800]
Event: 0.289 Thread 0x0000025f8e063390  871       3       java.util.WeakHashMap::put (160 bytes)
Event: 0.289 Thread 0x0000025f8e1d0810  872       3       java.util.WeakHashMap$Entry::<init> (24 bytes)
Event: 0.289 Thread 0x0000025f8e1d0810 nmethod 872 0x0000025f312f5888 code [0x0000025f312f59c0, 0x0000025f312f5db8]
Event: 0.289 Thread 0x0000025f8e063390 nmethod 871 0x0000025f312f5e08 code [0x0000025f312f6020, 0x0000025f312f6f98]
Event: 0.290 Thread 0x0000025f8e166d50  873       3       java.util.jar.JarFile::getJarEntry (9 bytes)
Event: 0.290 Thread 0x0000025f8e1d0810  874       3       java.util.jar.JarFile::getEntry (35 bytes)
Event: 0.290 Thread 0x0000025f8e063390  875   !   3       java.io.WinNTFileSystem::isInvalid (78 bytes)
Event: 0.290 Thread 0x0000025f8e166d50 nmethod 873 0x0000025f312f7008 code [0x0000025f312f7180, 0x0000025f312f7620]
Event: 0.290 Thread 0x0000025f8e1d0810 nmethod 874 0x0000025f312f7688 code [0x0000025f312f7800, 0x0000025f312f7c68]
Event: 0.290 Thread 0x0000025f8e063390 nmethod 875 0x0000025f312f7c88 code [0x0000025f312f7dc0, 0x0000025f312f7fa8]

GC Heap History (0 events):
No events

Dll operation events (20 events):
Event: 0.228 Loaded shared library C:\Users\asus\.openjfx\cache\17.0.6\api-ms-win-crt-environment-l1-1-0.dll
Event: 0.229 Loaded shared library C:\Users\asus\.openjfx\cache\17.0.6\api-ms-win-crt-filesystem-l1-1-0.dll
Event: 0.231 Loaded shared library C:\Users\asus\.openjfx\cache\17.0.6\api-ms-win-crt-heap-l1-1-0.dll
Event: 0.232 Loaded shared library C:\Users\asus\.openjfx\cache\17.0.6\api-ms-win-crt-locale-l1-1-0.dll
Event: 0.233 Loaded shared library C:\Users\asus\.openjfx\cache\17.0.6\api-ms-win-crt-math-l1-1-0.dll
Event: 0.235 Loaded shared library C:\Users\asus\.openjfx\cache\17.0.6\api-ms-win-crt-multibyte-l1-1-0.dll
Event: 0.236 Loaded shared library C:\Users\asus\.openjfx\cache\17.0.6\api-ms-win-crt-private-l1-1-0.dll
Event: 0.238 Loaded shared library C:\Users\asus\.openjfx\cache\17.0.6\api-ms-win-crt-process-l1-1-0.dll
Event: 0.240 Loaded shared library C:\Users\asus\.openjfx\cache\17.0.6\api-ms-win-crt-runtime-l1-1-0.dll
Event: 0.242 Loaded shared library C:\Users\asus\.openjfx\cache\17.0.6\api-ms-win-crt-stdio-l1-1-0.dll
Event: 0.243 Loaded shared library C:\Users\asus\.openjfx\cache\17.0.6\api-ms-win-crt-string-l1-1-0.dll
Event: 0.245 Loaded shared library C:\Users\asus\.openjfx\cache\17.0.6\api-ms-win-crt-time-l1-1-0.dll
Event: 0.246 Loaded shared library C:\Users\asus\.openjfx\cache\17.0.6\api-ms-win-crt-utility-l1-1-0.dll
Event: 0.255 Loaded shared library C:\Users\asus\.openjfx\cache\17.0.6\ucrtbase.dll
Event: 0.258 Loaded shared library C:\Users\asus\.openjfx\cache\17.0.6\vcruntime140.dll
Event: 0.260 Loaded shared library C:\Users\asus\.openjfx\cache\17.0.6\vcruntime140_1.dll
Event: 0.265 Loaded shared library C:\Users\asus\.openjfx\cache\17.0.6\msvcp140.dll
Event: 0.267 Loaded shared library C:\Users\asus\.openjfx\cache\17.0.6\msvcp140_1.dll
Event: 0.270 Loaded shared library C:\Users\asus\.openjfx\cache\17.0.6\msvcp140_2.dll
Event: 0.293 Loaded shared library C:\Users\asus\.openjfx\cache\17.0.6\prism_d3d.dll

Deoptimization events (20 events):
Event: 0.169 Thread 0x0000025f26654670 DEOPT PACKING pc=0x0000025f38daf7d8 sp=0x000000a1ccefea30
Event: 0.169 Thread 0x0000025f26654670 DEOPT UNPACKING pc=0x0000025f386a4402 sp=0x000000a1ccefe8c0 mode 2
Event: 0.169 Thread 0x0000025f26654670 Uncommon trap: trap_request=0xffffffde fr.pc=0x0000025f38db2f1c relative=0x0000000000000b3c
Event: 0.169 Thread 0x0000025f26654670 Uncommon trap: reason=class_check action=maybe_recompile pc=0x0000025f38db2f1c method=java.util.HashMap.putVal(ILjava/lang/Object;Ljava/lang/Object;ZZ)Ljava/lang/Object; @ 106 c2
Event: 0.169 Thread 0x0000025f26654670 DEOPT PACKING pc=0x0000025f38db2f1c sp=0x000000a1ccefe960
Event: 0.169 Thread 0x0000025f26654670 DEOPT UNPACKING pc=0x0000025f386a4402 sp=0x000000a1ccefe918 mode 2
Event: 0.169 Thread 0x0000025f26654670 Uncommon trap: trap_request=0xffffffde fr.pc=0x0000025f38db2f1c relative=0x0000000000000b3c
Event: 0.169 Thread 0x0000025f26654670 Uncommon trap: reason=class_check action=maybe_recompile pc=0x0000025f38db2f1c method=java.util.HashMap.putVal(ILjava/lang/Object;Ljava/lang/Object;ZZ)Ljava/lang/Object; @ 106 c2
Event: 0.169 Thread 0x0000025f26654670 DEOPT PACKING pc=0x0000025f38db2f1c sp=0x000000a1ccefe960
Event: 0.169 Thread 0x0000025f26654670 DEOPT UNPACKING pc=0x0000025f386a4402 sp=0x000000a1ccefe918 mode 2
Event: 0.169 Thread 0x0000025f26654670 Uncommon trap: trap_request=0xffffffde fr.pc=0x0000025f38db2f1c relative=0x0000000000000b3c
Event: 0.169 Thread 0x0000025f26654670 Uncommon trap: reason=class_check action=maybe_recompile pc=0x0000025f38db2f1c method=java.util.HashMap.putVal(ILjava/lang/Object;Ljava/lang/Object;ZZ)Ljava/lang/Object; @ 106 c2
Event: 0.169 Thread 0x0000025f26654670 DEOPT PACKING pc=0x0000025f38db2f1c sp=0x000000a1ccefe950
Event: 0.169 Thread 0x0000025f26654670 DEOPT UNPACKING pc=0x0000025f386a4402 sp=0x000000a1ccefe908 mode 2
Event: 0.169 Thread 0x0000025f26654670 Uncommon trap: trap_request=0xffffffde fr.pc=0x0000025f38db2f1c relative=0x0000000000000b3c
Event: 0.169 Thread 0x0000025f26654670 Uncommon trap: reason=class_check action=maybe_recompile pc=0x0000025f38db2f1c method=java.util.HashMap.putVal(ILjava/lang/Object;Ljava/lang/Object;ZZ)Ljava/lang/Object; @ 106 c2
Event: 0.169 Thread 0x0000025f26654670 DEOPT PACKING pc=0x0000025f38db2f1c sp=0x000000a1ccefe950
Event: 0.169 Thread 0x0000025f26654670 DEOPT UNPACKING pc=0x0000025f386a4402 sp=0x000000a1ccefe908 mode 2
Event: 0.257 Thread 0x0000025f26654670 DEOPT PACKING pc=0x0000025f312d06af sp=0x000000a1ccefecb0
Event: 0.257 Thread 0x0000025f26654670 DEOPT UNPACKING pc=0x0000025f386a4b22 sp=0x000000a1ccefe0d0 mode 0

Classes loaded (20 events):
Event: 0.284 Loading class java/util/concurrent/RejectedExecutionHandler done
Event: 0.284 Loading class java/util/concurrent/ThreadPoolExecutor$AbortPolicy done
Event: 0.284 Loading class java/util/concurrent/atomic/AtomicReference
Event: 0.284 Loading class java/util/concurrent/atomic/AtomicReference done
Event: 0.284 Loading class java/util/concurrent/LinkedBlockingQueue
Event: 0.284 Loading class java/util/AbstractQueue
Event: 0.284 Loading class java/util/AbstractQueue done
Event: 0.284 Loading class java/util/concurrent/LinkedBlockingQueue done
Event: 0.284 Loading class java/util/concurrent/LinkedBlockingQueue$Node
Event: 0.284 Loading class java/util/concurrent/LinkedBlockingQueue$Node done
Event: 0.284 Loading class java/util/concurrent/Executors
Event: 0.284 Loading class java/util/concurrent/Executors done
Event: 0.284 Loading class java/util/concurrent/Executors$DefaultThreadFactory
Event: 0.284 Loading class java/util/concurrent/Executors$DefaultThreadFactory done
Event: 0.285 Loading class java/util/concurrent/ThreadPoolExecutor$Worker
Event: 0.285 Loading class java/util/concurrent/ThreadPoolExecutor$Worker done
Event: 0.285 Loading class java/lang/Thread$ThreadNumbering
Event: 0.285 Loading class java/lang/Thread$ThreadNumbering done
Event: 0.287 Loading class java/util/concurrent/locks/AbstractQueuedSynchronizer$SharedNode
Event: 0.288 Loading class java/util/concurrent/locks/AbstractQueuedSynchronizer$SharedNode done

Classes unloaded (0 events):
No events

Classes redefined (0 events):
No events

Internal exceptions (8 events):
Event: 0.086 Thread 0x0000025f26654670 Exception <a 'java/lang/NoSuchMethodError'{0x0000000714f2bcd8}: 'void java.lang.invoke.DirectMethodHandle$Holder.invokeVirtual(java.lang.Object, java.lang.Object)'> (0x0000000714f2bcd8) 
thrown [s\open\src\hotspot\share\interpreter\linkResolver.cpp, line 796]
Event: 0.087 Thread 0x0000025f26654670 Exception <a 'java/lang/NoSuchMethodError'{0x0000000714f36a78}: 'java.lang.Object java.lang.invoke.DirectMethodHandle$Holder.invokeInterface(java.lang.Object, java.lang.Object, java.lang.Object)'> (0x0000000714f36a78) 
thrown [s\open\src\hotspot\share\interpreter\linkResolver.cpp, line 796]
Event: 0.113 Thread 0x0000025f26654670 Exception <a 'java/lang/NoSuchMethodError'{0x0000000714cd3b00}: 'java.lang.Object java.lang.invoke.Invokers$Holder.invokeExact_MT(java.lang.Object, java.lang.Object, java.lang.Object, java.lang.Object, java.lang.Object)'> (0x0000000714cd3b00) 
thrown [s\open\src\hotspot\share\interpreter\linkResolver.cpp, line 796]
Event: 0.120 Thread 0x0000025f8ee96de0 Exception <a 'java/lang/ClassNotFoundException'{0x0000000714cfa728}: jdk/net/ExtendedSocketOptions> (0x0000000714cfa728) 
thrown [s\open\src\hotspot\share\classfile\systemDictionary.cpp, line 313]
Event: 0.120 Thread 0x0000025f8ee96de0 Exception <a 'java/lang/NoSuchMethodError'{0x0000000714cfbe98}: 'void java.lang.invoke.DirectMethodHandle$Holder.invokeStatic(java.lang.Object, java.lang.Object)'> (0x0000000714cfbe98) 
thrown [s\open\src\hotspot\share\interpreter\linkResolver.cpp, line 796]
Event: 0.121 Thread 0x0000025f26654670 Exception <a 'java/lang/NoSuchMethodError'{0x0000000714df17b0}: 'void java.lang.invoke.DirectMethodHandle$Holder.invokeStatic(java.lang.Object, java.lang.Object, java.lang.Object, java.lang.Object)'> (0x0000000714df17b0) 
thrown [s\open\src\hotspot\share\interpreter\linkResolver.cpp, line 796]
Event: 0.121 Thread 0x0000025f26654670 Exception <a 'java/lang/NoSuchMethodError'{0x0000000714df5588}: 'void java.lang.invoke.DirectMethodHandle$Holder.invokeSpecial(java.lang.Object, java.lang.Object, java.lang.Object, java.lang.Object, java.lang.Object)'> (0x0000000714df5588) 
thrown [s\open\src\hotspot\share\interpreter\linkResolver.cpp, line 796]
Event: 0.283 Thread 0x0000025f26654670 Exception <a 'java/lang/NoSuchMethodError'{0x00000007144a7bf0}: 'void java.lang.invoke.DirectMethodHandle$Holder.invokeSpecial(java.lang.Object, java.lang.Object, java.lang.Object)'> (0x00000007144a7bf0) 
thrown [s\open\src\hotspot\share\interpreter\linkResolver.cpp, line 796]

VM Operations (6 events):
Event: 0.096 Executing VM operation: HandshakeAllThreads (Deoptimize)
Event: 0.096 Executing VM operation: HandshakeAllThreads (Deoptimize) done
Event: 0.096 Executing VM operation: HandshakeAllThreads (Deoptimize)
Event: 0.096 Executing VM operation: HandshakeAllThreads (Deoptimize) done
Event: 0.096 Executing VM operation: HandshakeAllThreads (Deoptimize)
Event: 0.096 Executing VM operation: HandshakeAllThreads (Deoptimize) done

Memory protections (0 events):
No events

Nmethod flushes (0 events):
No events

Events (19 events):
Event: 0.020 Thread 0x0000025f26654670 Thread added: 0x0000025f26654670
Event: 0.030 Thread 0x0000025f26654670 Thread added: 0x0000025f48342910
Event: 0.030 Thread 0x0000025f26654670 Thread added: 0x0000025f48344780
Event: 0.030 Thread 0x0000025f26654670 Thread added: 0x0000025f48346800
Event: 0.030 Thread 0x0000025f26654670 Thread added: 0x0000025f483493a0
Event: 0.030 Thread 0x0000025f26654670 Thread added: 0x0000025f48349f30
Event: 0.030 Thread 0x0000025f26654670 Thread added: 0x0000025f4834aac0
Event: 0.030 Thread 0x0000025f26654670 Thread added: 0x0000025f4834fdf0
Event: 0.030 Thread 0x0000025f26654670 Thread added: 0x0000025f483509d0
Event: 0.031 Thread 0x0000025f483509d0 Thread added: 0x0000025f8e063390
Event: 0.046 Thread 0x0000025f26654670 Thread added: 0x0000025f8e159ca0
Event: 0.051 Thread 0x0000025f8e063390 Thread added: 0x0000025f8e166d50
Event: 0.062 Thread 0x0000025f8e166d50 Thread added: 0x0000025f8e1ce140
Event: 0.062 Thread 0x0000025f8e166d50 Thread added: 0x0000025f8e1d0810
Event: 0.064 Thread 0x0000025f8e1ce140 Thread added: 0x0000025f8e293b10
Event: 0.069 Thread 0x0000025f8e063390 Thread added: 0x0000025f8e2e2260
Event: 0.116 Thread 0x0000025f26654670 Thread added: 0x0000025f8ee96de0
Event: 0.116 Thread 0x0000025f26654670 Thread added: 0x0000025f8ef80aa0
Event: 0.287 Thread 0x0000025f26654670 Thread added: 0x0000025f8ef80410


Dynamic libraries:
0x00007ff79d180000 - 0x00007ff79d18e000 	C:\Users\asus\.jdks\openjdk-23\bin\java.exe
0x00007ffb5fdd0000 - 0x00007ffb5ffe7000 	C:\WINDOWS\SYSTEM32\ntdll.dll
0x00007ffb5f6e0000 - 0x00007ffb5f7a4000 	C:\WINDOWS\System32\KERNEL32.DLL
0x00007ffb5d1f0000 - 0x00007ffb5d5a9000 	C:\WINDOWS\System32\KERNELBASE.dll
0x00007ffb5d0d0000 - 0x00007ffb5d1e1000 	C:\WINDOWS\System32\ucrtbase.dll
0x00007ffb47420000 - 0x00007ffb47437000 	C:\Users\asus\.jdks\openjdk-23\bin\jli.dll
0x00007ffb55f80000 - 0x00007ffb55f9b000 	C:\Users\asus\.jdks\openjdk-23\bin\VCRUNTIME140.dll
0x00007ffb5dec0000 - 0x00007ffb5e06e000 	C:\WINDOWS\System32\USER32.dll
0x00007ffb5dac0000 - 0x00007ffb5dae6000 	C:\WINDOWS\System32\win32u.dll
0x00007ffb5f5e0000 - 0x00007ffb5f609000 	C:\WINDOWS\System32\GDI32.dll
0x00007ffb5d9a0000 - 0x00007ffb5dabb000 	C:\WINDOWS\System32\gdi32full.dll
0x00007ffb5d5e0000 - 0x00007ffb5d67a000 	C:\WINDOWS\System32\msvcp_win.dll
0x00007ffb45100000 - 0x00007ffb45392000 	C:\WINDOWS\WinSxS\amd64_microsoft.windows.common-controls_6595b64144ccf1df_6.0.22621.4391_none_2715d37f73803e96\COMCTL32.dll
0x00007ffb5db40000 - 0x00007ffb5dbe7000 	C:\WINDOWS\System32\msvcrt.dll
0x00007ffb5fd40000 - 0x00007ffb5fd71000 	C:\WINDOWS\System32\IMM32.DLL
0x00007ffb585f0000 - 0x00007ffb585fc000 	C:\Users\asus\.jdks\openjdk-23\bin\vcruntime140_1.dll
0x00007ffb461c0000 - 0x00007ffb4624e000 	C:\Users\asus\.jdks\openjdk-23\bin\msvcp140.dll
0x00007ffaf31b0000 - 0x00007ffaf3eff000 	C:\Users\asus\.jdks\openjdk-23\bin\server\jvm.dll
0x00007ffb5f040000 - 0x00007ffb5f0f2000 	C:\WINDOWS\System32\ADVAPI32.dll
0x00007ffb5f630000 - 0x00007ffb5f6d7000 	C:\WINDOWS\System32\sechost.dll
0x00007ffb5d5b0000 - 0x00007ffb5d5d8000 	C:\WINDOWS\System32\bcrypt.dll
0x00007ffb5eda0000 - 0x00007ffb5eeb4000 	C:\WINDOWS\System32\RPCRT4.dll
0x00007ffb5eec0000 - 0x00007ffb5ef31000 	C:\WINDOWS\System32\WS2_32.dll
0x00007ffb46190000 - 0x00007ffb4619a000 	C:\WINDOWS\SYSTEM32\VERSION.dll
0x00007ffb56730000 - 0x00007ffb56764000 	C:\WINDOWS\SYSTEM32\WINMM.dll
0x00007ffb5cd40000 - 0x00007ffb5cd8d000 	C:\WINDOWS\SYSTEM32\POWRPROF.dll
0x00007ffb5cb40000 - 0x00007ffb5cb53000 	C:\WINDOWS\SYSTEM32\UMPDC.dll
0x00007ffb5c110000 - 0x00007ffb5c128000 	C:\WINDOWS\SYSTEM32\kernel.appcore.dll
0x00007ffb567d0000 - 0x00007ffb567da000 	C:\Users\asus\.jdks\openjdk-23\bin\jimage.dll
0x00007ffb5a900000 - 0x00007ffb5ab32000 	C:\WINDOWS\SYSTEM32\DBGHELP.DLL
0x00007ffb5e070000 - 0x00007ffb5e3ff000 	C:\WINDOWS\System32\combase.dll
0x00007ffb5ef50000 - 0x00007ffb5f027000 	C:\WINDOWS\System32\OLEAUT32.dll
0x00007ffb43a90000 - 0x00007ffb43ac2000 	C:\WINDOWS\SYSTEM32\dbgcore.DLL
0x00007ffb5d6f0000 - 0x00007ffb5d76b000 	C:\WINDOWS\System32\bcryptPrimitives.dll
0x00007ffb593b0000 - 0x00007ffb593bf000 	C:\Users\asus\.jdks\openjdk-23\bin\instrument.dll
0x00007ffb3e250000 - 0x00007ffb3e26e000 	C:\Users\asus\.jdks\openjdk-23\bin\java.dll
0x00007ffb5dbf0000 - 0x00007ffb5dd95000 	C:\WINDOWS\System32\ole32.dll
0x00007ffb5e4c0000 - 0x00007ffb5ed36000 	C:\WINDOWS\System32\SHELL32.dll
0x00007ffb5b010000 - 0x00007ffb5b913000 	C:\WINDOWS\SYSTEM32\windows.storage.dll
0x00007ffb5aed0000 - 0x00007ffb5b00f000 	C:\WINDOWS\SYSTEM32\wintypes.dll
0x00007ffb5f840000 - 0x00007ffb5f939000 	C:\WINDOWS\System32\SHCORE.dll
0x00007ffb5faa0000 - 0x00007ffb5fafe000 	C:\WINDOWS\System32\shlwapi.dll
0x00007ffb5d000000 - 0x00007ffb5d02b000 	C:\WINDOWS\SYSTEM32\profapi.dll
0x00007ffb16c50000 - 0x00007ffb16d27000 	C:\Users\asus\.jdks\openjdk-23\bin\jsvml.dll
0x00007ffb47540000 - 0x00007ffb47550000 	C:\Users\asus\.jdks\openjdk-23\bin\net.dll
0x00007ffb5c590000 - 0x00007ffb5c5f9000 	C:\WINDOWS\system32\mswsock.dll
0x00007ffb3e230000 - 0x00007ffb3e246000 	C:\Users\asus\.jdks\openjdk-23\bin\nio.dll
0x00007ffb3e210000 - 0x00007ffb3e227000 	C:\Users\asus\.jdks\openjdk-23\bin\zip.dll
0x00007ffb4a500000 - 0x00007ffb4a51a000 	C:\Program Files\JetBrains\IntelliJ IDEA 2024.2.1\bin\breakgen64.dll
0x0000025f28a50000 - 0x0000025f28a53000 	C:\Users\asus\.openjfx\cache\17.0.6\api-ms-win-core-console-l1-1-0.dll
0x0000025f28a60000 - 0x0000025f28a63000 	C:\Users\asus\.openjfx\cache\17.0.6\api-ms-win-core-console-l1-2-0.dll
0x0000025f28a70000 - 0x0000025f28a73000 	C:\Users\asus\.openjfx\cache\17.0.6\api-ms-win-core-datetime-l1-1-0.dll
0x0000025f28a80000 - 0x0000025f28a83000 	C:\Users\asus\.openjfx\cache\17.0.6\api-ms-win-core-debug-l1-1-0.dll
0x0000025f48f10000 - 0x0000025f48f13000 	C:\Users\asus\.openjfx\cache\17.0.6\api-ms-win-core-errorhandling-l1-1-0.dll
0x0000025f48f20000 - 0x0000025f48f24000 	C:\Users\asus\.openjfx\cache\17.0.6\api-ms-win-core-file-l1-1-0.dll
0x0000025f48f30000 - 0x0000025f48f33000 	C:\Users\asus\.openjfx\cache\17.0.6\api-ms-win-core-file-l1-2-0.dll
0x0000025f48f40000 - 0x0000025f48f43000 	C:\Users\asus\.openjfx\cache\17.0.6\api-ms-win-core-file-l2-1-0.dll
0x0000025f48f50000 - 0x0000025f48f53000 	C:\Users\asus\.openjfx\cache\17.0.6\api-ms-win-core-handle-l1-1-0.dll
0x0000025f48f60000 - 0x0000025f48f63000 	C:\Users\asus\.openjfx\cache\17.0.6\api-ms-win-core-heap-l1-1-0.dll
0x0000025f48f70000 - 0x0000025f48f73000 	C:\Users\asus\.openjfx\cache\17.0.6\api-ms-win-core-interlocked-l1-1-0.dll
0x0000025f48f80000 - 0x0000025f48f83000 	C:\Users\asus\.openjfx\cache\17.0.6\api-ms-win-core-libraryloader-l1-1-0.dll
0x0000025f48f90000 - 0x0000025f48f93000 	C:\Users\asus\.openjfx\cache\17.0.6\api-ms-win-core-localization-l1-2-0.dll
0x0000025f48fa0000 - 0x0000025f48fa3000 	C:\Users\asus\.openjfx\cache\17.0.6\api-ms-win-core-memory-l1-1-0.dll
0x0000025f48fb0000 - 0x0000025f48fb3000 	C:\Users\asus\.openjfx\cache\17.0.6\api-ms-win-core-namedpipe-l1-1-0.dll
0x0000025f48fc0000 - 0x0000025f48fc3000 	C:\Users\asus\.openjfx\cache\17.0.6\api-ms-win-core-processenvironment-l1-1-0.dll
0x0000025f48fd0000 - 0x0000025f48fd3000 	C:\Users\asus\.openjfx\cache\17.0.6\api-ms-win-core-processthreads-l1-1-0.dll
0x0000025f48fe0000 - 0x0000025f48fe3000 	C:\Users\asus\.openjfx\cache\17.0.6\api-ms-win-core-processthreads-l1-1-1.dll
0x0000025f48ff0000 - 0x0000025f48ff3000 	C:\Users\asus\.openjfx\cache\17.0.6\api-ms-win-core-profile-l1-1-0.dll
0x0000025f8fcf0000 - 0x0000025f8fcf3000 	C:\Users\asus\.openjfx\cache\17.0.6\api-ms-win-core-rtlsupport-l1-1-0.dll
0x0000025f8fbd0000 - 0x0000025f8fbd3000 	C:\Users\asus\.openjfx\cache\17.0.6\api-ms-win-core-string-l1-1-0.dll
0x0000025f8fbe0000 - 0x0000025f8fbe3000 	C:\Users\asus\.openjfx\cache\17.0.6\api-ms-win-core-synch-l1-1-0.dll
0x0000025f8fbf0000 - 0x0000025f8fbf3000 	C:\Users\asus\.openjfx\cache\17.0.6\api-ms-win-core-synch-l1-2-0.dll
0x0000025f8fc00000 - 0x0000025f8fc03000 	C:\Users\asus\.openjfx\cache\17.0.6\api-ms-win-core-sysinfo-l1-1-0.dll
0x0000025f8fc10000 - 0x0000025f8fc13000 	C:\Users\asus\.openjfx\cache\17.0.6\api-ms-win-core-timezone-l1-1-0.dll
0x0000025f8fc20000 - 0x0000025f8fc23000 	C:\Users\asus\.openjfx\cache\17.0.6\api-ms-win-core-util-l1-1-0.dll
0x0000025f8fc30000 - 0x0000025f8fc33000 	C:\Users\asus\.openjfx\cache\17.0.6\api-ms-win-crt-conio-l1-1-0.dll
0x0000025f8fc40000 - 0x0000025f8fc44000 	C:\Users\asus\.openjfx\cache\17.0.6\api-ms-win-crt-convert-l1-1-0.dll
0x0000025f8fc50000 - 0x0000025f8fc53000 	C:\Users\asus\.openjfx\cache\17.0.6\api-ms-win-crt-environment-l1-1-0.dll
0x0000025f8fc60000 - 0x0000025f8fc63000 	C:\Users\asus\.openjfx\cache\17.0.6\api-ms-win-crt-filesystem-l1-1-0.dll
0x0000025f8fc70000 - 0x0000025f8fc73000 	C:\Users\asus\.openjfx\cache\17.0.6\api-ms-win-crt-heap-l1-1-0.dll
0x0000025f8fc80000 - 0x0000025f8fc83000 	C:\Users\asus\.openjfx\cache\17.0.6\api-ms-win-crt-locale-l1-1-0.dll
0x0000025f8fc90000 - 0x0000025f8fc95000 	C:\Users\asus\.openjfx\cache\17.0.6\api-ms-win-crt-math-l1-1-0.dll
0x0000025f8fca0000 - 0x0000025f8fca5000 	C:\Users\asus\.openjfx\cache\17.0.6\api-ms-win-crt-multibyte-l1-1-0.dll
0x0000025f8fcb0000 - 0x0000025f8fcc0000 	C:\Users\asus\.openjfx\cache\17.0.6\api-ms-win-crt-private-l1-1-0.dll
0x0000025f8fcc0000 - 0x0000025f8fcc3000 	C:\Users\asus\.openjfx\cache\17.0.6\api-ms-win-crt-process-l1-1-0.dll
0x0000025f8fcd0000 - 0x0000025f8fcd4000 	C:\Users\asus\.openjfx\cache\17.0.6\api-ms-win-crt-runtime-l1-1-0.dll
0x0000025f8fce0000 - 0x0000025f8fce4000 	C:\Users\asus\.openjfx\cache\17.0.6\api-ms-win-crt-stdio-l1-1-0.dll
0x0000025f90cd0000 - 0x0000025f90cd4000 	C:\Users\asus\.openjfx\cache\17.0.6\api-ms-win-crt-string-l1-1-0.dll
0x0000025f90ce0000 - 0x0000025f90ce3000 	C:\Users\asus\.openjfx\cache\17.0.6\api-ms-win-crt-time-l1-1-0.dll
0x0000025f90cf0000 - 0x0000025f90cf3000 	C:\Users\asus\.openjfx\cache\17.0.6\api-ms-win-crt-utility-l1-1-0.dll
0x00007ffb173c0000 - 0x00007ffb174bc000 	C:\Users\asus\.openjfx\cache\17.0.6\ucrtbase.dll
0x00007ffb4a160000 - 0x00007ffb4a17a000 	C:\Users\asus\.openjfx\cache\17.0.6\vcruntime140.dll
0x00007ffb56b10000 - 0x00007ffb56b1c000 	C:\Users\asus\.openjfx\cache\17.0.6\vcruntime140_1.dll
0x00007ffb1ecf0000 - 0x00007ffb1ed7d000 	C:\Users\asus\.openjfx\cache\17.0.6\msvcp140.dll
0x00007ffb56ae0000 - 0x00007ffb56ae9000 	C:\Users\asus\.openjfx\cache\17.0.6\msvcp140_1.dll
0x00007ffb472e0000 - 0x00007ffb4730f000 	C:\Users\asus\.openjfx\cache\17.0.6\msvcp140_2.dll
0x00007ffb47050000 - 0x00007ffb4707a000 	C:\Users\asus\.openjfx\cache\17.0.6\prism_d3d.dll
0x00007ffadcd70000 - 0x00007ffadcf18000 	C:\WINDOWS\system32\d3d9.dll
0x00007ffb5a490000 - 0x00007ffb5a4bb000 	C:\WINDOWS\SYSTEM32\dwmapi.dll
0x00007ffb5a220000 - 0x00007ffb5a257000 	C:\WINDOWS\SYSTEM32\dxcore.dll
0x00007ffb5a100000 - 0x00007ffb5a1b1000 	C:\WINDOWS\system32\uxtheme.dll
0x00007ffb17310000 - 0x00007ffb173c0000 	C:\WINDOWS\SYSTEM32\d3d9on12.dll
0x00007ffb5a280000 - 0x00007ffb5a377000 	C:\WINDOWS\SYSTEM32\dxgi.dll
0x00007ffb3e1a0000 - 0x00007ffb3e1c6000 	C:\WINDOWS\SYSTEM32\d3d12.dll
0x00007ffb5cdc0000 - 0x00007ffb5ce0e000 	C:\WINDOWS\SYSTEM32\cfgmgr32.dll
0x00007ffb16fb0000 - 0x00007ffb171b2000 	C:\WINDOWS\SYSTEM32\D3D12Core.dll
0x00007ffb21260000 - 0x00007ffb21287000 	C:\WINDOWS\System32\DriverStore\FileRepository\iigd_dch.inf_amd64_9741ef1f4093481f\igd12umd64.dll
0x00007ffacce80000 - 0x00007ffacdb39000 	C:\WINDOWS\System32\DriverStore\FileRepository\iigd_dch.inf_amd64_9741ef1f4093481f\igd12um64xel.dll
0x00007ffb5d770000 - 0x00007ffb5d8d6000 	C:\WINDOWS\System32\CRYPT32.dll
0x00007ffb33010000 - 0x00007ffb33054000 	C:\WINDOWS\SYSTEM32\ControlLib.dll
0x00007ffb5f100000 - 0x00007ffb5f574000 	C:\WINDOWS\System32\SETUPAPI.dll
0x00007ffb5cd90000 - 0x00007ffb5cdbc000 	C:\WINDOWS\SYSTEM32\DEVOBJ.dll
0x00007ffb512f0000 - 0x00007ffb51378000 	C:\WINDOWS\System32\DriverStore\FileRepository\iigd_dch.inf_amd64_9741ef1f4093481f\IntelControlLib.dll
0x00007ffb5d680000 - 0x00007ffb5d6ec000 	C:\WINDOWS\System32\WINTRUST.dll
0x00007ffb5c840000 - 0x00007ffb5c852000 	C:\WINDOWS\SYSTEM32\MSASN1.dll
0x00007ffb55d60000 - 0x00007ffb55da9000 	C:\WINDOWS\SYSTEM32\directxdatabasehelper.dll
0x00007ffb50840000 - 0x00007ffb50c57000 	C:\WINDOWS\System32\DriverStore\FileRepository\iigd_dch.inf_amd64_9741ef1f4093481f\igdgmm64.dll

dbghelp: loaded successfully - version: 4.0.5 - missing functions: none
symbol engine: initialized successfully - sym options: 0x614 - pdb path: .;C:\Users\asus\.jdks\openjdk-23\bin;C:\WINDOWS\SYSTEM32;C:\WINDOWS\WinSxS\amd64_microsoft.windows.common-controls_6595b64144ccf1df_6.0.22621.4391_none_2715d37f73803e96;C:\Users\asus\.jdks\openjdk-23\bin\server;C:\Program Files\JetBrains\IntelliJ IDEA 2024.2.1\bin;C:\Users\asus\.openjfx\cache\17.0.6;C:\WINDOWS\System32\DriverStore\FileRepository\iigd_dch.inf_amd64_9741ef1f4093481f

VM Arguments:
jvm_args: -XX:+UseG1GC -javaagent:C:\Program Files\JetBrains\IntelliJ IDEA 2024.2.1\lib\idea_rt.jar=64521:C:\Program Files\JetBrains\IntelliJ IDEA 2024.2.1\bin -Dfile.encoding=UTF-8 -Dsun.stdout.encoding=UTF-8 -Dsun.stderr.encoding=UTF-8 --module-path=C:\Users\asus\.m2\repository\org\openjfx\javafx-base\17.0.6\javafx-base-17.0.6-win.jar;C:\Users\asus\.m2\repository\org\openjfx\javafx-fxml\17.0.6\javafx-fxml-17.0.6-win.jar;C:\Users\asus\.m2\repository\org\openjfx\javafx-controls\17.0.6\javafx-controls-17.0.6-win.jar;C:\Users\asus\.m2\repository\com\dlsc\formsfx\formsfx-core\11.6.0\formsfx-core-11.6.0.jar;C:\Users\asus\.m2\repository\org\openjfx\javafx-graphics\17.0.6\javafx-graphics-17.0.6-win.jar;C:\Users\asus\Desktop\OOP\BTL\plant_tree\target\classes -Djdk.module.main=com.example.demo 
java_command: com.example.demo/com.example.demo.Main
java_class_path (initial): C:\Users\asus\.m2\repository\org\openjfx\javafx-controls\17.0.6\javafx-controls-17.0.6.jar;C:\Users\asus\.m2\repository\org\openjfx\javafx-graphics\17.0.6\javafx-graphics-17.0.6.jar;C:\Users\asus\.m2\repository\org\openjfx\javafx-base\17.0.6\javafx-base-17.0.6.jar;C:\Users\asus\.m2\repository\org\openjfx\javafx-fxml\17.0.6\javafx-fxml-17.0.6.jar;C:\Users\asus\.m2\repository\com\mysql\mysql-connector-j\8.0.33\mysql-connector-j-8.0.33.jar;C:\Users\asus\.m2\repository\com\google\protobuf\protobuf-java\3.21.9\protobuf-java-3.21.9.jar
Launcher Type: SUN_STANDARD

[Global flags]
     intx CICompilerCount                          = 12                                        {product} {ergonomic}
     uint ConcGCThreads                            = 4                                         {product} {ergonomic}
     uint G1ConcRefinementThreads                  = 15                                        {product} {ergonomic}
   size_t G1HeapRegionSize                         = 2097152                                   {product} {ergonomic}
   size_t InitialHeapSize                          = 264241152                                 {product} {ergonomic}
   size_t MarkStackSize                            = 4194304                                   {product} {ergonomic}
   size_t MarkStackSizeMax                         = 536870912                                 {product} {ergonomic}
   size_t MaxHeapSize                              = 4200595456                                {product} {ergonomic}
   size_t MaxNewSize                               = 2518679552                                {product} {ergonomic}
   size_t MinHeapDeltaBytes                        = 2097152                                   {product} {ergonomic}
   size_t MinHeapSize                              = 8388608                                   {product} {ergonomic}
    uintx NonNMethodCodeHeapSize                   = 7602176                                {pd product} {ergonomic}
    uintx NonProfiledCodeHeapSize                  = 122093568                              {pd product} {ergonomic}
    uintx ProfiledCodeHeapSize                     = 121962496                              {pd product} {ergonomic}
    uintx ReservedCodeCacheSize                    = 251658240                              {pd product} {ergonomic}
     bool SegmentedCodeCache                       = true                                      {product} {ergonomic}
   size_t SoftMaxHeapSize                          = 4200595456                             {manageable} {ergonomic}
     bool UseCompressedOops                        = true                           {product lp64_product} {ergonomic}
     bool UseG1GC                                  = true                                      {product} {command line}
     bool UseLargePagesIndividualAllocation        = false                                  {pd product} {ergonomic}

Logging:
Log output configuration:
 #0: stdout all=warning uptime,level,tags foldmultilines=false
 #1: stderr all=off uptime,level,tags foldmultilines=false

Environment Variables:
JAVA_HOME=C:\Program Files\Java\jdk-1.8
PATH=C:\Program Files\Java\jdk-1.8\bin;C:\Program Files (x86)\Common Files\Oracle\Java\javapath;C:\WINDOWS\system32;C:\WINDOWS;C:\WINDOWS\System32\Wbem;C:\WINDOWS\System32\WindowsPowerShell\v1.0\;C:\WINDOWS\System32\OpenSSH\;C:\Program Files\Java\jdk-22\bin;C:\Program Files\Git\cmd;C:\Program Files\MySQL\MySQL Server 8.0\bin;C:\msys64\ucrt64\bin;C:\Users\asus\AppData\Local\Programs\Microsoft VS Code\bin;C:\Program Files\JetBrains\IntelliJ IDEA 2024.2.1\bin;;C:\Users\asus\AppData\Local\GitHubDesktop\bin
USERNAME=asus
OS=Windows_NT
PROCESSOR_IDENTIFIER=Intel64 Family 6 Model 186 Stepping 2, GenuineIntel
TMP=C:\Users\asus\AppData\Local\Temp
TEMP=C:\Users\asus\AppData\Local\Temp




Periodic native trim disabled

---------------  S Y S T E M  ---------------

OS:
 Windows 11 , 64 bit Build 22621 (10.0.22621.4391)
OS uptime: 1 days 17:44 hours

CPU: total 20 (initial active 20) (10 cores per cpu, 2 threads per core) family 6 model 186 stepping 2 microcode 0x410e, cx8, cmov, fxsr, ht, mmx, 3dnowpref, sse, sse2, sse3, ssse3, sse4.1, sse4.2, popcnt, lzcnt, tsc, tscinvbit, avx, avx2, aes, erms, clmul, bmi1, bmi2, adx, sha, fma, vzeroupper, clflush, clflushopt, clwb, serialize, rdtscp, rdpid, fsrm, gfni, f16c, pku, cet_ibt, cet_ss
Processor Information for processor 0
  Max Mhz: 2600, Current Mhz: 1496, Mhz Limit: 2600
Processor Information for processor 1
  Max Mhz: 2600, Current Mhz: 2600, Mhz Limit: 2600
Processor Information for processor 2
  Max Mhz: 2600, Current Mhz: 1496, Mhz Limit: 2600
Processor Information for processor 3
  Max Mhz: 2600, Current Mhz: 2600, Mhz Limit: 2600
Processor Information for processor 4
  Max Mhz: 2600, Current Mhz: 2600, Mhz Limit: 2600
Processor Information for processor 5
  Max Mhz: 2600, Current Mhz: 2600, Mhz Limit: 2600
Processor Information for processor 6
  Max Mhz: 2600, Current Mhz: 2600, Mhz Limit: 2600
Processor Information for processor 7
  Max Mhz: 2600, Current Mhz: 2600, Mhz Limit: 2600
Processor Information for processor 8
  Max Mhz: 2600, Current Mhz: 2600, Mhz Limit: 2600
Processor Information for processor 9
  Max Mhz: 2600, Current Mhz: 2600, Mhz Limit: 2600
Processor Information for processor 10
  Max Mhz: 2600, Current Mhz: 2600, Mhz Limit: 2600
Processor Information for processor 11
  Max Mhz: 2600, Current Mhz: 2600, Mhz Limit: 2600
Processor Information for processor 12
  Max Mhz: 2600, Current Mhz: 1900, Mhz Limit: 1898
Processor Information for processor 13
  Max Mhz: 2600, Current Mhz: 1500, Mhz Limit: 1898
Processor Information for processor 14
  Max Mhz: 2600, Current Mhz: 1500, Mhz Limit: 1898
Processor Information for processor 15
  Max Mhz: 2600, Current Mhz: 1900, Mhz Limit: 1898
Processor Information for processor 16
  Max Mhz: 2600, Current Mhz: 1900, Mhz Limit: 1898
Processor Information for processor 17
  Max Mhz: 2600, Current Mhz: 1900, Mhz Limit: 1898
Processor Information for processor 18
  Max Mhz: 2600, Current Mhz: 1900, Mhz Limit: 1898
Processor Information for processor 19
  Max Mhz: 2600, Current Mhz: 1500, Mhz Limit: 1898

Memory: 4k page, system-wide physical 16016M (1925M free)
TotalPageFile size 35216M (AvailPageFile size 12M)
current process WorkingSet (physical memory assigned to process): 85M, peak: 85M
current process commit charge ("private bytes"): 381M, peak: 384M

vm_info: OpenJDK 64-Bit Server VM (23+37-2369) for windows-amd64 JRE (23+37-2369), built on 2024-08-20T16:01:23Z with MS VC++ 17.6 (VS2022)

END.
