#
# There is insufficient memory for the Java Runtime Environment to continue.
# Native memory allocation (malloc) failed to allocate 1096416 bytes. Error detail: Chunk::new
# Possible reasons:
#   The system is out of physical RAM or swap space
#   This process is running with CompressedOops enabled, and the Java Heap may be blocking the growth of the native heap
# Possible solutions:
#   Reduce memory load on the system
#   Increase physical memory or swap space
#   Check if swap backing store is full
#   Decrease Java heap size (-Xmx/-Xms)
#   Decrease number of Java threads
#   Decrease Java thread stack sizes (-Xss)
#   Set larger code cache with -XX:ReservedCodeCacheSize=
#   JVM is running with Zero Based Compressed Oops mode in which the Java heap is
#     placed in the first 32GB address space. The Java Heap base address is the
#     maximum limit for the native heap growth. Please use -XX:HeapBaseMinAddress
#     to set the Java Heap base and to place the Java Heap above 32GB virtual address.
# This output file may be truncated or incomplete.
#
#  Out of Memory Error (arena.cpp:149), pid=28820, tid=16044
#
# JRE version: OpenJDK Runtime Environment (23.0+37) (build 23+37-2369)
# Java VM: OpenJDK 64-Bit Server VM (23+37-2369, mixed mode, sharing, tiered, compressed oops, compressed class ptrs, g1 gc, windows-amd64)
# No core dump will be written. Minidumps are not enabled by default on client versions of Windows
#

---------------  S U M M A R Y ------------

Command Line: -javaagent:C:\Program Files\JetBrains\IntelliJ IDEA 2024.2.1\lib\idea_rt.jar=61974:C:\Program Files\JetBrains\IntelliJ IDEA 2024.2.1\bin -Dfile.encoding=UTF-8 -Dsun.stdout.encoding=UTF-8 -Dsun.stderr.encoding=UTF-8 --module-path=C:\Users\asus\.m2\repository\org\openjfx\javafx-controls\17.0.6\javafx-controls-17.0.6-win.jar;C:\Users\asus\.m2\repository\com\dlsc\formsfx\formsfx-core\11.6.0\formsfx-core-11.6.0.jar;C:\Users\asus\.m2\repository\org\openjfx\javafx-graphics\17.0.6\javafx-graphics-17.0.6-win.jar;C:\Users\asus\Desktop\OOP\BTL\plant_tree\target\classes;C:\Users\asus\.m2\repository\org\openjfx\javafx-fxml\17.0.6\javafx-fxml-17.0.6-win.jar;C:\Users\asus\.m2\repository\org\openjfx\javafx-base\17.0.6\javafx-base-17.0.6-win.jar -Djdk.module.main=com.example.demo com.example.demo/com.example.demo.DatabaseConnection

Host: 13th Gen Intel(R) Core(TM) i9-13900H, 20 cores, 15G,  Windows 11 , 64 bit Build 22621 (10.0.22621.4391)
Time: Wed Nov 20 23:43:47 2024 SE Asia Standard Time elapsed time: 0.142606 seconds (0d 0h 0m 0s)

---------------  T H R E A D  ---------------

Current thread (0x0000016745031230):  JavaThread "C2 CompilerThread0" daemon [_thread_in_native, id=16044, stack(0x0000005acf700000,0x0000005acf800000) (1024K)]


Current CompileTask:
C2:142  301       4       java.util.stream.ReferencePipeline$3$1::accept (23 bytes)

Stack: [0x0000005acf700000,0x0000005acf800000]
Native frames: (J=compiled Java code, j=interpreted, Vv=VM code, C=native code)
V  [jvm.dll+0x6e08a9]  (no source info available)
V  [jvm.dll+0x87da63]  (no source info available)
V  [jvm.dll+0x87feee]  (no source info available)
V  [jvm.dll+0x8805c3]  (no source info available)
V  [jvm.dll+0x27aee6]  (no source info available)
V  [jvm.dll+0xbc06f]  (no source info available)
V  [jvm.dll+0xbc2cb]  (no source info available)
V  [jvm.dll+0x2ee94d]  (no source info available)
V  [jvm.dll+0x6063c9]  (no source info available)
V  [jvm.dll+0x24ddf2]  (no source info available)
V  [jvm.dll+0x24e1d5]  (no source info available)
V  [jvm.dll+0x246b54]  (no source info available)
V  [jvm.dll+0x243d04]  (no source info available)
V  [jvm.dll+0x1c33a0]  (no source info available)
V  [jvm.dll+0x253cf1]  (no source info available)
V  [jvm.dll+0x251faa]  (no source info available)
V  [jvm.dll+0x3ee036]  (no source info available)
V  [jvm.dll+0x824f1b]  (no source info available)
V  [jvm.dll+0x6df055]  (no source info available)
C  [ucrtbase.dll+0x29333]  (no source info available)
C  [KERNEL32.DLL+0x1259d]  (no source info available)
C  [ntdll.dll+0x5af38]  (no source info available)

Lock stack of current Java thread (top to bottom):


---------------  P R O C E S S  ---------------

Threads class SMR info:
_java_thread_list=0x0000016745c9e3b0, length=19, elements={
0x000001675a265d10, 0x000001677bd4c690, 0x000001677bd4e360, 0x000001677bd4f5d0,
0x000001677bd50230, 0x000001677bd55300, 0x0000016745030090, 0x0000016745031230,
0x000001677bd5af80, 0x000001677bd5d190, 0x0000016745192110, 0x000001677bd5b650,
0x000001677bd5cac0, 0x000001677bd5bd20, 0x000001677bd5c3f0, 0x000001677bd5d860,
0x000001677bd5a1e0, 0x0000016746299bc0, 0x000001674629a230
}

Java Threads: ( => current thread )
  0x000001675a265d10 JavaThread "main"                              [_thread_in_vm, id=25164, stack(0x0000005ace900000,0x0000005acea00000) (1024K)]
  0x000001677bd4c690 JavaThread "Reference Handler"          daemon [_thread_blocked, id=12296, stack(0x0000005acf100000,0x0000005acf200000) (1024K)]
  0x000001677bd4e360 JavaThread "Finalizer"                  daemon [_thread_blocked, id=20844, stack(0x0000005acf200000,0x0000005acf300000) (1024K)]
  0x000001677bd4f5d0 JavaThread "Signal Dispatcher"          daemon [_thread_blocked, id=16048, stack(0x0000005acf300000,0x0000005acf400000) (1024K)]
  0x000001677bd50230 JavaThread "Attach Listener"            daemon [_thread_blocked, id=25272, stack(0x0000005acf400000,0x0000005acf500000) (1024K)]
  0x000001677bd55300 JavaThread "Service Thread"             daemon [_thread_blocked, id=27268, stack(0x0000005acf500000,0x0000005acf600000) (1024K)]
  0x0000016745030090 JavaThread "Monitor Deflation Thread"   daemon [_thread_blocked, id=22880, stack(0x0000005acf600000,0x0000005acf700000) (1024K)]
=>0x0000016745031230 JavaThread "C2 CompilerThread0"         daemon [_thread_in_native, id=16044, stack(0x0000005acf700000,0x0000005acf800000) (1024K)]
  0x000001677bd5af80 JavaThread "C1 CompilerThread0"         daemon [_thread_blocked, id=9796, stack(0x0000005acf800000,0x0000005acf900000) (1024K)]
  0x000001677bd5d190 JavaThread "C1 CompilerThread1"         daemon [_thread_blocked, id=30016, stack(0x0000005acf900000,0x0000005acfa00000) (1024K)]
  0x0000016745192110 JavaThread "Common-Cleaner"             daemon [_thread_blocked, id=9604, stack(0x0000005acfa00000,0x0000005acfb00000) (1024K)]
  0x000001677bd5b650 JavaThread "C2 CompilerThread1"         daemon [_thread_blocked, id=1144, stack(0x0000005acfb00000,0x0000005acfc00000) (1024K)]
  0x000001677bd5cac0 JavaThread "C2 CompilerThread2"         daemon [_thread_blocked, id=12436, stack(0x0000005acfc00000,0x0000005acfd00000) (1024K)]
  0x000001677bd5bd20 JavaThread "C1 CompilerThread2"         daemon [_thread_blocked, id=25060, stack(0x0000005acfd00000,0x0000005acfe00000) (1024K)]
  0x000001677bd5c3f0 JavaThread "C1 CompilerThread3"         daemon [_thread_blocked, id=32476, stack(0x0000005acfe00000,0x0000005acff00000) (1024K)]
  0x000001677bd5d860 JavaThread "C2 CompilerThread3"         daemon [_thread_blocked, id=34248, stack(0x0000005acff00000,0x0000005ad0000000) (1024K)]
  0x000001677bd5a1e0 JavaThread "C2 CompilerThread4"         daemon [_thread_blocked, id=23472, stack(0x0000005ad0000000,0x0000005ad0100000) (1024K)]
  0x0000016746299bc0 JavaThread "Monitor Ctrl-Break"         daemon [_thread_in_native, id=29792, stack(0x0000005ad0100000,0x0000005ad0200000) (1024K)]
  0x000001674629a230 JavaThread "Notification Thread"        daemon [_thread_blocked, id=9676, stack(0x0000005ad0200000,0x0000005ad0300000) (1024K)]
Total: 19

Other Threads:
  0x000001677bd32ad0 VMThread "VM Thread"                           [id=32456, stack(0x0000005acf000000,0x0000005acf100000) (1024K)]
  0x000001677bd1f0d0 WatcherThread "VM Periodic Task Thread"        [id=4304, stack(0x0000005acef00000,0x0000005acf000000) (1024K)]
  0x000001675c662340 WorkerThread "GC Thread#0"                     [id=3728, stack(0x0000005acea00000,0x0000005aceb00000) (1024K)]
  0x000001675c676c70 ConcurrentGCThread "G1 Main Marker"            [id=3460, stack(0x0000005aceb00000,0x0000005acec00000) (1024K)]
  0x000001675c677780 WorkerThread "G1 Conc#0"                       [id=30660, stack(0x0000005acec00000,0x0000005aced00000) (1024K)]
  0x000001675c6beb40 ConcurrentGCThread "G1 Refine#0"               [id=17060, stack(0x0000005aced00000,0x0000005acee00000) (1024K)]
  0x000001677bbf0730 ConcurrentGCThread "G1 Service"                [id=32684, stack(0x0000005acee00000,0x0000005acef00000) (1024K)]
Total: 7

Threads with active compile tasks:
C2 CompilerThread0  174  301       4       java.util.stream.ReferencePipeline$3$1::accept (23 bytes)
Total: 1

VM state: not at safepoint (normal execution)

VM Mutex/Monitor currently owned by a thread:  ([mutex/lock_event])
[0x00007ffaf3e21890] Metaspace_lock - owner thread: 0x000001675a265d10

Heap address: 0x0000000705a00000, size: 4006 MB, Compressed Oops mode: Zero based, Oop shift amount: 3

CDS archive(s) mapped at: [0x0000016700000000-0x0000016700d70000-0x0000016700d70000), size 14090240, SharedBaseAddress: 0x0000016700000000, ArchiveRelocationMode: 1.
Compressed class space mapped at: 0x0000016701000000-0x0000016741000000, reserved size: 1073741824
Narrow klass base: 0x0000016700000000, Narrow klass shift: 0, Narrow klass range: 0x41000000

GC Precious Log:
 CardTable entry size: 512
 Card Set container configuration: InlinePtr #cards 4 size 8 Array Of Cards #cards 16 size 48 Howl #buckets 8 coarsen threshold 3686 Howl Bitmap #cards 512 size 80 coarsen threshold 460 Card regions per heap region 1 cards per card region 4096
 CPUs: 20 total, 20 available
 Memory: 16016M
 Large Page Support: Disabled
 NUMA Support: Disabled
 Compressed Oops: Enabled (Zero based)
 Heap Region Size: 2M
 Heap Min Capacity: 8M
 Heap Initial Capacity: 252M
 Heap Max Capacity: 4006M
 Pre-touch: Disabled
 Parallel Workers: 15
 Concurrent Workers: 4
 Concurrent Refinement Workers: 15
 Periodic GC: Disabled

Heap:
 garbage-first heap   total reserved 4102144K, committed 258048K, used 8192K [0x0000000705a00000, 0x0000000800000000)
  region size 2048K, 6 young (12288K), 0 survivors (0K)
 Metaspace       used 1559K, committed 1664K, reserved 1114112K
  class space    used 137K, committed 192K, reserved 1048576K

Heap Regions: E=young(eden), S=young(survivor), O=old, HS=humongous(starts), HC=humongous(continues), CS=collection set, F=free, TAMS=top-at-mark-start, PB=parsable bottom
|   0|0x0000000705a00000, 0x0000000705a00000, 0x0000000705c00000|  0%| F|  |TAMS 0x0000000705a00000| PB 0x0000000705a00000| Untracked |  0
|   1|0x0000000705c00000, 0x0000000705c00000, 0x0000000705e00000|  0%| F|  |TAMS 0x0000000705c00000| PB 0x0000000705c00000| Untracked |  0
|   2|0x0000000705e00000, 0x0000000705e00000, 0x0000000706000000|  0%| F|  |TAMS 0x0000000705e00000| PB 0x0000000705e00000| Untracked |  0
|   3|0x0000000706000000, 0x0000000706000000, 0x0000000706200000|  0%| F|  |TAMS 0x0000000706000000| PB 0x0000000706000000| Untracked |  0
|   4|0x0000000706200000, 0x0000000706200000, 0x0000000706400000|  0%| F|  |TAMS 0x0000000706200000| PB 0x0000000706200000| Untracked |  0
|   5|0x0000000706400000, 0x0000000706400000, 0x0000000706600000|  0%| F|  |TAMS 0x0000000706400000| PB 0x0000000706400000| Untracked |  0
|   6|0x0000000706600000, 0x0000000706600000, 0x0000000706800000|  0%| F|  |TAMS 0x0000000706600000| PB 0x0000000706600000| Untracked |  0
|   7|0x0000000706800000, 0x0000000706800000, 0x0000000706a00000|  0%| F|  |TAMS 0x0000000706800000| PB 0x0000000706800000| Untracked |  0
|   8|0x0000000706a00000, 0x0000000706a00000, 0x0000000706c00000|  0%| F|  |TAMS 0x0000000706a00000| PB 0x0000000706a00000| Untracked |  0
|   9|0x0000000706c00000, 0x0000000706c00000, 0x0000000706e00000|  0%| F|  |TAMS 0x0000000706c00000| PB 0x0000000706c00000| Untracked |  0
|  10|0x0000000706e00000, 0x0000000706e00000, 0x0000000707000000|  0%| F|  |TAMS 0x0000000706e00000| PB 0x0000000706e00000| Untracked |  0
|  11|0x0000000707000000, 0x0000000707000000, 0x0000000707200000|  0%| F|  |TAMS 0x0000000707000000| PB 0x0000000707000000| Untracked |  0
|  12|0x0000000707200000, 0x0000000707200000, 0x0000000707400000|  0%| F|  |TAMS 0x0000000707200000| PB 0x0000000707200000| Untracked |  0
|  13|0x0000000707400000, 0x0000000707400000, 0x0000000707600000|  0%| F|  |TAMS 0x0000000707400000| PB 0x0000000707400000| Untracked |  0
|  14|0x0000000707600000, 0x0000000707600000, 0x0000000707800000|  0%| F|  |TAMS 0x0000000707600000| PB 0x0000000707600000| Untracked |  0
|  15|0x0000000707800000, 0x0000000707800000, 0x0000000707a00000|  0%| F|  |TAMS 0x0000000707800000| PB 0x0000000707800000| Untracked |  0
|  16|0x0000000707a00000, 0x0000000707a00000, 0x0000000707c00000|  0%| F|  |TAMS 0x0000000707a00000| PB 0x0000000707a00000| Untracked |  0
|  17|0x0000000707c00000, 0x0000000707c00000, 0x0000000707e00000|  0%| F|  |TAMS 0x0000000707c00000| PB 0x0000000707c00000| Untracked |  0
|  18|0x0000000707e00000, 0x0000000707e00000, 0x0000000708000000|  0%| F|  |TAMS 0x0000000707e00000| PB 0x0000000707e00000| Untracked |  0
|  19|0x0000000708000000, 0x0000000708000000, 0x0000000708200000|  0%| F|  |TAMS 0x0000000708000000| PB 0x0000000708000000| Untracked |  0
|  20|0x0000000708200000, 0x0000000708200000, 0x0000000708400000|  0%| F|  |TAMS 0x0000000708200000| PB 0x0000000708200000| Untracked |  0
|  21|0x0000000708400000, 0x0000000708400000, 0x0000000708600000|  0%| F|  |TAMS 0x0000000708400000| PB 0x0000000708400000| Untracked |  0
|  22|0x0000000708600000, 0x0000000708600000, 0x0000000708800000|  0%| F|  |TAMS 0x0000000708600000| PB 0x0000000708600000| Untracked |  0
|  23|0x0000000708800000, 0x0000000708800000, 0x0000000708a00000|  0%| F|  |TAMS 0x0000000708800000| PB 0x0000000708800000| Untracked |  0
|  24|0x0000000708a00000, 0x0000000708a00000, 0x0000000708c00000|  0%| F|  |TAMS 0x0000000708a00000| PB 0x0000000708a00000| Untracked |  0
|  25|0x0000000708c00000, 0x0000000708c00000, 0x0000000708e00000|  0%| F|  |TAMS 0x0000000708c00000| PB 0x0000000708c00000| Untracked |  0
|  26|0x0000000708e00000, 0x0000000708e00000, 0x0000000709000000|  0%| F|  |TAMS 0x0000000708e00000| PB 0x0000000708e00000| Untracked |  0
|  27|0x0000000709000000, 0x0000000709000000, 0x0000000709200000|  0%| F|  |TAMS 0x0000000709000000| PB 0x0000000709000000| Untracked |  0
|  28|0x0000000709200000, 0x0000000709200000, 0x0000000709400000|  0%| F|  |TAMS 0x0000000709200000| PB 0x0000000709200000| Untracked |  0
|  29|0x0000000709400000, 0x0000000709400000, 0x0000000709600000|  0%| F|  |TAMS 0x0000000709400000| PB 0x0000000709400000| Untracked |  0
|  30|0x0000000709600000, 0x0000000709600000, 0x0000000709800000|  0%| F|  |TAMS 0x0000000709600000| PB 0x0000000709600000| Untracked |  0
|  31|0x0000000709800000, 0x0000000709800000, 0x0000000709a00000|  0%| F|  |TAMS 0x0000000709800000| PB 0x0000000709800000| Untracked |  0
|  32|0x0000000709a00000, 0x0000000709a00000, 0x0000000709c00000|  0%| F|  |TAMS 0x0000000709a00000| PB 0x0000000709a00000| Untracked |  0
|  33|0x0000000709c00000, 0x0000000709c00000, 0x0000000709e00000|  0%| F|  |TAMS 0x0000000709c00000| PB 0x0000000709c00000| Untracked |  0
|  34|0x0000000709e00000, 0x0000000709e00000, 0x000000070a000000|  0%| F|  |TAMS 0x0000000709e00000| PB 0x0000000709e00000| Untracked |  0
|  35|0x000000070a000000, 0x000000070a000000, 0x000000070a200000|  0%| F|  |TAMS 0x000000070a000000| PB 0x000000070a000000| Untracked |  0
|  36|0x000000070a200000, 0x000000070a200000, 0x000000070a400000|  0%| F|  |TAMS 0x000000070a200000| PB 0x000000070a200000| Untracked |  0
|  37|0x000000070a400000, 0x000000070a400000, 0x000000070a600000|  0%| F|  |TAMS 0x000000070a400000| PB 0x000000070a400000| Untracked |  0
|  38|0x000000070a600000, 0x000000070a600000, 0x000000070a800000|  0%| F|  |TAMS 0x000000070a600000| PB 0x000000070a600000| Untracked |  0
|  39|0x000000070a800000, 0x000000070a800000, 0x000000070aa00000|  0%| F|  |TAMS 0x000000070a800000| PB 0x000000070a800000| Untracked |  0
|  40|0x000000070aa00000, 0x000000070aa00000, 0x000000070ac00000|  0%| F|  |TAMS 0x000000070aa00000| PB 0x000000070aa00000| Untracked |  0
|  41|0x000000070ac00000, 0x000000070ac00000, 0x000000070ae00000|  0%| F|  |TAMS 0x000000070ac00000| PB 0x000000070ac00000| Untracked |  0
|  42|0x000000070ae00000, 0x000000070ae00000, 0x000000070b000000|  0%| F|  |TAMS 0x000000070ae00000| PB 0x000000070ae00000| Untracked |  0
|  43|0x000000070b000000, 0x000000070b000000, 0x000000070b200000|  0%| F|  |TAMS 0x000000070b000000| PB 0x000000070b000000| Untracked |  0
|  44|0x000000070b200000, 0x000000070b200000, 0x000000070b400000|  0%| F|  |TAMS 0x000000070b200000| PB 0x000000070b200000| Untracked |  0
|  45|0x000000070b400000, 0x000000070b400000, 0x000000070b600000|  0%| F|  |TAMS 0x000000070b400000| PB 0x000000070b400000| Untracked |  0
|  46|0x000000070b600000, 0x000000070b600000, 0x000000070b800000|  0%| F|  |TAMS 0x000000070b600000| PB 0x000000070b600000| Untracked |  0
|  47|0x000000070b800000, 0x000000070b800000, 0x000000070ba00000|  0%| F|  |TAMS 0x000000070b800000| PB 0x000000070b800000| Untracked |  0
|  48|0x000000070ba00000, 0x000000070ba00000, 0x000000070bc00000|  0%| F|  |TAMS 0x000000070ba00000| PB 0x000000070ba00000| Untracked |  0
|  49|0x000000070bc00000, 0x000000070bc00000, 0x000000070be00000|  0%| F|  |TAMS 0x000000070bc00000| PB 0x000000070bc00000| Untracked |  0
|  50|0x000000070be00000, 0x000000070be00000, 0x000000070c000000|  0%| F|  |TAMS 0x000000070be00000| PB 0x000000070be00000| Untracked |  0
|  51|0x000000070c000000, 0x000000070c000000, 0x000000070c200000|  0%| F|  |TAMS 0x000000070c000000| PB 0x000000070c000000| Untracked |  0
|  52|0x000000070c200000, 0x000000070c200000, 0x000000070c400000|  0%| F|  |TAMS 0x000000070c200000| PB 0x000000070c200000| Untracked |  0
|  53|0x000000070c400000, 0x000000070c400000, 0x000000070c600000|  0%| F|  |TAMS 0x000000070c400000| PB 0x000000070c400000| Untracked |  0
|  54|0x000000070c600000, 0x000000070c600000, 0x000000070c800000|  0%| F|  |TAMS 0x000000070c600000| PB 0x000000070c600000| Untracked |  0
|  55|0x000000070c800000, 0x000000070c800000, 0x000000070ca00000|  0%| F|  |TAMS 0x000000070c800000| PB 0x000000070c800000| Untracked |  0
|  56|0x000000070ca00000, 0x000000070ca00000, 0x000000070cc00000|  0%| F|  |TAMS 0x000000070ca00000| PB 0x000000070ca00000| Untracked |  0
|  57|0x000000070cc00000, 0x000000070cc00000, 0x000000070ce00000|  0%| F|  |TAMS 0x000000070cc00000| PB 0x000000070cc00000| Untracked |  0
|  58|0x000000070ce00000, 0x000000070ce00000, 0x000000070d000000|  0%| F|  |TAMS 0x000000070ce00000| PB 0x000000070ce00000| Untracked |  0
|  59|0x000000070d000000, 0x000000070d000000, 0x000000070d200000|  0%| F|  |TAMS 0x000000070d000000| PB 0x000000070d000000| Untracked |  0
|  60|0x000000070d200000, 0x000000070d200000, 0x000000070d400000|  0%| F|  |TAMS 0x000000070d200000| PB 0x000000070d200000| Untracked |  0
|  61|0x000000070d400000, 0x000000070d400000, 0x000000070d600000|  0%| F|  |TAMS 0x000000070d400000| PB 0x000000070d400000| Untracked |  0
|  62|0x000000070d600000, 0x000000070d600000, 0x000000070d800000|  0%| F|  |TAMS 0x000000070d600000| PB 0x000000070d600000| Untracked |  0
|  63|0x000000070d800000, 0x000000070d800000, 0x000000070da00000|  0%| F|  |TAMS 0x000000070d800000| PB 0x000000070d800000| Untracked |  0
|  64|0x000000070da00000, 0x000000070da00000, 0x000000070dc00000|  0%| F|  |TAMS 0x000000070da00000| PB 0x000000070da00000| Untracked |  0
|  65|0x000000070dc00000, 0x000000070dc00000, 0x000000070de00000|  0%| F|  |TAMS 0x000000070dc00000| PB 0x000000070dc00000| Untracked |  0
|  66|0x000000070de00000, 0x000000070de00000, 0x000000070e000000|  0%| F|  |TAMS 0x000000070de00000| PB 0x000000070de00000| Untracked |  0
|  67|0x000000070e000000, 0x000000070e000000, 0x000000070e200000|  0%| F|  |TAMS 0x000000070e000000| PB 0x000000070e000000| Untracked |  0
|  68|0x000000070e200000, 0x000000070e200000, 0x000000070e400000|  0%| F|  |TAMS 0x000000070e200000| PB 0x000000070e200000| Untracked |  0
|  69|0x000000070e400000, 0x000000070e400000, 0x000000070e600000|  0%| F|  |TAMS 0x000000070e400000| PB 0x000000070e400000| Untracked |  0
|  70|0x000000070e600000, 0x000000070e600000, 0x000000070e800000|  0%| F|  |TAMS 0x000000070e600000| PB 0x000000070e600000| Untracked |  0
|  71|0x000000070e800000, 0x000000070e800000, 0x000000070ea00000|  0%| F|  |TAMS 0x000000070e800000| PB 0x000000070e800000| Untracked |  0
|  72|0x000000070ea00000, 0x000000070ea00000, 0x000000070ec00000|  0%| F|  |TAMS 0x000000070ea00000| PB 0x000000070ea00000| Untracked |  0
|  73|0x000000070ec00000, 0x000000070ec00000, 0x000000070ee00000|  0%| F|  |TAMS 0x000000070ec00000| PB 0x000000070ec00000| Untracked |  0
|  74|0x000000070ee00000, 0x000000070ee00000, 0x000000070f000000|  0%| F|  |TAMS 0x000000070ee00000| PB 0x000000070ee00000| Untracked |  0
|  75|0x000000070f000000, 0x000000070f000000, 0x000000070f200000|  0%| F|  |TAMS 0x000000070f000000| PB 0x000000070f000000| Untracked |  0
|  76|0x000000070f200000, 0x000000070f200000, 0x000000070f400000|  0%| F|  |TAMS 0x000000070f200000| PB 0x000000070f200000| Untracked |  0
|  77|0x000000070f400000, 0x000000070f400000, 0x000000070f600000|  0%| F|  |TAMS 0x000000070f400000| PB 0x000000070f400000| Untracked |  0
|  78|0x000000070f600000, 0x000000070f600000, 0x000000070f800000|  0%| F|  |TAMS 0x000000070f600000| PB 0x000000070f600000| Untracked |  0
|  79|0x000000070f800000, 0x000000070f800000, 0x000000070fa00000|  0%| F|  |TAMS 0x000000070f800000| PB 0x000000070f800000| Untracked |  0
|  80|0x000000070fa00000, 0x000000070fa00000, 0x000000070fc00000|  0%| F|  |TAMS 0x000000070fa00000| PB 0x000000070fa00000| Untracked |  0
|  81|0x000000070fc00000, 0x000000070fc00000, 0x000000070fe00000|  0%| F|  |TAMS 0x000000070fc00000| PB 0x000000070fc00000| Untracked |  0
|  82|0x000000070fe00000, 0x000000070fe00000, 0x0000000710000000|  0%| F|  |TAMS 0x000000070fe00000| PB 0x000000070fe00000| Untracked |  0
|  83|0x0000000710000000, 0x0000000710000000, 0x0000000710200000|  0%| F|  |TAMS 0x0000000710000000| PB 0x0000000710000000| Untracked |  0
|  84|0x0000000710200000, 0x0000000710200000, 0x0000000710400000|  0%| F|  |TAMS 0x0000000710200000| PB 0x0000000710200000| Untracked |  0
|  85|0x0000000710400000, 0x0000000710400000, 0x0000000710600000|  0%| F|  |TAMS 0x0000000710400000| PB 0x0000000710400000| Untracked |  0
|  86|0x0000000710600000, 0x0000000710600000, 0x0000000710800000|  0%| F|  |TAMS 0x0000000710600000| PB 0x0000000710600000| Untracked |  0
|  87|0x0000000710800000, 0x0000000710800000, 0x0000000710a00000|  0%| F|  |TAMS 0x0000000710800000| PB 0x0000000710800000| Untracked |  0
|  88|0x0000000710a00000, 0x0000000710a00000, 0x0000000710c00000|  0%| F|  |TAMS 0x0000000710a00000| PB 0x0000000710a00000| Untracked |  0
|  89|0x0000000710c00000, 0x0000000710c00000, 0x0000000710e00000|  0%| F|  |TAMS 0x0000000710c00000| PB 0x0000000710c00000| Untracked |  0
|  90|0x0000000710e00000, 0x0000000710e00000, 0x0000000711000000|  0%| F|  |TAMS 0x0000000710e00000| PB 0x0000000710e00000| Untracked |  0
|  91|0x0000000711000000, 0x0000000711000000, 0x0000000711200000|  0%| F|  |TAMS 0x0000000711000000| PB 0x0000000711000000| Untracked |  0
|  92|0x0000000711200000, 0x0000000711200000, 0x0000000711400000|  0%| F|  |TAMS 0x0000000711200000| PB 0x0000000711200000| Untracked |  0
|  93|0x0000000711400000, 0x0000000711400000, 0x0000000711600000|  0%| F|  |TAMS 0x0000000711400000| PB 0x0000000711400000| Untracked |  0
|  94|0x0000000711600000, 0x0000000711600000, 0x0000000711800000|  0%| F|  |TAMS 0x0000000711600000| PB 0x0000000711600000| Untracked |  0
|  95|0x0000000711800000, 0x0000000711800000, 0x0000000711a00000|  0%| F|  |TAMS 0x0000000711800000| PB 0x0000000711800000| Untracked |  0
|  96|0x0000000711a00000, 0x0000000711a00000, 0x0000000711c00000|  0%| F|  |TAMS 0x0000000711a00000| PB 0x0000000711a00000| Untracked |  0
|  97|0x0000000711c00000, 0x0000000711c00000, 0x0000000711e00000|  0%| F|  |TAMS 0x0000000711c00000| PB 0x0000000711c00000| Untracked |  0
|  98|0x0000000711e00000, 0x0000000711e00000, 0x0000000712000000|  0%| F|  |TAMS 0x0000000711e00000| PB 0x0000000711e00000| Untracked |  0
|  99|0x0000000712000000, 0x0000000712000000, 0x0000000712200000|  0%| F|  |TAMS 0x0000000712000000| PB 0x0000000712000000| Untracked |  0
| 100|0x0000000712200000, 0x0000000712200000, 0x0000000712400000|  0%| F|  |TAMS 0x0000000712200000| PB 0x0000000712200000| Untracked |  0
| 101|0x0000000712400000, 0x0000000712400000, 0x0000000712600000|  0%| F|  |TAMS 0x0000000712400000| PB 0x0000000712400000| Untracked |  0
| 102|0x0000000712600000, 0x0000000712600000, 0x0000000712800000|  0%| F|  |TAMS 0x0000000712600000| PB 0x0000000712600000| Untracked |  0
| 103|0x0000000712800000, 0x0000000712800000, 0x0000000712a00000|  0%| F|  |TAMS 0x0000000712800000| PB 0x0000000712800000| Untracked |  0
| 104|0x0000000712a00000, 0x0000000712a00000, 0x0000000712c00000|  0%| F|  |TAMS 0x0000000712a00000| PB 0x0000000712a00000| Untracked |  0
| 105|0x0000000712c00000, 0x0000000712c00000, 0x0000000712e00000|  0%| F|  |TAMS 0x0000000712c00000| PB 0x0000000712c00000| Untracked |  0
| 106|0x0000000712e00000, 0x0000000712e00000, 0x0000000713000000|  0%| F|  |TAMS 0x0000000712e00000| PB 0x0000000712e00000| Untracked |  0
| 107|0x0000000713000000, 0x0000000713000000, 0x0000000713200000|  0%| F|  |TAMS 0x0000000713000000| PB 0x0000000713000000| Untracked |  0
| 108|0x0000000713200000, 0x0000000713200000, 0x0000000713400000|  0%| F|  |TAMS 0x0000000713200000| PB 0x0000000713200000| Untracked |  0
| 109|0x0000000713400000, 0x0000000713400000, 0x0000000713600000|  0%| F|  |TAMS 0x0000000713400000| PB 0x0000000713400000| Untracked |  0
| 110|0x0000000713600000, 0x0000000713600000, 0x0000000713800000|  0%| F|  |TAMS 0x0000000713600000| PB 0x0000000713600000| Untracked |  0
| 111|0x0000000713800000, 0x0000000713800000, 0x0000000713a00000|  0%| F|  |TAMS 0x0000000713800000| PB 0x0000000713800000| Untracked |  0
| 112|0x0000000713a00000, 0x0000000713a00000, 0x0000000713c00000|  0%| F|  |TAMS 0x0000000713a00000| PB 0x0000000713a00000| Untracked |  0
| 113|0x0000000713c00000, 0x0000000713c00000, 0x0000000713e00000|  0%| F|  |TAMS 0x0000000713c00000| PB 0x0000000713c00000| Untracked |  0
| 114|0x0000000713e00000, 0x0000000713e00000, 0x0000000714000000|  0%| F|  |TAMS 0x0000000713e00000| PB 0x0000000713e00000| Untracked |  0
| 115|0x0000000714000000, 0x0000000714000000, 0x0000000714200000|  0%| F|  |TAMS 0x0000000714000000| PB 0x0000000714000000| Untracked |  0
| 116|0x0000000714200000, 0x0000000714200000, 0x0000000714400000|  0%| F|  |TAMS 0x0000000714200000| PB 0x0000000714200000| Untracked |  0
| 117|0x0000000714400000, 0x0000000714400000, 0x0000000714600000|  0%| F|  |TAMS 0x0000000714400000| PB 0x0000000714400000| Untracked |  0
| 118|0x0000000714600000, 0x0000000714600000, 0x0000000714800000|  0%| F|  |TAMS 0x0000000714600000| PB 0x0000000714600000| Untracked |  0
| 119|0x0000000714800000, 0x0000000714800000, 0x0000000714a00000|  0%| F|  |TAMS 0x0000000714800000| PB 0x0000000714800000| Untracked |  0
| 120|0x0000000714a00000, 0x0000000714a4a490, 0x0000000714c00000| 14%| E|  |TAMS 0x0000000714a00000| PB 0x0000000714a00000| Complete |  0
| 121|0x0000000714c00000, 0x0000000714e00000, 0x0000000714e00000|100%| E|  |TAMS 0x0000000714c00000| PB 0x0000000714c00000| Complete |  0
| 122|0x0000000714e00000, 0x0000000715000000, 0x0000000715000000|100%| E|CS|TAMS 0x0000000714e00000| PB 0x0000000714e00000| Complete |  0
| 123|0x0000000715000000, 0x0000000715200000, 0x0000000715200000|100%| E|CS|TAMS 0x0000000715000000| PB 0x0000000715000000| Complete |  0
| 124|0x0000000715200000, 0x0000000715400000, 0x0000000715400000|100%| E|CS|TAMS 0x0000000715200000| PB 0x0000000715200000| Complete |  0
| 125|0x0000000715400000, 0x0000000715600000, 0x0000000715600000|100%| E|CS|TAMS 0x0000000715400000| PB 0x0000000715400000| Complete |  0

Card table byte_map: [0x00000167750c0000,0x00000167758a0000] _byte_map_base: 0x0000016771893000

Marking Bits: (CMBitMap*) 0x000001675c662a50
 Bits: [0x00000167758a0000, 0x0000016779738000)

Polling page: 0x000001675bdc0000

Metaspace:

Usage:
  Non-class:      1.39 MB used.
      Class:    137.30 KB used.
       Both:      1.52 MB used.

Virtual space:
  Non-class space:       64.00 MB reserved,       1.44 MB (  2%) committed,  1 nodes.
      Class space:        1.00 GB reserved,     192.00 KB ( <1%) committed,  1 nodes.
             Both:        1.06 GB reserved,       1.62 MB ( <1%) committed. 

Chunk freelists:
   Non-Class:  11.86 MB
       Class:  15.71 MB
        Both:  27.57 MB

MaxMetaspaceSize: unlimited
CompressedClassSpaceSize: 1.00 GB
Initial GC threshold: 21.00 MB
Current GC threshold: 21.00 MB
CDS: on
 - commit_granule_bytes: 65536.
 - commit_granule_words: 8192.
 - virtual_space_node_default_size: 8388608.
 - enlarge_chunks_in_place: 1.
 - use_allocation_guard: 0.


Internal statistics:

num_allocs_failed_limit: 0.
num_arena_births: 46.
num_arena_deaths: 0.
num_vsnodes_births: 2.
num_vsnodes_deaths: 0.
num_space_committed: 26.
num_space_uncommitted: 0.
num_chunks_returned_to_freelist: 0.
num_chunks_taken_from_freelist: 58.
num_chunk_merges: 0.
num_chunk_splits: 40.
num_chunks_enlarged: 25.
num_inconsistent_stats: 0.

CodeHeap 'non-profiled nmethods': size=119232Kb used=189Kb max_used=189Kb free=119042Kb
 bounds [0x000001676c8c0000, 0x000001676cb30000, 0x0000016773d30000]
CodeHeap 'profiled nmethods': size=119104Kb used=618Kb max_used=618Kb free=118485Kb
 bounds [0x0000016764d30000, 0x0000016764fa0000, 0x000001676c180000]
CodeHeap 'non-nmethods': size=7424Kb used=3012Kb max_used=3025Kb free=4411Kb
 bounds [0x000001676c180000, 0x000001676c480000, 0x000001676c8c0000]
CodeCache: size=245760Kb, used=3819Kb, max_used=3832Kb, free=241938Kb
 total_blobs=1036, nmethods=593, adapters=346, full_count=0
Compilation: enabled, stopped_count=0, restarted_count=0

Compilation events (20 events):
Event: 0.124 Thread 0x000001677bd5d190  492       1       java.io.File::getPath (5 bytes)
Event: 0.124 Thread 0x000001677bd5d190 nmethod 492 0x000001676c8e7f88 code [0x000001676c8e80a0, 0x000001676c8e8170]
Event: 0.126 Thread 0x000001677bd5bd20  493       3       java.lang.StringUTF16::getChar (60 bytes)
Event: 0.126 Thread 0x000001677bd5bd20 nmethod 493 0x0000016764dadd88 code [0x0000016764dadea0, 0x0000016764dae010]
Event: 0.126 Thread 0x000001677bd5bd20  494       3       java.lang.reflect.Modifier::isProtected (12 bytes)
Event: 0.126 Thread 0x000001677bd5bd20 nmethod 494 0x0000016764dae088 code [0x0000016764dae1a0, 0x0000016764dae2d8]
Event: 0.126 Thread 0x000001677bd5c3f0  495       3       java.lang.String::isLatin1 (19 bytes)
Event: 0.126 Thread 0x000001677bd5c3f0 nmethod 495 0x0000016764dae388 code [0x0000016764dae4a0, 0x0000016764dae610]
Event: 0.127 Thread 0x000001677bd5bd20  496       3       java.lang.invoke.MemberName::getModifiers (8 bytes)
Event: 0.127 Thread 0x000001677bd5bd20 nmethod 496 0x0000016764dae688 code [0x0000016764dae7a0, 0x0000016764dae8b0]
Event: 0.129 Thread 0x000001677bd5bd20  498       3       java.lang.String::charAt (25 bytes)
Event: 0.129 Thread 0x000001677bd5af80  499       3       sun.invoke.util.VerifyAccess::isSamePackage (37 bytes)
Event: 0.129 Thread 0x000001677bd5bd20 nmethod 498 0x0000016764dae988 code [0x0000016764daeb00, 0x0000016764daf040]
Event: 0.129 Thread 0x000001677bd5af80 nmethod 499 0x0000016764daf108 code [0x0000016764daf2a0, 0x0000016764daf808]
Event: 0.130 Thread 0x000001677bd5bd20  500       3       java.lang.invoke.MemberName::isResolved (13 bytes)
Event: 0.130 Thread 0x000001677bd5bd20 nmethod 500 0x0000016764daf888 code [0x0000016764daf9a0, 0x0000016764dafb00]
Event: 0.140 Thread 0x000001677bd5bd20  502       3       java.lang.ref.Reference::refersTo (6 bytes)
Event: 0.140 Thread 0x000001677bd5d190  503       3       java.lang.ref.Reference::refersToImpl (6 bytes)
Event: 0.140 Thread 0x000001677bd5bd20 nmethod 502 0x0000016764dafb88 code [0x0000016764dafca0, 0x0000016764dafe68]
Event: 0.141 Thread 0x000001677bd5d190 nmethod 503 0x0000016764dafe88 code [0x0000016764daffa0, 0x0000016764db00d8]

GC Heap History (0 events):
No events

Dll operation events (8 events):
Event: 0.006 Loaded shared library C:\Users\asus\.jdks\openjdk-23\bin\java.dll
Event: 0.033 Loaded shared library C:\Users\asus\.jdks\openjdk-23\bin\jsvml.dll
Event: 0.050 Loaded shared library C:\Users\asus\.jdks\openjdk-23\bin\net.dll
Event: 0.051 Loaded shared library C:\Users\asus\.jdks\openjdk-23\bin\nio.dll
Event: 0.055 Loaded shared library C:\Users\asus\.jdks\openjdk-23\bin\zip.dll
Event: 0.113 Loaded shared library C:\Users\asus\.jdks\openjdk-23\bin\zip.dll
Event: 0.114 Loaded shared library C:\Users\asus\.jdks\openjdk-23\bin\instrument.dll
Event: 0.125 Loaded shared library C:\Program Files\JetBrains\IntelliJ IDEA 2024.2.1\bin\breakgen64.dll

Deoptimization events (20 events):
Event: 0.106 Thread 0x000001675a265d10 Uncommon trap: trap_request=0xffffff45 fr.pc=0x000001676c8cfc38 relative=0x00000000000006b8
Event: 0.106 Thread 0x000001675a265d10 Uncommon trap: reason=unstable_if action=reinterpret pc=0x000001676c8cfc38 method=java.util.ImmutableCollections$SetN.probe(Ljava/lang/Object;)I @ 34 c2
Event: 0.106 Thread 0x000001675a265d10 DEOPT PACKING pc=0x000001676c8cfc38 sp=0x0000005ace9ff120
Event: 0.106 Thread 0x000001675a265d10 DEOPT UNPACKING pc=0x000001676c1d4402 sp=0x0000005ace9ff0c0 mode 2
Event: 0.109 Thread 0x000001675a265d10 Uncommon trap: trap_request=0xffffff45 fr.pc=0x000001676c8d30b4 relative=0x00000000000005f4
Event: 0.109 Thread 0x000001675a265d10 Uncommon trap: reason=unstable_if action=reinterpret pc=0x000001676c8d30b4 method=java.lang.StringLatin1.newString([BII)Ljava/lang/String; @ 1 c2
Event: 0.109 Thread 0x000001675a265d10 DEOPT PACKING pc=0x000001676c8d30b4 sp=0x0000005ace9fef70
Event: 0.109 Thread 0x000001675a265d10 DEOPT UNPACKING pc=0x000001676c1d4402 sp=0x0000005ace9feed0 mode 2
Event: 0.109 Thread 0x000001675a265d10 Uncommon trap: trap_request=0xffffff45 fr.pc=0x000001676c8d21b4 relative=0x00000000000004f4
Event: 0.109 Thread 0x000001675a265d10 Uncommon trap: reason=unstable_if action=reinterpret pc=0x000001676c8d21b4 method=java.lang.StringLatin1.newString([BII)Ljava/lang/String; @ 1 c2
Event: 0.109 Thread 0x000001675a265d10 DEOPT PACKING pc=0x000001676c8d21b4 sp=0x0000005ace9feef0
Event: 0.109 Thread 0x000001675a265d10 DEOPT UNPACKING pc=0x000001676c1d4402 sp=0x0000005ace9feed0 mode 2
Event: 0.126 Thread 0x000001675a265d10 Uncommon trap: trap_request=0xffffff45 fr.pc=0x000001676c8cb5dc relative=0x000000000000005c
Event: 0.126 Thread 0x000001675a265d10 Uncommon trap: reason=unstable_if action=reinterpret pc=0x000001676c8cb5dc method=java.lang.String.isLatin1()Z @ 10 c2
Event: 0.126 Thread 0x000001675a265d10 DEOPT PACKING pc=0x000001676c8cb5dc sp=0x0000005ace9fea60
Event: 0.126 Thread 0x000001675a265d10 DEOPT UNPACKING pc=0x000001676c1d4402 sp=0x0000005ace9fe9f0 mode 2
Event: 0.126 Thread 0x000001675a265d10 Uncommon trap: trap_request=0xffffff45 fr.pc=0x000001676c8ca454 relative=0x00000000000000b4
Event: 0.126 Thread 0x000001675a265d10 Uncommon trap: reason=unstable_if action=reinterpret pc=0x000001676c8ca454 method=java.lang.String.isLatin1()Z @ 10 c2
Event: 0.126 Thread 0x000001675a265d10 DEOPT PACKING pc=0x000001676c8ca454 sp=0x0000005ace9ff3d0
Event: 0.126 Thread 0x000001675a265d10 DEOPT UNPACKING pc=0x000001676c1d4402 sp=0x0000005ace9ff310 mode 2

Classes loaded (20 events):
Event: 0.130 Loading class sun/net/spi/DefaultProxySelector$NonProxyInfo
Event: 0.130 Loading class sun/net/spi/DefaultProxySelector$NonProxyInfo done
Event: 0.130 Loading class sun/net/spi/DefaultProxySelector$3
Event: 0.130 Loading class sun/net/spi/DefaultProxySelector$3 done
Event: 0.130 Loading class sun/net/NetHooks
Event: 0.130 Loading class sun/net/NetHooks done
Event: 0.131 Loading class java/io/BufferedReader
Event: 0.131 Loading class java/io/BufferedReader done
Event: 0.131 Loading class java/net/Socket$SocketInputStream
Event: 0.131 Loading class java/net/Socket$SocketInputStream done
Event: 0.131 Loading class sun/nio/ch/NioSocketImpl$1
Event: 0.131 Loading class sun/nio/ch/NioSocketImpl$1 done
Event: 0.131 Loading class sun/nio/cs/StreamDecoder
Event: 0.131 Loading class sun/nio/cs/StreamDecoder done
Event: 0.131 Loading class sun/nio/cs/US_ASCII$Decoder
Event: 0.131 Loading class sun/nio/cs/US_ASCII$Decoder done
Event: 0.131 Loading class jdk/internal/event/SocketReadEvent
Event: 0.131 Loading class jdk/internal/event/Event
Event: 0.131 Loading class jdk/internal/event/Event done
Event: 0.131 Loading class jdk/internal/event/SocketReadEvent done

Classes unloaded (0 events):
No events

Classes redefined (0 events):
No events

Internal exceptions (5 events):
Event: 0.086 Thread 0x000001675a265d10 Exception <a 'java/lang/NoSuchMethodError'{0x0000000714f1afd0}: 'void java.lang.invoke.DirectMethodHandle$Holder.invokeVirtual(java.lang.Object, java.lang.Object)'> (0x0000000714f1afd0) 
thrown [s\open\src\hotspot\share\interpreter\linkResolver.cpp, line 796]
Event: 0.088 Thread 0x000001675a265d10 Exception <a 'java/lang/NoSuchMethodError'{0x0000000714f25d70}: 'java.lang.Object java.lang.invoke.DirectMethodHandle$Holder.invokeInterface(java.lang.Object, java.lang.Object, java.lang.Object)'> (0x0000000714f25d70) 
thrown [s\open\src\hotspot\share\interpreter\linkResolver.cpp, line 796]
Event: 0.123 Thread 0x000001675a265d10 Exception <a 'java/lang/NoSuchMethodError'{0x0000000714cce198}: 'java.lang.Object java.lang.invoke.Invokers$Holder.invokeExact_MT(java.lang.Object, java.lang.Object, java.lang.Object, java.lang.Object, java.lang.Object)'> (0x0000000714cce198) 
thrown [s\open\src\hotspot\share\interpreter\linkResolver.cpp, line 796]
Event: 0.128 Thread 0x0000016746299bc0 Exception <a 'java/lang/ClassNotFoundException'{0x0000000714cfa348}: jdk/net/ExtendedSocketOptions> (0x0000000714cfa348) 
thrown [s\open\src\hotspot\share\classfile\systemDictionary.cpp, line 313]
Event: 0.129 Thread 0x0000016746299bc0 Exception <a 'java/lang/NoSuchMethodError'{0x0000000714cfbab8}: 'void java.lang.invoke.DirectMethodHandle$Holder.invokeStatic(java.lang.Object, java.lang.Object)'> (0x0000000714cfbab8) 
thrown [s\open\src\hotspot\share\interpreter\linkResolver.cpp, line 796]

VM Operations (6 events):
Event: 0.104 Executing VM operation: HandshakeAllThreads (Deoptimize)
Event: 0.104 Executing VM operation: HandshakeAllThreads (Deoptimize) done
Event: 0.104 Executing VM operation: HandshakeAllThreads (Deoptimize)
Event: 0.104 Executing VM operation: HandshakeAllThreads (Deoptimize) done
Event: 0.104 Executing VM operation: HandshakeAllThreads (Deoptimize)
Event: 0.104 Executing VM operation: HandshakeAllThreads (Deoptimize) done

Memory protections (0 events):
No events

Nmethod flushes (0 events):
No events

Events (19 events):
Event: 0.019 Thread 0x000001675a265d10 Thread added: 0x000001675a265d10
Event: 0.031 Thread 0x000001675a265d10 Thread added: 0x000001677bd4c690
Event: 0.031 Thread 0x000001675a265d10 Thread added: 0x000001677bd4e360
Event: 0.031 Thread 0x000001675a265d10 Thread added: 0x000001677bd4f5d0
Event: 0.031 Thread 0x000001675a265d10 Thread added: 0x000001677bd50230
Event: 0.031 Thread 0x000001675a265d10 Thread added: 0x000001677bd55300
Event: 0.031 Thread 0x000001675a265d10 Thread added: 0x0000016745030090
Event: 0.031 Thread 0x000001675a265d10 Thread added: 0x0000016745031230
Event: 0.031 Thread 0x000001675a265d10 Thread added: 0x000001677bd5af80
Event: 0.032 Thread 0x000001677bd5af80 Thread added: 0x000001677bd5d190
Event: 0.047 Thread 0x000001675a265d10 Thread added: 0x0000016745192110
Event: 0.062 Thread 0x000001677bd5d190 Thread added: 0x000001677bd5b650
Event: 0.063 Thread 0x000001677bd5af80 Thread added: 0x000001677bd5cac0
Event: 0.063 Thread 0x0000016745031230 Thread added: 0x000001677bd5bd20
Event: 0.063 Thread 0x0000016745031230 Thread added: 0x000001677bd5c3f0
Event: 0.066 Thread 0x000001677bd5bd20 Thread added: 0x000001677bd5d860
Event: 0.067 Thread 0x000001677bd5af80 Thread added: 0x000001677bd5a1e0
Event: 0.126 Thread 0x000001675a265d10 Thread added: 0x0000016746299bc0
Event: 0.126 Thread 0x000001675a265d10 Thread added: 0x000001674629a230


Dynamic libraries:
0x00007ff79d180000 - 0x00007ff79d18e000 	C:\Users\asus\.jdks\openjdk-23\bin\java.exe
0x00007ffb5fdd0000 - 0x00007ffb5ffe7000 	C:\WINDOWS\SYSTEM32\ntdll.dll
0x00007ffb5f6e0000 - 0x00007ffb5f7a4000 	C:\WINDOWS\System32\KERNEL32.DLL
0x00007ffb5d1f0000 - 0x00007ffb5d5a9000 	C:\WINDOWS\System32\KERNELBASE.dll
0x00007ffb5d0d0000 - 0x00007ffb5d1e1000 	C:\WINDOWS\System32\ucrtbase.dll
0x00007ffb47420000 - 0x00007ffb47437000 	C:\Users\asus\.jdks\openjdk-23\bin\jli.dll
0x00007ffb55f80000 - 0x00007ffb55f9b000 	C:\Users\asus\.jdks\openjdk-23\bin\VCRUNTIME140.dll
0x00007ffb5dec0000 - 0x00007ffb5e06e000 	C:\WINDOWS\System32\USER32.dll
0x00007ffb5dac0000 - 0x00007ffb5dae6000 	C:\WINDOWS\System32\win32u.dll
0x00007ffb45100000 - 0x00007ffb45392000 	C:\WINDOWS\WinSxS\amd64_microsoft.windows.common-controls_6595b64144ccf1df_6.0.22621.4391_none_2715d37f73803e96\COMCTL32.dll
0x00007ffb5f5e0000 - 0x00007ffb5f609000 	C:\WINDOWS\System32\GDI32.dll
0x00007ffb5db40000 - 0x00007ffb5dbe7000 	C:\WINDOWS\System32\msvcrt.dll
0x00007ffb5d9a0000 - 0x00007ffb5dabb000 	C:\WINDOWS\System32\gdi32full.dll
0x00007ffb5d5e0000 - 0x00007ffb5d67a000 	C:\WINDOWS\System32\msvcp_win.dll
0x00007ffb5fd40000 - 0x00007ffb5fd71000 	C:\WINDOWS\System32\IMM32.DLL
0x00007ffb585f0000 - 0x00007ffb585fc000 	C:\Users\asus\.jdks\openjdk-23\bin\vcruntime140_1.dll
0x00007ffb461c0000 - 0x00007ffb4624e000 	C:\Users\asus\.jdks\openjdk-23\bin\msvcp140.dll
0x00007ffaf31b0000 - 0x00007ffaf3eff000 	C:\Users\asus\.jdks\openjdk-23\bin\server\jvm.dll
0x00007ffb5f040000 - 0x00007ffb5f0f2000 	C:\WINDOWS\System32\ADVAPI32.dll
0x00007ffb5f630000 - 0x00007ffb5f6d7000 	C:\WINDOWS\System32\sechost.dll
0x00007ffb5d5b0000 - 0x00007ffb5d5d8000 	C:\WINDOWS\System32\bcrypt.dll
0x00007ffb5eda0000 - 0x00007ffb5eeb4000 	C:\WINDOWS\System32\RPCRT4.dll
0x00007ffb5eec0000 - 0x00007ffb5ef31000 	C:\WINDOWS\System32\WS2_32.dll
0x00007ffb56730000 - 0x00007ffb56764000 	C:\WINDOWS\SYSTEM32\WINMM.dll
0x00007ffb46190000 - 0x00007ffb4619a000 	C:\WINDOWS\SYSTEM32\VERSION.dll
0x00007ffb5cd40000 - 0x00007ffb5cd8d000 	C:\WINDOWS\SYSTEM32\POWRPROF.dll
0x00007ffb5cb40000 - 0x00007ffb5cb53000 	C:\WINDOWS\SYSTEM32\UMPDC.dll
0x00007ffb5c110000 - 0x00007ffb5c128000 	C:\WINDOWS\SYSTEM32\kernel.appcore.dll
0x00007ffb567d0000 - 0x00007ffb567da000 	C:\Users\asus\.jdks\openjdk-23\bin\jimage.dll
0x00007ffb5a900000 - 0x00007ffb5ab32000 	C:\WINDOWS\SYSTEM32\DBGHELP.DLL
0x00007ffb5e070000 - 0x00007ffb5e3ff000 	C:\WINDOWS\System32\combase.dll
0x00007ffb5ef50000 - 0x00007ffb5f027000 	C:\WINDOWS\System32\OLEAUT32.dll
0x00007ffb43a90000 - 0x00007ffb43ac2000 	C:\WINDOWS\SYSTEM32\dbgcore.DLL
0x00007ffb5d6f0000 - 0x00007ffb5d76b000 	C:\WINDOWS\System32\bcryptPrimitives.dll
0x00007ffb55f70000 - 0x00007ffb55f7f000 	C:\Users\asus\.jdks\openjdk-23\bin\instrument.dll
0x00007ffb3e250000 - 0x00007ffb3e26e000 	C:\Users\asus\.jdks\openjdk-23\bin\java.dll
0x00007ffb5dbf0000 - 0x00007ffb5dd95000 	C:\WINDOWS\System32\ole32.dll
0x00007ffb5e4c0000 - 0x00007ffb5ed36000 	C:\WINDOWS\System32\SHELL32.dll
0x00007ffb5b010000 - 0x00007ffb5b913000 	C:\WINDOWS\SYSTEM32\windows.storage.dll
0x00007ffb5aed0000 - 0x00007ffb5b00f000 	C:\WINDOWS\SYSTEM32\wintypes.dll
0x00007ffb5f840000 - 0x00007ffb5f939000 	C:\WINDOWS\System32\SHCORE.dll
0x00007ffb5faa0000 - 0x00007ffb5fafe000 	C:\WINDOWS\System32\shlwapi.dll
0x00007ffb5d000000 - 0x00007ffb5d02b000 	C:\WINDOWS\SYSTEM32\profapi.dll
0x00007ffb16c50000 - 0x00007ffb16d27000 	C:\Users\asus\.jdks\openjdk-23\bin\jsvml.dll
0x00007ffb47540000 - 0x00007ffb47550000 	C:\Users\asus\.jdks\openjdk-23\bin\net.dll
0x00007ffb5c590000 - 0x00007ffb5c5f9000 	C:\WINDOWS\system32\mswsock.dll
0x00007ffb3e230000 - 0x00007ffb3e246000 	C:\Users\asus\.jdks\openjdk-23\bin\nio.dll
0x00007ffb3e210000 - 0x00007ffb3e227000 	C:\Users\asus\.jdks\openjdk-23\bin\zip.dll
0x00007ffb3e1a0000 - 0x00007ffb3e1ba000 	C:\Program Files\JetBrains\IntelliJ IDEA 2024.2.1\bin\breakgen64.dll

dbghelp: loaded successfully - version: 4.0.5 - missing functions: none
symbol engine: initialized successfully - sym options: 0x614 - pdb path: .;C:\Users\asus\.jdks\openjdk-23\bin;C:\WINDOWS\SYSTEM32;C:\WINDOWS\WinSxS\amd64_microsoft.windows.common-controls_6595b64144ccf1df_6.0.22621.4391_none_2715d37f73803e96;C:\Users\asus\.jdks\openjdk-23\bin\server;C:\Program Files\JetBrains\IntelliJ IDEA 2024.2.1\bin

VM Arguments:
jvm_args: -javaagent:C:\Program Files\JetBrains\IntelliJ IDEA 2024.2.1\lib\idea_rt.jar=61974:C:\Program Files\JetBrains\IntelliJ IDEA 2024.2.1\bin -Dfile.encoding=UTF-8 -Dsun.stdout.encoding=UTF-8 -Dsun.stderr.encoding=UTF-8 --module-path=C:\Users\asus\.m2\repository\org\openjfx\javafx-controls\17.0.6\javafx-controls-17.0.6-win.jar;C:\Users\asus\.m2\repository\com\dlsc\formsfx\formsfx-core\11.6.0\formsfx-core-11.6.0.jar;C:\Users\asus\.m2\repository\org\openjfx\javafx-graphics\17.0.6\javafx-graphics-17.0.6-win.jar;C:\Users\asus\Desktop\OOP\BTL\plant_tree\target\classes;C:\Users\asus\.m2\repository\org\openjfx\javafx-fxml\17.0.6\javafx-fxml-17.0.6-win.jar;C:\Users\asus\.m2\repository\org\openjfx\javafx-base\17.0.6\javafx-base-17.0.6-win.jar -Djdk.module.main=com.example.demo 
java_command: com.example.demo/com.example.demo.DatabaseConnection
java_class_path (initial): C:\Users\asus\.m2\repository\org\openjfx\javafx-controls\17.0.6\javafx-controls-17.0.6.jar;C:\Users\asus\.m2\repository\org\openjfx\javafx-graphics\17.0.6\javafx-graphics-17.0.6.jar;C:\Users\asus\.m2\repository\org\openjfx\javafx-base\17.0.6\javafx-base-17.0.6.jar;C:\Users\asus\.m2\repository\org\openjfx\javafx-fxml\17.0.6\javafx-fxml-17.0.6.jar;C:\Users\asus\.m2\repository\com\mysql\mysql-connector-j\8.0.33\mysql-connector-j-8.0.33.jar;C:\Users\asus\.m2\repository\com\google\protobuf\protobuf-java\3.21.9\protobuf-java-3.21.9.jar
Launcher Type: SUN_STANDARD

[Global flags]
     intx CICompilerCount                          = 12                                        {product} {ergonomic}
     uint ConcGCThreads                            = 4                                         {product} {ergonomic}
     uint G1ConcRefinementThreads                  = 15                                        {product} {ergonomic}
   size_t G1HeapRegionSize                         = 2097152                                   {product} {ergonomic}
   size_t InitialHeapSize                          = 264241152                                 {product} {ergonomic}
   size_t MarkStackSize                            = 4194304                                   {product} {ergonomic}
   size_t MarkStackSizeMax                         = 536870912                                 {product} {ergonomic}
   size_t MaxHeapSize                              = 4200595456                                {product} {ergonomic}
   size_t MaxNewSize                               = 2518679552                                {product} {ergonomic}
   size_t MinHeapDeltaBytes                        = 2097152                                   {product} {ergonomic}
   size_t MinHeapSize                              = 8388608                                   {product} {ergonomic}
    uintx NonNMethodCodeHeapSize                   = 7602176                                {pd product} {ergonomic}
    uintx NonProfiledCodeHeapSize                  = 122093568                              {pd product} {ergonomic}
    uintx ProfiledCodeHeapSize                     = 121962496                              {pd product} {ergonomic}
    uintx ReservedCodeCacheSize                    = 251658240                              {pd product} {ergonomic}
     bool SegmentedCodeCache                       = true                                      {product} {ergonomic}
   size_t SoftMaxHeapSize                          = 4200595456                             {manageable} {ergonomic}
     bool UseCompressedOops                        = true                           {product lp64_product} {ergonomic}
     bool UseG1GC                                  = true                                      {product} {ergonomic}
     bool UseLargePagesIndividualAllocation        = false                                  {pd product} {ergonomic}

Logging:
Log output configuration:
 #0: stdout all=warning uptime,level,tags foldmultilines=false
 #1: stderr all=off uptime,level,tags foldmultilines=false

Environment Variables:
JAVA_HOME=C:\Program Files\Java\jdk-1.8
PATH=C:\Program Files\Java\jdk-1.8\bin;C:\Program Files (x86)\Common Files\Oracle\Java\javapath;C:\WINDOWS\system32;C:\WINDOWS;C:\WINDOWS\System32\Wbem;C:\WINDOWS\System32\WindowsPowerShell\v1.0\;C:\WINDOWS\System32\OpenSSH\;C:\Program Files\Java\jdk-22\bin;C:\Program Files\Git\cmd;C:\Program Files\MySQL\MySQL Server 8.0\bin;C:\msys64\ucrt64\bin;C:\Users\asus\AppData\Local\Programs\Microsoft VS Code\bin;C:\Program Files\JetBrains\IntelliJ IDEA 2024.2.1\bin;;C:\Users\asus\AppData\Local\GitHubDesktop\bin
USERNAME=asus
OS=Windows_NT
PROCESSOR_IDENTIFIER=Intel64 Family 6 Model 186 Stepping 2, GenuineIntel
TMP=C:\Users\asus\AppData\Local\Temp
TEMP=C:\Users\asus\AppData\Local\Temp




Periodic native trim disabled

---------------  S Y S T E M  ---------------

OS:
 Windows 11 , 64 bit Build 22621 (10.0.22621.4391)
OS uptime: 1 days 14:13 hours

CPU: total 20 (initial active 20) (10 cores per cpu, 2 threads per core) family 6 model 186 stepping 2 microcode 0x410e, cx8, cmov, fxsr, ht, mmx, 3dnowpref, sse, sse2, sse3, ssse3, sse4.1, sse4.2, popcnt, lzcnt, tsc, tscinvbit, avx, avx2, aes, erms, clmul, bmi1, bmi2, adx, sha, fma, vzeroupper, clflush, clflushopt, clwb, serialize, rdtscp, rdpid, fsrm, gfni, f16c, pku, cet_ibt, cet_ss
Processor Information for processor 0
  Max Mhz: 2600, Current Mhz: 2600, Mhz Limit: 2600
Processor Information for processor 1
  Max Mhz: 2600, Current Mhz: 2600, Mhz Limit: 2600
Processor Information for processor 2
  Max Mhz: 2600, Current Mhz: 2600, Mhz Limit: 2600
Processor Information for processor 3
  Max Mhz: 2600, Current Mhz: 2600, Mhz Limit: 2600
Processor Information for processor 4
  Max Mhz: 2600, Current Mhz: 2600, Mhz Limit: 2600
Processor Information for processor 5
  Max Mhz: 2600, Current Mhz: 2600, Mhz Limit: 2600
Processor Information for processor 6
  Max Mhz: 2600, Current Mhz: 2600, Mhz Limit: 2600
Processor Information for processor 7
  Max Mhz: 2600, Current Mhz: 2600, Mhz Limit: 2600
Processor Information for processor 8
  Max Mhz: 2600, Current Mhz: 2600, Mhz Limit: 2600
Processor Information for processor 9
  Max Mhz: 2600, Current Mhz: 2600, Mhz Limit: 2600
Processor Information for processor 10
  Max Mhz: 2600, Current Mhz: 2600, Mhz Limit: 2600
Processor Information for processor 11
  Max Mhz: 2600, Current Mhz: 2600, Mhz Limit: 2600
Processor Information for processor 12
  Max Mhz: 2600, Current Mhz: 1900, Mhz Limit: 1898
Processor Information for processor 13
  Max Mhz: 2600, Current Mhz: 1500, Mhz Limit: 1898
Processor Information for processor 14
  Max Mhz: 2600, Current Mhz: 1500, Mhz Limit: 1898
Processor Information for processor 15
  Max Mhz: 2600, Current Mhz: 1900, Mhz Limit: 1898
Processor Information for processor 16
  Max Mhz: 2600, Current Mhz: 1900, Mhz Limit: 1898
Processor Information for processor 17
  Max Mhz: 2600, Current Mhz: 1900, Mhz Limit: 1898
Processor Information for processor 18
  Max Mhz: 2600, Current Mhz: 1900, Mhz Limit: 1898
Processor Information for processor 19
  Max Mhz: 2600, Current Mhz: 1900, Mhz Limit: 1898

Memory: 4k page, system-wide physical 16016M (977M free)
TotalPageFile size 35216M (AvailPageFile size 2M)
current process WorkingSet (physical memory assigned to process): 66M, peak: 66M
current process commit charge ("private bytes"): 372M, peak: 373M

vm_info: OpenJDK 64-Bit Server VM (23+37-2369) for windows-amd64 JRE (23+37-2369), built on 2024-08-20T16:01:23Z with MS VC++ 17.6 (VS2022)

END.
