#
# There is insufficient memory for the Java Runtime Environment to continue.
# Native memory allocation (mmap) failed to map 65536 bytes. Error detail: Failed to commit metaspace.
# Possible reasons:
#   The system is out of physical RAM or swap space
#   This process is running with CompressedOops enabled, and the Java Heap may be blocking the growth of the native heap
# Possible solutions:
#   Reduce memory load on the system
#   Increase physical memory or swap space
#   Check if swap backing store is full
#   Decrease Java heap size (-Xmx/-Xms)
#   Decrease number of Java threads
#   Decrease Java thread stack sizes (-Xss)
#   Set larger code cache with -XX:ReservedCodeCacheSize=
#   JVM is running with Zero Based Compressed Oops mode in which the Java heap is
#     placed in the first 32GB address space. The Java Heap base address is the
#     maximum limit for the native heap growth. Please use -XX:HeapBaseMinAddress
#     to set the Java Heap base and to place the Java Heap above 32GB virtual address.
# This output file may be truncated or incomplete.
#
#  Out of Memory Error (virtualSpaceNode.cpp:113), pid=33596, tid=24324
#
# JRE version: OpenJDK Runtime Environment (23.0+37) (build 23+37-2369)
# Java VM: OpenJDK 64-Bit Server VM (23+37-2369, mixed mode, sharing, tiered, compressed oops, compressed class ptrs, g1 gc, windows-amd64)
# No core dump will be written. Minidumps are not enabled by default on client versions of Windows
#

---------------  S U M M A R Y ------------

Command Line: -Xlog:gc*:stdout:time -javaagent:C:\Program Files\JetBrains\IntelliJ IDEA 2024.2.1\lib\idea_rt.jar=63306:C:\Program Files\JetBrains\IntelliJ IDEA 2024.2.1\bin -Dfile.encoding=UTF-8 -Dsun.stdout.encoding=UTF-8 -Dsun.stderr.encoding=UTF-8 --module-path=C:\Users\asus\.m2\repository\org\openjfx\javafx-fxml\17.0.6\javafx-fxml-17.0.6-win.jar;C:\Users\asus\.m2\repository\org\openjfx\javafx-base\17.0.6\javafx-base-17.0.6-win.jar;C:\Users\asus\Documents\GitHub\Lib-management\Plant-demo\target\classes;C:\Users\asus\.m2\repository\org\openjfx\javafx-graphics\17.0.6\javafx-graphics-17.0.6-win.jar;C:\Users\asus\.m2\repository\org\openjfx\javafx-controls\17.0.6\javafx-controls-17.0.6-win.jar;C:\Users\asus\.m2\repository\com\dlsc\formsfx\formsfx-core\11.6.0\formsfx-core-11.6.0.jar -Djdk.module.main=com.example.demo com.example.demo/com.example.demo.Main

Host: 13th Gen Intel(R) Core(TM) i9-13900H, 20 cores, 15G,  Windows 11 , 64 bit Build 22621 (10.0.22621.4391)
Time: Sat Nov 23 10:59:15 2024 SE Asia Standard Time elapsed time: 1.097425 seconds (0d 0h 0m 1s)

---------------  T H R E A D  ---------------

Current thread (0x000001ac14566050):  JavaThread "JavaFX Application Thread"        [_thread_in_vm, id=24324, stack(0x00000032fa200000,0x00000032fa300000) (1024K)]

Stack: [0x00000032fa200000,0x00000032fa300000]
Native frames: (J=compiled Java code, j=interpreted, Vv=VM code, C=native code)
V  [jvm.dll+0x6e08a9]  (no source info available)
V  [jvm.dll+0x87da63]  (no source info available)
V  [jvm.dll+0x87feee]  (no source info available)
V  [jvm.dll+0x8805c3]  (no source info available)
V  [jvm.dll+0x27aee6]  (no source info available)
V  [jvm.dll+0x87966e]  (no source info available)
V  [jvm.dll+0x682025]  (no source info available)
V  [jvm.dll+0x1e09dc]  (no source info available)
V  [jvm.dll+0x1e07ae]  (no source info available)
V  [jvm.dll+0x684978]  (no source info available)
V  [jvm.dll+0x2219dc]  (no source info available)
V  [jvm.dll+0x682a3e]  (no source info available)
V  [jvm.dll+0x27793d]  (no source info available)
V  [jvm.dll+0x277e79]  (no source info available)
V  [jvm.dll+0x738aaf]  (no source info available)
V  [jvm.dll+0x73989f]  (no source info available)
V  [jvm.dll+0x3c0f38]  (no source info available)
V  [jvm.dll+0x3bfd37]  (no source info available)
V  [jvm.dll+0x3bfcd8]  (no source info available)
V  [jvm.dll+0x3d1e7a]  (no source info available)
C  0x000001abbd7eb00c  (no source info available)

The last pc belongs to new (printed below).
Java frames: (J=compiled Java code, j=interpreted, Vv=VM code)
j  javafx.scene.layout.BackgroundConverter.convert(Ljava/util/Map;)Ljavafx/scene/layout/Background;+235 javafx.graphics
j  javafx.scene.layout.BackgroundConverter.convert(Ljava/util/Map;)Ljava/lang/Object;+2 javafx.graphics
j  javafx.scene.CssStyleHelper.lookup(Ljavafx/css/Styleable;Ljavafx/css/CssMetaData;Lcom/sun/javafx/css/StyleMap;Ljava/util/Set;Ljavafx/css/Styleable;Lcom/sun/javafx/css/CalculatedValue;)Lcom/sun/javafx/css/CalculatedValue;+284 javafx.graphics
j  javafx.scene.CssStyleHelper.transitionToState(Ljavafx/scene/Node;)V+433 javafx.graphics
j  javafx.scene.Node.doProcessCSS()V+51 javafx.graphics
j  javafx.scene.Node$1.doProcessCSS(Ljavafx/scene/Node;)V+1 javafx.graphics
j  com.sun.javafx.scene.NodeHelper.processCSSImpl(Ljavafx/scene/Node;)V+4 javafx.graphics
j  com.sun.javafx.scene.ParentHelper.superProcessCSSImpl(Ljavafx/scene/Node;)V+2 javafx.graphics
j  com.sun.javafx.scene.ParentHelper.superProcessCSS(Ljavafx/scene/Node;)V+8 javafx.graphics
j  javafx.scene.Parent.doProcessCSS()V+27 javafx.graphics
j  javafx.scene.Parent$1.doProcessCSS(Ljavafx/scene/Node;)V+4 javafx.graphics
j  com.sun.javafx.scene.ParentHelper.processCSSImpl(Ljavafx/scene/Node;)V+4 javafx.graphics
j  com.sun.javafx.scene.NodeHelper.processCSS(Ljavafx/scene/Node;)V+5 javafx.graphics
j  javafx.scene.Node.processCSS()V+99 javafx.graphics
j  javafx.scene.Scene.doCSSPass()V+23 javafx.graphics
j  javafx.scene.Scene.preferredSize()V+6 javafx.graphics
j  javafx.scene.Scene$2.preferredSize(Ljavafx/scene/Scene;)V+1 javafx.graphics
j  com.sun.javafx.scene.SceneHelper.preferredSize(Ljavafx/scene/Scene;)V+4 javafx.graphics
j  javafx.stage.Window$12.invalidated()V+384 javafx.graphics
j  javafx.beans.property.BooleanPropertyBase.markInvalid()V+13 javafx.base
j  javafx.beans.property.BooleanPropertyBase.set(Z)V+72 javafx.base
j  javafx.stage.Window.setShowing(Z)V+11 javafx.graphics
j  javafx.stage.Window.show()V+2 javafx.graphics
j  javafx.stage.Stage.show()V+1 javafx.graphics
j  com.example.demo.Main.start(Ljavafx/stage/Stage;)V+50 com.example.demo
j  com.sun.javafx.application.LauncherImpl.lambda$launchApplication1$9(Ljava/util/concurrent/atomic/AtomicBoolean;Ljavafx/application/Application;)V+20 javafx.graphics
j  com.sun.javafx.application.LauncherImpl$$Lambda+0x000001abd008c690.run()V+8 javafx.graphics
j  com.sun.javafx.application.PlatformImpl.lambda$runAndWait$12(Ljava/lang/Runnable;Ljava/util/concurrent/CountDownLatch;)V+1 javafx.graphics
j  com.sun.javafx.application.PlatformImpl$$Lambda+0x000001abd0086ad0.run()V+8 javafx.graphics
j  com.sun.javafx.application.PlatformImpl.lambda$runLater$10(Ljava/lang/Runnable;)Ljava/lang/Void;+1 javafx.graphics
j  com.sun.javafx.application.PlatformImpl$$Lambda+0x000001abd0085000.run()Ljava/lang/Object;+4 javafx.graphics
j  java.security.AccessController.executePrivileged(Ljava/security/PrivilegedAction;Ljava/security/AccessControlContext;Ljava/lang/Class;)Ljava/lang/Object;+29 java.base@23
j  java.security.AccessController.doPrivileged(Ljava/security/PrivilegedAction;Ljava/security/AccessControlContext;)Ljava/lang/Object;+13 java.base@23
j  com.sun.javafx.application.PlatformImpl.lambda$runLater$11(Ljava/lang/Runnable;Ljava/security/AccessControlContext;)V+7 javafx.graphics
j  com.sun.javafx.application.PlatformImpl$$Lambda+0x000001abd0086cf8.run()V+8 javafx.graphics
j  com.sun.glass.ui.InvokeLaterDispatcher$Future.run()V+4 javafx.graphics
v  ~StubRoutines::call_stub 0x000001abbd7d0fcd
j  com.sun.glass.ui.win.WinApplication._runLoop(Ljava/lang/Runnable;)V+0 javafx.graphics
j  com.sun.glass.ui.win.WinApplication.lambda$runLoop$3(ILjava/lang/Runnable;)V+8 javafx.graphics
j  com.sun.glass.ui.win.WinApplication$$Lambda+0x000001abd0032fb8.run()V+12 javafx.graphics
j  java.lang.Thread.runWith(Ljava/lang/Object;Ljava/lang/Runnable;)V+5 java.base@23
j  java.lang.Thread.run()V+19 java.base@23
v  ~StubRoutines::call_stub 0x000001abbd7d0fcd
Lock stack of current Java thread (top to bottom):
LockStack[0]: [I 
{0x00000007141fd650} - klass: {type array int}
 - length: 0

new  187 new  [0x000001abbd7eae80, 0x000001abbd7eb090]  528 bytes
[MachCode]
  0x000001abbd7eae80: 4883 ec08 | c5fa 1104 | 24eb 1f48 | 83ec 10c5 | fb11 0424 | eb14 4883 | ec10 4889 | 0424 48c7 
  0x000001abbd7eaea0: 4424 0800 | 0000 00eb | 0150 410f | b755 010f | cac1 ea10 | 488b 4de8 | 488b 4908 | 488b 4908 
  0x000001abbd7eaec0: 488b 4108 | 807c 1004 | 070f 85e0 | 0000 0066 | 8b54 d148 | 488b 4928 | 488b 4cd1 | 0851 80b9 
  0x000001abbd7eaee0: 3101 0000 | 040f 840d | 0000 004c | 3bb9 3801 | 0000 0f85 | b600 0000 | 8b51 08f6 | c201 0f85 
  0x000001abbd7eaf00: aa00 0000 | 498b 87b8 | 0100 0048 | 8d1c 1049 | 3b9f c801 | 0000 0f87 | 9200 0000 | 4989 9fb8 
  0x000001abbd7eaf20: 0100 0048 | 83ea 100f | 840f 0000 | 0033 c9c1 | ea03 4889 | 4cd0 0848 | ffca 75f6 | 48c7 0001 
  0x000001abbd7eaf40: 0000 0059 | 33f6 8970 | 0c49 ba00 | 0000 cfab | 0100 0049 | 2bca 8948 | 0849 ba42 | adf7 0dfb 
  0x000001abbd7eaf60: 7f00 0041 | 803a 000f | 843c 0000 | 0050 488b | c848 83ec | 2040 f6c4 | 0f0f 8419 | 0000 0048 
  0x000001abbd7eaf80: 83ec 0848 | b840 eea7 | 0dfb 7f00 | 00ff d048 | 83c4 08e9 | 0c00 0000 | 48b8 40ee | a70d fb7f 
  0x000001abbd7eafa0: 0000 ffd0 | 4883 c420 | 58e9 cb00 | 0000 5948 | 8b55 e848 | 8b52 0848 | 8b52 0845 | 0fb7 4501 
  0x000001abbd7eafc0: 410f c841 | c1e8 10e8 | 0500 0000 | e9a8 0000 | 0048 8d44 | 2408 4c89 | 6dc0 498b | cfc5 f877 
  0x000001abbd7eafe0: 4989 afb0 | 0300 0049 | 8987 a003 | 0000 4883 | ec20 40f6 | c40f 0f84 | 1900 0000 | 4883 ec08 
  0x000001abbd7eb000: 48b8 f01d | 700d fb7f | 0000 ffd0 | 4883 c408 | e90c 0000 | 0048 b8f0 | 1d70 0dfb | 7f00 00ff 
  0x000001abbd7eb020: d048 83c4 | 2049 c787 | a003 0000 | 0000 0000 | 49c7 87b0 | 0300 0000 | 0000 0049 | c787 a803 
  0x000001abbd7eb040: 0000 0000 | 0000 c5f8 | 7749 837f | 0800 0f84 | 0500 0000 | e967 5efe | ff49 8b87 | f803 0000 
  0x000001abbd7eb060: 49c7 87f8 | 0300 0000 | 0000 004c | 8b6d c04c | 8b75 c84e | 8d74 f500 | c341 0fb6 | 5d03 4983 
  0x000001abbd7eb080: c503 49ba | 5076 fb0d | fb7f 0000 | 41ff 24da 
[/MachCode]

---------------  P R O C E S S  ---------------

Threads class SMR info:
_java_thread_list=0x000001ac14c77860, length=23, elements={
0x000001abadc4cda0, 0x000001abcd289c00, 0x000001abcd28b8d0, 0x000001abcd28c890,
0x000001abcd28f300, 0x000001abcd290040, 0x000001abcd290c50, 0x000001abcd291fa0,
0x000001abcd295090, 0x000001abce0d5870, 0x000001abce1e21b0, 0x000001abce2a2100,
0x000001abce2a27c0, 0x000001abce29fc90, 0x000001abce2eb6a0, 0x000001abce71eed0,
0x000001abce71f540, 0x000001abcec2bd60, 0x000001ac1452c590, 0x000001ac14566050,
0x000001ac14813a80, 0x000001ac148147a0, 0x000001ac148119b0
}

Java Threads: ( => current thread )
  0x000001abadc4cda0 JavaThread "main"                              [_thread_blocked, id=29508, stack(0x00000032f8300000,0x00000032f8400000) (1024K)]
  0x000001abcd289c00 JavaThread "Reference Handler"          daemon [_thread_blocked, id=36080, stack(0x00000032f8b00000,0x00000032f8c00000) (1024K)]
  0x000001abcd28b8d0 JavaThread "Finalizer"                  daemon [_thread_blocked, id=17948, stack(0x00000032f8c00000,0x00000032f8d00000) (1024K)]
  0x000001abcd28c890 JavaThread "Signal Dispatcher"          daemon [_thread_blocked, id=5820, stack(0x00000032f8d00000,0x00000032f8e00000) (1024K)]
  0x000001abcd28f300 JavaThread "Attach Listener"            daemon [_thread_blocked, id=9772, stack(0x00000032f8e00000,0x00000032f8f00000) (1024K)]
  0x000001abcd290040 JavaThread "Service Thread"             daemon [_thread_blocked, id=31016, stack(0x00000032f8f00000,0x00000032f9000000) (1024K)]
  0x000001abcd290c50 JavaThread "Monitor Deflation Thread"   daemon [_thread_blocked, id=37500, stack(0x00000032f9000000,0x00000032f9100000) (1024K)]
  0x000001abcd291fa0 JavaThread "C2 CompilerThread0"         daemon [_thread_blocked, id=11460, stack(0x00000032f9100000,0x00000032f9200000) (1024K)]
  0x000001abcd295090 JavaThread "C1 CompilerThread0"         daemon [_thread_blocked, id=29900, stack(0x00000032f9200000,0x00000032f9300000) (1024K)]
  0x000001abce0d5870 JavaThread "C1 CompilerThread1"         daemon [_thread_blocked, id=27100, stack(0x00000032f9300000,0x00000032f9400000) (1024K)]
  0x000001abce1e21b0 JavaThread "Common-Cleaner"             daemon [_thread_blocked, id=37072, stack(0x00000032f9400000,0x00000032f9500000) (1024K)]
  0x000001abce2a2100 JavaThread "C1 CompilerThread2"         daemon [_thread_blocked, id=31056, stack(0x00000032f9500000,0x00000032f9600000) (1024K)]
  0x000001abce2a27c0 JavaThread "C1 CompilerThread3"         daemon [_thread_blocked, id=37228, stack(0x00000032f9600000,0x00000032f9700000) (1024K)]
  0x000001abce29fc90 JavaThread "C2 CompilerThread1"         daemon [_thread_blocked, id=2092, stack(0x00000032f9700000,0x00000032f9800000) (1024K)]
  0x000001abce2eb6a0 JavaThread "C2 CompilerThread2"         daemon [_thread_blocked, id=26644, stack(0x00000032f9800000,0x00000032f9900000) (1024K)]
  0x000001abce71eed0 JavaThread "Monitor Ctrl-Break"         daemon [_thread_in_native, id=24172, stack(0x00000032f9a00000,0x00000032f9b00000) (1024K)]
  0x000001abce71f540 JavaThread "Notification Thread"        daemon [_thread_blocked, id=34804, stack(0x00000032f9b00000,0x00000032f9c00000) (1024K)]
  0x000001abcec2bd60 JavaThread "QuantumRenderer-0"          daemon [_thread_blocked, id=13632, stack(0x00000032f9c00000,0x00000032f9d00000) (1024K)]
  0x000001ac1452c590 JavaThread "InvokeLaterDispatcher"      daemon [_thread_blocked, id=21820, stack(0x00000032fa100000,0x00000032fa200000) (1024K)]
=>0x000001ac14566050 JavaThread "JavaFX Application Thread"         [_thread_in_vm, id=24324, stack(0x00000032fa200000,0x00000032fa300000) (1024K)]
  0x000001ac14813a80 JavaThread "Thread-1"                   daemon [_thread_in_native, id=33680, stack(0x00000032f9900000,0x00000032f9a00000) (1024K)]
  0x000001ac148147a0 JavaThread "JavaFX-Launcher"                   [_thread_blocked, id=16760, stack(0x00000032fa400000,0x00000032fa500000) (1024K)]
  0x000001ac148119b0 JavaThread "mysql-cj-abandoned-connection-cleanup" daemon [_thread_blocked, id=37392, stack(0x00000032faa00000,0x00000032fab00000) (1024K)]
Total: 23

Other Threads:
  0x000001abcd26e700 VMThread "VM Thread"                           [id=3660, stack(0x00000032f8a00000,0x00000032f8b00000) (1024K)]
  0x000001abcd25daa0 WatcherThread "VM Periodic Task Thread"        [id=23440, stack(0x00000032f8900000,0x00000032f8a00000) (1024K)]
  0x000001abadcb4380 WorkerThread "GC Thread#0"                     [id=5044, stack(0x00000032f8400000,0x00000032f8500000) (1024K)]
  0x000001ac14713c60 WorkerThread "GC Thread#1"                     [id=23604, stack(0x00000032fa500000,0x00000032fa600000) (1024K)]
  0x000001ac14714010 WorkerThread "GC Thread#2"                     [id=7760, stack(0x00000032fa600000,0x00000032fa700000) (1024K)]
  0x000001ac147147d0 WorkerThread "GC Thread#3"                     [id=20120, stack(0x00000032fa700000,0x00000032fa800000) (1024K)]
  0x000001ac14714b80 WorkerThread "GC Thread#4"                     [id=4444, stack(0x00000032fa800000,0x00000032fa900000) (1024K)]
  0x000001ac14714f30 WorkerThread "GC Thread#5"                     [id=16340, stack(0x00000032fa900000,0x00000032faa00000) (1024K)]
  0x000001ac1494e690 WorkerThread "GC Thread#6"                     [id=25464, stack(0x00000032fab00000,0x00000032fac00000) (1024K)]
  0x000001ac1494d420 WorkerThread "GC Thread#7"                     [id=32428, stack(0x00000032fac00000,0x00000032fad00000) (1024K)]
  0x000001ac1494edf0 WorkerThread "GC Thread#8"                     [id=35424, stack(0x00000032fad00000,0x00000032fae00000) (1024K)]
  0x000001ac1494d7d0 WorkerThread "GC Thread#9"                     [id=35464, stack(0x00000032fae00000,0x00000032faf00000) (1024K)]
  0x000001ac1494e2e0 WorkerThread "GC Thread#10"                    [id=1580, stack(0x00000032faf00000,0x00000032fb000000) (1024K)]
  0x000001ac1494db80 WorkerThread "GC Thread#11"                    [id=1832, stack(0x00000032fb000000,0x00000032fb100000) (1024K)]
  0x000001abadcc9e70 ConcurrentGCThread "G1 Main Marker"            [id=29736, stack(0x00000032f8500000,0x00000032f8600000) (1024K)]
  0x000001abadcca980 WorkerThread "G1 Conc#0"                       [id=2192, stack(0x00000032f8600000,0x00000032f8700000) (1024K)]
  0x000001abadd0e760 ConcurrentGCThread "G1 Refine#0"               [id=13772, stack(0x00000032f8700000,0x00000032f8800000) (1024K)]
  0x000001abcd1333c0 ConcurrentGCThread "G1 Service"                [id=9436, stack(0x00000032f8800000,0x00000032f8900000) (1024K)]
Total: 18

Threads with active compile tasks:
Total: 0

VM state: not at safepoint (normal execution)

VM Mutex/Monitor currently owned by a thread:  ([mutex/lock_event])
[0x00007ffb0dfa1890] Metaspace_lock - owner thread: 0x000001ac14566050

Heap address: 0x0000000705a00000, size: 4006 MB, Compressed Oops mode: Zero based, Oop shift amount: 3

CDS archive(s) mapped at: [0x000001abcf000000-0x000001abcfd70000-0x000001abcfd70000), size 14090240, SharedBaseAddress: 0x000001abcf000000, ArchiveRelocationMode: 1.
Compressed class space mapped at: 0x000001abd0000000-0x000001ac10000000, reserved size: 1073741824
Narrow klass base: 0x000001abcf000000, Narrow klass shift: 0, Narrow klass range: 0x41000000

GC Precious Log:
 CardTable entry size: 512
 Card Set container configuration: InlinePtr #cards 4 size 8 Array Of Cards #cards 16 size 48 Howl #buckets 8 coarsen threshold 3686 Howl Bitmap #cards 512 size 80 coarsen threshold 460 Card regions per heap region 1 cards per card region 4096
 CPUs: 20 total, 20 available
 Memory: 16016M
 Large Page Support: Disabled
 NUMA Support: Disabled
 Compressed Oops: Enabled (Zero based)
 Heap Region Size: 2M
 Heap Min Capacity: 8M
 Heap Initial Capacity: 252M
 Heap Max Capacity: 4006M
 Pre-touch: Disabled
 Parallel Workers: 15
 Concurrent Workers: 4
 Concurrent Refinement Workers: 15
 Periodic GC: Disabled

Heap:
 garbage-first heap   total reserved 4102144K, committed 258048K, used 31479K [0x0000000705a00000, 0x0000000800000000)
  region size 2048K, 13 young (26624K), 2 survivors (4096K)
 Metaspace       used 20387K, committed 20672K, reserved 1114112K
  class space    used 2590K, committed 2752K, reserved 1048576K

Heap Regions: E=young(eden), S=young(survivor), O=old, HS=humongous(starts), HC=humongous(continues), CS=collection set, F=free, TAMS=top-at-mark-start, PB=parsable bottom
|   0|0x0000000705a00000, 0x0000000705c00000, 0x0000000705c00000|100%| O|  |TAMS 0x0000000705a00000| PB 0x0000000705a00000| Untracked |  0
|   1|0x0000000705c00000, 0x0000000705cbf7c0, 0x0000000705e00000| 37%| O|  |TAMS 0x0000000705c00000| PB 0x0000000705c00000| Untracked |  0
|   2|0x0000000705e00000, 0x0000000706000000, 0x0000000706000000|100%|HS|  |TAMS 0x0000000705e00000| PB 0x0000000705e00000| Complete |  0
|   3|0x0000000706000000, 0x0000000706200000, 0x0000000706200000|100%|HC|  |TAMS 0x0000000706000000| PB 0x0000000706000000| Complete |  0
|   4|0x0000000706200000, 0x0000000706400000, 0x0000000706400000|100%|HC|  |TAMS 0x0000000706200000| PB 0x0000000706200000| Complete |  0
|   5|0x0000000706400000, 0x0000000706400000, 0x0000000706600000|  0%| F|  |TAMS 0x0000000706400000| PB 0x0000000706400000| Untracked |  0
|   6|0x0000000706600000, 0x0000000706600000, 0x0000000706800000|  0%| F|  |TAMS 0x0000000706600000| PB 0x0000000706600000| Untracked |  0
|   7|0x0000000706800000, 0x0000000706800000, 0x0000000706a00000|  0%| F|  |TAMS 0x0000000706800000| PB 0x0000000706800000| Untracked |  0
|   8|0x0000000706a00000, 0x0000000706a00000, 0x0000000706c00000|  0%| F|  |TAMS 0x0000000706a00000| PB 0x0000000706a00000| Untracked |  0
|   9|0x0000000706c00000, 0x0000000706c00000, 0x0000000706e00000|  0%| F|  |TAMS 0x0000000706c00000| PB 0x0000000706c00000| Untracked |  0
|  10|0x0000000706e00000, 0x0000000706e00000, 0x0000000707000000|  0%| F|  |TAMS 0x0000000706e00000| PB 0x0000000706e00000| Untracked |  0
|  11|0x0000000707000000, 0x0000000707000000, 0x0000000707200000|  0%| F|  |TAMS 0x0000000707000000| PB 0x0000000707000000| Untracked |  0
|  12|0x0000000707200000, 0x0000000707200000, 0x0000000707400000|  0%| F|  |TAMS 0x0000000707200000| PB 0x0000000707200000| Untracked |  0
|  13|0x0000000707400000, 0x0000000707400000, 0x0000000707600000|  0%| F|  |TAMS 0x0000000707400000| PB 0x0000000707400000| Untracked |  0
|  14|0x0000000707600000, 0x0000000707600000, 0x0000000707800000|  0%| F|  |TAMS 0x0000000707600000| PB 0x0000000707600000| Untracked |  0
|  15|0x0000000707800000, 0x0000000707800000, 0x0000000707a00000|  0%| F|  |TAMS 0x0000000707800000| PB 0x0000000707800000| Untracked |  0
|  16|0x0000000707a00000, 0x0000000707a00000, 0x0000000707c00000|  0%| F|  |TAMS 0x0000000707a00000| PB 0x0000000707a00000| Untracked |  0
|  17|0x0000000707c00000, 0x0000000707c00000, 0x0000000707e00000|  0%| F|  |TAMS 0x0000000707c00000| PB 0x0000000707c00000| Untracked |  0
|  18|0x0000000707e00000, 0x0000000707e00000, 0x0000000708000000|  0%| F|  |TAMS 0x0000000707e00000| PB 0x0000000707e00000| Untracked |  0
|  19|0x0000000708000000, 0x0000000708000000, 0x0000000708200000|  0%| F|  |TAMS 0x0000000708000000| PB 0x0000000708000000| Untracked |  0
|  20|0x0000000708200000, 0x0000000708200000, 0x0000000708400000|  0%| F|  |TAMS 0x0000000708200000| PB 0x0000000708200000| Untracked |  0
|  21|0x0000000708400000, 0x0000000708400000, 0x0000000708600000|  0%| F|  |TAMS 0x0000000708400000| PB 0x0000000708400000| Untracked |  0
|  22|0x0000000708600000, 0x0000000708600000, 0x0000000708800000|  0%| F|  |TAMS 0x0000000708600000| PB 0x0000000708600000| Untracked |  0
|  23|0x0000000708800000, 0x0000000708800000, 0x0000000708a00000|  0%| F|  |TAMS 0x0000000708800000| PB 0x0000000708800000| Untracked |  0
|  24|0x0000000708a00000, 0x0000000708a00000, 0x0000000708c00000|  0%| F|  |TAMS 0x0000000708a00000| PB 0x0000000708a00000| Untracked |  0
|  25|0x0000000708c00000, 0x0000000708c00000, 0x0000000708e00000|  0%| F|  |TAMS 0x0000000708c00000| PB 0x0000000708c00000| Untracked |  0
|  26|0x0000000708e00000, 0x0000000708e00000, 0x0000000709000000|  0%| F|  |TAMS 0x0000000708e00000| PB 0x0000000708e00000| Untracked |  0
|  27|0x0000000709000000, 0x0000000709000000, 0x0000000709200000|  0%| F|  |TAMS 0x0000000709000000| PB 0x0000000709000000| Untracked |  0
|  28|0x0000000709200000, 0x0000000709200000, 0x0000000709400000|  0%| F|  |TAMS 0x0000000709200000| PB 0x0000000709200000| Untracked |  0
|  29|0x0000000709400000, 0x0000000709400000, 0x0000000709600000|  0%| F|  |TAMS 0x0000000709400000| PB 0x0000000709400000| Untracked |  0
|  30|0x0000000709600000, 0x0000000709600000, 0x0000000709800000|  0%| F|  |TAMS 0x0000000709600000| PB 0x0000000709600000| Untracked |  0
|  31|0x0000000709800000, 0x0000000709800000, 0x0000000709a00000|  0%| F|  |TAMS 0x0000000709800000| PB 0x0000000709800000| Untracked |  0
|  32|0x0000000709a00000, 0x0000000709a00000, 0x0000000709c00000|  0%| F|  |TAMS 0x0000000709a00000| PB 0x0000000709a00000| Untracked |  0
|  33|0x0000000709c00000, 0x0000000709c00000, 0x0000000709e00000|  0%| F|  |TAMS 0x0000000709c00000| PB 0x0000000709c00000| Untracked |  0
|  34|0x0000000709e00000, 0x0000000709e00000, 0x000000070a000000|  0%| F|  |TAMS 0x0000000709e00000| PB 0x0000000709e00000| Untracked |  0
|  35|0x000000070a000000, 0x000000070a000000, 0x000000070a200000|  0%| F|  |TAMS 0x000000070a000000| PB 0x000000070a000000| Untracked |  0
|  36|0x000000070a200000, 0x000000070a200000, 0x000000070a400000|  0%| F|  |TAMS 0x000000070a200000| PB 0x000000070a200000| Untracked |  0
|  37|0x000000070a400000, 0x000000070a400000, 0x000000070a600000|  0%| F|  |TAMS 0x000000070a400000| PB 0x000000070a400000| Untracked |  0
|  38|0x000000070a600000, 0x000000070a600000, 0x000000070a800000|  0%| F|  |TAMS 0x000000070a600000| PB 0x000000070a600000| Untracked |  0
|  39|0x000000070a800000, 0x000000070a800000, 0x000000070aa00000|  0%| F|  |TAMS 0x000000070a800000| PB 0x000000070a800000| Untracked |  0
|  40|0x000000070aa00000, 0x000000070aa00000, 0x000000070ac00000|  0%| F|  |TAMS 0x000000070aa00000| PB 0x000000070aa00000| Untracked |  0
|  41|0x000000070ac00000, 0x000000070ac00000, 0x000000070ae00000|  0%| F|  |TAMS 0x000000070ac00000| PB 0x000000070ac00000| Untracked |  0
|  42|0x000000070ae00000, 0x000000070ae00000, 0x000000070b000000|  0%| F|  |TAMS 0x000000070ae00000| PB 0x000000070ae00000| Untracked |  0
|  43|0x000000070b000000, 0x000000070b000000, 0x000000070b200000|  0%| F|  |TAMS 0x000000070b000000| PB 0x000000070b000000| Untracked |  0
|  44|0x000000070b200000, 0x000000070b200000, 0x000000070b400000|  0%| F|  |TAMS 0x000000070b200000| PB 0x000000070b200000| Untracked |  0
|  45|0x000000070b400000, 0x000000070b400000, 0x000000070b600000|  0%| F|  |TAMS 0x000000070b400000| PB 0x000000070b400000| Untracked |  0
|  46|0x000000070b600000, 0x000000070b600000, 0x000000070b800000|  0%| F|  |TAMS 0x000000070b600000| PB 0x000000070b600000| Untracked |  0
|  47|0x000000070b800000, 0x000000070b800000, 0x000000070ba00000|  0%| F|  |TAMS 0x000000070b800000| PB 0x000000070b800000| Untracked |  0
|  48|0x000000070ba00000, 0x000000070ba00000, 0x000000070bc00000|  0%| F|  |TAMS 0x000000070ba00000| PB 0x000000070ba00000| Untracked |  0
|  49|0x000000070bc00000, 0x000000070bc00000, 0x000000070be00000|  0%| F|  |TAMS 0x000000070bc00000| PB 0x000000070bc00000| Untracked |  0
|  50|0x000000070be00000, 0x000000070be00000, 0x000000070c000000|  0%| F|  |TAMS 0x000000070be00000| PB 0x000000070be00000| Untracked |  0
|  51|0x000000070c000000, 0x000000070c000000, 0x000000070c200000|  0%| F|  |TAMS 0x000000070c000000| PB 0x000000070c000000| Untracked |  0
|  52|0x000000070c200000, 0x000000070c200000, 0x000000070c400000|  0%| F|  |TAMS 0x000000070c200000| PB 0x000000070c200000| Untracked |  0
|  53|0x000000070c400000, 0x000000070c400000, 0x000000070c600000|  0%| F|  |TAMS 0x000000070c400000| PB 0x000000070c400000| Untracked |  0
|  54|0x000000070c600000, 0x000000070c600000, 0x000000070c800000|  0%| F|  |TAMS 0x000000070c600000| PB 0x000000070c600000| Untracked |  0
|  55|0x000000070c800000, 0x000000070c800000, 0x000000070ca00000|  0%| F|  |TAMS 0x000000070c800000| PB 0x000000070c800000| Untracked |  0
|  56|0x000000070ca00000, 0x000000070ca00000, 0x000000070cc00000|  0%| F|  |TAMS 0x000000070ca00000| PB 0x000000070ca00000| Untracked |  0
|  57|0x000000070cc00000, 0x000000070cc00000, 0x000000070ce00000|  0%| F|  |TAMS 0x000000070cc00000| PB 0x000000070cc00000| Untracked |  0
|  58|0x000000070ce00000, 0x000000070ce00000, 0x000000070d000000|  0%| F|  |TAMS 0x000000070ce00000| PB 0x000000070ce00000| Untracked |  0
|  59|0x000000070d000000, 0x000000070d000000, 0x000000070d200000|  0%| F|  |TAMS 0x000000070d000000| PB 0x000000070d000000| Untracked |  0
|  60|0x000000070d200000, 0x000000070d200000, 0x000000070d400000|  0%| F|  |TAMS 0x000000070d200000| PB 0x000000070d200000| Untracked |  0
|  61|0x000000070d400000, 0x000000070d400000, 0x000000070d600000|  0%| F|  |TAMS 0x000000070d400000| PB 0x000000070d400000| Untracked |  0
|  62|0x000000070d600000, 0x000000070d600000, 0x000000070d800000|  0%| F|  |TAMS 0x000000070d600000| PB 0x000000070d600000| Untracked |  0
|  63|0x000000070d800000, 0x000000070d800000, 0x000000070da00000|  0%| F|  |TAMS 0x000000070d800000| PB 0x000000070d800000| Untracked |  0
|  64|0x000000070da00000, 0x000000070da00000, 0x000000070dc00000|  0%| F|  |TAMS 0x000000070da00000| PB 0x000000070da00000| Untracked |  0
|  65|0x000000070dc00000, 0x000000070dc00000, 0x000000070de00000|  0%| F|  |TAMS 0x000000070dc00000| PB 0x000000070dc00000| Untracked |  0
|  66|0x000000070de00000, 0x000000070de00000, 0x000000070e000000|  0%| F|  |TAMS 0x000000070de00000| PB 0x000000070de00000| Untracked |  0
|  67|0x000000070e000000, 0x000000070e000000, 0x000000070e200000|  0%| F|  |TAMS 0x000000070e000000| PB 0x000000070e000000| Untracked |  0
|  68|0x000000070e200000, 0x000000070e200000, 0x000000070e400000|  0%| F|  |TAMS 0x000000070e200000| PB 0x000000070e200000| Untracked |  0
|  69|0x000000070e400000, 0x000000070e400000, 0x000000070e600000|  0%| F|  |TAMS 0x000000070e400000| PB 0x000000070e400000| Untracked |  0
|  70|0x000000070e600000, 0x000000070e600000, 0x000000070e800000|  0%| F|  |TAMS 0x000000070e600000| PB 0x000000070e600000| Untracked |  0
|  71|0x000000070e800000, 0x000000070e800000, 0x000000070ea00000|  0%| F|  |TAMS 0x000000070e800000| PB 0x000000070e800000| Untracked |  0
|  72|0x000000070ea00000, 0x000000070ea00000, 0x000000070ec00000|  0%| F|  |TAMS 0x000000070ea00000| PB 0x000000070ea00000| Untracked |  0
|  73|0x000000070ec00000, 0x000000070ec00000, 0x000000070ee00000|  0%| F|  |TAMS 0x000000070ec00000| PB 0x000000070ec00000| Untracked |  0
|  74|0x000000070ee00000, 0x000000070ee00000, 0x000000070f000000|  0%| F|  |TAMS 0x000000070ee00000| PB 0x000000070ee00000| Untracked |  0
|  75|0x000000070f000000, 0x000000070f000000, 0x000000070f200000|  0%| F|  |TAMS 0x000000070f000000| PB 0x000000070f000000| Untracked |  0
|  76|0x000000070f200000, 0x000000070f200000, 0x000000070f400000|  0%| F|  |TAMS 0x000000070f200000| PB 0x000000070f200000| Untracked |  0
|  77|0x000000070f400000, 0x000000070f400000, 0x000000070f600000|  0%| F|  |TAMS 0x000000070f400000| PB 0x000000070f400000| Untracked |  0
|  78|0x000000070f600000, 0x000000070f600000, 0x000000070f800000|  0%| F|  |TAMS 0x000000070f600000| PB 0x000000070f600000| Untracked |  0
|  79|0x000000070f800000, 0x000000070f800000, 0x000000070fa00000|  0%| F|  |TAMS 0x000000070f800000| PB 0x000000070f800000| Untracked |  0
|  80|0x000000070fa00000, 0x000000070fa00000, 0x000000070fc00000|  0%| F|  |TAMS 0x000000070fa00000| PB 0x000000070fa00000| Untracked |  0
|  81|0x000000070fc00000, 0x000000070fc00000, 0x000000070fe00000|  0%| F|  |TAMS 0x000000070fc00000| PB 0x000000070fc00000| Untracked |  0
|  82|0x000000070fe00000, 0x000000070fe00000, 0x0000000710000000|  0%| F|  |TAMS 0x000000070fe00000| PB 0x000000070fe00000| Untracked |  0
|  83|0x0000000710000000, 0x0000000710000000, 0x0000000710200000|  0%| F|  |TAMS 0x0000000710000000| PB 0x0000000710000000| Untracked |  0
|  84|0x0000000710200000, 0x0000000710200000, 0x0000000710400000|  0%| F|  |TAMS 0x0000000710200000| PB 0x0000000710200000| Untracked |  0
|  85|0x0000000710400000, 0x0000000710400000, 0x0000000710600000|  0%| F|  |TAMS 0x0000000710400000| PB 0x0000000710400000| Untracked |  0
|  86|0x0000000710600000, 0x0000000710600000, 0x0000000710800000|  0%| F|  |TAMS 0x0000000710600000| PB 0x0000000710600000| Untracked |  0
|  87|0x0000000710800000, 0x0000000710800000, 0x0000000710a00000|  0%| F|  |TAMS 0x0000000710800000| PB 0x0000000710800000| Untracked |  0
|  88|0x0000000710a00000, 0x0000000710a00000, 0x0000000710c00000|  0%| F|  |TAMS 0x0000000710a00000| PB 0x0000000710a00000| Untracked |  0
|  89|0x0000000710c00000, 0x0000000710c00000, 0x0000000710e00000|  0%| F|  |TAMS 0x0000000710c00000| PB 0x0000000710c00000| Untracked |  0
|  90|0x0000000710e00000, 0x0000000710e00000, 0x0000000711000000|  0%| F|  |TAMS 0x0000000710e00000| PB 0x0000000710e00000| Untracked |  0
|  91|0x0000000711000000, 0x0000000711000000, 0x0000000711200000|  0%| F|  |TAMS 0x0000000711000000| PB 0x0000000711000000| Untracked |  0
|  92|0x0000000711200000, 0x0000000711200000, 0x0000000711400000|  0%| F|  |TAMS 0x0000000711200000| PB 0x0000000711200000| Untracked |  0
|  93|0x0000000711400000, 0x0000000711400000, 0x0000000711600000|  0%| F|  |TAMS 0x0000000711400000| PB 0x0000000711400000| Untracked |  0
|  94|0x0000000711600000, 0x0000000711600000, 0x0000000711800000|  0%| F|  |TAMS 0x0000000711600000| PB 0x0000000711600000| Untracked |  0
|  95|0x0000000711800000, 0x0000000711800000, 0x0000000711a00000|  0%| F|  |TAMS 0x0000000711800000| PB 0x0000000711800000| Untracked |  0
|  96|0x0000000711a00000, 0x0000000711a00000, 0x0000000711c00000|  0%| F|  |TAMS 0x0000000711a00000| PB 0x0000000711a00000| Untracked |  0
|  97|0x0000000711c00000, 0x0000000711c00000, 0x0000000711e00000|  0%| F|  |TAMS 0x0000000711c00000| PB 0x0000000711c00000| Untracked |  0
|  98|0x0000000711e00000, 0x0000000711e00000, 0x0000000712000000|  0%| F|  |TAMS 0x0000000711e00000| PB 0x0000000711e00000| Untracked |  0
|  99|0x0000000712000000, 0x0000000712000000, 0x0000000712200000|  0%| F|  |TAMS 0x0000000712000000| PB 0x0000000712000000| Untracked |  0
| 100|0x0000000712200000, 0x0000000712200000, 0x0000000712400000|  0%| F|  |TAMS 0x0000000712200000| PB 0x0000000712200000| Untracked |  0
| 101|0x0000000712400000, 0x0000000712400000, 0x0000000712600000|  0%| F|  |TAMS 0x0000000712400000| PB 0x0000000712400000| Untracked |  0
| 102|0x0000000712600000, 0x0000000712600000, 0x0000000712800000|  0%| F|  |TAMS 0x0000000712600000| PB 0x0000000712600000| Untracked |  0
| 103|0x0000000712800000, 0x0000000712800000, 0x0000000712a00000|  0%| F|  |TAMS 0x0000000712800000| PB 0x0000000712800000| Untracked |  0
| 104|0x0000000712a00000, 0x0000000712a00000, 0x0000000712c00000|  0%| F|  |TAMS 0x0000000712a00000| PB 0x0000000712a00000| Untracked |  0
| 105|0x0000000712c00000, 0x0000000712c00000, 0x0000000712e00000|  0%| F|  |TAMS 0x0000000712c00000| PB 0x0000000712c00000| Untracked |  0
| 106|0x0000000712e00000, 0x0000000712e00000, 0x0000000713000000|  0%| F|  |TAMS 0x0000000712e00000| PB 0x0000000712e00000| Untracked |  0
| 107|0x0000000713000000, 0x0000000713000000, 0x0000000713200000|  0%| F|  |TAMS 0x0000000713000000| PB 0x0000000713000000| Untracked |  0
| 108|0x0000000713200000, 0x0000000713200000, 0x0000000713400000|  0%| F|  |TAMS 0x0000000713200000| PB 0x0000000713200000| Untracked |  0
| 109|0x0000000713400000, 0x0000000713400000, 0x0000000713600000|  0%| F|  |TAMS 0x0000000713400000| PB 0x0000000713400000| Untracked |  0
| 110|0x0000000713600000, 0x00000007137fe7c0, 0x0000000713800000| 99%| S|CS|TAMS 0x0000000713600000| PB 0x0000000713600000| Complete |  0
| 111|0x0000000713800000, 0x0000000713a00000, 0x0000000713a00000|100%| S|CS|TAMS 0x0000000713800000| PB 0x0000000713800000| Complete |  0
| 112|0x0000000713a00000, 0x0000000713a00000, 0x0000000713c00000|  0%| F|  |TAMS 0x0000000713a00000| PB 0x0000000713a00000| Untracked |  0
| 113|0x0000000713c00000, 0x0000000713c00000, 0x0000000713e00000|  0%| F|  |TAMS 0x0000000713c00000| PB 0x0000000713c00000| Untracked |  0
| 114|0x0000000713e00000, 0x0000000713e00000, 0x0000000714000000|  0%| F|  |TAMS 0x0000000713e00000| PB 0x0000000713e00000| Untracked |  0
| 115|0x0000000714000000, 0x0000000714200000, 0x0000000714200000|100%| E|  |TAMS 0x0000000714000000| PB 0x0000000714000000| Complete |  0
| 116|0x0000000714200000, 0x0000000714400000, 0x0000000714400000|100%| E|CS|TAMS 0x0000000714200000| PB 0x0000000714200000| Complete |  0
| 117|0x0000000714400000, 0x0000000714600000, 0x0000000714600000|100%| E|CS|TAMS 0x0000000714400000| PB 0x0000000714400000| Complete |  0
| 118|0x0000000714600000, 0x0000000714800000, 0x0000000714800000|100%| E|CS|TAMS 0x0000000714600000| PB 0x0000000714600000| Complete |  0
| 119|0x0000000714800000, 0x0000000714a00000, 0x0000000714a00000|100%| E|CS|TAMS 0x0000000714800000| PB 0x0000000714800000| Complete |  0
| 120|0x0000000714a00000, 0x0000000714c00000, 0x0000000714c00000|100%| E|CS|TAMS 0x0000000714a00000| PB 0x0000000714a00000| Complete |  0
| 121|0x0000000714c00000, 0x0000000714e00000, 0x0000000714e00000|100%| E|CS|TAMS 0x0000000714c00000| PB 0x0000000714c00000| Complete |  0
| 122|0x0000000714e00000, 0x0000000715000000, 0x0000000715000000|100%| E|CS|TAMS 0x0000000714e00000| PB 0x0000000714e00000| Complete |  0
| 123|0x0000000715000000, 0x0000000715200000, 0x0000000715200000|100%| E|CS|TAMS 0x0000000715000000| PB 0x0000000715000000| Complete |  0
| 124|0x0000000715200000, 0x0000000715400000, 0x0000000715400000|100%| E|CS|TAMS 0x0000000715200000| PB 0x0000000715200000| Complete |  0
| 125|0x0000000715400000, 0x0000000715600000, 0x0000000715600000|100%| E|  |TAMS 0x0000000715400000| PB 0x0000000715400000| Complete |  0

Card table byte_map: [0x000001abc6710000,0x000001abc6ef0000] _byte_map_base: 0x000001abc2ee3000

Marking Bits: (CMBitMap*) 0x000001abadcb4a90
 Bits: [0x000001abc6ef0000, 0x000001abcad88000)

Polling page: 0x000001ababae0000

Metaspace:

Usage:
  Non-class:     17.38 MB used.
      Class:      2.53 MB used.
       Both:     19.91 MB used.

Virtual space:
  Non-class space:       64.00 MB reserved,      17.50 MB ( 27%) committed,  1 nodes.
      Class space:        1.00 GB reserved,       2.69 MB ( <1%) committed,  1 nodes.
             Both:        1.06 GB reserved,      20.19 MB (  2%) committed. 

Chunk freelists:
   Non-Class:  14.05 MB
       Class:  13.27 MB
        Both:  27.31 MB

MaxMetaspaceSize: unlimited
CompressedClassSpaceSize: 1.00 GB
Initial GC threshold: 21.00 MB
Current GC threshold: 21.00 MB
CDS: on
 - commit_granule_bytes: 65536.
 - commit_granule_words: 8192.
 - virtual_space_node_default_size: 8388608.
 - enlarge_chunks_in_place: 1.
 - use_allocation_guard: 0.


Internal statistics:

num_allocs_failed_limit: 0.
num_arena_births: 304.
num_arena_deaths: 0.
num_vsnodes_births: 2.
num_vsnodes_deaths: 0.
num_space_committed: 323.
num_space_uncommitted: 0.
num_chunks_returned_to_freelist: 0.
num_chunks_taken_from_freelist: 772.
num_chunk_merges: 0.
num_chunk_splits: 534.
num_chunks_enlarged: 384.
num_inconsistent_stats: 0.

CodeHeap 'non-profiled nmethods': size=119232Kb used=919Kb max_used=919Kb free=118312Kb
 bounds [0x000001abbdf10000, 0x000001abbe180000, 0x000001abc5380000]
CodeHeap 'profiled nmethods': size=119104Kb used=4151Kb max_used=4151Kb free=114952Kb
 bounds [0x000001abb6380000, 0x000001abb6790000, 0x000001abbd7d0000]
CodeHeap 'non-nmethods': size=7424Kb used=3476Kb max_used=3493Kb free=3947Kb
 bounds [0x000001abbd7d0000, 0x000001abbdb40000, 0x000001abbdf10000]
CodeCache: size=245760Kb, used=8546Kb, max_used=8563Kb, free=237211Kb
 total_blobs=3616, nmethods=2792, adapters=726, full_count=0
Compilation: enabled, stopped_count=0, restarted_count=0

Compilation events (20 events):
Event: 1.094 Thread 0x000001abcd295090 nmethod 2783 0x000001abb678a388 code [0x000001abb678a4c0, 0x000001abb678a8b0]
Event: 1.094 Thread 0x000001abce0d5870 nmethod 2784 0x000001abb678a908 code [0x000001abb678aa40, 0x000001abb678ac20]
Event: 1.095 Thread 0x000001abce0d5870 2785       3       javafx.css.CompoundSelector::applies (144 bytes)
Event: 1.095 Thread 0x000001abce2a2100 2786       3       javafx.scene.Node::getStyleableParent (5 bytes)
Event: 1.095 Thread 0x000001abce2a2100 nmethod 2786 0x000001abb678ac88 code [0x000001abb678ade0, 0x000001abb678b278]
Event: 1.095 Thread 0x000001abce2a2100 2787       3       com.sun.javafx.css.PseudoClassState::addAll (6 bytes)
Event: 1.095 Thread 0x000001abce2a27c0 2788       3       com.sun.javafx.css.BitSet::addAll (338 bytes)
Event: 1.095 Thread 0x000001abce2a2100 nmethod 2787 0x000001abb678b308 code [0x000001abb678b420, 0x000001abb678b560]
Event: 1.095 Thread 0x000001abce0d5870 nmethod 2785 0x000001abb678b608 code [0x000001abb678b800, 0x000001abb678c2a8]
Event: 1.095 Thread 0x000001abce2a27c0 nmethod 2788 0x000001abb678c308 code [0x000001abb678c4e0, 0x000001abb678d118]
Event: 1.096 Thread 0x000001abce2a27c0 2789       1       javafx.css.Style::getDeclaration (5 bytes)
Event: 1.096 Thread 0x000001abcd295090 2790       1       javafx.css.Declaration::getProperty (5 bytes)
Event: 1.096 Thread 0x000001abce2a27c0 nmethod 2789 0x000001abbdff5888 code [0x000001abbdff59a0, 0x000001abbdff5a70]
Event: 1.096 Thread 0x000001abce2a27c0 2791       3       com.sun.javafx.css.CascadingStyle::getProperty (11 bytes)
Event: 1.096 Thread 0x000001abce0d5870 2792       3       com.sun.javafx.css.StyleMap$$Lambda/0x000001abd0293068::compare (12 bytes)
Event: 1.096 Thread 0x000001abce2a27c0 nmethod 2791 0x000001abb678d188 code [0x000001abb678d2a0, 0x000001abb678d3f8]
Event: 1.096 Thread 0x000001abce2a2100 2793       3       com.sun.javafx.css.StyleMap::lambda$static$0 (31 bytes)
Event: 1.096 Thread 0x000001abcd295090 nmethod 2790 0x000001abbdff5b88 code [0x000001abbdff5ca0, 0x000001abbdff5d70]
Event: 1.096 Thread 0x000001abce0d5870 nmethod 2792 0x000001abb678d488 code [0x000001abb678d5c0, 0x000001abb678d8a8]
Event: 1.096 Thread 0x000001abce2a2100 nmethod 2793 0x000001abb678d908 code [0x000001abb678da60, 0x000001abb678ddc8]

GC Heap History (4 events):
Event: 0.446 GC heap before
{Heap before GC invocations=0 (full 0):
 garbage-first heap   total reserved 4102144K, committed 258048K, used 22528K [0x0000000705a00000, 0x0000000800000000)
  region size 2048K, 12 young (24576K), 0 survivors (0K)
 Metaspace       used 4798K, committed 4992K, reserved 1114112K
  class space    used 558K, committed 640K, reserved 1048576K
}
Event: 0.449 GC heap after
{Heap after GC invocations=1 (full 0):
 garbage-first heap   total reserved 4102144K, committed 258048K, used 3225K [0x0000000705a00000, 0x0000000800000000)
  region size 2048K, 2 young (4096K), 2 survivors (4096K)
 Metaspace       used 4798K, committed 4992K, reserved 1114112K
  class space    used 558K, committed 640K, reserved 1048576K
}
Event: 0.682 GC heap before
{Heap before GC invocations=1 (full 0):
 garbage-first heap   total reserved 4102144K, committed 258048K, used 25753K [0x0000000705a00000, 0x0000000800000000)
  region size 2048K, 14 young (28672K), 2 survivors (4096K)
 Metaspace       used 11544K, committed 11904K, reserved 1114112K
  class space    used 1494K, committed 1664K, reserved 1048576K
}
Event: 0.687 GC heap after
{Heap after GC invocations=2 (full 0):
 garbage-first heap   total reserved 4102144K, committed 258048K, used 6903K [0x0000000705a00000, 0x0000000800000000)
  region size 2048K, 2 young (4096K), 2 survivors (4096K)
 Metaspace       used 11544K, committed 11904K, reserved 1114112K
  class space    used 1494K, committed 1664K, reserved 1048576K
}

Dll operation events (20 events):
Event: 0.226 Loaded shared library C:\Users\asus\.openjfx\cache\17.0.6\api-ms-win-crt-math-l1-1-0.dll
Event: 0.227 Loaded shared library C:\Users\asus\.openjfx\cache\17.0.6\api-ms-win-crt-multibyte-l1-1-0.dll
Event: 0.229 Loaded shared library C:\Users\asus\.openjfx\cache\17.0.6\api-ms-win-crt-private-l1-1-0.dll
Event: 0.231 Loaded shared library C:\Users\asus\.openjfx\cache\17.0.6\api-ms-win-crt-process-l1-1-0.dll
Event: 0.232 Loaded shared library C:\Users\asus\.openjfx\cache\17.0.6\api-ms-win-crt-runtime-l1-1-0.dll
Event: 0.234 Loaded shared library C:\Users\asus\.openjfx\cache\17.0.6\api-ms-win-crt-stdio-l1-1-0.dll
Event: 0.236 Loaded shared library C:\Users\asus\.openjfx\cache\17.0.6\api-ms-win-crt-string-l1-1-0.dll
Event: 0.238 Loaded shared library C:\Users\asus\.openjfx\cache\17.0.6\api-ms-win-crt-time-l1-1-0.dll
Event: 0.240 Loaded shared library C:\Users\asus\.openjfx\cache\17.0.6\api-ms-win-crt-utility-l1-1-0.dll
Event: 0.250 Loaded shared library C:\Users\asus\.openjfx\cache\17.0.6\ucrtbase.dll
Event: 0.253 Loaded shared library C:\Users\asus\.openjfx\cache\17.0.6\vcruntime140.dll
Event: 0.255 Loaded shared library C:\Users\asus\.openjfx\cache\17.0.6\vcruntime140_1.dll
Event: 0.261 Loaded shared library C:\Users\asus\.openjfx\cache\17.0.6\msvcp140.dll
Event: 0.263 Loaded shared library C:\Users\asus\.openjfx\cache\17.0.6\msvcp140_1.dll
Event: 0.266 Loaded shared library C:\Users\asus\.openjfx\cache\17.0.6\msvcp140_2.dll
Event: 0.291 Loaded shared library C:\Users\asus\.openjfx\cache\17.0.6\prism_d3d.dll
Event: 0.366 Loaded shared library C:\Users\asus\.openjfx\cache\17.0.6\glass.dll
Event: 0.459 Loaded shared library C:\Users\asus\.jdks\openjdk-23\bin\jimage.dll
Event: 0.553 Loaded shared library C:\Users\asus\.openjfx\cache\17.0.6\javafx_font.dll
Event: 0.805 Loaded shared library C:\Users\asus\.jdks\openjdk-23\bin\sunmscapi.dll

Deoptimization events (20 events):
Event: 1.006 Thread 0x000001ac14566050 Uncommon trap: trap_request=0xffffff45 fr.pc=0x000001abbdfdfa40 relative=0x0000000000000120
Event: 1.006 Thread 0x000001ac14566050 Uncommon trap: reason=unstable_if action=reinterpret pc=0x000001abbdfdfa40 method=java.math.BigInteger.addOne([IIII)I @ 55 c2
Event: 1.006 Thread 0x000001ac14566050 DEOPT PACKING pc=0x000001abbdfdfa40 sp=0x00000032fa2fc750
Event: 1.006 Thread 0x000001ac14566050 DEOPT UNPACKING pc=0x000001abbd824402 sp=0x00000032fa2fc6f0 mode 2
Event: 1.077 Thread 0x000001ac14566050 Uncommon trap: trap_request=0xffffffc6 fr.pc=0x000001abbdfd34c8 relative=0x0000000000000f08
Event: 1.077 Thread 0x000001ac14566050 Uncommon trap: reason=bimorphic_or_optimized_type_check action=maybe_recompile pc=0x000001abbdfd34c8 method=java.util.regex.Pattern$Start.match(Ljava/util/regex/Matcher;ILjava/lang/CharSequence;)Z @ 44 c2
Event: 1.077 Thread 0x000001ac14566050 DEOPT PACKING pc=0x000001abbdfd34c8 sp=0x00000032fa2fd6c0
Event: 1.077 Thread 0x000001ac14566050 DEOPT UNPACKING pc=0x000001abbd824402 sp=0x00000032fa2fd6a0 mode 2
Event: 1.096 Thread 0x000001ac14566050 Uncommon trap: trap_request=0xffffffde fr.pc=0x000001abbdf234a0 relative=0x00000000000001a0
Event: 1.096 Thread 0x000001ac14566050 Uncommon trap: reason=class_check action=maybe_recompile pc=0x000001abbdf234a0 method=java.lang.String.equals(Ljava/lang/Object;)Z @ 8 c2
Event: 1.096 Thread 0x000001ac14566050 DEOPT PACKING pc=0x000001abbdf234a0 sp=0x00000032fa2fdc40
Event: 1.096 Thread 0x000001ac14566050 DEOPT UNPACKING pc=0x000001abbd824402 sp=0x00000032fa2fdbd8 mode 2
Event: 1.096 Thread 0x000001ac14566050 Uncommon trap: trap_request=0xffffffde fr.pc=0x000001abbdf234a0 relative=0x00000000000001a0
Event: 1.096 Thread 0x000001ac14566050 Uncommon trap: reason=class_check action=maybe_recompile pc=0x000001abbdf234a0 method=java.lang.String.equals(Ljava/lang/Object;)Z @ 8 c2
Event: 1.096 Thread 0x000001ac14566050 DEOPT PACKING pc=0x000001abbdf234a0 sp=0x00000032fa2fdb50
Event: 1.096 Thread 0x000001ac14566050 DEOPT UNPACKING pc=0x000001abbd824402 sp=0x00000032fa2fdae8 mode 2
Event: 1.096 Thread 0x000001ac14566050 Uncommon trap: trap_request=0xffffffde fr.pc=0x000001abbdf234a0 relative=0x00000000000001a0
Event: 1.096 Thread 0x000001ac14566050 Uncommon trap: reason=class_check action=maybe_recompile pc=0x000001abbdf234a0 method=java.lang.String.equals(Ljava/lang/Object;)Z @ 8 c2
Event: 1.096 Thread 0x000001ac14566050 DEOPT PACKING pc=0x000001abbdf234a0 sp=0x00000032fa2fdb50
Event: 1.096 Thread 0x000001ac14566050 DEOPT UNPACKING pc=0x000001abbd824402 sp=0x00000032fa2fdae8 mode 2

Classes loaded (20 events):
Event: 0.923 Loading class java/time/format/DateTimeParseException
Event: 0.923 Loading class java/time/DateTimeException
Event: 0.923 Loading class java/time/DateTimeException done
Event: 0.923 Loading class java/time/format/DateTimeParseException done
Event: 0.924 Loading class sun/security/ssl/Alert
Event: 0.924 Loading class sun/security/ssl/Alert done
Event: 0.924 Loading class sun/security/ssl/Alert$AlertConsumer
Event: 0.924 Loading class sun/security/ssl/Alert$AlertConsumer done
Event: 0.925 Loading class sun/security/ssl/Alert$Level
Event: 0.925 Loading class sun/security/ssl/Alert$Level done
Event: 0.925 Loading class java/io/InterruptedIOException
Event: 0.925 Loading class java/io/InterruptedIOException done
Event: 0.955 Loading class java/io/SequenceInputStream
Event: 0.955 Loading class java/io/SequenceInputStream done
Event: 0.980 Loading class java/nio/FloatBuffer
Event: 0.980 Loading class java/nio/FloatBuffer done
Event: 1.046 Loading class java/io/CharArrayReader
Event: 1.046 Loading class java/io/CharArrayReader done
Event: 1.084 Loading class jdk/jfr/FlightRecorder
Event: 1.084 Loading class jdk/jfr/FlightRecorder done

Classes unloaded (0 events):
No events

Classes redefined (0 events):
No events

Internal exceptions (20 events):
Event: 0.630 Thread 0x000001ac14566050 Exception <a 'java/lang/NoSuchMethodError'{0x000000071412bda8}: 'void java.lang.invoke.DirectMethodHandle$Holder.invokeSpecial(java.lang.Object, java.lang.Object, int)'> (0x000000071412bda8) 
thrown [s\open\src\hotspot\share\interpreter\linkResolver.cpp, line 796]
Event: 0.631 Thread 0x000001ac14566050 Exception <a 'java/lang/NoSuchMethodError'{0x00000007141365f8}: 'void java.lang.invoke.DelegatingMethodHandle$Holder.reinvoke_L(java.lang.Object, java.lang.Object, int)'> (0x00000007141365f8) 
thrown [s\open\src\hotspot\share\interpreter\linkResolver.cpp, line 796]
Event: 0.631 Thread 0x000001ac14566050 Exception <a 'java/lang/NoSuchMethodError'{0x000000071413d408}: 'int java.lang.invoke.DirectMethodHandle$Holder.invokeSpecial(java.lang.Object, java.lang.Object, java.lang.Object)'> (0x000000071413d408) 
thrown [s\open\src\hotspot\share\interpreter\linkResolver.cpp, line 796]
Event: 0.643 Thread 0x000001ac14566050 Exception <a 'sun/nio/fs/WindowsException'{0x00000007141ad768}> (0x00000007141ad768) 
thrown [s\open\src\hotspot\share\prims\jni.cpp, line 520]
Event: 0.659 Thread 0x000001ac14566050 Exception <a 'sun/nio/fs/WindowsException'{0x0000000713e84570}> (0x0000000713e84570) 
thrown [s\open\src\hotspot\share\prims\jni.cpp, line 520]
Event: 0.660 Thread 0x000001ac14566050 Exception <a 'sun/nio/fs/WindowsException'{0x0000000713e85f78}> (0x0000000713e85f78) 
thrown [s\open\src\hotspot\share\prims\jni.cpp, line 520]
Event: 0.665 Thread 0x000001ac14566050 Exception <a 'sun/nio/fs/WindowsException'{0x0000000713ee01f0}> (0x0000000713ee01f0) 
thrown [s\open\src\hotspot\share\prims\jni.cpp, line 520]
Event: 0.665 Thread 0x000001ac14566050 Exception <a 'sun/nio/fs/WindowsException'{0x0000000713ee1a98}> (0x0000000713ee1a98) 
thrown [s\open\src\hotspot\share\prims\jni.cpp, line 520]
Event: 0.668 Thread 0x000001ac14566050 Exception <a 'java/lang/NoSuchMethodError'{0x0000000713ef5860}: 'java.lang.Object java.lang.invoke.DirectMethodHandle$Holder.invokeVirtual(java.lang.Object, java.lang.Object, java.lang.Object)'> (0x0000000713ef5860) 
thrown [s\open\src\hotspot\share\interpreter\linkResolver.cpp, line 796]
Event: 0.710 Thread 0x000001ac14566050 Exception <a 'sun/nio/fs/WindowsException'{0x0000000715259cf8}> (0x0000000715259cf8) 
thrown [s\open\src\hotspot\share\prims\jni.cpp, line 520]
Event: 0.748 Thread 0x000001ac14566050 Exception <a 'sun/nio/fs/WindowsException'{0x00000007150f0ea0}> (0x00000007150f0ea0) 
thrown [s\open\src\hotspot\share\prims\jni.cpp, line 520]
Event: 0.769 Thread 0x000001ac14566050 Exception <a 'sun/nio/fs/WindowsException'{0x0000000714e2c5a8}> (0x0000000714e2c5a8) 
thrown [s\open\src\hotspot\share\prims\jni.cpp, line 520]
Event: 0.772 Thread 0x000001ac14566050 Exception <a 'sun/nio/fs/WindowsException'{0x0000000714e3d2a0}> (0x0000000714e3d2a0) 
thrown [s\open\src\hotspot\share\prims\jni.cpp, line 520]
Event: 0.788 Thread 0x000001ac14566050 Exception <a 'java/lang/NoSuchMethodError'{0x0000000714ed0018}: 'java.lang.Object java.lang.invoke.DirectMethodHandle$Holder.invokeStaticInit(java.lang.Object, int, int, int, int)'> (0x0000000714ed0018) 
thrown [s\open\src\hotspot\share\interpreter\linkResolver.cpp, line 796]
Event: 0.796 Thread 0x000001ac14566050 Exception <a 'java/lang/NoSuchMethodError'{0x0000000714f8bc30}: 'java.lang.Object java.lang.invoke.DirectMethodHandle$Holder.invokeStaticInit(java.lang.Object, java.lang.Object, int, int, int, int)'> (0x0000000714f8bc30) 
thrown [s\open\src\hotspot\share\interpreter\linkResolver.cpp, line 796]
Event: 0.925 Thread 0x000001ac14566050 Exception <a 'java/io/IOException'{0x0000000714b0b3e0}> (0x0000000714b0b3e0) 
thrown [s\open\src\hotspot\share\prims\jni.cpp, line 520]
Event: 0.925 Thread 0x000001ac14566050 Exception <a 'java/lang/NoSuchMethodError'{0x0000000714b0dda8}: 'void java.lang.invoke.DirectMethodHandle$Holder.invokeInterface(java.lang.Object, java.lang.Object)'> (0x0000000714b0dda8) 
thrown [s\open\src\hotspot\share\interpreter\linkResolver.cpp, line 796]
Event: 0.942 Thread 0x000001ac14566050 Exception <a 'java/io/IOException'{0x0000000714b72b10}> (0x0000000714b72b10) 
thrown [s\open\src\hotspot\share\prims\jni.cpp, line 520]
Event: 1.012 Thread 0x000001ac14566050 Exception <a 'java/io/IOException'{0x00000007149d7498}> (0x00000007149d7498) 
thrown [s\open\src\hotspot\share\prims\jni.cpp, line 520]
Event: 1.024 Thread 0x000001ac14566050 Exception <a 'java/io/IOException'{0x00000007146362c8}> (0x00000007146362c8) 
thrown [s\open\src\hotspot\share\prims\jni.cpp, line 520]

VM Operations (20 events):
Event: 0.532 Executing VM operation: HandshakeAllThreads (Deoptimize)
Event: 0.532 Executing VM operation: HandshakeAllThreads (Deoptimize) done
Event: 0.556 Executing VM operation: HandshakeAllThreads (Deoptimize)
Event: 0.556 Executing VM operation: HandshakeAllThreads (Deoptimize) done
Event: 0.647 Executing VM operation: HandshakeAllThreads (Deoptimize)
Event: 0.647 Executing VM operation: HandshakeAllThreads (Deoptimize) done
Event: 0.659 Executing VM operation: HandshakeAllThreads (Deoptimize)
Event: 0.659 Executing VM operation: HandshakeAllThreads (Deoptimize) done
Event: 0.666 Executing VM operation: HandshakeAllThreads (Deoptimize)
Event: 0.666 Executing VM operation: HandshakeAllThreads (Deoptimize) done
Event: 0.682 Executing VM operation: G1CollectForAllocation (G1 Evacuation Pause)
Event: 0.687 Executing VM operation: G1CollectForAllocation (G1 Evacuation Pause) done
Event: 0.760 Executing VM operation: HandshakeAllThreads (Deoptimize)
Event: 0.760 Executing VM operation: HandshakeAllThreads (Deoptimize) done
Event: 0.772 Executing VM operation: HandshakeAllThreads (Deoptimize)
Event: 0.773 Executing VM operation: HandshakeAllThreads (Deoptimize) done
Event: 0.782 Executing VM operation: HandshakeAllThreads (Deoptimize)
Event: 0.782 Executing VM operation: HandshakeAllThreads (Deoptimize) done
Event: 0.867 Executing VM operation: HandshakeAllThreads (Deoptimize)
Event: 0.867 Executing VM operation: HandshakeAllThreads (Deoptimize) done

Memory protections (0 events):
No events

Nmethod flushes (0 events):
No events

Events (20 events):
Event: 0.029 Thread 0x000001abadc4cda0 Thread added: 0x000001abcd290040
Event: 0.029 Thread 0x000001abadc4cda0 Thread added: 0x000001abcd290c50
Event: 0.029 Thread 0x000001abadc4cda0 Thread added: 0x000001abcd291fa0
Event: 0.029 Thread 0x000001abadc4cda0 Thread added: 0x000001abcd295090
Event: 0.030 Thread 0x000001abcd295090 Thread added: 0x000001abce0d5870
Event: 0.043 Thread 0x000001abadc4cda0 Thread added: 0x000001abce1e21b0
Event: 0.060 Thread 0x000001abcd295090 Thread added: 0x000001abce2a2100
Event: 0.060 Thread 0x000001abcd291fa0 Thread added: 0x000001abce2a27c0
Event: 0.061 Thread 0x000001abcd295090 Thread added: 0x000001abce29fc90
Event: 0.078 Thread 0x000001abce29fc90 Thread added: 0x000001abce2eb6a0
Event: 0.083 Thread 0x000001abce0d5870 Thread added: 0x000001abce2f9520
Event: 0.109 Thread 0x000001abadc4cda0 Thread added: 0x000001abce71eed0
Event: 0.109 Thread 0x000001abadc4cda0 Thread added: 0x000001abce71f540
Event: 0.285 Thread 0x000001abadc4cda0 Thread added: 0x000001abcec2bd60
Event: 0.367 Thread 0x000001abadc4cda0 Thread added: 0x000001ac1452c590
Event: 0.368 Thread 0x000001abadc4cda0 Thread added: 0x000001ac14566050
Event: 0.400 Thread 0x000001abce2f9520 Thread exited: 0x000001abce2f9520
Event: 0.433 Thread 0x000001ac14813a80 Thread added: 0x000001ac14813a80
Event: 0.444 Thread 0x000001abadc4cda0 Thread added: 0x000001ac148147a0
Event: 0.646 Thread 0x000001ac14566050 Thread added: 0x000001ac148119b0


Dynamic libraries:
0x00007ff759350000 - 0x00007ff75935e000 	C:\Users\asus\.jdks\openjdk-23\bin\java.exe
0x00007ffb5fdd0000 - 0x00007ffb5ffe7000 	C:\WINDOWS\SYSTEM32\ntdll.dll
0x00007ffb5f6e0000 - 0x00007ffb5f7a4000 	C:\WINDOWS\System32\KERNEL32.DLL
0x00007ffb5d1f0000 - 0x00007ffb5d5a9000 	C:\WINDOWS\System32\KERNELBASE.dll
0x00007ffb5d0d0000 - 0x00007ffb5d1e1000 	C:\WINDOWS\System32\ucrtbase.dll
0x00007ffb55eb0000 - 0x00007ffb55ec7000 	C:\Users\asus\.jdks\openjdk-23\bin\jli.dll
0x00007ffb55f80000 - 0x00007ffb55f9b000 	C:\Users\asus\.jdks\openjdk-23\bin\VCRUNTIME140.dll
0x00007ffb5dec0000 - 0x00007ffb5e06e000 	C:\WINDOWS\System32\USER32.dll
0x00007ffb5dac0000 - 0x00007ffb5dae6000 	C:\WINDOWS\System32\win32u.dll
0x00007ffb45100000 - 0x00007ffb45392000 	C:\WINDOWS\WinSxS\amd64_microsoft.windows.common-controls_6595b64144ccf1df_6.0.22621.4391_none_2715d37f73803e96\COMCTL32.dll
0x00007ffb5f5e0000 - 0x00007ffb5f609000 	C:\WINDOWS\System32\GDI32.dll
0x00007ffb5db40000 - 0x00007ffb5dbe7000 	C:\WINDOWS\System32\msvcrt.dll
0x00007ffb5d9a0000 - 0x00007ffb5dabb000 	C:\WINDOWS\System32\gdi32full.dll
0x00007ffb5d5e0000 - 0x00007ffb5d67a000 	C:\WINDOWS\System32\msvcp_win.dll
0x00007ffb5fd40000 - 0x00007ffb5fd71000 	C:\WINDOWS\System32\IMM32.DLL
0x00007ffb56940000 - 0x00007ffb5694c000 	C:\Users\asus\.jdks\openjdk-23\bin\vcruntime140_1.dll
0x00007ffb46d30000 - 0x00007ffb46dbe000 	C:\Users\asus\.jdks\openjdk-23\bin\msvcp140.dll
0x00007ffb0d330000 - 0x00007ffb0e07f000 	C:\Users\asus\.jdks\openjdk-23\bin\server\jvm.dll
0x00007ffb5f040000 - 0x00007ffb5f0f2000 	C:\WINDOWS\System32\ADVAPI32.dll
0x00007ffb5f630000 - 0x00007ffb5f6d7000 	C:\WINDOWS\System32\sechost.dll
0x00007ffb5d5b0000 - 0x00007ffb5d5d8000 	C:\WINDOWS\System32\bcrypt.dll
0x00007ffb5eda0000 - 0x00007ffb5eeb4000 	C:\WINDOWS\System32\RPCRT4.dll
0x00007ffb5eec0000 - 0x00007ffb5ef31000 	C:\WINDOWS\System32\WS2_32.dll
0x00007ffb5cd40000 - 0x00007ffb5cd8d000 	C:\WINDOWS\SYSTEM32\POWRPROF.dll
0x00007ffb56730000 - 0x00007ffb56764000 	C:\WINDOWS\SYSTEM32\WINMM.dll
0x00007ffb46190000 - 0x00007ffb4619a000 	C:\WINDOWS\SYSTEM32\VERSION.dll
0x00007ffb5cb40000 - 0x00007ffb5cb53000 	C:\WINDOWS\SYSTEM32\UMPDC.dll
0x00007ffb5c110000 - 0x00007ffb5c128000 	C:\WINDOWS\SYSTEM32\kernel.appcore.dll
0x00007ffb56920000 - 0x00007ffb5692a000 	C:\Users\asus\.jdks\openjdk-23\bin\jimage.dll
0x00007ffb5a900000 - 0x00007ffb5ab32000 	C:\WINDOWS\SYSTEM32\DBGHELP.DLL
0x00007ffb5e070000 - 0x00007ffb5e3ff000 	C:\WINDOWS\System32\combase.dll
0x00007ffb5ef50000 - 0x00007ffb5f027000 	C:\WINDOWS\System32\OLEAUT32.dll
0x00007ffb43a90000 - 0x00007ffb43ac2000 	C:\WINDOWS\SYSTEM32\dbgcore.DLL
0x00007ffb5d6f0000 - 0x00007ffb5d76b000 	C:\WINDOWS\System32\bcryptPrimitives.dll
0x00007ffb56a80000 - 0x00007ffb56a8f000 	C:\Users\asus\.jdks\openjdk-23\bin\instrument.dll
0x00007ffb4a310000 - 0x00007ffb4a32e000 	C:\Users\asus\.jdks\openjdk-23\bin\java.dll
0x00007ffb5dbf0000 - 0x00007ffb5dd95000 	C:\WINDOWS\System32\ole32.dll
0x00007ffb5e4c0000 - 0x00007ffb5ed36000 	C:\WINDOWS\System32\SHELL32.dll
0x00007ffb5b010000 - 0x00007ffb5b913000 	C:\WINDOWS\SYSTEM32\windows.storage.dll
0x00007ffb5aed0000 - 0x00007ffb5b00f000 	C:\WINDOWS\SYSTEM32\wintypes.dll
0x00007ffb5f840000 - 0x00007ffb5f939000 	C:\WINDOWS\System32\SHCORE.dll
0x00007ffb5faa0000 - 0x00007ffb5fafe000 	C:\WINDOWS\System32\shlwapi.dll
0x00007ffb5d000000 - 0x00007ffb5d02b000 	C:\WINDOWS\SYSTEM32\profapi.dll
0x00007ffb46c50000 - 0x00007ffb46d27000 	C:\Users\asus\.jdks\openjdk-23\bin\jsvml.dll
0x00007ffb4a4d0000 - 0x00007ffb4a4e0000 	C:\Users\asus\.jdks\openjdk-23\bin\net.dll
0x00007ffb5c590000 - 0x00007ffb5c5f9000 	C:\WINDOWS\system32\mswsock.dll
0x00007ffb4a160000 - 0x00007ffb4a176000 	C:\Users\asus\.jdks\openjdk-23\bin\nio.dll
0x00007ffb4a140000 - 0x00007ffb4a157000 	C:\Users\asus\.jdks\openjdk-23\bin\zip.dll
0x00007ffb49680000 - 0x00007ffb4969a000 	C:\Program Files\JetBrains\IntelliJ IDEA 2024.2.1\bin\breakgen64.dll
0x000001ababb30000 - 0x000001ababb33000 	C:\Users\asus\.openjfx\cache\17.0.6\api-ms-win-core-console-l1-1-0.dll
0x000001ababb40000 - 0x000001ababb43000 	C:\Users\asus\.openjfx\cache\17.0.6\api-ms-win-core-console-l1-2-0.dll
0x000001ababb50000 - 0x000001ababb53000 	C:\Users\asus\.openjfx\cache\17.0.6\api-ms-win-core-datetime-l1-1-0.dll
0x000001abadb80000 - 0x000001abadb83000 	C:\Users\asus\.openjfx\cache\17.0.6\api-ms-win-core-debug-l1-1-0.dll
0x000001abadb90000 - 0x000001abadb93000 	C:\Users\asus\.openjfx\cache\17.0.6\api-ms-win-core-errorhandling-l1-1-0.dll
0x000001abadba0000 - 0x000001abadba4000 	C:\Users\asus\.openjfx\cache\17.0.6\api-ms-win-core-file-l1-1-0.dll
0x000001abadbb0000 - 0x000001abadbb3000 	C:\Users\asus\.openjfx\cache\17.0.6\api-ms-win-core-file-l1-2-0.dll
0x000001abadbc0000 - 0x000001abadbc3000 	C:\Users\asus\.openjfx\cache\17.0.6\api-ms-win-core-file-l2-1-0.dll
0x000001abadbd0000 - 0x000001abadbd3000 	C:\Users\asus\.openjfx\cache\17.0.6\api-ms-win-core-handle-l1-1-0.dll
0x000001abadbe0000 - 0x000001abadbe3000 	C:\Users\asus\.openjfx\cache\17.0.6\api-ms-win-core-heap-l1-1-0.dll
0x000001abadbf0000 - 0x000001abadbf3000 	C:\Users\asus\.openjfx\cache\17.0.6\api-ms-win-core-interlocked-l1-1-0.dll
0x000001abadc00000 - 0x000001abadc03000 	C:\Users\asus\.openjfx\cache\17.0.6\api-ms-win-core-libraryloader-l1-1-0.dll
0x000001abcec80000 - 0x000001abcec83000 	C:\Users\asus\.openjfx\cache\17.0.6\api-ms-win-core-localization-l1-2-0.dll
0x000001abcec90000 - 0x000001abcec93000 	C:\Users\asus\.openjfx\cache\17.0.6\api-ms-win-core-memory-l1-1-0.dll
0x000001abceca0000 - 0x000001abceca3000 	C:\Users\asus\.openjfx\cache\17.0.6\api-ms-win-core-namedpipe-l1-1-0.dll
0x000001abcecb0000 - 0x000001abcecb3000 	C:\Users\asus\.openjfx\cache\17.0.6\api-ms-win-core-processenvironment-l1-1-0.dll
0x000001abcecc0000 - 0x000001abcecc3000 	C:\Users\asus\.openjfx\cache\17.0.6\api-ms-win-core-processthreads-l1-1-0.dll
0x000001abcecd0000 - 0x000001abcecd3000 	C:\Users\asus\.openjfx\cache\17.0.6\api-ms-win-core-processthreads-l1-1-1.dll
0x000001abcece0000 - 0x000001abcece3000 	C:\Users\asus\.openjfx\cache\17.0.6\api-ms-win-core-profile-l1-1-0.dll
0x000001abcecf0000 - 0x000001abcecf3000 	C:\Users\asus\.openjfx\cache\17.0.6\api-ms-win-core-rtlsupport-l1-1-0.dll
0x000001abced00000 - 0x000001abced03000 	C:\Users\asus\.openjfx\cache\17.0.6\api-ms-win-core-string-l1-1-0.dll
0x000001abced10000 - 0x000001abced13000 	C:\Users\asus\.openjfx\cache\17.0.6\api-ms-win-core-synch-l1-1-0.dll
0x000001abced20000 - 0x000001abced23000 	C:\Users\asus\.openjfx\cache\17.0.6\api-ms-win-core-synch-l1-2-0.dll
0x000001abced30000 - 0x000001abced33000 	C:\Users\asus\.openjfx\cache\17.0.6\api-ms-win-core-sysinfo-l1-1-0.dll
0x000001abced40000 - 0x000001abced43000 	C:\Users\asus\.openjfx\cache\17.0.6\api-ms-win-core-timezone-l1-1-0.dll
0x000001abced50000 - 0x000001abced53000 	C:\Users\asus\.openjfx\cache\17.0.6\api-ms-win-core-util-l1-1-0.dll
0x000001abced60000 - 0x000001abced63000 	C:\Users\asus\.openjfx\cache\17.0.6\api-ms-win-crt-conio-l1-1-0.dll
0x000001abced70000 - 0x000001abced74000 	C:\Users\asus\.openjfx\cache\17.0.6\api-ms-win-crt-convert-l1-1-0.dll
0x000001abced80000 - 0x000001abced83000 	C:\Users\asus\.openjfx\cache\17.0.6\api-ms-win-crt-environment-l1-1-0.dll
0x000001abced90000 - 0x000001abced93000 	C:\Users\asus\.openjfx\cache\17.0.6\api-ms-win-crt-filesystem-l1-1-0.dll
0x000001abceda0000 - 0x000001abceda3000 	C:\Users\asus\.openjfx\cache\17.0.6\api-ms-win-crt-heap-l1-1-0.dll
0x000001abcedb0000 - 0x000001abcedb3000 	C:\Users\asus\.openjfx\cache\17.0.6\api-ms-win-crt-locale-l1-1-0.dll
0x000001abcedc0000 - 0x000001abcedc5000 	C:\Users\asus\.openjfx\cache\17.0.6\api-ms-win-crt-math-l1-1-0.dll
0x000001abcedd0000 - 0x000001abcedd5000 	C:\Users\asus\.openjfx\cache\17.0.6\api-ms-win-crt-multibyte-l1-1-0.dll
0x000001abcede0000 - 0x000001abcedf0000 	C:\Users\asus\.openjfx\cache\17.0.6\api-ms-win-crt-private-l1-1-0.dll
0x000001abcedf0000 - 0x000001abcedf3000 	C:\Users\asus\.openjfx\cache\17.0.6\api-ms-win-crt-process-l1-1-0.dll
0x000001abcee00000 - 0x000001abcee04000 	C:\Users\asus\.openjfx\cache\17.0.6\api-ms-win-crt-runtime-l1-1-0.dll
0x000001abcee10000 - 0x000001abcee14000 	C:\Users\asus\.openjfx\cache\17.0.6\api-ms-win-crt-stdio-l1-1-0.dll
0x000001abcee20000 - 0x000001abcee24000 	C:\Users\asus\.openjfx\cache\17.0.6\api-ms-win-crt-string-l1-1-0.dll
0x000001abcee30000 - 0x000001abcee33000 	C:\Users\asus\.openjfx\cache\17.0.6\api-ms-win-crt-time-l1-1-0.dll
0x000001abcee40000 - 0x000001abcee43000 	C:\Users\asus\.openjfx\cache\17.0.6\api-ms-win-crt-utility-l1-1-0.dll
0x00007ffb1a8b0000 - 0x00007ffb1a9ac000 	C:\Users\asus\.openjfx\cache\17.0.6\ucrtbase.dll
0x00007ffb47460000 - 0x00007ffb4747a000 	C:\Users\asus\.openjfx\cache\17.0.6\vcruntime140.dll
0x00007ffb47450000 - 0x00007ffb4745c000 	C:\Users\asus\.openjfx\cache\17.0.6\vcruntime140_1.dll
0x00007ffb23fa0000 - 0x00007ffb2402d000 	C:\Users\asus\.openjfx\cache\17.0.6\msvcp140.dll
0x00007ffb47430000 - 0x00007ffb47439000 	C:\Users\asus\.openjfx\cache\17.0.6\msvcp140_1.dll
0x00007ffb2ef00000 - 0x00007ffb2ef2f000 	C:\Users\asus\.openjfx\cache\17.0.6\msvcp140_2.dll
0x00007ffb23bb0000 - 0x00007ffb23bda000 	C:\Users\asus\.openjfx\cache\17.0.6\prism_d3d.dll
0x00007ffad6e60000 - 0x00007ffad7008000 	C:\WINDOWS\system32\d3d9.dll
0x00007ffb5a490000 - 0x00007ffb5a4bb000 	C:\WINDOWS\SYSTEM32\dwmapi.dll
0x00007ffb5a220000 - 0x00007ffb5a257000 	C:\WINDOWS\SYSTEM32\dxcore.dll
0x00007ffb5a100000 - 0x00007ffb5a1b1000 	C:\WINDOWS\system32\uxtheme.dll
0x00007ffb16f40000 - 0x00007ffb16ff0000 	C:\WINDOWS\SYSTEM32\d3d9on12.dll
0x00007ffb5a280000 - 0x00007ffb5a377000 	C:\WINDOWS\SYSTEM32\dxgi.dll
0x00007ffb21260000 - 0x00007ffb21286000 	C:\WINDOWS\SYSTEM32\d3d12.dll
0x00007ffb5cdc0000 - 0x00007ffb5ce0e000 	C:\WINDOWS\SYSTEM32\cfgmgr32.dll
0x00007ffadc9b0000 - 0x00007ffadcbb2000 	C:\WINDOWS\SYSTEM32\D3D12Core.dll
0x00007ffb20560000 - 0x00007ffb20587000 	C:\WINDOWS\System32\DriverStore\FileRepository\iigd_dch.inf_amd64_9741ef1f4093481f\igd12umd64.dll
0x00007ffab82c0000 - 0x00007ffab8f79000 	C:\WINDOWS\System32\DriverStore\FileRepository\iigd_dch.inf_amd64_9741ef1f4093481f\igd12um64xel.dll
0x00007ffb5d770000 - 0x00007ffb5d8d6000 	C:\WINDOWS\System32\CRYPT32.dll
0x00007ffb33010000 - 0x00007ffb33054000 	C:\WINDOWS\SYSTEM32\ControlLib.dll
0x00007ffb5f100000 - 0x00007ffb5f574000 	C:\WINDOWS\System32\SETUPAPI.dll
0x00007ffb5cd90000 - 0x00007ffb5cdbc000 	C:\WINDOWS\SYSTEM32\DEVOBJ.dll
0x00007ffb512f0000 - 0x00007ffb51378000 	C:\WINDOWS\System32\DriverStore\FileRepository\iigd_dch.inf_amd64_9741ef1f4093481f\IntelControlLib.dll
0x00007ffb5d680000 - 0x00007ffb5d6ec000 	C:\WINDOWS\System32\WINTRUST.dll
0x00007ffb5c840000 - 0x00007ffb5c852000 	C:\WINDOWS\SYSTEM32\MSASN1.dll
0x00007ffb55d60000 - 0x00007ffb55da9000 	C:\WINDOWS\SYSTEM32\directxdatabasehelper.dll
0x00007ffb50840000 - 0x00007ffb50c57000 	C:\WINDOWS\System32\DriverStore\FileRepository\iigd_dch.inf_amd64_9741ef1f4093481f\igdgmm64.dll
0x00007ffb4cb40000 - 0x00007ffb5083c000 	C:\WINDOWS\System32\DriverStore\FileRepository\iigd_dch.inf_amd64_9741ef1f4093481f\igc64.dll
0x00007ffb201c0000 - 0x00007ffb201ef000 	C:\WINDOWS\SYSTEM32\D3DSCache.dll
0x00007ffb5c680000 - 0x00007ffb5c6a8000 	C:\WINDOWS\SYSTEM32\USERENV.dll
0x00007ffab6f10000 - 0x00007ffab82b5000 	C:\WINDOWS\System32\DriverStore\FileRepository\iigd_dch.inf_amd64_9741ef1f4093481f\igd12dxva64.dll
0x00007ffaf6e90000 - 0x00007ffaf8bb0000 	C:\WINDOWS\System32\DriverStore\FileRepository\iigd_dch.inf_amd64_9741ef1f4093481f\media_bin_64.dll
0x00007ffaf6e60000 - 0x00007ffaf6e87000 	C:\WINDOWS\System32\DriverStore\FileRepository\iigd_dch.inf_amd64_9741ef1f4093481f\igdinfo64.dll
0x00007ffb536f0000 - 0x00007ffb53994000 	C:\WINDOWS\SYSTEM32\twinapi.appcore.dll
0x00007ffb1ebc0000 - 0x00007ffb1ec02000 	C:\Users\asus\.openjfx\cache\17.0.6\glass.dll
0x00007ffb5ddc0000 - 0x00007ffb5debf000 	C:\WINDOWS\System32\COMDLG32.dll
0x00007ffb5f940000 - 0x00007ffb5faa0000 	C:\WINDOWS\System32\MSCTF.dll
0x00007ffb37ad0000 - 0x00007ffb37ae4000 	C:\Users\asus\.openjfx\cache\17.0.6\javafx_font.dll

dbghelp: loaded successfully - version: 4.0.5 - missing functions: none
symbol engine: initialized successfully - sym options: 0x614 - pdb path: .;C:\Users\asus\.jdks\openjdk-23\bin;C:\WINDOWS\SYSTEM32;C:\WINDOWS\WinSxS\amd64_microsoft.windows.common-controls_6595b64144ccf1df_6.0.22621.4391_none_2715d37f73803e96;C:\Users\asus\.jdks\openjdk-23\bin\server;C:\Program Files\JetBrains\IntelliJ IDEA 2024.2.1\bin;C:\Users\asus\.openjfx\cache\17.0.6;C:\WINDOWS\System32\DriverStore\FileRepository\iigd_dch.inf_amd64_9741ef1f4093481f;C:\Program Files\Common Files\Microsoft Shared\Ink

VM Arguments:
jvm_args: -Xlog:gc*:stdout:time -javaagent:C:\Program Files\JetBrains\IntelliJ IDEA 2024.2.1\lib\idea_rt.jar=63306:C:\Program Files\JetBrains\IntelliJ IDEA 2024.2.1\bin -Dfile.encoding=UTF-8 -Dsun.stdout.encoding=UTF-8 -Dsun.stderr.encoding=UTF-8 --module-path=C:\Users\asus\.m2\repository\org\openjfx\javafx-fxml\17.0.6\javafx-fxml-17.0.6-win.jar;C:\Users\asus\.m2\repository\org\openjfx\javafx-base\17.0.6\javafx-base-17.0.6-win.jar;C:\Users\asus\Documents\GitHub\Lib-management\Plant-demo\target\classes;C:\Users\asus\.m2\repository\org\openjfx\javafx-graphics\17.0.6\javafx-graphics-17.0.6-win.jar;C:\Users\asus\.m2\repository\org\openjfx\javafx-controls\17.0.6\javafx-controls-17.0.6-win.jar;C:\Users\asus\.m2\repository\com\dlsc\formsfx\formsfx-core\11.6.0\formsfx-core-11.6.0.jar -Djdk.module.main=com.example.demo 
java_command: com.example.demo/com.example.demo.Main
java_class_path (initial): C:\Users\asus\.m2\repository\org\openjfx\javafx-controls\17.0.6\javafx-controls-17.0.6.jar;C:\Users\asus\.m2\repository\org\openjfx\javafx-graphics\17.0.6\javafx-graphics-17.0.6.jar;C:\Users\asus\.m2\repository\org\openjfx\javafx-base\17.0.6\javafx-base-17.0.6.jar;C:\Users\asus\.m2\repository\org\openjfx\javafx-fxml\17.0.6\javafx-fxml-17.0.6.jar;C:\Users\asus\.m2\repository\com\mysql\mysql-connector-j\8.0.33\mysql-connector-j-8.0.33.jar;C:\Users\asus\.m2\repository\com\google\protobuf\protobuf-java\3.21.9\protobuf-java-3.21.9.jar
Launcher Type: SUN_STANDARD

[Global flags]
     intx CICompilerCount                          = 12                                        {product} {ergonomic}
     uint ConcGCThreads                            = 4                                         {product} {ergonomic}
     uint G1ConcRefinementThreads                  = 15                                        {product} {ergonomic}
   size_t G1HeapRegionSize                         = 2097152                                   {product} {ergonomic}
   size_t InitialHeapSize                          = 264241152                                 {product} {ergonomic}
   size_t MarkStackSize                            = 4194304                                   {product} {ergonomic}
   size_t MarkStackSizeMax                         = 536870912                                 {product} {ergonomic}
   size_t MaxHeapSize                              = 4200595456                                {product} {ergonomic}
   size_t MaxNewSize                               = 2518679552                                {product} {ergonomic}
   size_t MinHeapDeltaBytes                        = 2097152                                   {product} {ergonomic}
   size_t MinHeapSize                              = 8388608                                   {product} {ergonomic}
    uintx NonNMethodCodeHeapSize                   = 7602176                                {pd product} {ergonomic}
    uintx NonProfiledCodeHeapSize                  = 122093568                              {pd product} {ergonomic}
    uintx ProfiledCodeHeapSize                     = 121962496                              {pd product} {ergonomic}
    uintx ReservedCodeCacheSize                    = 251658240                              {pd product} {ergonomic}
     bool SegmentedCodeCache                       = true                                      {product} {ergonomic}
   size_t SoftMaxHeapSize                          = 4200595456                             {manageable} {ergonomic}
     bool UseCompressedOops                        = true                           {product lp64_product} {ergonomic}
     bool UseG1GC                                  = true                                      {product} {ergonomic}
     bool UseLargePagesIndividualAllocation        = false                                  {pd product} {ergonomic}

Logging:
Log output configuration:
 #0: stdout all=warning,gc*=info time foldmultilines=false
 #1: stderr all=off uptime,level,tags foldmultilines=false

Environment Variables:
JAVA_HOME=C:\Program Files\Java\jdk-1.8
PATH=C:\Program Files\Java\jdk-1.8\bin;C:\Program Files (x86)\Common Files\Oracle\Java\javapath;C:\WINDOWS\system32;C:\WINDOWS;C:\WINDOWS\System32\Wbem;C:\WINDOWS\System32\WindowsPowerShell\v1.0\;C:\WINDOWS\System32\OpenSSH\;C:\Program Files\Java\jdk-22\bin;C:\Program Files\Git\cmd;C:\Program Files\MySQL\MySQL Server 8.0\bin;C:\msys64\ucrt64\bin;C:\Users\asus\AppData\Local\Programs\Microsoft VS Code\bin;C:\Program Files\JetBrains\IntelliJ IDEA 2024.2.1\bin;;C:\Users\asus\AppData\Local\GitHubDesktop\bin
USERNAME=asus
OS=Windows_NT
PROCESSOR_IDENTIFIER=Intel64 Family 6 Model 186 Stepping 2, GenuineIntel
TMP=C:\Users\asus\AppData\Local\Temp
TEMP=C:\Users\asus\AppData\Local\Temp




Periodic native trim disabled

---------------  S Y S T E M  ---------------

OS:
 Windows 11 , 64 bit Build 22621 (10.0.22621.4391)
OS uptime: 4 days 1:28 hours

CPU: total 20 (initial active 20) (10 cores per cpu, 2 threads per core) family 6 model 186 stepping 2 microcode 0x410e, cx8, cmov, fxsr, ht, mmx, 3dnowpref, sse, sse2, sse3, ssse3, sse4.1, sse4.2, popcnt, lzcnt, tsc, tscinvbit, avx, avx2, aes, erms, clmul, bmi1, bmi2, adx, sha, fma, vzeroupper, clflush, clflushopt, clwb, serialize, rdtscp, rdpid, fsrm, gfni, f16c, pku, cet_ibt, cet_ss
Processor Information for processor 0
  Max Mhz: 2600, Current Mhz: 2600, Mhz Limit: 2600
Processor Information for processor 1
  Max Mhz: 2600, Current Mhz: 2600, Mhz Limit: 2600
Processor Information for processor 2
  Max Mhz: 2600, Current Mhz: 2600, Mhz Limit: 2600
Processor Information for processor 3
  Max Mhz: 2600, Current Mhz: 2600, Mhz Limit: 2600
Processor Information for processor 4
  Max Mhz: 2600, Current Mhz: 2600, Mhz Limit: 2600
Processor Information for processor 5
  Max Mhz: 2600, Current Mhz: 2600, Mhz Limit: 2600
Processor Information for processor 6
  Max Mhz: 2600, Current Mhz: 2600, Mhz Limit: 2600
Processor Information for processor 7
  Max Mhz: 2600, Current Mhz: 2600, Mhz Limit: 2600
Processor Information for processor 8
  Max Mhz: 2600, Current Mhz: 2600, Mhz Limit: 2600
Processor Information for processor 9
  Max Mhz: 2600, Current Mhz: 2600, Mhz Limit: 2600
Processor Information for processor 10
  Max Mhz: 2600, Current Mhz: 2600, Mhz Limit: 2600
Processor Information for processor 11
  Max Mhz: 2600, Current Mhz: 2600, Mhz Limit: 2600
Processor Information for processor 12
  Max Mhz: 2600, Current Mhz: 1500, Mhz Limit: 1898
Processor Information for processor 13
  Max Mhz: 2600, Current Mhz: 1500, Mhz Limit: 1898
Processor Information for processor 14
  Max Mhz: 2600, Current Mhz: 1500, Mhz Limit: 1898
Processor Information for processor 15
  Max Mhz: 2600, Current Mhz: 1500, Mhz Limit: 1898
Processor Information for processor 16
  Max Mhz: 2600, Current Mhz: 1500, Mhz Limit: 1898
Processor Information for processor 17
  Max Mhz: 2600, Current Mhz: 1500, Mhz Limit: 1898
Processor Information for processor 18
  Max Mhz: 2600, Current Mhz: 1500, Mhz Limit: 1898
Processor Information for processor 19
  Max Mhz: 2600, Current Mhz: 1500, Mhz Limit: 1898

Memory: 4k page, system-wide physical 16016M (699M free)
TotalPageFile size 35216M (AvailPageFile size 2M)
current process WorkingSet (physical memory assigned to process): 226M, peak: 226M
current process commit charge ("private bytes"): 508M, peak: 509M

vm_info: OpenJDK 64-Bit Server VM (23+37-2369) for windows-amd64 JRE (23+37-2369), built on 2024-08-20T16:01:23Z with MS VC++ 17.6 (VS2022)

END.
