#
# There is insufficient memory for the Java Runtime Environment to continue.
# Native memory allocation (malloc) failed to allocate 1096416 bytes. Error detail: Chunk::new
# Possible reasons:
#   The system is out of physical RAM or swap space
#   This process is running with CompressedOops enabled, and the Java Heap may be blocking the growth of the native heap
# Possible solutions:
#   Reduce memory load on the system
#   Increase physical memory or swap space
#   Check if swap backing store is full
#   Decrease Java heap size (-Xmx/-Xms)
#   Decrease number of Java threads
#   Decrease Java thread stack sizes (-Xss)
#   Set larger code cache with -XX:ReservedCodeCacheSize=
#   JVM is running with Zero Based Compressed Oops mode in which the Java heap is
#     placed in the first 32GB address space. The Java Heap base address is the
#     maximum limit for the native heap growth. Please use -XX:HeapBaseMinAddress
#     to set the Java Heap base and to place the Java Heap above 32GB virtual address.
# This output file may be truncated or incomplete.
#
#  Out of Memory Error (arena.cpp:149), pid=3660, tid=31668
#
# JRE version: OpenJDK Runtime Environment (23.0+37) (build 23+37-2369)
# Java VM: OpenJDK 64-Bit Server VM (23+37-2369, mixed mode, sharing, tiered, compressed oops, compressed class ptrs, g1 gc, windows-amd64)
# No core dump will be written. Minidumps are not enabled by default on client versions of Windows
#

---------------  S U M M A R Y ------------

Command Line: -Xlog:gc*:stdout:time -javaagent:C:\Program Files\JetBrains\IntelliJ IDEA 2024.2.1\lib\idea_rt.jar=55380:C:\Program Files\JetBrains\IntelliJ IDEA 2024.2.1\bin -Dfile.encoding=UTF-8 -Dsun.stdout.encoding=UTF-8 -Dsun.stderr.encoding=UTF-8 --module-path=C:\Users\asus\.m2\repository\org\openjfx\javafx-base\17.0.6\javafx-base-17.0.6-win.jar;C:\Users\asus\.m2\repository\org\openjfx\javafx-controls\17.0.6\javafx-controls-17.0.6-win.jar;C:\Users\asus\.m2\repository\org\openjfx\javafx-fxml\17.0.6\javafx-fxml-17.0.6-win.jar;C:\Users\asus\.m2\repository\org\openjfx\javafx-graphics\17.0.6\javafx-graphics-17.0.6-win.jar;C:\Users\asus\Desktop\OOP\BTL\GHEP_MAL\target\classes;C:\Users\asus\.m2\repository\com\mysql\mysql-connector-j\8.0.33\mysql-connector-j-8.0.33.jar -Djdk.module.main=com.example.lib com.example.lib/com.example.lib.Main

Host: 13th Gen Intel(R) Core(TM) i9-13900H, 20 cores, 15G,  Windows 11 , 64 bit Build 22621 (10.0.22621.4391)
Time: Thu Nov 21 15:06:27 2024 SE Asia Standard Time elapsed time: 0.149785 seconds (0d 0h 0m 0s)

---------------  T H R E A D  ---------------

Current thread (0x000001332e15aa50):  JavaThread "C2 CompilerThread0" daemon [_thread_in_native, id=31668, stack(0x0000001f9f100000,0x0000001f9f200000) (1024K)]


Current CompileTask:
C2:149  298       4       java.util.stream.ReferencePipeline$3$1::accept (23 bytes)

Stack: [0x0000001f9f100000,0x0000001f9f200000]
Native frames: (J=compiled Java code, j=interpreted, Vv=VM code, C=native code)
V  [jvm.dll+0x6e08a9]  (no source info available)
V  [jvm.dll+0x87da63]  (no source info available)
V  [jvm.dll+0x87feee]  (no source info available)
V  [jvm.dll+0x8805c3]  (no source info available)
V  [jvm.dll+0x27aee6]  (no source info available)
V  [jvm.dll+0xbc06f]  (no source info available)
V  [jvm.dll+0xbc2cb]  (no source info available)
V  [jvm.dll+0x2ee94d]  (no source info available)
V  [jvm.dll+0x6063c9]  (no source info available)
V  [jvm.dll+0x24ddf2]  (no source info available)
V  [jvm.dll+0x24e1d5]  (no source info available)
V  [jvm.dll+0x246b54]  (no source info available)
V  [jvm.dll+0x243d04]  (no source info available)
V  [jvm.dll+0x1c33a0]  (no source info available)
V  [jvm.dll+0x253cf1]  (no source info available)
V  [jvm.dll+0x251faa]  (no source info available)
V  [jvm.dll+0x3ee036]  (no source info available)
V  [jvm.dll+0x824f1b]  (no source info available)
V  [jvm.dll+0x6df055]  (no source info available)
C  [ucrtbase.dll+0x29333]  (no source info available)
C  [KERNEL32.DLL+0x1259d]  (no source info available)
C  [ntdll.dll+0x5af38]  (no source info available)

Lock stack of current Java thread (top to bottom):


---------------  P R O C E S S  ---------------

Threads class SMR info:
_java_thread_list=0x00000133744be0b0, length=17, elements={
0x000001330b8243a0, 0x000001332e14d5d0, 0x000001332e14e230, 0x000001332e14f5d0,
0x000001332e150360, 0x000001332e152f00, 0x000001332e157cb0, 0x000001332e15aa50,
0x000001332e15b500, 0x000001332e1e30f0, 0x000001332e1e37b0, 0x000001332e320790,
0x000001332e3ccd80, 0x000001332e3f0010, 0x000001332e3e4200, 0x000001337440d960,
0x000001337440dfd0
}

Java Threads: ( => current thread )
  0x000001330b8243a0 JavaThread "main"                              [_thread_in_vm, id=19440, stack(0x0000001f9e300000,0x0000001f9e400000) (1024K)]
  0x000001332e14d5d0 JavaThread "Reference Handler"          daemon [_thread_blocked, id=11128, stack(0x0000001f9eb00000,0x0000001f9ec00000) (1024K)]
  0x000001332e14e230 JavaThread "Finalizer"                  daemon [_thread_blocked, id=23476, stack(0x0000001f9ec00000,0x0000001f9ed00000) (1024K)]
  0x000001332e14f5d0 JavaThread "Signal Dispatcher"          daemon [_thread_blocked, id=1444, stack(0x0000001f9ed00000,0x0000001f9ee00000) (1024K)]
  0x000001332e150360 JavaThread "Attach Listener"            daemon [_thread_blocked, id=15412, stack(0x0000001f9ee00000,0x0000001f9ef00000) (1024K)]
  0x000001332e152f00 JavaThread "Service Thread"             daemon [_thread_blocked, id=10432, stack(0x0000001f9ef00000,0x0000001f9f000000) (1024K)]
  0x000001332e157cb0 JavaThread "Monitor Deflation Thread"   daemon [_thread_blocked, id=12796, stack(0x0000001f9f000000,0x0000001f9f100000) (1024K)]
=>0x000001332e15aa50 JavaThread "C2 CompilerThread0"         daemon [_thread_in_native, id=31668, stack(0x0000001f9f100000,0x0000001f9f200000) (1024K)]
  0x000001332e15b500 JavaThread "C1 CompilerThread0"         daemon [_thread_blocked, id=27524, stack(0x0000001f9f200000,0x0000001f9f300000) (1024K)]
  0x000001332e1e30f0 JavaThread "C1 CompilerThread1"         daemon [_thread_blocked, id=22156, stack(0x0000001f9f300000,0x0000001f9f400000) (1024K)]
  0x000001332e1e37b0 JavaThread "C1 CompilerThread2"         daemon [_thread_blocked, id=12108, stack(0x0000001f9f400000,0x0000001f9f500000) (1024K)]
  0x000001332e320790 JavaThread "Common-Cleaner"             daemon [_thread_blocked, id=34748, stack(0x0000001f9f500000,0x0000001f9f600000) (1024K)]
  0x000001332e3ccd80 JavaThread "C1 CompilerThread3"         daemon [_thread_blocked, id=34064, stack(0x0000001f9f600000,0x0000001f9f700000) (1024K)]
  0x000001332e3f0010 JavaThread "C2 CompilerThread1"         daemon [_thread_blocked, id=30560, stack(0x0000001f9f700000,0x0000001f9f800000) (1024K)]
  0x000001332e3e4200 JavaThread "C2 CompilerThread2"         daemon [_thread_blocked, id=13200, stack(0x0000001f9f800000,0x0000001f9f900000) (1024K)]
  0x000001337440d960 JavaThread "Monitor Ctrl-Break"         daemon [_thread_in_native, id=15332, stack(0x0000001f9f900000,0x0000001f9fa00000) (1024K)]
  0x000001337440dfd0 JavaThread "Notification Thread"        daemon [_thread_blocked, id=28788, stack(0x0000001f9fa00000,0x0000001f9fb00000) (1024K)]
Total: 17

Other Threads:
  0x000001332e135a80 VMThread "VM Thread"                           [id=25676, stack(0x0000001f9ea00000,0x0000001f9eb00000) (1024K)]
  0x000001332e123210 WatcherThread "VM Periodic Task Thread"        [id=11808, stack(0x0000001f9e900000,0x0000001f9ea00000) (1024K)]
  0x000001330dd94880 WorkerThread "GC Thread#0"                     [id=11528, stack(0x0000001f9e400000,0x0000001f9e500000) (1024K)]
  0x000001330ddab780 ConcurrentGCThread "G1 Main Marker"            [id=30704, stack(0x0000001f9e500000,0x0000001f9e600000) (1024K)]
  0x000001330ddac290 WorkerThread "G1 Conc#0"                       [id=13352, stack(0x0000001f9e600000,0x0000001f9e700000) (1024K)]
  0x000001332dff81a0 ConcurrentGCThread "G1 Refine#0"               [id=27308, stack(0x0000001f9e700000,0x0000001f9e800000) (1024K)]
  0x000001332dff8d20 ConcurrentGCThread "G1 Service"                [id=18684, stack(0x0000001f9e800000,0x0000001f9e900000) (1024K)]
Total: 7

Threads with active compile tasks:
C2 CompilerThread0  184  298       4       java.util.stream.ReferencePipeline$3$1::accept (23 bytes)
Total: 1

VM state: not at safepoint (normal execution)

VM Mutex/Monitor currently owned by a thread:  ([mutex/lock_event])
[0x00007ffadcc91890] Metaspace_lock - owner thread: 0x000001330b8243a0

Heap address: 0x0000000705a00000, size: 4006 MB, Compressed Oops mode: Zero based, Oop shift amount: 3

CDS archive(s) mapped at: [0x000001332f000000-0x000001332fd70000-0x000001332fd70000), size 14090240, SharedBaseAddress: 0x000001332f000000, ArchiveRelocationMode: 1.
Compressed class space mapped at: 0x0000013330000000-0x0000013370000000, reserved size: 1073741824
Narrow klass base: 0x000001332f000000, Narrow klass shift: 0, Narrow klass range: 0x41000000

GC Precious Log:
 CardTable entry size: 512
 Card Set container configuration: InlinePtr #cards 4 size 8 Array Of Cards #cards 16 size 48 Howl #buckets 8 coarsen threshold 3686 Howl Bitmap #cards 512 size 80 coarsen threshold 460 Card regions per heap region 1 cards per card region 4096
 CPUs: 20 total, 20 available
 Memory: 16016M
 Large Page Support: Disabled
 NUMA Support: Disabled
 Compressed Oops: Enabled (Zero based)
 Heap Region Size: 2M
 Heap Min Capacity: 8M
 Heap Initial Capacity: 252M
 Heap Max Capacity: 4006M
 Pre-touch: Disabled
 Parallel Workers: 15
 Concurrent Workers: 4
 Concurrent Refinement Workers: 15
 Periodic GC: Disabled

Heap:
 garbage-first heap   total reserved 4102144K, committed 258048K, used 10240K [0x0000000705a00000, 0x0000000800000000)
  region size 2048K, 6 young (12288K), 0 survivors (0K)
 Metaspace       used 1511K, committed 1600K, reserved 1114112K
  class space    used 138K, committed 192K, reserved 1048576K

Heap Regions: E=young(eden), S=young(survivor), O=old, HS=humongous(starts), HC=humongous(continues), CS=collection set, F=free, TAMS=top-at-mark-start, PB=parsable bottom
|   0|0x0000000705a00000, 0x0000000705a00000, 0x0000000705c00000|  0%| F|  |TAMS 0x0000000705a00000| PB 0x0000000705a00000| Untracked |  0
|   1|0x0000000705c00000, 0x0000000705c00000, 0x0000000705e00000|  0%| F|  |TAMS 0x0000000705c00000| PB 0x0000000705c00000| Untracked |  0
|   2|0x0000000705e00000, 0x0000000705e00000, 0x0000000706000000|  0%| F|  |TAMS 0x0000000705e00000| PB 0x0000000705e00000| Untracked |  0
|   3|0x0000000706000000, 0x0000000706000000, 0x0000000706200000|  0%| F|  |TAMS 0x0000000706000000| PB 0x0000000706000000| Untracked |  0
|   4|0x0000000706200000, 0x0000000706200000, 0x0000000706400000|  0%| F|  |TAMS 0x0000000706200000| PB 0x0000000706200000| Untracked |  0
|   5|0x0000000706400000, 0x0000000706400000, 0x0000000706600000|  0%| F|  |TAMS 0x0000000706400000| PB 0x0000000706400000| Untracked |  0
|   6|0x0000000706600000, 0x0000000706600000, 0x0000000706800000|  0%| F|  |TAMS 0x0000000706600000| PB 0x0000000706600000| Untracked |  0
|   7|0x0000000706800000, 0x0000000706800000, 0x0000000706a00000|  0%| F|  |TAMS 0x0000000706800000| PB 0x0000000706800000| Untracked |  0
|   8|0x0000000706a00000, 0x0000000706a00000, 0x0000000706c00000|  0%| F|  |TAMS 0x0000000706a00000| PB 0x0000000706a00000| Untracked |  0
|   9|0x0000000706c00000, 0x0000000706c00000, 0x0000000706e00000|  0%| F|  |TAMS 0x0000000706c00000| PB 0x0000000706c00000| Untracked |  0
|  10|0x0000000706e00000, 0x0000000706e00000, 0x0000000707000000|  0%| F|  |TAMS 0x0000000706e00000| PB 0x0000000706e00000| Untracked |  0
|  11|0x0000000707000000, 0x0000000707000000, 0x0000000707200000|  0%| F|  |TAMS 0x0000000707000000| PB 0x0000000707000000| Untracked |  0
|  12|0x0000000707200000, 0x0000000707200000, 0x0000000707400000|  0%| F|  |TAMS 0x0000000707200000| PB 0x0000000707200000| Untracked |  0
|  13|0x0000000707400000, 0x0000000707400000, 0x0000000707600000|  0%| F|  |TAMS 0x0000000707400000| PB 0x0000000707400000| Untracked |  0
|  14|0x0000000707600000, 0x0000000707600000, 0x0000000707800000|  0%| F|  |TAMS 0x0000000707600000| PB 0x0000000707600000| Untracked |  0
|  15|0x0000000707800000, 0x0000000707800000, 0x0000000707a00000|  0%| F|  |TAMS 0x0000000707800000| PB 0x0000000707800000| Untracked |  0
|  16|0x0000000707a00000, 0x0000000707a00000, 0x0000000707c00000|  0%| F|  |TAMS 0x0000000707a00000| PB 0x0000000707a00000| Untracked |  0
|  17|0x0000000707c00000, 0x0000000707c00000, 0x0000000707e00000|  0%| F|  |TAMS 0x0000000707c00000| PB 0x0000000707c00000| Untracked |  0
|  18|0x0000000707e00000, 0x0000000707e00000, 0x0000000708000000|  0%| F|  |TAMS 0x0000000707e00000| PB 0x0000000707e00000| Untracked |  0
|  19|0x0000000708000000, 0x0000000708000000, 0x0000000708200000|  0%| F|  |TAMS 0x0000000708000000| PB 0x0000000708000000| Untracked |  0
|  20|0x0000000708200000, 0x0000000708200000, 0x0000000708400000|  0%| F|  |TAMS 0x0000000708200000| PB 0x0000000708200000| Untracked |  0
|  21|0x0000000708400000, 0x0000000708400000, 0x0000000708600000|  0%| F|  |TAMS 0x0000000708400000| PB 0x0000000708400000| Untracked |  0
|  22|0x0000000708600000, 0x0000000708600000, 0x0000000708800000|  0%| F|  |TAMS 0x0000000708600000| PB 0x0000000708600000| Untracked |  0
|  23|0x0000000708800000, 0x0000000708800000, 0x0000000708a00000|  0%| F|  |TAMS 0x0000000708800000| PB 0x0000000708800000| Untracked |  0
|  24|0x0000000708a00000, 0x0000000708a00000, 0x0000000708c00000|  0%| F|  |TAMS 0x0000000708a00000| PB 0x0000000708a00000| Untracked |  0
|  25|0x0000000708c00000, 0x0000000708c00000, 0x0000000708e00000|  0%| F|  |TAMS 0x0000000708c00000| PB 0x0000000708c00000| Untracked |  0
|  26|0x0000000708e00000, 0x0000000708e00000, 0x0000000709000000|  0%| F|  |TAMS 0x0000000708e00000| PB 0x0000000708e00000| Untracked |  0
|  27|0x0000000709000000, 0x0000000709000000, 0x0000000709200000|  0%| F|  |TAMS 0x0000000709000000| PB 0x0000000709000000| Untracked |  0
|  28|0x0000000709200000, 0x0000000709200000, 0x0000000709400000|  0%| F|  |TAMS 0x0000000709200000| PB 0x0000000709200000| Untracked |  0
|  29|0x0000000709400000, 0x0000000709400000, 0x0000000709600000|  0%| F|  |TAMS 0x0000000709400000| PB 0x0000000709400000| Untracked |  0
|  30|0x0000000709600000, 0x0000000709600000, 0x0000000709800000|  0%| F|  |TAMS 0x0000000709600000| PB 0x0000000709600000| Untracked |  0
|  31|0x0000000709800000, 0x0000000709800000, 0x0000000709a00000|  0%| F|  |TAMS 0x0000000709800000| PB 0x0000000709800000| Untracked |  0
|  32|0x0000000709a00000, 0x0000000709a00000, 0x0000000709c00000|  0%| F|  |TAMS 0x0000000709a00000| PB 0x0000000709a00000| Untracked |  0
|  33|0x0000000709c00000, 0x0000000709c00000, 0x0000000709e00000|  0%| F|  |TAMS 0x0000000709c00000| PB 0x0000000709c00000| Untracked |  0
|  34|0x0000000709e00000, 0x0000000709e00000, 0x000000070a000000|  0%| F|  |TAMS 0x0000000709e00000| PB 0x0000000709e00000| Untracked |  0
|  35|0x000000070a000000, 0x000000070a000000, 0x000000070a200000|  0%| F|  |TAMS 0x000000070a000000| PB 0x000000070a000000| Untracked |  0
|  36|0x000000070a200000, 0x000000070a200000, 0x000000070a400000|  0%| F|  |TAMS 0x000000070a200000| PB 0x000000070a200000| Untracked |  0
|  37|0x000000070a400000, 0x000000070a400000, 0x000000070a600000|  0%| F|  |TAMS 0x000000070a400000| PB 0x000000070a400000| Untracked |  0
|  38|0x000000070a600000, 0x000000070a600000, 0x000000070a800000|  0%| F|  |TAMS 0x000000070a600000| PB 0x000000070a600000| Untracked |  0
|  39|0x000000070a800000, 0x000000070a800000, 0x000000070aa00000|  0%| F|  |TAMS 0x000000070a800000| PB 0x000000070a800000| Untracked |  0
|  40|0x000000070aa00000, 0x000000070aa00000, 0x000000070ac00000|  0%| F|  |TAMS 0x000000070aa00000| PB 0x000000070aa00000| Untracked |  0
|  41|0x000000070ac00000, 0x000000070ac00000, 0x000000070ae00000|  0%| F|  |TAMS 0x000000070ac00000| PB 0x000000070ac00000| Untracked |  0
|  42|0x000000070ae00000, 0x000000070ae00000, 0x000000070b000000|  0%| F|  |TAMS 0x000000070ae00000| PB 0x000000070ae00000| Untracked |  0
|  43|0x000000070b000000, 0x000000070b000000, 0x000000070b200000|  0%| F|  |TAMS 0x000000070b000000| PB 0x000000070b000000| Untracked |  0
|  44|0x000000070b200000, 0x000000070b200000, 0x000000070b400000|  0%| F|  |TAMS 0x000000070b200000| PB 0x000000070b200000| Untracked |  0
|  45|0x000000070b400000, 0x000000070b400000, 0x000000070b600000|  0%| F|  |TAMS 0x000000070b400000| PB 0x000000070b400000| Untracked |  0
|  46|0x000000070b600000, 0x000000070b600000, 0x000000070b800000|  0%| F|  |TAMS 0x000000070b600000| PB 0x000000070b600000| Untracked |  0
|  47|0x000000070b800000, 0x000000070b800000, 0x000000070ba00000|  0%| F|  |TAMS 0x000000070b800000| PB 0x000000070b800000| Untracked |  0
|  48|0x000000070ba00000, 0x000000070ba00000, 0x000000070bc00000|  0%| F|  |TAMS 0x000000070ba00000| PB 0x000000070ba00000| Untracked |  0
|  49|0x000000070bc00000, 0x000000070bc00000, 0x000000070be00000|  0%| F|  |TAMS 0x000000070bc00000| PB 0x000000070bc00000| Untracked |  0
|  50|0x000000070be00000, 0x000000070be00000, 0x000000070c000000|  0%| F|  |TAMS 0x000000070be00000| PB 0x000000070be00000| Untracked |  0
|  51|0x000000070c000000, 0x000000070c000000, 0x000000070c200000|  0%| F|  |TAMS 0x000000070c000000| PB 0x000000070c000000| Untracked |  0
|  52|0x000000070c200000, 0x000000070c200000, 0x000000070c400000|  0%| F|  |TAMS 0x000000070c200000| PB 0x000000070c200000| Untracked |  0
|  53|0x000000070c400000, 0x000000070c400000, 0x000000070c600000|  0%| F|  |TAMS 0x000000070c400000| PB 0x000000070c400000| Untracked |  0
|  54|0x000000070c600000, 0x000000070c600000, 0x000000070c800000|  0%| F|  |TAMS 0x000000070c600000| PB 0x000000070c600000| Untracked |  0
|  55|0x000000070c800000, 0x000000070c800000, 0x000000070ca00000|  0%| F|  |TAMS 0x000000070c800000| PB 0x000000070c800000| Untracked |  0
|  56|0x000000070ca00000, 0x000000070ca00000, 0x000000070cc00000|  0%| F|  |TAMS 0x000000070ca00000| PB 0x000000070ca00000| Untracked |  0
|  57|0x000000070cc00000, 0x000000070cc00000, 0x000000070ce00000|  0%| F|  |TAMS 0x000000070cc00000| PB 0x000000070cc00000| Untracked |  0
|  58|0x000000070ce00000, 0x000000070ce00000, 0x000000070d000000|  0%| F|  |TAMS 0x000000070ce00000| PB 0x000000070ce00000| Untracked |  0
|  59|0x000000070d000000, 0x000000070d000000, 0x000000070d200000|  0%| F|  |TAMS 0x000000070d000000| PB 0x000000070d000000| Untracked |  0
|  60|0x000000070d200000, 0x000000070d200000, 0x000000070d400000|  0%| F|  |TAMS 0x000000070d200000| PB 0x000000070d200000| Untracked |  0
|  61|0x000000070d400000, 0x000000070d400000, 0x000000070d600000|  0%| F|  |TAMS 0x000000070d400000| PB 0x000000070d400000| Untracked |  0
|  62|0x000000070d600000, 0x000000070d600000, 0x000000070d800000|  0%| F|  |TAMS 0x000000070d600000| PB 0x000000070d600000| Untracked |  0
|  63|0x000000070d800000, 0x000000070d800000, 0x000000070da00000|  0%| F|  |TAMS 0x000000070d800000| PB 0x000000070d800000| Untracked |  0
|  64|0x000000070da00000, 0x000000070da00000, 0x000000070dc00000|  0%| F|  |TAMS 0x000000070da00000| PB 0x000000070da00000| Untracked |  0
|  65|0x000000070dc00000, 0x000000070dc00000, 0x000000070de00000|  0%| F|  |TAMS 0x000000070dc00000| PB 0x000000070dc00000| Untracked |  0
|  66|0x000000070de00000, 0x000000070de00000, 0x000000070e000000|  0%| F|  |TAMS 0x000000070de00000| PB 0x000000070de00000| Untracked |  0
|  67|0x000000070e000000, 0x000000070e000000, 0x000000070e200000|  0%| F|  |TAMS 0x000000070e000000| PB 0x000000070e000000| Untracked |  0
|  68|0x000000070e200000, 0x000000070e200000, 0x000000070e400000|  0%| F|  |TAMS 0x000000070e200000| PB 0x000000070e200000| Untracked |  0
|  69|0x000000070e400000, 0x000000070e400000, 0x000000070e600000|  0%| F|  |TAMS 0x000000070e400000| PB 0x000000070e400000| Untracked |  0
|  70|0x000000070e600000, 0x000000070e600000, 0x000000070e800000|  0%| F|  |TAMS 0x000000070e600000| PB 0x000000070e600000| Untracked |  0
|  71|0x000000070e800000, 0x000000070e800000, 0x000000070ea00000|  0%| F|  |TAMS 0x000000070e800000| PB 0x000000070e800000| Untracked |  0
|  72|0x000000070ea00000, 0x000000070ea00000, 0x000000070ec00000|  0%| F|  |TAMS 0x000000070ea00000| PB 0x000000070ea00000| Untracked |  0
|  73|0x000000070ec00000, 0x000000070ec00000, 0x000000070ee00000|  0%| F|  |TAMS 0x000000070ec00000| PB 0x000000070ec00000| Untracked |  0
|  74|0x000000070ee00000, 0x000000070ee00000, 0x000000070f000000|  0%| F|  |TAMS 0x000000070ee00000| PB 0x000000070ee00000| Untracked |  0
|  75|0x000000070f000000, 0x000000070f000000, 0x000000070f200000|  0%| F|  |TAMS 0x000000070f000000| PB 0x000000070f000000| Untracked |  0
|  76|0x000000070f200000, 0x000000070f200000, 0x000000070f400000|  0%| F|  |TAMS 0x000000070f200000| PB 0x000000070f200000| Untracked |  0
|  77|0x000000070f400000, 0x000000070f400000, 0x000000070f600000|  0%| F|  |TAMS 0x000000070f400000| PB 0x000000070f400000| Untracked |  0
|  78|0x000000070f600000, 0x000000070f600000, 0x000000070f800000|  0%| F|  |TAMS 0x000000070f600000| PB 0x000000070f600000| Untracked |  0
|  79|0x000000070f800000, 0x000000070f800000, 0x000000070fa00000|  0%| F|  |TAMS 0x000000070f800000| PB 0x000000070f800000| Untracked |  0
|  80|0x000000070fa00000, 0x000000070fa00000, 0x000000070fc00000|  0%| F|  |TAMS 0x000000070fa00000| PB 0x000000070fa00000| Untracked |  0
|  81|0x000000070fc00000, 0x000000070fc00000, 0x000000070fe00000|  0%| F|  |TAMS 0x000000070fc00000| PB 0x000000070fc00000| Untracked |  0
|  82|0x000000070fe00000, 0x000000070fe00000, 0x0000000710000000|  0%| F|  |TAMS 0x000000070fe00000| PB 0x000000070fe00000| Untracked |  0
|  83|0x0000000710000000, 0x0000000710000000, 0x0000000710200000|  0%| F|  |TAMS 0x0000000710000000| PB 0x0000000710000000| Untracked |  0
|  84|0x0000000710200000, 0x0000000710200000, 0x0000000710400000|  0%| F|  |TAMS 0x0000000710200000| PB 0x0000000710200000| Untracked |  0
|  85|0x0000000710400000, 0x0000000710400000, 0x0000000710600000|  0%| F|  |TAMS 0x0000000710400000| PB 0x0000000710400000| Untracked |  0
|  86|0x0000000710600000, 0x0000000710600000, 0x0000000710800000|  0%| F|  |TAMS 0x0000000710600000| PB 0x0000000710600000| Untracked |  0
|  87|0x0000000710800000, 0x0000000710800000, 0x0000000710a00000|  0%| F|  |TAMS 0x0000000710800000| PB 0x0000000710800000| Untracked |  0
|  88|0x0000000710a00000, 0x0000000710a00000, 0x0000000710c00000|  0%| F|  |TAMS 0x0000000710a00000| PB 0x0000000710a00000| Untracked |  0
|  89|0x0000000710c00000, 0x0000000710c00000, 0x0000000710e00000|  0%| F|  |TAMS 0x0000000710c00000| PB 0x0000000710c00000| Untracked |  0
|  90|0x0000000710e00000, 0x0000000710e00000, 0x0000000711000000|  0%| F|  |TAMS 0x0000000710e00000| PB 0x0000000710e00000| Untracked |  0
|  91|0x0000000711000000, 0x0000000711000000, 0x0000000711200000|  0%| F|  |TAMS 0x0000000711000000| PB 0x0000000711000000| Untracked |  0
|  92|0x0000000711200000, 0x0000000711200000, 0x0000000711400000|  0%| F|  |TAMS 0x0000000711200000| PB 0x0000000711200000| Untracked |  0
|  93|0x0000000711400000, 0x0000000711400000, 0x0000000711600000|  0%| F|  |TAMS 0x0000000711400000| PB 0x0000000711400000| Untracked |  0
|  94|0x0000000711600000, 0x0000000711600000, 0x0000000711800000|  0%| F|  |TAMS 0x0000000711600000| PB 0x0000000711600000| Untracked |  0
|  95|0x0000000711800000, 0x0000000711800000, 0x0000000711a00000|  0%| F|  |TAMS 0x0000000711800000| PB 0x0000000711800000| Untracked |  0
|  96|0x0000000711a00000, 0x0000000711a00000, 0x0000000711c00000|  0%| F|  |TAMS 0x0000000711a00000| PB 0x0000000711a00000| Untracked |  0
|  97|0x0000000711c00000, 0x0000000711c00000, 0x0000000711e00000|  0%| F|  |TAMS 0x0000000711c00000| PB 0x0000000711c00000| Untracked |  0
|  98|0x0000000711e00000, 0x0000000711e00000, 0x0000000712000000|  0%| F|  |TAMS 0x0000000711e00000| PB 0x0000000711e00000| Untracked |  0
|  99|0x0000000712000000, 0x0000000712000000, 0x0000000712200000|  0%| F|  |TAMS 0x0000000712000000| PB 0x0000000712000000| Untracked |  0
| 100|0x0000000712200000, 0x0000000712200000, 0x0000000712400000|  0%| F|  |TAMS 0x0000000712200000| PB 0x0000000712200000| Untracked |  0
| 101|0x0000000712400000, 0x0000000712400000, 0x0000000712600000|  0%| F|  |TAMS 0x0000000712400000| PB 0x0000000712400000| Untracked |  0
| 102|0x0000000712600000, 0x0000000712600000, 0x0000000712800000|  0%| F|  |TAMS 0x0000000712600000| PB 0x0000000712600000| Untracked |  0
| 103|0x0000000712800000, 0x0000000712800000, 0x0000000712a00000|  0%| F|  |TAMS 0x0000000712800000| PB 0x0000000712800000| Untracked |  0
| 104|0x0000000712a00000, 0x0000000712a00000, 0x0000000712c00000|  0%| F|  |TAMS 0x0000000712a00000| PB 0x0000000712a00000| Untracked |  0
| 105|0x0000000712c00000, 0x0000000712c00000, 0x0000000712e00000|  0%| F|  |TAMS 0x0000000712c00000| PB 0x0000000712c00000| Untracked |  0
| 106|0x0000000712e00000, 0x0000000712e00000, 0x0000000713000000|  0%| F|  |TAMS 0x0000000712e00000| PB 0x0000000712e00000| Untracked |  0
| 107|0x0000000713000000, 0x0000000713000000, 0x0000000713200000|  0%| F|  |TAMS 0x0000000713000000| PB 0x0000000713000000| Untracked |  0
| 108|0x0000000713200000, 0x0000000713200000, 0x0000000713400000|  0%| F|  |TAMS 0x0000000713200000| PB 0x0000000713200000| Untracked |  0
| 109|0x0000000713400000, 0x0000000713400000, 0x0000000713600000|  0%| F|  |TAMS 0x0000000713400000| PB 0x0000000713400000| Untracked |  0
| 110|0x0000000713600000, 0x0000000713600000, 0x0000000713800000|  0%| F|  |TAMS 0x0000000713600000| PB 0x0000000713600000| Untracked |  0
| 111|0x0000000713800000, 0x0000000713800000, 0x0000000713a00000|  0%| F|  |TAMS 0x0000000713800000| PB 0x0000000713800000| Untracked |  0
| 112|0x0000000713a00000, 0x0000000713a00000, 0x0000000713c00000|  0%| F|  |TAMS 0x0000000713a00000| PB 0x0000000713a00000| Untracked |  0
| 113|0x0000000713c00000, 0x0000000713c00000, 0x0000000713e00000|  0%| F|  |TAMS 0x0000000713c00000| PB 0x0000000713c00000| Untracked |  0
| 114|0x0000000713e00000, 0x0000000713e00000, 0x0000000714000000|  0%| F|  |TAMS 0x0000000713e00000| PB 0x0000000713e00000| Untracked |  0
| 115|0x0000000714000000, 0x0000000714000000, 0x0000000714200000|  0%| F|  |TAMS 0x0000000714000000| PB 0x0000000714000000| Untracked |  0
| 116|0x0000000714200000, 0x0000000714200000, 0x0000000714400000|  0%| F|  |TAMS 0x0000000714200000| PB 0x0000000714200000| Untracked |  0
| 117|0x0000000714400000, 0x0000000714400000, 0x0000000714600000|  0%| F|  |TAMS 0x0000000714400000| PB 0x0000000714400000| Untracked |  0
| 118|0x0000000714600000, 0x0000000714600000, 0x0000000714800000|  0%| F|  |TAMS 0x0000000714600000| PB 0x0000000714600000| Untracked |  0
| 119|0x0000000714800000, 0x0000000714800000, 0x0000000714a00000|  0%| F|  |TAMS 0x0000000714800000| PB 0x0000000714800000| Untracked |  0
| 120|0x0000000714a00000, 0x0000000714b07bc0, 0x0000000714c00000| 51%| E|  |TAMS 0x0000000714a00000| PB 0x0000000714a00000| Complete |  0
| 121|0x0000000714c00000, 0x0000000714e00000, 0x0000000714e00000|100%| E|CS|TAMS 0x0000000714c00000| PB 0x0000000714c00000| Complete |  0
| 122|0x0000000714e00000, 0x0000000715000000, 0x0000000715000000|100%| E|CS|TAMS 0x0000000714e00000| PB 0x0000000714e00000| Complete |  0
| 123|0x0000000715000000, 0x0000000715200000, 0x0000000715200000|100%| E|CS|TAMS 0x0000000715000000| PB 0x0000000715000000| Complete |  0
| 124|0x0000000715200000, 0x0000000715400000, 0x0000000715400000|100%| E|CS|TAMS 0x0000000715200000| PB 0x0000000715200000| Complete |  0
| 125|0x0000000715400000, 0x0000000715600000, 0x0000000715600000|100%| E|CS|TAMS 0x0000000715400000| PB 0x0000000715400000| Complete |  0

Card table byte_map: [0x0000013326800000,0x0000013326fe0000] _byte_map_base: 0x0000013322fd3000

Marking Bits: (CMBitMap*) 0x000001330dd94f90
 Bits: [0x0000013326fe0000, 0x000001332ae78000)

Polling page: 0x000001330bb20000

Metaspace:

Usage:
  Non-class:      1.34 MB used.
      Class:    138.84 KB used.
       Both:      1.48 MB used.

Virtual space:
  Non-class space:       64.00 MB reserved,       1.38 MB (  2%) committed,  1 nodes.
      Class space:        1.00 GB reserved,     192.00 KB ( <1%) committed,  1 nodes.
             Both:        1.06 GB reserved,       1.56 MB ( <1%) committed. 

Chunk freelists:
   Non-Class:  11.86 MB
       Class:  15.71 MB
        Both:  27.57 MB

MaxMetaspaceSize: unlimited
CompressedClassSpaceSize: 1.00 GB
Initial GC threshold: 21.00 MB
Current GC threshold: 21.00 MB
CDS: on
 - commit_granule_bytes: 65536.
 - commit_granule_words: 8192.
 - virtual_space_node_default_size: 8388608.
 - enlarge_chunks_in_place: 1.
 - use_allocation_guard: 0.


Internal statistics:

num_allocs_failed_limit: 0.
num_arena_births: 48.
num_arena_deaths: 0.
num_vsnodes_births: 2.
num_vsnodes_deaths: 0.
num_space_committed: 25.
num_space_uncommitted: 0.
num_chunks_returned_to_freelist: 0.
num_chunks_taken_from_freelist: 61.
num_chunk_merges: 0.
num_chunk_splits: 37.
num_chunks_enlarged: 22.
num_inconsistent_stats: 0.

CodeHeap 'non-profiled nmethods': size=119232Kb used=193Kb max_used=193Kb free=119038Kb
 bounds [0x000001331dff0000, 0x000001331e260000, 0x0000013325460000]
CodeHeap 'profiled nmethods': size=119104Kb used=627Kb max_used=627Kb free=118477Kb
 bounds [0x0000013316460000, 0x00000133166d0000, 0x000001331d8b0000]
CodeHeap 'non-nmethods': size=7424Kb used=3011Kb max_used=3035Kb free=4412Kb
 bounds [0x000001331d8b0000, 0x000001331dbb0000, 0x000001331dff0000]
CodeCache: size=245760Kb, used=3831Kb, max_used=3855Kb, free=241927Kb
 total_blobs=1028, nmethods=587, adapters=344, full_count=0
Compilation: enabled, stopped_count=0, restarted_count=0

Compilation events (20 events):
Event: 0.145 Thread 0x000001332e15b500 nmethod 551 0x00000133164f4608 code [0x00000133164f4780, 0x00000133164f4cc0]
Event: 0.145 Thread 0x000001332e3e4200  553       4       java.util.Objects::requireNonNull (15 bytes)
Event: 0.145 Thread 0x000001332e3e4200 nmethod 553 0x000001331e01cc88 code [0x000001331e01cd80, 0x000001331e01ce08]
Event: 0.146 Thread 0x000001332e3f0010 nmethod 419 0x000001331e01cf88 code [0x000001331e01d100, 0x000001331e01d408]
Event: 0.146 Thread 0x000001332e3ccd80  554       1       java.lang.Class::getModule (5 bytes)
Event: 0.146 Thread 0x000001332e3ccd80 nmethod 554 0x000001331e01d508 code [0x000001331e01d620, 0x000001331e01d6f0]
Event: 0.147 Thread 0x000001332e3ccd80  556       3       java.util.ArrayList::add (25 bytes)
Event: 0.147 Thread 0x000001332e1e30f0  557       3       java.util.ArrayList::add (23 bytes)
Event: 0.147 Thread 0x000001332e1e30f0 nmethod 557 0x00000133164f4d88 code [0x00000133164f4ec0, 0x00000133164f5250]
Event: 0.147 Thread 0x000001332e3ccd80 nmethod 556 0x00000133164f5288 code [0x00000133164f53e0, 0x00000133164f57e8]
Event: 0.147 Thread 0x000001332e3ccd80  558       3       jdk.internal.org.objectweb.asm.ByteVector::putInt (74 bytes)
Event: 0.147 Thread 0x000001332e3ccd80 nmethod 558 0x00000133164f5808 code [0x00000133164f5940, 0x00000133164f5b90]
Event: 0.147 Thread 0x000001332e3ccd80  559       1       java.util.concurrent.locks.AbstractQueuedSynchronizer::getState (5 bytes)
Event: 0.147 Thread 0x000001332e3ccd80 nmethod 559 0x000001331e01db08 code [0x000001331e01dc20, 0x000001331e01dce8]
Event: 0.148 Thread 0x000001332e3ccd80  560       3       java.lang.String::lastIndexOf (29 bytes)
Event: 0.148 Thread 0x000001332e1e37b0  561       3       java.lang.String::lastIndexOf (12 bytes)
Event: 0.148 Thread 0x000001332e3ccd80 nmethod 560 0x00000133164f5c08 code [0x00000133164f5d60, 0x00000133164f6000]
Event: 0.148 Thread 0x000001332e3e4200  562       4       java.lang.String::isEmpty (14 bytes)
Event: 0.148 Thread 0x000001332e1e37b0 nmethod 561 0x00000133164f6088 code [0x00000133164f6200, 0x00000133164f65f0]
Event: 0.148 Thread 0x000001332e3e4200 nmethod 562 0x000001331e01de08 code [0x000001331e01df00, 0x000001331e01dfa0]

GC Heap History (0 events):
No events

Dll operation events (8 events):
Event: 0.008 Loaded shared library C:\Users\asus\.jdks\openjdk-23\bin\java.dll
Event: 0.030 Loaded shared library C:\Users\asus\.jdks\openjdk-23\bin\jsvml.dll
Event: 0.046 Loaded shared library C:\Users\asus\.jdks\openjdk-23\bin\net.dll
Event: 0.047 Loaded shared library C:\Users\asus\.jdks\openjdk-23\bin\nio.dll
Event: 0.051 Loaded shared library C:\Users\asus\.jdks\openjdk-23\bin\zip.dll
Event: 0.125 Loaded shared library C:\Users\asus\.jdks\openjdk-23\bin\zip.dll
Event: 0.128 Loaded shared library C:\Users\asus\.jdks\openjdk-23\bin\instrument.dll
Event: 0.140 Loaded shared library C:\Program Files\JetBrains\IntelliJ IDEA 2024.2.1\bin\breakgen64.dll

Deoptimization events (20 events):
Event: 0.118 Thread 0x000001330b8243a0 Uncommon trap: trap_request=0xffffff45 fr.pc=0x000001331dffe63c relative=0x00000000000006bc
Event: 0.118 Thread 0x000001330b8243a0 Uncommon trap: reason=unstable_if action=reinterpret pc=0x000001331dffe63c method=java.util.ImmutableCollections$SetN.probe(Ljava/lang/Object;)I @ 34 c2
Event: 0.118 Thread 0x000001330b8243a0 DEOPT PACKING pc=0x000001331dffe63c sp=0x0000001f9e3feac0
Event: 0.118 Thread 0x000001330b8243a0 DEOPT UNPACKING pc=0x000001331d904402 sp=0x0000001f9e3fea60 mode 2
Event: 0.121 Thread 0x000001330b8243a0 Uncommon trap: trap_request=0xffffff45 fr.pc=0x000001331e002134 relative=0x00000000000005f4
Event: 0.121 Thread 0x000001330b8243a0 Uncommon trap: reason=unstable_if action=reinterpret pc=0x000001331e002134 method=java.lang.StringLatin1.newString([BII)Ljava/lang/String; @ 1 c2
Event: 0.121 Thread 0x000001330b8243a0 DEOPT PACKING pc=0x000001331e002134 sp=0x0000001f9e3fe910
Event: 0.121 Thread 0x000001330b8243a0 DEOPT UNPACKING pc=0x000001331d904402 sp=0x0000001f9e3fe870 mode 2
Event: 0.121 Thread 0x000001330b8243a0 Uncommon trap: trap_request=0xffffff45 fr.pc=0x000001331e0013b4 relative=0x00000000000004f4
Event: 0.121 Thread 0x000001330b8243a0 Uncommon trap: reason=unstable_if action=reinterpret pc=0x000001331e0013b4 method=java.lang.StringLatin1.newString([BII)Ljava/lang/String; @ 1 c2
Event: 0.121 Thread 0x000001330b8243a0 DEOPT PACKING pc=0x000001331e0013b4 sp=0x0000001f9e3fe890
Event: 0.121 Thread 0x000001330b8243a0 DEOPT UNPACKING pc=0x000001331d904402 sp=0x0000001f9e3fe870 mode 2
Event: 0.141 Thread 0x000001330b8243a0 Uncommon trap: trap_request=0xffffff45 fr.pc=0x000001331dff785c relative=0x000000000000005c
Event: 0.141 Thread 0x000001330b8243a0 Uncommon trap: reason=unstable_if action=reinterpret pc=0x000001331dff785c method=java.lang.String.isLatin1()Z @ 10 c2
Event: 0.141 Thread 0x000001330b8243a0 DEOPT PACKING pc=0x000001331dff785c sp=0x0000001f9e3fe400
Event: 0.141 Thread 0x000001330b8243a0 DEOPT UNPACKING pc=0x000001331d904402 sp=0x0000001f9e3fe390 mode 2
Event: 0.141 Thread 0x000001330b8243a0 Uncommon trap: trap_request=0xffffff45 fr.pc=0x000001331dffa454 relative=0x00000000000000b4
Event: 0.141 Thread 0x000001330b8243a0 Uncommon trap: reason=unstable_if action=reinterpret pc=0x000001331dffa454 method=java.lang.String.isLatin1()Z @ 10 c2
Event: 0.141 Thread 0x000001330b8243a0 DEOPT PACKING pc=0x000001331dffa454 sp=0x0000001f9e3fed70
Event: 0.141 Thread 0x000001330b8243a0 DEOPT UNPACKING pc=0x000001331d904402 sp=0x0000001f9e3fecb0 mode 2

Classes loaded (20 events):
Event: 0.146 Loading class java/net/StandardProtocolFamily
Event: 0.146 Loading class java/net/StandardProtocolFamily done
Event: 0.147 Loading class java/lang/InterruptedException
Event: 0.147 Loading class java/lang/InterruptedException done
Event: 0.147 Loading class java/lang/IllegalStateException
Event: 0.147 Loading class java/lang/IllegalStateException done
Event: 0.147 Loading class java/io/IOException
Event: 0.147 Loading class java/io/IOException done
Event: 0.147 Loading class java/net/SocksSocketImpl$3
Event: 0.147 Loading class java/net/SocksSocketImpl$3 done
Event: 0.147 Loading class java/net/ProxySelector
Event: 0.148 Loading class java/lang/IllegalAccessException
Event: 0.148 Loading class java/net/ProxySelector done
Event: 0.148 Loading class java/lang/IllegalAccessException done
Event: 0.148 Loading class sun/net/spi/DefaultProxySelector
Event: 0.148 Loading class sun/net/spi/DefaultProxySelector done
Event: 0.148 Loading class java/net/Proxy
Event: 0.148 Loading class java/net/Proxy done
Event: 0.148 Loading class java/net/Proxy$Type
Event: 0.148 Loading class java/net/Proxy$Type done

Classes unloaded (0 events):
No events

Classes redefined (0 events):
No events

Internal exceptions (10 events):
Event: 0.092 Thread 0x000001330b8243a0 Exception <a 'java/lang/NoSuchMethodError'{0x0000000714ebe6e0}: 'void java.lang.invoke.DirectMethodHandle$Holder.invokeVirtual(java.lang.Object, java.lang.Object)'> (0x0000000714ebe6e0) 
thrown [s\open\src\hotspot\share\interpreter\linkResolver.cpp, line 796]
Event: 0.093 Thread 0x000001330b8243a0 Exception <a 'java/lang/NoSuchMethodError'{0x0000000714ec9480}: 'java.lang.Object java.lang.invoke.DirectMethodHandle$Holder.invokeInterface(java.lang.Object, java.lang.Object, java.lang.Object)'> (0x0000000714ec9480) 
thrown [s\open\src\hotspot\share\interpreter\linkResolver.cpp, line 796]
Event: 0.113 Thread 0x000001330b8243a0 Exception <a 'java/lang/NoSuchMethodError'{0x0000000714c841a8}: 'void java.lang.invoke.DirectMethodHandle$Holder.invokeSpecial(java.lang.Object, java.lang.Object, java.lang.Object)'> (0x0000000714c841a8) 
thrown [s\open\src\hotspot\share\interpreter\linkResolver.cpp, line 796]
Event: 0.114 Thread 0x000001330b8243a0 Exception <a 'java/lang/NoSuchMethodError'{0x0000000714c94cf0}: 'void java.lang.invoke.DirectMethodHandle$Holder.invokeSpecial(java.lang.Object, java.lang.Object, java.lang.Object, java.lang.Object, java.lang.Object)'> (0x0000000714c94cf0) 
thrown [s\open\src\hotspot\share\interpreter\linkResolver.cpp, line 796]
Event: 0.116 Thread 0x000001330b8243a0 Exception <a 'java/lang/NoSuchMethodError'{0x0000000714ca9048}: 'java.lang.Object java.lang.invoke.DirectMethodHandle$Holder.invokeInterface(java.lang.Object, java.lang.Object)'> (0x0000000714ca9048) 
thrown [s\open\src\hotspot\share\interpreter\linkResolver.cpp, line 796]
Event: 0.117 Thread 0x000001330b8243a0 Exception <a 'java/lang/IncompatibleClassChangeError'{0x0000000714cac2d8}: Found class java.lang.Object, but interface was expected> (0x0000000714cac2d8) 
thrown [s\open\src\hotspot\share\interpreter\linkResolver.cpp, line 863]
Event: 0.117 Thread 0x000001330b8243a0 Exception <a 'java/lang/NoSuchMethodError'{0x0000000714caed38}: 'void java.lang.invoke.DirectMethodHandle$Holder.invokeStatic(java.lang.Object, java.lang.Object, java.lang.Object, java.lang.Object)'> (0x0000000714caed38) 
thrown [s\open\src\hotspot\share\interpreter\linkResolver.cpp, line 796]
Event: 0.137 Thread 0x000001330b8243a0 Exception <a 'java/lang/NoSuchMethodError'{0x0000000714d77f58}: 'java.lang.Object java.lang.invoke.Invokers$Holder.invokeExact_MT(java.lang.Object, java.lang.Object, java.lang.Object, java.lang.Object, java.lang.Object)'> (0x0000000714d77f58) 
thrown [s\open\src\hotspot\share\interpreter\linkResolver.cpp, line 796]
Event: 0.146 Thread 0x000001337440d960 Exception <a 'java/lang/ClassNotFoundException'{0x0000000714df1fc8}: jdk/net/ExtendedSocketOptions> (0x0000000714df1fc8) 
thrown [s\open\src\hotspot\share\classfile\systemDictionary.cpp, line 313]
Event: 0.147 Thread 0x000001337440d960 Exception <a 'java/lang/NoSuchMethodError'{0x0000000714df3738}: 'void java.lang.invoke.DirectMethodHandle$Holder.invokeStatic(java.lang.Object, java.lang.Object)'> (0x0000000714df3738) 
thrown [s\open\src\hotspot\share\interpreter\linkResolver.cpp, line 796]

VM Operations (4 events):
Event: 0.101 Executing VM operation: HandshakeAllThreads (Deoptimize)
Event: 0.101 Executing VM operation: HandshakeAllThreads (Deoptimize) done
Event: 0.115 Executing VM operation: HandshakeAllThreads (Deoptimize)
Event: 0.115 Executing VM operation: HandshakeAllThreads (Deoptimize) done

Memory protections (0 events):
No events

Nmethod flushes (0 events):
No events

Events (17 events):
Event: 0.020 Thread 0x000001330b8243a0 Thread added: 0x000001330b8243a0
Event: 0.028 Thread 0x000001330b8243a0 Thread added: 0x000001332e14d5d0
Event: 0.028 Thread 0x000001330b8243a0 Thread added: 0x000001332e14e230
Event: 0.028 Thread 0x000001330b8243a0 Thread added: 0x000001332e14f5d0
Event: 0.028 Thread 0x000001330b8243a0 Thread added: 0x000001332e150360
Event: 0.028 Thread 0x000001330b8243a0 Thread added: 0x000001332e152f00
Event: 0.028 Thread 0x000001330b8243a0 Thread added: 0x000001332e157cb0
Event: 0.028 Thread 0x000001330b8243a0 Thread added: 0x000001332e15aa50
Event: 0.028 Thread 0x000001330b8243a0 Thread added: 0x000001332e15b500
Event: 0.030 Thread 0x000001332e15b500 Thread added: 0x000001332e1e30f0
Event: 0.030 Thread 0x000001332e15b500 Thread added: 0x000001332e1e37b0
Event: 0.043 Thread 0x000001330b8243a0 Thread added: 0x000001332e320790
Event: 0.063 Thread 0x000001332e1e30f0 Thread added: 0x000001332e3ccd80
Event: 0.071 Thread 0x000001332e3ccd80 Thread added: 0x000001332e3f0010
Event: 0.073 Thread 0x000001332e3f0010 Thread added: 0x000001332e3e4200
Event: 0.141 Thread 0x000001330b8243a0 Thread added: 0x000001337440d960
Event: 0.141 Thread 0x000001330b8243a0 Thread added: 0x000001337440dfd0


Dynamic libraries:
0x00007ff7dd830000 - 0x00007ff7dd83e000 	C:\Users\asus\.jdks\openjdk-23\bin\java.exe
0x00007ffb5fdd0000 - 0x00007ffb5ffe7000 	C:\WINDOWS\SYSTEM32\ntdll.dll
0x00007ffb5f6e0000 - 0x00007ffb5f7a4000 	C:\WINDOWS\System32\KERNEL32.DLL
0x00007ffb5d1f0000 - 0x00007ffb5d5a9000 	C:\WINDOWS\System32\KERNELBASE.dll
0x00007ffb5d0d0000 - 0x00007ffb5d1e1000 	C:\WINDOWS\System32\ucrtbase.dll
0x00007ffb568e0000 - 0x00007ffb568f7000 	C:\Users\asus\.jdks\openjdk-23\bin\jli.dll
0x00007ffb56900000 - 0x00007ffb5691b000 	C:\Users\asus\.jdks\openjdk-23\bin\VCRUNTIME140.dll
0x00007ffb5dec0000 - 0x00007ffb5e06e000 	C:\WINDOWS\System32\USER32.dll
0x00007ffb5dac0000 - 0x00007ffb5dae6000 	C:\WINDOWS\System32\win32u.dll
0x00007ffb5f5e0000 - 0x00007ffb5f609000 	C:\WINDOWS\System32\GDI32.dll
0x00007ffb5d9a0000 - 0x00007ffb5dabb000 	C:\WINDOWS\System32\gdi32full.dll
0x00007ffb45100000 - 0x00007ffb45392000 	C:\WINDOWS\WinSxS\amd64_microsoft.windows.common-controls_6595b64144ccf1df_6.0.22621.4391_none_2715d37f73803e96\COMCTL32.dll
0x00007ffb5d5e0000 - 0x00007ffb5d67a000 	C:\WINDOWS\System32\msvcp_win.dll
0x00007ffb5db40000 - 0x00007ffb5dbe7000 	C:\WINDOWS\System32\msvcrt.dll
0x00007ffb5fd40000 - 0x00007ffb5fd71000 	C:\WINDOWS\System32\IMM32.DLL
0x00007ffb568d0000 - 0x00007ffb568dc000 	C:\Users\asus\.jdks\openjdk-23\bin\vcruntime140_1.dll
0x00007ffb433f0000 - 0x00007ffb4347e000 	C:\Users\asus\.jdks\openjdk-23\bin\msvcp140.dll
0x00007ffadc020000 - 0x00007ffadcd6f000 	C:\Users\asus\.jdks\openjdk-23\bin\server\jvm.dll
0x00007ffb5f040000 - 0x00007ffb5f0f2000 	C:\WINDOWS\System32\ADVAPI32.dll
0x00007ffb5f630000 - 0x00007ffb5f6d7000 	C:\WINDOWS\System32\sechost.dll
0x00007ffb5d5b0000 - 0x00007ffb5d5d8000 	C:\WINDOWS\System32\bcrypt.dll
0x00007ffb5eda0000 - 0x00007ffb5eeb4000 	C:\WINDOWS\System32\RPCRT4.dll
0x00007ffb5eec0000 - 0x00007ffb5ef31000 	C:\WINDOWS\System32\WS2_32.dll
0x00007ffb5cd40000 - 0x00007ffb5cd8d000 	C:\WINDOWS\SYSTEM32\POWRPROF.dll
0x00007ffb56730000 - 0x00007ffb56764000 	C:\WINDOWS\SYSTEM32\WINMM.dll
0x00007ffb46190000 - 0x00007ffb4619a000 	C:\WINDOWS\SYSTEM32\VERSION.dll
0x00007ffb5cb40000 - 0x00007ffb5cb53000 	C:\WINDOWS\SYSTEM32\UMPDC.dll
0x00007ffb5c110000 - 0x00007ffb5c128000 	C:\WINDOWS\SYSTEM32\kernel.appcore.dll
0x00007ffb568c0000 - 0x00007ffb568ca000 	C:\Users\asus\.jdks\openjdk-23\bin\jimage.dll
0x00007ffb5a900000 - 0x00007ffb5ab32000 	C:\WINDOWS\SYSTEM32\DBGHELP.DLL
0x00007ffb5e070000 - 0x00007ffb5e3ff000 	C:\WINDOWS\System32\combase.dll
0x00007ffb5ef50000 - 0x00007ffb5f027000 	C:\WINDOWS\System32\OLEAUT32.dll
0x00007ffb43a90000 - 0x00007ffb43ac2000 	C:\WINDOWS\SYSTEM32\dbgcore.DLL
0x00007ffb5d6f0000 - 0x00007ffb5d76b000 	C:\WINDOWS\System32\bcryptPrimitives.dll
0x00007ffb56b20000 - 0x00007ffb56b2f000 	C:\Users\asus\.jdks\openjdk-23\bin\instrument.dll
0x00007ffb568a0000 - 0x00007ffb568be000 	C:\Users\asus\.jdks\openjdk-23\bin\java.dll
0x00007ffb5dbf0000 - 0x00007ffb5dd95000 	C:\WINDOWS\System32\ole32.dll
0x00007ffb5e4c0000 - 0x00007ffb5ed36000 	C:\WINDOWS\System32\SHELL32.dll
0x00007ffb5b010000 - 0x00007ffb5b913000 	C:\WINDOWS\SYSTEM32\windows.storage.dll
0x00007ffb5aed0000 - 0x00007ffb5b00f000 	C:\WINDOWS\SYSTEM32\wintypes.dll
0x00007ffb5f840000 - 0x00007ffb5f939000 	C:\WINDOWS\System32\SHCORE.dll
0x00007ffb5faa0000 - 0x00007ffb5fafe000 	C:\WINDOWS\System32\shlwapi.dll
0x00007ffb5d000000 - 0x00007ffb5d02b000 	C:\WINDOWS\SYSTEM32\profapi.dll
0x00007ffb43310000 - 0x00007ffb433e7000 	C:\Users\asus\.jdks\openjdk-23\bin\jsvml.dll
0x00007ffb56870000 - 0x00007ffb56880000 	C:\Users\asus\.jdks\openjdk-23\bin\net.dll
0x00007ffb5c590000 - 0x00007ffb5c5f9000 	C:\WINDOWS\system32\mswsock.dll
0x00007ffb56360000 - 0x00007ffb56376000 	C:\Users\asus\.jdks\openjdk-23\bin\nio.dll
0x00007ffb495a0000 - 0x00007ffb495b7000 	C:\Users\asus\.jdks\openjdk-23\bin\zip.dll
0x00007ffb49220000 - 0x00007ffb4923a000 	C:\Program Files\JetBrains\IntelliJ IDEA 2024.2.1\bin\breakgen64.dll

dbghelp: loaded successfully - version: 4.0.5 - missing functions: none
symbol engine: initialized successfully - sym options: 0x614 - pdb path: .;C:\Users\asus\.jdks\openjdk-23\bin;C:\WINDOWS\SYSTEM32;C:\WINDOWS\WinSxS\amd64_microsoft.windows.common-controls_6595b64144ccf1df_6.0.22621.4391_none_2715d37f73803e96;C:\Users\asus\.jdks\openjdk-23\bin\server;C:\Program Files\JetBrains\IntelliJ IDEA 2024.2.1\bin

VM Arguments:
jvm_args: -Xlog:gc*:stdout:time -javaagent:C:\Program Files\JetBrains\IntelliJ IDEA 2024.2.1\lib\idea_rt.jar=55380:C:\Program Files\JetBrains\IntelliJ IDEA 2024.2.1\bin -Dfile.encoding=UTF-8 -Dsun.stdout.encoding=UTF-8 -Dsun.stderr.encoding=UTF-8 --module-path=C:\Users\asus\.m2\repository\org\openjfx\javafx-base\17.0.6\javafx-base-17.0.6-win.jar;C:\Users\asus\.m2\repository\org\openjfx\javafx-controls\17.0.6\javafx-controls-17.0.6-win.jar;C:\Users\asus\.m2\repository\org\openjfx\javafx-fxml\17.0.6\javafx-fxml-17.0.6-win.jar;C:\Users\asus\.m2\repository\org\openjfx\javafx-graphics\17.0.6\javafx-graphics-17.0.6-win.jar;C:\Users\asus\Desktop\OOP\BTL\GHEP_MAL\target\classes;C:\Users\asus\.m2\repository\com\mysql\mysql-connector-j\8.0.33\mysql-connector-j-8.0.33.jar -Djdk.module.main=com.example.lib 
java_command: com.example.lib/com.example.lib.Main
java_class_path (initial): C:\Users\asus\.m2\repository\org\openjfx\javafx-controls\17.0.6\javafx-controls-17.0.6.jar;C:\Users\asus\.m2\repository\org\openjfx\javafx-graphics\17.0.6\javafx-graphics-17.0.6.jar;C:\Users\asus\.m2\repository\org\openjfx\javafx-base\17.0.6\javafx-base-17.0.6.jar;C:\Users\asus\.m2\repository\org\openjfx\javafx-fxml\17.0.6\javafx-fxml-17.0.6.jar;C:\Users\asus\.m2\repository\com\google\protobuf\protobuf-java\3.21.9\protobuf-java-3.21.9.jar
Launcher Type: SUN_STANDARD

[Global flags]
     intx CICompilerCount                          = 12                                        {product} {ergonomic}
     uint ConcGCThreads                            = 4                                         {product} {ergonomic}
     uint G1ConcRefinementThreads                  = 15                                        {product} {ergonomic}
   size_t G1HeapRegionSize                         = 2097152                                   {product} {ergonomic}
   size_t InitialHeapSize                          = 264241152                                 {product} {ergonomic}
   size_t MarkStackSize                            = 4194304                                   {product} {ergonomic}
   size_t MarkStackSizeMax                         = 536870912                                 {product} {ergonomic}
   size_t MaxHeapSize                              = 4200595456                                {product} {ergonomic}
   size_t MaxNewSize                               = 2518679552                                {product} {ergonomic}
   size_t MinHeapDeltaBytes                        = 2097152                                   {product} {ergonomic}
   size_t MinHeapSize                              = 8388608                                   {product} {ergonomic}
    uintx NonNMethodCodeHeapSize                   = 7602176                                {pd product} {ergonomic}
    uintx NonProfiledCodeHeapSize                  = 122093568                              {pd product} {ergonomic}
    uintx ProfiledCodeHeapSize                     = 121962496                              {pd product} {ergonomic}
    uintx ReservedCodeCacheSize                    = 251658240                              {pd product} {ergonomic}
     bool SegmentedCodeCache                       = true                                      {product} {ergonomic}
   size_t SoftMaxHeapSize                          = 4200595456                             {manageable} {ergonomic}
     bool UseCompressedOops                        = true                           {product lp64_product} {ergonomic}
     bool UseG1GC                                  = true                                      {product} {ergonomic}
     bool UseLargePagesIndividualAllocation        = false                                  {pd product} {ergonomic}

Logging:
Log output configuration:
 #0: stdout all=warning,gc*=info time foldmultilines=false
 #1: stderr all=off uptime,level,tags foldmultilines=false

Environment Variables:
JAVA_HOME=C:\Program Files\Java\jdk-1.8
PATH=C:\Program Files\Java\jdk-1.8\bin;C:\Program Files (x86)\Common Files\Oracle\Java\javapath;C:\WINDOWS\system32;C:\WINDOWS;C:\WINDOWS\System32\Wbem;C:\WINDOWS\System32\WindowsPowerShell\v1.0\;C:\WINDOWS\System32\OpenSSH\;C:\Program Files\Java\jdk-22\bin;C:\Program Files\Git\cmd;C:\Program Files\MySQL\MySQL Server 8.0\bin;C:\msys64\ucrt64\bin;C:\Users\asus\AppData\Local\Programs\Microsoft VS Code\bin;C:\Program Files\JetBrains\IntelliJ IDEA 2024.2.1\bin;;C:\Users\asus\AppData\Local\GitHubDesktop\bin
USERNAME=asus
OS=Windows_NT
PROCESSOR_IDENTIFIER=Intel64 Family 6 Model 186 Stepping 2, GenuineIntel
TMP=C:\Users\asus\AppData\Local\Temp
TEMP=C:\Users\asus\AppData\Local\Temp




Periodic native trim disabled

---------------  S Y S T E M  ---------------

OS:
 Windows 11 , 64 bit Build 22621 (10.0.22621.4391)
OS uptime: 2 days 5:35 hours

CPU: total 20 (initial active 20) (10 cores per cpu, 2 threads per core) family 6 model 186 stepping 2 microcode 0x410e, cx8, cmov, fxsr, ht, mmx, 3dnowpref, sse, sse2, sse3, ssse3, sse4.1, sse4.2, popcnt, lzcnt, tsc, tscinvbit, avx, avx2, aes, erms, clmul, bmi1, bmi2, adx, sha, fma, vzeroupper, clflush, clflushopt, clwb, serialize, rdtscp, rdpid, fsrm, gfni, f16c, pku, cet_ibt, cet_ss
Processor Information for processor 0
  Max Mhz: 2600, Current Mhz: 2600, Mhz Limit: 2600
Processor Information for processor 1
  Max Mhz: 2600, Current Mhz: 2600, Mhz Limit: 2600
Processor Information for processor 2
  Max Mhz: 2600, Current Mhz: 2600, Mhz Limit: 2600
Processor Information for processor 3
  Max Mhz: 2600, Current Mhz: 2600, Mhz Limit: 2600
Processor Information for processor 4
  Max Mhz: 2600, Current Mhz: 2600, Mhz Limit: 2600
Processor Information for processor 5
  Max Mhz: 2600, Current Mhz: 2600, Mhz Limit: 2600
Processor Information for processor 6
  Max Mhz: 2600, Current Mhz: 2600, Mhz Limit: 2600
Processor Information for processor 7
  Max Mhz: 2600, Current Mhz: 2600, Mhz Limit: 2600
Processor Information for processor 8
  Max Mhz: 2600, Current Mhz: 2600, Mhz Limit: 2600
Processor Information for processor 9
  Max Mhz: 2600, Current Mhz: 2600, Mhz Limit: 2600
Processor Information for processor 10
  Max Mhz: 2600, Current Mhz: 2600, Mhz Limit: 2600
Processor Information for processor 11
  Max Mhz: 2600, Current Mhz: 2600, Mhz Limit: 2600
Processor Information for processor 12
  Max Mhz: 2600, Current Mhz: 1900, Mhz Limit: 1898
Processor Information for processor 13
  Max Mhz: 2600, Current Mhz: 1900, Mhz Limit: 1898
Processor Information for processor 14
  Max Mhz: 2600, Current Mhz: 1500, Mhz Limit: 1898
Processor Information for processor 15
  Max Mhz: 2600, Current Mhz: 1900, Mhz Limit: 1898
Processor Information for processor 16
  Max Mhz: 2600, Current Mhz: 1900, Mhz Limit: 1898
Processor Information for processor 17
  Max Mhz: 2600, Current Mhz: 1900, Mhz Limit: 1898
Processor Information for processor 18
  Max Mhz: 2600, Current Mhz: 1900, Mhz Limit: 1898
Processor Information for processor 19
  Max Mhz: 2600, Current Mhz: 1500, Mhz Limit: 1898

Memory: 4k page, system-wide physical 16016M (671M free)
TotalPageFile size 35216M (AvailPageFile size 3M)
current process WorkingSet (physical memory assigned to process): 66M, peak: 66M
current process commit charge ("private bytes"): 371M, peak: 372M

vm_info: OpenJDK 64-Bit Server VM (23+37-2369) for windows-amd64 JRE (23+37-2369), built on 2024-08-20T16:01:23Z with MS VC++ 17.6 (VS2022)

END.
