#
# There is insufficient memory for the Java Runtime Environment to continue.
# Native memory allocation (malloc) failed to allocate 869376 bytes. Error detail: Chunk::new
# Possible reasons:
#   The system is out of physical RAM or swap space
#   This process is running with CompressedOops enabled, and the Java Heap may be blocking the growth of the native heap
# Possible solutions:
#   Reduce memory load on the system
#   Increase physical memory or swap space
#   Check if swap backing store is full
#   Decrease Java heap size (-Xmx/-Xms)
#   Decrease number of Java threads
#   Decrease Java thread stack sizes (-Xss)
#   Set larger code cache with -XX:ReservedCodeCacheSize=
#   JVM is running with Zero Based Compressed Oops mode in which the Java heap is
#     placed in the first 32GB address space. The Java Heap base address is the
#     maximum limit for the native heap growth. Please use -XX:HeapBaseMinAddress
#     to set the Java Heap base and to place the Java Heap above 32GB virtual address.
# This output file may be truncated or incomplete.
#
#  Out of Memory Error (arena.cpp:149), pid=55560, tid=50860
#
# JRE version: OpenJDK Runtime Environment (23.0+37) (build 23+37-2369)
# Java VM: OpenJDK 64-Bit Server VM (23+37-2369, mixed mode, sharing, tiered, compressed oops, compressed class ptrs, g1 gc, windows-amd64)
# No core dump will be written. Minidumps are not enabled by default on client versions of Windows
#

---------------  S U M M A R Y ------------

Command Line: -javaagent:C:\Program Files\JetBrains\IntelliJ IDEA 2024.2.1\lib\idea_rt.jar=54652:C:\Program Files\JetBrains\IntelliJ IDEA 2024.2.1\bin -Dfile.encoding=UTF-8 -Dsun.stdout.encoding=UTF-8 -Dsun.stderr.encoding=UTF-8 --module-path=C:\Users\asus\.m2\repository\org\openjfx\javafx-graphics\17.0.6\javafx-graphics-17.0.6-win.jar;C:\Users\asus\Documents\GitHub\Lib-management\lib\target\classes;C:\Users\asus\.m2\repository\org\openjfx\javafx-controls\17.0.6\javafx-controls-17.0.6-win.jar;C:\Users\asus\.m2\repository\org\openjfx\javafx-base\17.0.6\javafx-base-17.0.6-win.jar;C:\Users\asus\.m2\repository\org\openjfx\javafx-fxml\17.0.6\javafx-fxml-17.0.6-win.jar;C:\Users\asus\.m2\repository\com\mysql\mysql-connector-j\8.0.33\mysql-connector-j-8.0.33.jar -Djdk.module.main=com.example.lib com.example.lib/com.example.lib.Main

Host: 13th Gen Intel(R) Core(TM) i9-13900H, 20 cores, 15G,  Windows 11 , 64 bit Build 22621 (10.0.22621.3958)
Time: Sat Nov  9 01:19:30 2024 SE Asia Standard Time elapsed time: 0.995326 seconds (0d 0h 0m 0s)

---------------  T H R E A D  ---------------

Current thread (0x0000022dbf639cb0):  JavaThread "C2 CompilerThread1" daemon [_thread_in_native, id=50860, stack(0x0000005918000000,0x0000005918100000) (1024K)]


Current CompileTask:
C2:995 2555       4       java.lang.invoke.MethodType::makeImpl (109 bytes)

Stack: [0x0000005918000000,0x0000005918100000]
Native frames: (J=compiled Java code, j=interpreted, Vv=VM code, C=native code)
V  [jvm.dll+0x6e08a9]  (no source info available)
V  [jvm.dll+0x87da63]  (no source info available)
V  [jvm.dll+0x87feee]  (no source info available)
V  [jvm.dll+0x8805c3]  (no source info available)
V  [jvm.dll+0x27aee6]  (no source info available)
V  [jvm.dll+0xbc06f]  (no source info available)
V  [jvm.dll+0xbc2cb]  (no source info available)
V  [jvm.dll+0x2ee94d]  (no source info available)
V  [jvm.dll+0x6063c9]  (no source info available)
V  [jvm.dll+0x24ddf2]  (no source info available)
V  [jvm.dll+0x24671d]  (no source info available)
V  [jvm.dll+0x243d04]  (no source info available)
V  [jvm.dll+0x1c33a0]  (no source info available)
V  [jvm.dll+0x253cf1]  (no source info available)
V  [jvm.dll+0x251faa]  (no source info available)
V  [jvm.dll+0x3ee036]  (no source info available)
V  [jvm.dll+0x824f1b]  (no source info available)
V  [jvm.dll+0x6df055]  (no source info available)
C  [ucrtbase.dll+0x29333]  (no source info available)
C  [KERNEL32.DLL+0x1257d]  (no source info available)
C  [ntdll.dll+0x5af08]  (no source info available)

Lock stack of current Java thread (top to bottom):


---------------  P R O C E S S  ---------------

Threads class SMR info:
_java_thread_list=0x0000022e0f1b5180, length=25, elements={
0x0000022d9caf2ed0, 0x0000022dbe948e60, 0x0000022dbe949c80, 0x0000022dbe94bf10,
0x0000022dbe94ed30, 0x0000022dbe94fba0, 0x0000022dbe950600, 0x0000022dbe95a7b0,
0x0000022dbf430090, 0x0000022dbf492640, 0x0000022dbf598770, 0x0000022dbf634730,
0x0000022dbf634df0, 0x0000022dbf639cb0, 0x0000022e05f28330, 0x0000022e0614db20,
0x0000022e05b6bbe0, 0x0000022e06383d50, 0x0000022e06373190, 0x0000022e06548640,
0x0000022e065499f0, 0x0000022e0669f670, 0x0000022e0e4dfe20, 0x0000022e06548cd0,
0x0000022e06549360
}

Java Threads: ( => current thread )
  0x0000022d9caf2ed0 JavaThread "main"                              [_thread_blocked, id=32664, stack(0x0000005916c00000,0x0000005916d00000) (1024K)]
  0x0000022dbe948e60 JavaThread "Reference Handler"          daemon [_thread_blocked, id=12336, stack(0x0000005917400000,0x0000005917500000) (1024K)]
  0x0000022dbe949c80 JavaThread "Finalizer"                  daemon [_thread_blocked, id=11800, stack(0x0000005917500000,0x0000005917600000) (1024K)]
  0x0000022dbe94bf10 JavaThread "Signal Dispatcher"          daemon [_thread_blocked, id=41956, stack(0x0000005917600000,0x0000005917700000) (1024K)]
  0x0000022dbe94ed30 JavaThread "Attach Listener"            daemon [_thread_blocked, id=16344, stack(0x0000005917700000,0x0000005917800000) (1024K)]
  0x0000022dbe94fba0 JavaThread "Service Thread"             daemon [_thread_blocked, id=16400, stack(0x0000005917800000,0x0000005917900000) (1024K)]
  0x0000022dbe950600 JavaThread "Monitor Deflation Thread"   daemon [_thread_blocked, id=56092, stack(0x0000005917900000,0x0000005917a00000) (1024K)]
  0x0000022dbe95a7b0 JavaThread "C2 CompilerThread0"         daemon [_thread_blocked, id=50372, stack(0x0000005917a00000,0x0000005917b00000) (1024K)]
  0x0000022dbf430090 JavaThread "C1 CompilerThread0"         daemon [_thread_in_native, id=29080, stack(0x0000005917b00000,0x0000005917c00000) (1024K)]
  0x0000022dbf492640 JavaThread "C1 CompilerThread1"         daemon [_thread_blocked, id=25196, stack(0x0000005917c00000,0x0000005917d00000) (1024K)]
  0x0000022dbf598770 JavaThread "Common-Cleaner"             daemon [_thread_blocked, id=53488, stack(0x0000005917d00000,0x0000005917e00000) (1024K)]
  0x0000022dbf634730 JavaThread "C1 CompilerThread2"         daemon [_thread_blocked, id=44260, stack(0x0000005917e00000,0x0000005917f00000) (1024K)]
  0x0000022dbf634df0 JavaThread "C1 CompilerThread3"         daemon [_thread_in_vm, id=46968, stack(0x0000005917f00000,0x0000005918000000) (1024K)]
=>0x0000022dbf639cb0 JavaThread "C2 CompilerThread1"         daemon [_thread_in_native, id=50860, stack(0x0000005918000000,0x0000005918100000) (1024K)]
  0x0000022e05f28330 JavaThread "Monitor Ctrl-Break"         daemon [_thread_in_native, id=38896, stack(0x0000005918500000,0x0000005918600000) (1024K)]
  0x0000022e0614db20 JavaThread "Notification Thread"        daemon [_thread_blocked, id=52784, stack(0x0000005918600000,0x0000005918700000) (1024K)]
  0x0000022e05b6bbe0 JavaThread "QuantumRenderer-0"          daemon [_thread_blocked, id=5932, stack(0x0000005918700000,0x0000005918800000) (1024K)]
  0x0000022e06383d50 JavaThread "InvokeLaterDispatcher"      daemon [_thread_blocked, id=50528, stack(0x0000005918c00000,0x0000005918d00000) (1024K)]
  0x0000022e06373190 JavaThread "JavaFX Application Thread"         [_thread_in_native_trans, id=39512, stack(0x0000005918d00000,0x0000005918e00000) (1024K)]
  0x0000022e06548640 JavaThread "Thread-1"                   daemon [_thread_in_native, id=50232, stack(0x0000005918100000,0x0000005918200000) (1024K)]
  0x0000022e065499f0 JavaThread "JavaFX-Launcher"                   [_thread_blocked, id=28128, stack(0x0000005919100000,0x0000005919200000) (1024K)]
  0x0000022e0669f670 JavaThread "C2 CompilerThread2"         daemon [_thread_in_native, id=54436, stack(0x0000005919200000,0x0000005919300000) (1024K)]
  0x0000022e0e4dfe20 JavaThread "C2 CompilerThread3"         daemon [_thread_in_native, id=48560, stack(0x0000005919300000,0x0000005919400000) (1024K)]
  0x0000022e06548cd0 JavaThread "mysql-cj-abandoned-connection-cleanup" daemon [_thread_blocked, id=55260, stack(0x0000005919a00000,0x0000005919b00000) (1024K)]
  0x0000022e06549360 JavaThread "Prism Font Disposer"        daemon [_thread_blocked, id=20900, stack(0x000000591a400000,0x000000591a500000) (1024K)]
Total: 25

Other Threads:
  0x0000022dbe92e440 VMThread "VM Thread"                           [id=35800, stack(0x0000005917300000,0x0000005917400000) (1024K)]
  0x0000022dbe918990 WatcherThread "VM Periodic Task Thread"        [id=33884, stack(0x0000005917200000,0x0000005917300000) (1024K)]
  0x0000022d9f0216f0 WorkerThread "GC Thread#0"                     [id=55152, stack(0x0000005916d00000,0x0000005916e00000) (1024K)]
  0x0000022e06587690 WorkerThread "GC Thread#1"                     [id=55392, stack(0x0000005918200000,0x0000005918300000) (1024K)]
  0x0000022e06587a40 WorkerThread "GC Thread#2"                     [id=48268, stack(0x0000005918300000,0x0000005918400000) (1024K)]
  0x0000022e06587df0 WorkerThread "GC Thread#3"                     [id=6340, stack(0x0000005918400000,0x0000005918500000) (1024K)]
  0x0000022e06569e50 WorkerThread "GC Thread#4"                     [id=29940, stack(0x0000005918f00000,0x0000005919000000) (1024K)]
  0x0000022e065696f0 WorkerThread "GC Thread#5"                     [id=49476, stack(0x0000005919000000,0x0000005919100000) (1024K)]
  0x0000022e06569aa0 WorkerThread "GC Thread#6"                     [id=30848, stack(0x0000005919400000,0x0000005919500000) (1024K)]
  0x0000022e0656a5b0 WorkerThread "GC Thread#7"                     [id=53436, stack(0x0000005919500000,0x0000005919600000) (1024K)]
  0x0000022e06568f90 WorkerThread "GC Thread#8"                     [id=27936, stack(0x0000005919600000,0x0000005919700000) (1024K)]
  0x0000022e06569340 WorkerThread "GC Thread#9"                     [id=40804, stack(0x0000005919700000,0x0000005919800000) (1024K)]
  0x0000022e06568be0 WorkerThread "GC Thread#10"                    [id=49004, stack(0x0000005919800000,0x0000005919900000) (1024K)]
  0x0000022e0e53d3d0 WorkerThread "GC Thread#11"                    [id=41604, stack(0x0000005919900000,0x0000005919a00000) (1024K)]
  0x0000022e0e53c160 WorkerThread "GC Thread#12"                    [id=22188, stack(0x0000005919e00000,0x0000005919f00000) (1024K)]
  0x0000022e0e53aef0 WorkerThread "GC Thread#13"                    [id=5872, stack(0x0000005919f00000,0x000000591a000000) (1024K)]
  0x0000022e0e53b2a0 WorkerThread "GC Thread#14"                    [id=6768, stack(0x000000591a000000,0x000000591a100000) (1024K)]
  0x0000022d9f036f40 ConcurrentGCThread "G1 Main Marker"            [id=54296, stack(0x0000005916e00000,0x0000005916f00000) (1024K)]
  0x0000022d9f037960 WorkerThread "G1 Conc#0"                       [id=54032, stack(0x0000005916f00000,0x0000005917000000) (1024K)]
  0x0000022e0e53b650 WorkerThread "G1 Conc#1"                       [id=5928, stack(0x000000591a100000,0x000000591a200000) (1024K)]
  0x0000022e0e53c510 WorkerThread "G1 Conc#2"                       [id=55956, stack(0x000000591a200000,0x000000591a300000) (1024K)]
  0x0000022e0e53a3e0 WorkerThread "G1 Conc#3"                       [id=26580, stack(0x000000591a300000,0x000000591a400000) (1024K)]
  0x0000022dbe7eb060 ConcurrentGCThread "G1 Refine#0"               [id=51080, stack(0x0000005917000000,0x0000005917100000) (1024K)]
  0x0000022dbe7ed8a0 ConcurrentGCThread "G1 Service"                [id=54656, stack(0x0000005917100000,0x0000005917200000) (1024K)]
Total: 24

Threads with active compile tasks:
C1 CompilerThread0  1038 2621       3       javafx.collections.ListChangeBuilder$SingleChange::next (16 bytes)
C1 CompilerThread1  1038 2622       3       javafx.beans.binding.BooleanExpression::<init> (5 bytes)
C2 CompilerThread1  1038 2555       4       java.lang.invoke.MethodType::makeImpl (109 bytes)
C2 CompilerThread2  1038 2598   !   4       java.util.concurrent.ConcurrentHashMap::putVal (432 bytes)
C2 CompilerThread3  1038 2599       4       java.lang.invoke.MethodType::methodType (69 bytes)
Total: 5

VM state: not at safepoint (normal execution)

VM Mutex/Monitor currently owned by a thread:  ([mutex/lock_event])
[0x00007ff9f0d93f10] SystemDictionary_lock - owner thread: 0x0000000000000000

Heap address: 0x0000000705a00000, size: 4006 MB, Compressed Oops mode: Zero based, Oop shift amount: 3

CDS archive(s) mapped at: [0x0000022dc0000000-0x0000022dc0d70000-0x0000022dc0d70000), size 14090240, SharedBaseAddress: 0x0000022dc0000000, ArchiveRelocationMode: 1.
Compressed class space mapped at: 0x0000022dc1000000-0x0000022e01000000, reserved size: 1073741824
Narrow klass base: 0x0000022dc0000000, Narrow klass shift: 0, Narrow klass range: 0x41000000

GC Precious Log:
 CardTable entry size: 512
 Card Set container configuration: InlinePtr #cards 4 size 8 Array Of Cards #cards 16 size 48 Howl #buckets 8 coarsen threshold 3686 Howl Bitmap #cards 512 size 80 coarsen threshold 460 Card regions per heap region 1 cards per card region 4096
 CPUs: 20 total, 20 available
 Memory: 16016M
 Large Page Support: Disabled
 NUMA Support: Disabled
 Compressed Oops: Enabled (Zero based)
 Heap Region Size: 2M
 Heap Min Capacity: 8M
 Heap Initial Capacity: 252M
 Heap Max Capacity: 4006M
 Pre-touch: Disabled
 Parallel Workers: 15
 Concurrent Workers: 4
 Concurrent Refinement Workers: 15
 Periodic GC: Disabled

Heap:
 garbage-first heap   total reserved 4102144K, committed 55296K, used 16155K [0x0000000705a00000, 0x0000000800000000)
  region size 2048K, 6 young (12288K), 4 survivors (8192K)
 Metaspace       used 21490K, committed 21824K, reserved 1114112K
  class space    used 2864K, committed 3008K, reserved 1048576K

Heap Regions: E=young(eden), S=young(survivor), O=old, HS=humongous(starts), HC=humongous(continues), CS=collection set, F=free, TAMS=top-at-mark-start, PB=parsable bottom
|   0|0x0000000705a00000, 0x0000000705c00000, 0x0000000705c00000|100%| O|  |TAMS 0x0000000705a00000| PB 0x0000000705a00000| Untracked |  0
|   1|0x0000000705c00000, 0x0000000705ca5480, 0x0000000705e00000| 32%| O|  |TAMS 0x0000000705c00000| PB 0x0000000705c00000| Untracked |  0
|   2|0x0000000705e00000, 0x0000000706000000, 0x0000000706000000|100%|HS|  |TAMS 0x0000000705e00000| PB 0x0000000705e00000| Complete |  0
|   3|0x0000000706000000, 0x0000000706200000, 0x0000000706200000|100%|HC|  |TAMS 0x0000000706000000| PB 0x0000000706000000| Complete |  0
|   4|0x0000000706200000, 0x0000000706200000, 0x0000000706400000|  0%| F|  |TAMS 0x0000000706200000| PB 0x0000000706200000| Untracked |  0
|   5|0x0000000706400000, 0x0000000706400000, 0x0000000706600000|  0%| F|  |TAMS 0x0000000706400000| PB 0x0000000706400000| Untracked |  0
|   6|0x0000000706600000, 0x0000000706600000, 0x0000000706800000|  0%| F|  |TAMS 0x0000000706600000| PB 0x0000000706600000| Untracked |  0
|   7|0x0000000706800000, 0x0000000706800000, 0x0000000706a00000|  0%| F|  |TAMS 0x0000000706800000| PB 0x0000000706800000| Untracked |  0
|   8|0x0000000706a00000, 0x0000000706a00000, 0x0000000706c00000|  0%| F|  |TAMS 0x0000000706a00000| PB 0x0000000706a00000| Untracked |  0
|   9|0x0000000706c00000, 0x0000000706c00000, 0x0000000706e00000|  0%| F|  |TAMS 0x0000000706c00000| PB 0x0000000706c00000| Untracked |  0
|  10|0x0000000706e00000, 0x0000000706e00000, 0x0000000707000000|  0%| F|  |TAMS 0x0000000706e00000| PB 0x0000000706e00000| Untracked |  0
|  11|0x0000000707000000, 0x0000000707000000, 0x0000000707200000|  0%| F|  |TAMS 0x0000000707000000| PB 0x0000000707000000| Untracked |  0
|  12|0x0000000707200000, 0x0000000707200000, 0x0000000707400000|  0%| F|  |TAMS 0x0000000707200000| PB 0x0000000707200000| Untracked |  0
|  13|0x0000000707400000, 0x0000000707400000, 0x0000000707600000|  0%| F|  |TAMS 0x0000000707400000| PB 0x0000000707400000| Untracked |  0
|  14|0x0000000707600000, 0x0000000707600000, 0x0000000707800000|  0%| F|  |TAMS 0x0000000707600000| PB 0x0000000707600000| Untracked |  0
|  15|0x0000000707800000, 0x0000000707800000, 0x0000000707a00000|  0%| F|  |TAMS 0x0000000707800000| PB 0x0000000707800000| Untracked |  0
|  16|0x0000000707a00000, 0x0000000707a00000, 0x0000000707c00000|  0%| F|  |TAMS 0x0000000707a00000| PB 0x0000000707a00000| Untracked |  0
|  17|0x0000000707c00000, 0x0000000707c00000, 0x0000000707e00000|  0%| F|  |TAMS 0x0000000707c00000| PB 0x0000000707c00000| Untracked |  0
|  18|0x0000000707e00000, 0x0000000707e00000, 0x0000000708000000|  0%| F|  |TAMS 0x0000000707e00000| PB 0x0000000707e00000| Untracked |  0
|  19|0x0000000708000000, 0x0000000708000000, 0x0000000708200000|  0%| F|  |TAMS 0x0000000708000000| PB 0x0000000708000000| Untracked |  0
|  20|0x0000000708200000, 0x0000000708200000, 0x0000000708400000|  0%| F|  |TAMS 0x0000000708200000| PB 0x0000000708200000| Untracked |  0
|  21|0x0000000708400000, 0x0000000708600000, 0x0000000708600000|100%| E|  |TAMS 0x0000000708400000| PB 0x0000000708400000| Complete |  0
| 105|0x0000000712c00000, 0x0000000712d21aa0, 0x0000000712e00000| 56%| S|CS|TAMS 0x0000000712c00000| PB 0x0000000712c00000| Complete |  0
| 106|0x0000000712e00000, 0x0000000713000000, 0x0000000713000000|100%| S|CS|TAMS 0x0000000712e00000| PB 0x0000000712e00000| Complete |  0
| 107|0x0000000713000000, 0x0000000713200000, 0x0000000713200000|100%| S|CS|TAMS 0x0000000713000000| PB 0x0000000713000000| Complete |  0
| 108|0x0000000713200000, 0x0000000713400000, 0x0000000713400000|100%| S|CS|TAMS 0x0000000713200000| PB 0x0000000713200000| Complete |  0
| 125|0x0000000715400000, 0x0000000715600000, 0x0000000715600000|100%| E|CS|TAMS 0x0000000715400000| PB 0x0000000715400000| Complete |  0

Card table byte_map: [0x0000022db7a90000,0x0000022db8270000] _byte_map_base: 0x0000022db4263000

Marking Bits: (CMBitMap*) 0x0000022d9f021d10
 Bits: [0x0000022db8270000, 0x0000022dbc108000)

Polling page: 0x0000022d9cd80000

Metaspace:

Usage:
  Non-class:     18.19 MB used.
      Class:      2.80 MB used.
       Both:     20.99 MB used.

Virtual space:
  Non-class space:       64.00 MB reserved,      18.38 MB ( 29%) committed,  1 nodes.
      Class space:        1.00 GB reserved,       2.94 MB ( <1%) committed,  1 nodes.
             Both:        1.06 GB reserved,      21.31 MB (  2%) committed. 

Chunk freelists:
   Non-Class:  13.00 MB
       Class:  13.06 MB
        Both:  26.06 MB

MaxMetaspaceSize: unlimited
CompressedClassSpaceSize: 1.00 GB
Initial GC threshold: 21.00 MB
Current GC threshold: 35.12 MB
CDS: on
 - commit_granule_bytes: 65536.
 - commit_granule_words: 8192.
 - virtual_space_node_default_size: 8388608.
 - enlarge_chunks_in_place: 1.
 - use_allocation_guard: 0.


Internal statistics:

num_allocs_failed_limit: 3.
num_arena_births: 346.
num_arena_deaths: 0.
num_vsnodes_births: 2.
num_vsnodes_deaths: 0.
num_space_committed: 341.
num_space_uncommitted: 0.
num_chunks_returned_to_freelist: 3.
num_chunks_taken_from_freelist: 865.
num_chunk_merges: 3.
num_chunk_splits: 588.
num_chunks_enlarged: 423.
num_inconsistent_stats: 0.

CodeHeap 'non-profiled nmethods': size=119232Kb used=903Kb max_used=903Kb free=118328Kb
 bounds [0x0000022daf280000, 0x0000022daf4f0000, 0x0000022db66f0000]
CodeHeap 'profiled nmethods': size=119104Kb used=3846Kb max_used=3846Kb free=115257Kb
 bounds [0x0000022da76f0000, 0x0000022da7ac0000, 0x0000022daeb40000]
CodeHeap 'non-nmethods': size=7424Kb used=3486Kb max_used=3501Kb free=3937Kb
 bounds [0x0000022daeb40000, 0x0000022daeec0000, 0x0000022daf280000]
CodeCache: size=245760Kb, used=8235Kb, max_used=8250Kb, free=237522Kb
 total_blobs=3472, nmethods=2636, adapters=738, full_count=0
Compilation: enabled, stopped_count=0, restarted_count=0

Compilation events (20 events):
Event: 0.978 Thread 0x0000022dbf430090 2557       3       com.sun.javafx.binding.ExpressionHelper::fireValueChangedEvent (9 bytes)
Event: 0.978 Thread 0x0000022dbf430090 nmethod 2557 0x0000022da7a95a08 code [0x0000022da7a95b20, 0x0000022da7a95d00]
Event: 0.982 Thread 0x0000022dbf634730 2558       3       java.lang.invoke.SimpleMethodHandle::copyWithExtendL (7 bytes)
Event: 0.982 Thread 0x0000022dbf634df0 2559       3       java.lang.invoke.BoundMethodHandle::bindSingle (7 bytes)
Event: 0.982 Thread 0x0000022dbf634730 nmethod 2558 0x0000022da7a95d88 code [0x0000022da7a95ec0, 0x0000022da7a96058]
Event: 0.982 Thread 0x0000022dbf634df0 nmethod 2559 0x0000022da7a96088 code [0x0000022da7a961a0, 0x0000022da7a962b8]
Event: 0.987 Thread 0x0000022dbf634df0 2560       3       javafx.beans.property.ObjectProperty::<init> (5 bytes)
Event: 0.987 Thread 0x0000022e0669f670 2561       4       java.lang.Object::equals (11 bytes)
Event: 0.987 Thread 0x0000022dbf634df0 nmethod 2560 0x0000022da7a96388 code [0x0000022da7a964c0, 0x0000022da7a966e8]
Event: 0.987 Thread 0x0000022e0e4dfe20 2562       4       java.lang.StringConcatHelper::prepend (37 bytes)
Event: 0.987 Thread 0x0000022e0669f670 nmethod 2561 0x0000022daf35ca08 code [0x0000022daf35cb00, 0x0000022daf35cb80]
Event: 0.988 Thread 0x0000022e0e4dfe20 nmethod 2562 0x0000022daf35cd08 code [0x0000022daf35ce20, 0x0000022daf35cfe8]
Event: 0.990 Thread 0x0000022dbf634730 2563       3       jdk.internal.org.objectweb.asm.FieldWriter::computeFieldInfoSize (86 bytes)
Event: 0.990 Thread 0x0000022dbf634df0 2564       3       jdk.internal.org.objectweb.asm.FieldWriter::putFieldInfo (269 bytes)
Event: 0.990 Thread 0x0000022dbf634730 nmethod 2563 0x0000022da7a96788 code [0x0000022da7a968e0, 0x0000022da7a96bd8]
Event: 0.990 Thread 0x0000022dbf634df0 nmethod 2564 0x0000022da7a96c08 code [0x0000022da7a96e20, 0x0000022da7a97718]
Event: 0.991 Thread 0x0000022dbf430090 2566       3       java.lang.invoke.SimpleMethodHandle::<init> (7 bytes)
Event: 0.991 Thread 0x0000022dbf634df0 2565       3       java.lang.invoke.SimpleMethodHandle::make (10 bytes)
Event: 0.991 Thread 0x0000022dbf430090 nmethod 2566 0x0000022da7a97788 code [0x0000022da7a978c0, 0x0000022da7a97a80]
Event: 0.991 Thread 0x0000022dbf634df0 nmethod 2565 0x0000022da7a97b08 code [0x0000022da7a97c40, 0x0000022da7a97e30]

GC Heap History (4 events):
Event: 0.413 GC heap before
{Heap before GC invocations=0 (full 0):
 garbage-first heap   total reserved 4102144K, committed 258048K, used 22528K [0x0000000705a00000, 0x0000000800000000)
  region size 2048K, 12 young (24576K), 0 survivors (0K)
 Metaspace       used 4659K, committed 4928K, reserved 1114112K
  class space    used 535K, committed 640K, reserved 1048576K
}
Event: 0.415 GC heap after
{Heap after GC invocations=1 (full 0):
 garbage-first heap   total reserved 4102144K, committed 258048K, used 3276K [0x0000000705a00000, 0x0000000800000000)
  region size 2048K, 2 young (4096K), 2 survivors (4096K)
 Metaspace       used 4659K, committed 4928K, reserved 1114112K
  class space    used 535K, committed 640K, reserved 1048576K
}
Event: 0.641 GC heap before
{Heap before GC invocations=1 (full 0):
 garbage-first heap   total reserved 4102144K, committed 258048K, used 25804K [0x0000000705a00000, 0x0000000800000000)
  region size 2048K, 14 young (28672K), 2 survivors (4096K)
 Metaspace       used 10976K, committed 11328K, reserved 1114112K
  class space    used 1435K, committed 1600K, reserved 1048576K
}
Event: 0.645 GC heap after
{Heap after GC invocations=2 (full 0):
 garbage-first heap   total reserved 4102144K, committed 258048K, used 6593K [0x0000000705a00000, 0x0000000800000000)
  region size 2048K, 2 young (4096K), 2 survivors (4096K)
 Metaspace       used 10976K, committed 11328K, reserved 1114112K
  class space    used 1435K, committed 1600K, reserved 1048576K
}

Dll operation events (20 events):
Event: 0.218 Loaded shared library C:\Users\asus\.openjfx\cache\17.0.6\api-ms-win-crt-math-l1-1-0.dll
Event: 0.220 Loaded shared library C:\Users\asus\.openjfx\cache\17.0.6\api-ms-win-crt-multibyte-l1-1-0.dll
Event: 0.221 Loaded shared library C:\Users\asus\.openjfx\cache\17.0.6\api-ms-win-crt-private-l1-1-0.dll
Event: 0.222 Loaded shared library C:\Users\asus\.openjfx\cache\17.0.6\api-ms-win-crt-process-l1-1-0.dll
Event: 0.224 Loaded shared library C:\Users\asus\.openjfx\cache\17.0.6\api-ms-win-crt-runtime-l1-1-0.dll
Event: 0.225 Loaded shared library C:\Users\asus\.openjfx\cache\17.0.6\api-ms-win-crt-stdio-l1-1-0.dll
Event: 0.226 Loaded shared library C:\Users\asus\.openjfx\cache\17.0.6\api-ms-win-crt-string-l1-1-0.dll
Event: 0.228 Loaded shared library C:\Users\asus\.openjfx\cache\17.0.6\api-ms-win-crt-time-l1-1-0.dll
Event: 0.229 Loaded shared library C:\Users\asus\.openjfx\cache\17.0.6\api-ms-win-crt-utility-l1-1-0.dll
Event: 0.238 Loaded shared library C:\Users\asus\.openjfx\cache\17.0.6\ucrtbase.dll
Event: 0.240 Loaded shared library C:\Users\asus\.openjfx\cache\17.0.6\vcruntime140.dll
Event: 0.242 Loaded shared library C:\Users\asus\.openjfx\cache\17.0.6\vcruntime140_1.dll
Event: 0.247 Loaded shared library C:\Users\asus\.openjfx\cache\17.0.6\msvcp140.dll
Event: 0.248 Loaded shared library C:\Users\asus\.openjfx\cache\17.0.6\msvcp140_1.dll
Event: 0.250 Loaded shared library C:\Users\asus\.openjfx\cache\17.0.6\msvcp140_2.dll
Event: 0.271 Loaded shared library C:\Users\asus\.openjfx\cache\17.0.6\prism_d3d.dll
Event: 0.345 Loaded shared library C:\Users\asus\.openjfx\cache\17.0.6\glass.dll
Event: 0.436 Loaded shared library C:\Users\asus\.jdks\openjdk-23\bin\jimage.dll
Event: 0.545 Loaded shared library C:\Users\asus\.openjfx\cache\17.0.6\javafx_font.dll
Event: 0.830 Loaded shared library C:\Users\asus\.jdks\openjdk-23\bin\sunmscapi.dll

Deoptimization events (20 events):
Event: 0.906 Thread 0x0000022e06373190 DEOPT PACKING pc=0x0000022daf303254 sp=0x0000005918dfc9f0
Event: 0.906 Thread 0x0000022e06373190 DEOPT UNPACKING pc=0x0000022daeb94402 sp=0x0000005918dfc990 mode 2
Event: 0.933 Thread 0x0000022e06373190 Uncommon trap: trap_request=0xffffff45 fr.pc=0x0000022daf287f2c relative=0x000000000000012c
Event: 0.933 Thread 0x0000022e06373190 Uncommon trap: reason=unstable_if action=reinterpret pc=0x0000022daf287f2c method=java.lang.StringCoding.countPositives([BII)I @ 17 c2
Event: 0.933 Thread 0x0000022e06373190 DEOPT PACKING pc=0x0000022daf287f2c sp=0x0000005918dfd580
Event: 0.933 Thread 0x0000022e06373190 DEOPT UNPACKING pc=0x0000022daeb94402 sp=0x0000005918dfd520 mode 2
Event: 0.937 Thread 0x0000022e06373190 Uncommon trap: trap_request=0xffffff45 fr.pc=0x0000022daf2d10bc relative=0x00000000000003fc
Event: 0.937 Thread 0x0000022e06373190 Uncommon trap: reason=unstable_if action=reinterpret pc=0x0000022daf2d10bc method=java.lang.StringLatin1.canEncode(C)Z @ 4 c2
Event: 0.937 Thread 0x0000022e06373190 DEOPT PACKING pc=0x0000022daf2d10bc sp=0x0000005918dfcca0
Event: 0.937 Thread 0x0000022e06373190 DEOPT UNPACKING pc=0x0000022daeb94402 sp=0x0000005918dfcbc0 mode 2
Event: 0.937 Thread 0x0000022e06373190 Uncommon trap: trap_request=0xffffff45 fr.pc=0x0000022daf2e852c relative=0x000000000000046c
Event: 0.937 Thread 0x0000022e06373190 Uncommon trap: reason=unstable_if action=reinterpret pc=0x0000022daf2e852c method=java.lang.AbstractStringBuilder.isLatin1()Z @ 10 c2
Event: 0.937 Thread 0x0000022e06373190 DEOPT PACKING pc=0x0000022daf2e852c sp=0x0000005918dfcc40
Event: 0.937 Thread 0x0000022e06373190 DEOPT UNPACKING pc=0x0000022daeb94402 sp=0x0000005918dfcbd0 mode 2
Event: 0.961 Thread 0x0000022e06373190 DEOPT PACKING pc=0x0000022da7a7b7c1 sp=0x0000005918df92b0
Event: 0.961 Thread 0x0000022e06373190 DEOPT UNPACKING pc=0x0000022daeb94b22 sp=0x0000005918df8720 mode 0
Event: 0.980 Thread 0x0000022e06373190 Uncommon trap: trap_request=0xffffffc6 fr.pc=0x0000022daf355c4c relative=0x0000000000000f0c
Event: 0.980 Thread 0x0000022e06373190 Uncommon trap: reason=bimorphic_or_optimized_type_check action=maybe_recompile pc=0x0000022daf355c4c method=java.util.regex.Pattern$Start.match(Ljava/util/regex/Matcher;ILjava/lang/CharSequence;)Z @ 44 c2
Event: 0.980 Thread 0x0000022e06373190 DEOPT PACKING pc=0x0000022daf355c4c sp=0x0000005918dfd7f0
Event: 0.980 Thread 0x0000022e06373190 DEOPT UNPACKING pc=0x0000022daeb94402 sp=0x0000005918dfd7d0 mode 2

Classes loaded (20 events):
Event: 0.905 Loading class sun/security/ssl/NewSessionTicket$NewSessionTicketMessage done
Event: 0.905 Loading class sun/security/ssl/NewSessionTicket$T13NewSessionTicketMessage done
Event: 0.916 Loading class java/util/TimerTask
Event: 0.917 Loading class java/util/TimerTask done
Event: 0.932 Loading class java/time/format/DateTimeParseException
Event: 0.932 Loading class java/time/DateTimeException
Event: 0.932 Loading class java/time/DateTimeException done
Event: 0.932 Loading class java/time/format/DateTimeParseException done
Event: 0.935 Loading class sun/security/ssl/Alert
Event: 0.935 Loading class sun/security/ssl/Alert done
Event: 0.935 Loading class sun/security/ssl/Alert$AlertConsumer
Event: 0.935 Loading class sun/security/ssl/Alert$AlertConsumer done
Event: 0.935 Loading class sun/security/ssl/Alert$Level
Event: 0.935 Loading class sun/security/ssl/Alert$Level done
Event: 0.936 Loading class java/io/InterruptedIOException
Event: 0.936 Loading class java/io/InterruptedIOException done
Event: 0.947 Loading class java/io/CharArrayReader
Event: 0.947 Loading class java/io/CharArrayReader done
Event: 0.991 Loading class jdk/jfr/FlightRecorder
Event: 0.992 Loading class jdk/jfr/FlightRecorder done

Classes unloaded (0 events):
No events

Classes redefined (0 events):
No events

Internal exceptions (20 events):
Event: 0.579 Thread 0x0000022e06373190 Exception <a 'java/lang/NoSuchMethodError'{0x00000007143ac6d0}: 'void java.lang.invoke.DirectMethodHandle$Holder.invokeStaticInit(java.lang.Object, java.lang.Object)'> (0x00000007143ac6d0) 
thrown [s\open\src\hotspot\share\interpreter\linkResolver.cpp, line 796]
Event: 0.589 Thread 0x0000022e06373190 Exception <a 'sun/nio/fs/WindowsException'{0x0000000714092f60}> (0x0000000714092f60) 
thrown [s\open\src\hotspot\share\prims\jni.cpp, line 520]
Event: 0.614 Thread 0x0000022e06373190 Exception <a 'java/lang/NoSuchMethodError'{0x00000007141a0ed0}: 'void java.lang.invoke.DirectMethodHandle$Holder.invokeSpecial(java.lang.Object, java.lang.Object, double)'> (0x00000007141a0ed0) 
thrown [s\open\src\hotspot\share\interpreter\linkResolver.cpp, line 796]
Event: 0.615 Thread 0x0000022e06373190 Exception <a 'java/lang/NoSuchMethodError'{0x00000007141abd40}: 'double java.lang.invoke.DelegatingMethodHandle$Holder.reinvoke_L(java.lang.Object, java.lang.Object, int)'> (0x00000007141abd40) 
thrown [s\open\src\hotspot\share\interpreter\linkResolver.cpp, line 796]
Event: 0.616 Thread 0x0000022e06373190 Exception <a 'java/lang/NoSuchMethodError'{0x00000007141bdab8}: 'java.lang.Object java.lang.invoke.DirectMethodHandle$Holder.invokeStatic(java.lang.Object, java.lang.Object, java.lang.Object, java.lang.Object, int)'> (0x00000007141bdab8) 
thrown [s\open\src\hotspot\share\interpreter\linkResolver.cpp, line 796]
Event: 0.616 Thread 0x0000022e06373190 Exception <a 'java/lang/NoSuchMethodError'{0x00000007141c8f00}: 'void java.lang.invoke.DelegatingMethodHandle$Holder.reinvoke_L(java.lang.Object, java.lang.Object, double)'> (0x00000007141c8f00) 
thrown [s\open\src\hotspot\share\interpreter\linkResolver.cpp, line 796]
Event: 0.617 Thread 0x0000022e06373190 Exception <a 'java/lang/NoSuchMethodError'{0x00000007141db2a0}: 'void java.lang.invoke.DirectMethodHandle$Holder.invokeSpecial(java.lang.Object, java.lang.Object, int)'> (0x00000007141db2a0) 
thrown [s\open\src\hotspot\share\interpreter\linkResolver.cpp, line 796]
Event: 0.618 Thread 0x0000022e06373190 Exception <a 'java/lang/NoSuchMethodError'{0x00000007141e5480}: 'void java.lang.invoke.DelegatingMethodHandle$Holder.reinvoke_L(java.lang.Object, java.lang.Object, int)'> (0x00000007141e5480) 
thrown [s\open\src\hotspot\share\interpreter\linkResolver.cpp, line 796]
Event: 0.618 Thread 0x0000022e06373190 Exception <a 'java/lang/NoSuchMethodError'{0x00000007141e8f70}: 'int java.lang.invoke.DirectMethodHandle$Holder.invokeSpecial(java.lang.Object, java.lang.Object, java.lang.Object)'> (0x00000007141e8f70) 
thrown [s\open\src\hotspot\share\interpreter\linkResolver.cpp, line 796]
Event: 0.630 Thread 0x0000022e06373190 Exception <a 'java/lang/NoSuchMethodError'{0x0000000713e70d20}: 'java.lang.Object java.lang.invoke.DirectMethodHandle$Holder.newInvokeSpecial(java.lang.Object, double)'> (0x0000000713e70d20) 
thrown [s\open\src\hotspot\share\interpreter\linkResolver.cpp, line 796]
Event: 0.657 Thread 0x0000022e06373190 Exception <a 'java/lang/NoSuchMethodError'{0x0000000715586d80}: 'void java.lang.invoke.Invokers$Holder.invokeExact_MT(java.lang.Object, java.lang.Object, java.lang.Object, java.lang.Object)'> (0x0000000715586d80) 
thrown [s\open\src\hotspot\share\interpreter\linkResolver.cpp, line 796]
Event: 0.714 Thread 0x0000022e06373190 Exception <a 'sun/nio/fs/WindowsException'{0x0000000715148258}> (0x0000000715148258) 
thrown [s\open\src\hotspot\share\prims\jni.cpp, line 520]
Event: 0.729 Thread 0x0000022e06373190 Exception <a 'java/lang/NoSuchMethodError'{0x0000000714eb6308}: 'java.lang.Object java.lang.invoke.DirectMethodHandle$Holder.invokeVirtual(java.lang.Object, java.lang.Object, java.lang.Object)'> (0x0000000714eb6308) 
thrown [s\open\src\hotspot\share\interpreter\linkResolver.cpp, line 796]
Event: 0.752 Thread 0x0000022e06373190 Exception <a 'sun/nio/fs/WindowsException'{0x0000000714ac6768}> (0x0000000714ac6768) 
thrown [s\open\src\hotspot\share\prims\jni.cpp, line 520]
Event: 0.797 Thread 0x0000022e06373190 Exception <a 'sun/nio/fs/WindowsException'{0x0000000714736060}> (0x0000000714736060) 
thrown [s\open\src\hotspot\share\prims\jni.cpp, line 520]
Event: 0.801 Thread 0x0000022e06373190 Exception <a 'sun/nio/fs/WindowsException'{0x0000000714746b98}> (0x0000000714746b98) 
thrown [s\open\src\hotspot\share\prims\jni.cpp, line 520]
Event: 0.815 Thread 0x0000022e06373190 Exception <a 'java/lang/NoSuchMethodError'{0x00000007147d98a0}: 'java.lang.Object java.lang.invoke.DirectMethodHandle$Holder.invokeStaticInit(java.lang.Object, int, int, int, int)'> (0x00000007147d98a0) 
thrown [s\open\src\hotspot\share\interpreter\linkResolver.cpp, line 796]
Event: 0.822 Thread 0x0000022e06373190 Exception <a 'java/lang/NoSuchMethodError'{0x00000007144884e0}: 'java.lang.Object java.lang.invoke.DirectMethodHandle$Holder.invokeStaticInit(java.lang.Object, java.lang.Object, int, int, int, int)'> (0x00000007144884e0) 
thrown [s\open\src\hotspot\share\interpreter\linkResolver.cpp, line 796]
Event: 0.936 Thread 0x0000022e06373190 Exception <a 'java/io/IOException'{0x00000007140e7128}> (0x00000007140e7128) 
thrown [s\open\src\hotspot\share\prims\jni.cpp, line 520]
Event: 0.936 Thread 0x0000022e06373190 Exception <a 'java/lang/NoSuchMethodError'{0x00000007140e9c50}: 'void java.lang.invoke.DirectMethodHandle$Holder.invokeInterface(java.lang.Object, java.lang.Object)'> (0x00000007140e9c50) 
thrown [s\open\src\hotspot\share\interpreter\linkResolver.cpp, line 796]

VM Operations (20 events):
Event: 0.547 Executing VM operation: HandshakeAllThreads (Deoptimize)
Event: 0.547 Executing VM operation: HandshakeAllThreads (Deoptimize) done
Event: 0.641 Executing VM operation: G1CollectForAllocation (G1 Evacuation Pause)
Event: 0.646 Executing VM operation: G1CollectForAllocation (G1 Evacuation Pause) done
Event: 0.716 Executing VM operation: HandshakeAllThreads (Deoptimize)
Event: 0.716 Executing VM operation: HandshakeAllThreads (Deoptimize) done
Event: 0.716 Executing VM operation: HandshakeAllThreads (Deoptimize)
Event: 0.716 Executing VM operation: HandshakeAllThreads (Deoptimize) done
Event: 0.727 Executing VM operation: HandshakeAllThreads (Deoptimize)
Event: 0.727 Executing VM operation: HandshakeAllThreads (Deoptimize) done
Event: 0.755 Executing VM operation: HandshakeAllThreads (Deoptimize)
Event: 0.755 Executing VM operation: HandshakeAllThreads (Deoptimize) done
Event: 0.789 Executing VM operation: HandshakeAllThreads (Deoptimize)
Event: 0.790 Executing VM operation: HandshakeAllThreads (Deoptimize) done
Event: 0.801 Executing VM operation: HandshakeAllThreads (Deoptimize)
Event: 0.801 Executing VM operation: HandshakeAllThreads (Deoptimize) done
Event: 0.809 Executing VM operation: HandshakeAllThreads (Deoptimize)
Event: 0.809 Executing VM operation: HandshakeAllThreads (Deoptimize) done
Event: 0.891 Executing VM operation: HandshakeAllThreads (Deoptimize)
Event: 0.891 Executing VM operation: HandshakeAllThreads (Deoptimize) done

Memory protections (0 events):
No events

Nmethod flushes (0 events):
No events

Events (20 events):
Event: 0.054 Thread 0x0000022dbf492640 Thread added: 0x0000022dbf634df0
Event: 0.055 Thread 0x0000022dbe95a7b0 Thread added: 0x0000022dbf639cb0
Event: 0.056 Thread 0x0000022dbe95a7b0 Thread added: 0x0000022dbf69cb90
Event: 0.057 Thread 0x0000022dbf634730 Thread added: 0x0000022dbf6c0390
Event: 0.058 Thread 0x0000022dbf634df0 Thread added: 0x0000022dbf6d9ef0
Event: 0.058 Thread 0x0000022dbf492640 Thread added: 0x0000022dbf6c8c50
Event: 0.121 Thread 0x0000022d9caf2ed0 Thread added: 0x0000022e05f28330
Event: 0.121 Thread 0x0000022d9caf2ed0 Thread added: 0x0000022e0614db20
Event: 0.266 Thread 0x0000022d9caf2ed0 Thread added: 0x0000022e05b6bbe0
Event: 0.346 Thread 0x0000022d9caf2ed0 Thread added: 0x0000022e06383d50
Event: 0.348 Thread 0x0000022d9caf2ed0 Thread added: 0x0000022e06373190
Event: 0.377 Thread 0x0000022dbf6c8c50 Thread exited: 0x0000022dbf6c8c50
Event: 0.377 Thread 0x0000022dbf6d9ef0 Thread exited: 0x0000022dbf6d9ef0
Event: 0.377 Thread 0x0000022dbf6c0390 Thread exited: 0x0000022dbf6c0390
Event: 0.377 Thread 0x0000022dbf69cb90 Thread exited: 0x0000022dbf69cb90
Event: 0.410 Thread 0x0000022e06548640 Thread added: 0x0000022e06548640
Event: 0.422 Thread 0x0000022d9caf2ed0 Thread added: 0x0000022e065499f0
Event: 0.494 Thread 0x0000022dbf430090 Thread added: 0x0000022e0669f670
Event: 0.570 Thread 0x0000022dbf492640 Thread added: 0x0000022e0e4dfe20
Event: 0.714 Thread 0x0000022e06373190 Thread added: 0x0000022e06548cd0


Dynamic libraries:
0x00007ff61a420000 - 0x00007ff61a42e000 	C:\Users\asus\.jdks\openjdk-23\bin\java.exe
0x00007ffa64d10000 - 0x00007ffa64f27000 	C:\WINDOWS\SYSTEM32\ntdll.dll
0x00007ffa643c0000 - 0x00007ffa64484000 	C:\WINDOWS\System32\KERNEL32.DLL
0x00007ffa62380000 - 0x00007ffa62737000 	C:\WINDOWS\System32\KERNELBASE.dll
0x00007ffa62260000 - 0x00007ffa62371000 	C:\WINDOWS\System32\ucrtbase.dll
0x00007ffa4e530000 - 0x00007ffa4e547000 	C:\Users\asus\.jdks\openjdk-23\bin\jli.dll
0x00007ffa4e500000 - 0x00007ffa4e51b000 	C:\Users\asus\.jdks\openjdk-23\bin\VCRUNTIME140.dll
0x00007ffa62ed0000 - 0x00007ffa6307f000 	C:\WINDOWS\System32\USER32.dll
0x00007ffa62050000 - 0x00007ffa62076000 	C:\WINDOWS\System32\win32u.dll
0x00007ffa4c190000 - 0x00007ffa4c423000 	C:\WINDOWS\WinSxS\amd64_microsoft.windows.common-controls_6595b64144ccf1df_6.0.22621.3672_none_2713b9d173822955\COMCTL32.dll
0x00007ffa630c0000 - 0x00007ffa630e9000 	C:\WINDOWS\System32\GDI32.dll
0x00007ffa64b20000 - 0x00007ffa64bc7000 	C:\WINDOWS\System32\msvcrt.dll
0x00007ffa62140000 - 0x00007ffa62258000 	C:\WINDOWS\System32\gdi32full.dll
0x00007ffa62830000 - 0x00007ffa628ca000 	C:\WINDOWS\System32\msvcp_win.dll
0x00007ffa63080000 - 0x00007ffa630b1000 	C:\WINDOWS\System32\IMM32.DLL
0x00007ffa59930000 - 0x00007ffa5993c000 	C:\Users\asus\.jdks\openjdk-23\bin\vcruntime140_1.dll
0x00007ffa496b0000 - 0x00007ffa4973e000 	C:\Users\asus\.jdks\openjdk-23\bin\msvcp140.dll
0x00007ff9f0120000 - 0x00007ff9f0e6f000 	C:\Users\asus\.jdks\openjdk-23\bin\server\jvm.dll
0x00007ffa64940000 - 0x00007ffa649f2000 	C:\WINDOWS\System32\ADVAPI32.dll
0x00007ffa64a60000 - 0x00007ffa64b08000 	C:\WINDOWS\System32\sechost.dll
0x00007ffa62020000 - 0x00007ffa62048000 	C:\WINDOWS\System32\bcrypt.dll
0x00007ffa62db0000 - 0x00007ffa62ec4000 	C:\WINDOWS\System32\RPCRT4.dll
0x00007ffa648c0000 - 0x00007ffa64931000 	C:\WINDOWS\System32\WS2_32.dll
0x00007ffa60ed0000 - 0x00007ffa60f1d000 	C:\WINDOWS\SYSTEM32\POWRPROF.dll
0x00007ffa5d970000 - 0x00007ffa5d9a4000 	C:\WINDOWS\SYSTEM32\WINMM.dll
0x00007ffa4db30000 - 0x00007ffa4db3a000 	C:\WINDOWS\SYSTEM32\VERSION.dll
0x00007ffa60eb0000 - 0x00007ffa60ec3000 	C:\WINDOWS\SYSTEM32\UMPDC.dll
0x00007ffa61160000 - 0x00007ffa61178000 	C:\WINDOWS\SYSTEM32\kernel.appcore.dll
0x00007ffa4e4f0000 - 0x00007ffa4e4fa000 	C:\Users\asus\.jdks\openjdk-23\bin\jimage.dll
0x00007ffa51370000 - 0x00007ffa515a2000 	C:\WINDOWS\SYSTEM32\DBGHELP.DLL
0x00007ffa63570000 - 0x00007ffa638fe000 	C:\WINDOWS\System32\combase.dll
0x00007ffa64bf0000 - 0x00007ffa64cc7000 	C:\WINDOWS\System32\OLEAUT32.dll
0x00007ffa49bb0000 - 0x00007ffa49be2000 	C:\WINDOWS\SYSTEM32\dbgcore.DLL
0x00007ffa627b0000 - 0x00007ffa6282b000 	C:\WINDOWS\System32\bcryptPrimitives.dll
0x00007ffa5da20000 - 0x00007ffa5da2f000 	C:\Users\asus\.jdks\openjdk-23\bin\instrument.dll
0x00007ffa469a0000 - 0x00007ffa469be000 	C:\Users\asus\.jdks\openjdk-23\bin\java.dll
0x00007ffa64550000 - 0x00007ffa646f5000 	C:\WINDOWS\System32\ole32.dll
0x00007ffa63b30000 - 0x00007ffa64399000 	C:\WINDOWS\System32\SHELL32.dll
0x00007ffa5ff90000 - 0x00007ffa6088f000 	C:\WINDOWS\SYSTEM32\windows.storage.dll
0x00007ffa5fe50000 - 0x00007ffa5ff8f000 	C:\WINDOWS\SYSTEM32\wintypes.dll
0x00007ffa62b50000 - 0x00007ffa62c49000 	C:\WINDOWS\System32\SHCORE.dll
0x00007ffa64490000 - 0x00007ffa644ee000 	C:\WINDOWS\System32\shlwapi.dll
0x00007ffa61f50000 - 0x00007ffa61f77000 	C:\WINDOWS\SYSTEM32\profapi.dll
0x00007ffa16f10000 - 0x00007ffa16fe7000 	C:\Users\asus\.jdks\openjdk-23\bin\jsvml.dll
0x00007ffa49910000 - 0x00007ffa49920000 	C:\Users\asus\.jdks\openjdk-23\bin\net.dll
0x00007ffa615d0000 - 0x00007ffa61639000 	C:\WINDOWS\system32\mswsock.dll
0x00007ffa46980000 - 0x00007ffa46996000 	C:\Users\asus\.jdks\openjdk-23\bin\nio.dll
0x00007ffa446f0000 - 0x00007ffa44707000 	C:\Users\asus\.jdks\openjdk-23\bin\zip.dll
0x00007ffa4f250000 - 0x00007ffa4f26a000 	C:\Program Files\JetBrains\IntelliJ IDEA 2024.2.1\bin\breakgen64.dll
0x0000022d9cdd0000 - 0x0000022d9cdd3000 	C:\Users\asus\.openjfx\cache\17.0.6\api-ms-win-core-console-l1-1-0.dll
0x0000022d9cde0000 - 0x0000022d9cde3000 	C:\Users\asus\.openjfx\cache\17.0.6\api-ms-win-core-console-l1-2-0.dll
0x0000022d9cdf0000 - 0x0000022d9cdf3000 	C:\Users\asus\.openjfx\cache\17.0.6\api-ms-win-core-datetime-l1-1-0.dll
0x0000022d9eef0000 - 0x0000022d9eef3000 	C:\Users\asus\.openjfx\cache\17.0.6\api-ms-win-core-debug-l1-1-0.dll
0x0000022d9ef00000 - 0x0000022d9ef03000 	C:\Users\asus\.openjfx\cache\17.0.6\api-ms-win-core-errorhandling-l1-1-0.dll
0x0000022d9ef10000 - 0x0000022d9ef14000 	C:\Users\asus\.openjfx\cache\17.0.6\api-ms-win-core-file-l1-1-0.dll
0x0000022d9ef20000 - 0x0000022d9ef23000 	C:\Users\asus\.openjfx\cache\17.0.6\api-ms-win-core-file-l1-2-0.dll
0x0000022d9ef30000 - 0x0000022d9ef33000 	C:\Users\asus\.openjfx\cache\17.0.6\api-ms-win-core-file-l2-1-0.dll
0x0000022d9ef40000 - 0x0000022d9ef43000 	C:\Users\asus\.openjfx\cache\17.0.6\api-ms-win-core-handle-l1-1-0.dll
0x0000022d9ef50000 - 0x0000022d9ef53000 	C:\Users\asus\.openjfx\cache\17.0.6\api-ms-win-core-heap-l1-1-0.dll
0x0000022d9ef60000 - 0x0000022d9ef63000 	C:\Users\asus\.openjfx\cache\17.0.6\api-ms-win-core-interlocked-l1-1-0.dll
0x0000022d9ef70000 - 0x0000022d9ef73000 	C:\Users\asus\.openjfx\cache\17.0.6\api-ms-win-core-libraryloader-l1-1-0.dll
0x0000022dbf810000 - 0x0000022dbf813000 	C:\Users\asus\.openjfx\cache\17.0.6\api-ms-win-core-localization-l1-2-0.dll
0x0000022dbf820000 - 0x0000022dbf823000 	C:\Users\asus\.openjfx\cache\17.0.6\api-ms-win-core-memory-l1-1-0.dll
0x0000022dbf830000 - 0x0000022dbf833000 	C:\Users\asus\.openjfx\cache\17.0.6\api-ms-win-core-namedpipe-l1-1-0.dll
0x0000022dbf840000 - 0x0000022dbf843000 	C:\Users\asus\.openjfx\cache\17.0.6\api-ms-win-core-processenvironment-l1-1-0.dll
0x0000022dbf850000 - 0x0000022dbf853000 	C:\Users\asus\.openjfx\cache\17.0.6\api-ms-win-core-processthreads-l1-1-0.dll
0x0000022dbf860000 - 0x0000022dbf863000 	C:\Users\asus\.openjfx\cache\17.0.6\api-ms-win-core-processthreads-l1-1-1.dll
0x0000022dbf870000 - 0x0000022dbf873000 	C:\Users\asus\.openjfx\cache\17.0.6\api-ms-win-core-profile-l1-1-0.dll
0x0000022dbf880000 - 0x0000022dbf883000 	C:\Users\asus\.openjfx\cache\17.0.6\api-ms-win-core-rtlsupport-l1-1-0.dll
0x0000022dbf890000 - 0x0000022dbf893000 	C:\Users\asus\.openjfx\cache\17.0.6\api-ms-win-core-string-l1-1-0.dll
0x0000022dbf8a0000 - 0x0000022dbf8a3000 	C:\Users\asus\.openjfx\cache\17.0.6\api-ms-win-core-synch-l1-1-0.dll
0x0000022dbf8b0000 - 0x0000022dbf8b3000 	C:\Users\asus\.openjfx\cache\17.0.6\api-ms-win-core-synch-l1-2-0.dll
0x0000022dbf8c0000 - 0x0000022dbf8c3000 	C:\Users\asus\.openjfx\cache\17.0.6\api-ms-win-core-sysinfo-l1-1-0.dll
0x0000022dbf8d0000 - 0x0000022dbf8d3000 	C:\Users\asus\.openjfx\cache\17.0.6\api-ms-win-core-timezone-l1-1-0.dll
0x0000022dbf8e0000 - 0x0000022dbf8e3000 	C:\Users\asus\.openjfx\cache\17.0.6\api-ms-win-core-util-l1-1-0.dll
0x0000022dbf8f0000 - 0x0000022dbf8f3000 	C:\Users\asus\.openjfx\cache\17.0.6\api-ms-win-crt-conio-l1-1-0.dll
0x0000022dbf900000 - 0x0000022dbf904000 	C:\Users\asus\.openjfx\cache\17.0.6\api-ms-win-crt-convert-l1-1-0.dll
0x0000022dbf910000 - 0x0000022dbf913000 	C:\Users\asus\.openjfx\cache\17.0.6\api-ms-win-crt-environment-l1-1-0.dll
0x0000022dbf920000 - 0x0000022dbf923000 	C:\Users\asus\.openjfx\cache\17.0.6\api-ms-win-crt-filesystem-l1-1-0.dll
0x0000022dbf930000 - 0x0000022dbf933000 	C:\Users\asus\.openjfx\cache\17.0.6\api-ms-win-crt-heap-l1-1-0.dll
0x0000022dbf940000 - 0x0000022dbf943000 	C:\Users\asus\.openjfx\cache\17.0.6\api-ms-win-crt-locale-l1-1-0.dll
0x0000022dbf950000 - 0x0000022dbf955000 	C:\Users\asus\.openjfx\cache\17.0.6\api-ms-win-crt-math-l1-1-0.dll
0x0000022dbf960000 - 0x0000022dbf965000 	C:\Users\asus\.openjfx\cache\17.0.6\api-ms-win-crt-multibyte-l1-1-0.dll
0x0000022dbf970000 - 0x0000022dbf980000 	C:\Users\asus\.openjfx\cache\17.0.6\api-ms-win-crt-private-l1-1-0.dll
0x0000022dbf980000 - 0x0000022dbf983000 	C:\Users\asus\.openjfx\cache\17.0.6\api-ms-win-crt-process-l1-1-0.dll
0x0000022dbf990000 - 0x0000022dbf994000 	C:\Users\asus\.openjfx\cache\17.0.6\api-ms-win-crt-runtime-l1-1-0.dll
0x0000022dbf9a0000 - 0x0000022dbf9a4000 	C:\Users\asus\.openjfx\cache\17.0.6\api-ms-win-crt-stdio-l1-1-0.dll
0x0000022dbf9b0000 - 0x0000022dbf9b4000 	C:\Users\asus\.openjfx\cache\17.0.6\api-ms-win-crt-string-l1-1-0.dll
0x0000022dbf9c0000 - 0x0000022dbf9c3000 	C:\Users\asus\.openjfx\cache\17.0.6\api-ms-win-crt-time-l1-1-0.dll
0x0000022dbf9d0000 - 0x0000022dbf9d3000 	C:\Users\asus\.openjfx\cache\17.0.6\api-ms-win-crt-utility-l1-1-0.dll
0x00007ffa14290000 - 0x00007ffa1438c000 	C:\Users\asus\.openjfx\cache\17.0.6\ucrtbase.dll
0x00007ffa4f230000 - 0x00007ffa4f24a000 	C:\Users\asus\.openjfx\cache\17.0.6\vcruntime140.dll
0x00007ffa4f0c0000 - 0x00007ffa4f0cc000 	C:\Users\asus\.openjfx\cache\17.0.6\vcruntime140_1.dll
0x00007ffa16360000 - 0x00007ffa163ed000 	C:\Users\asus\.openjfx\cache\17.0.6\msvcp140.dll
0x00007ffa4b790000 - 0x00007ffa4b799000 	C:\Users\asus\.openjfx\cache\17.0.6\msvcp140_1.dll
0x00007ffa316a0000 - 0x00007ffa316cf000 	C:\Users\asus\.openjfx\cache\17.0.6\msvcp140_2.dll
0x00007ffa2d0b0000 - 0x00007ffa2d0da000 	C:\Users\asus\.openjfx\cache\17.0.6\prism_d3d.dll
0x00007ffa170c0000 - 0x00007ffa17268000 	C:\WINDOWS\system32\d3d9.dll
0x00007ffa5f7b0000 - 0x00007ffa5f7db000 	C:\WINDOWS\SYSTEM32\dwmapi.dll
0x00007ffa5f660000 - 0x00007ffa5f697000 	C:\WINDOWS\SYSTEM32\dxcore.dll
0x00007ffa5f550000 - 0x00007ffa5f601000 	C:\WINDOWS\system32\uxtheme.dll
0x00007ffa36420000 - 0x00007ffa364d0000 	C:\WINDOWS\SYSTEM32\d3d9on12.dll
0x00007ffa4e810000 - 0x00007ffa4e836000 	C:\WINDOWS\SYSTEM32\d3d12.dll
0x00007ffa5f6a0000 - 0x00007ffa5f797000 	C:\WINDOWS\SYSTEM32\dxgi.dll
0x00007ffa61d30000 - 0x00007ffa61d7e000 	C:\WINDOWS\SYSTEM32\cfgmgr32.dll
0x00007ffa07e10000 - 0x00007ffa08012000 	C:\WINDOWS\SYSTEM32\D3D12Core.dll
0x00007ffa4e770000 - 0x00007ffa4e797000 	C:\WINDOWS\System32\DriverStore\FileRepository\iigd_dch.inf_amd64_9741ef1f4093481f\igd12umd64.dll
0x00007ff9fa430000 - 0x00007ff9fb0e9000 	C:\WINDOWS\System32\DriverStore\FileRepository\iigd_dch.inf_amd64_9741ef1f4093481f\igd12um64xel.dll
0x00007ffa628d0000 - 0x00007ffa62a36000 	C:\WINDOWS\System32\CRYPT32.dll
0x00007ffa37f80000 - 0x00007ffa37fc4000 	C:\WINDOWS\SYSTEM32\ControlLib.dll
0x00007ffa630f0000 - 0x00007ffa63564000 	C:\WINDOWS\System32\SETUPAPI.dll
0x00007ffa61d00000 - 0x00007ffa61d2c000 	C:\WINDOWS\SYSTEM32\DEVOBJ.dll
0x00007ffa56730000 - 0x00007ffa567b8000 	C:\WINDOWS\System32\DriverStore\FileRepository\iigd_dch.inf_amd64_9741ef1f4093481f\IntelControlLib.dll
0x00007ffa62740000 - 0x00007ffa627ac000 	C:\WINDOWS\System32\WINTRUST.dll
0x00007ffa61880000 - 0x00007ffa61892000 	C:\WINDOWS\SYSTEM32\MSASN1.dll
0x00007ffa5b150000 - 0x00007ffa5b199000 	C:\WINDOWS\SYSTEM32\directxdatabasehelper.dll
0x00007ffa56310000 - 0x00007ffa56727000 	C:\WINDOWS\System32\DriverStore\FileRepository\iigd_dch.inf_amd64_9741ef1f4093481f\igdgmm64.dll
0x00007ffa52610000 - 0x00007ffa5630c000 	C:\WINDOWS\System32\DriverStore\FileRepository\iigd_dch.inf_amd64_9741ef1f4093481f\igc64.dll
0x00007ffa40eb0000 - 0x00007ffa40edf000 	C:\WINDOWS\SYSTEM32\D3DSCache.dll
0x00007ffa616c0000 - 0x00007ffa616e8000 	C:\WINDOWS\SYSTEM32\USERENV.dll
0x00007ff9f6250000 - 0x00007ff9f75f5000 	C:\WINDOWS\System32\DriverStore\FileRepository\iigd_dch.inf_amd64_9741ef1f4093481f\igd12dxva64.dll
0x00007ffa11170000 - 0x00007ffa12e90000 	C:\WINDOWS\System32\DriverStore\FileRepository\iigd_dch.inf_amd64_9741ef1f4093481f\media_bin_64.dll
0x00007ffa11140000 - 0x00007ffa11167000 	C:\WINDOWS\System32\DriverStore\FileRepository\iigd_dch.inf_amd64_9741ef1f4093481f\igdinfo64.dll
0x00007ffa591c0000 - 0x00007ffa59462000 	C:\WINDOWS\SYSTEM32\twinapi.appcore.dll
0x00007ffa25c20000 - 0x00007ffa25c62000 	C:\Users\asus\.openjfx\cache\17.0.6\glass.dll
0x00007ffa62a40000 - 0x00007ffa62b3f000 	C:\WINDOWS\System32\COMDLG32.dll
0x00007ffa62c50000 - 0x00007ffa62db0000 	C:\WINDOWS\System32\MSCTF.dll
0x00007ffa32220000 - 0x00007ffa32234000 	C:\Users\asus\.openjfx\cache\17.0.6\javafx_font.dll

dbghelp: loaded successfully - version: 4.0.5 - missing functions: none
symbol engine: initialized successfully - sym options: 0x614 - pdb path: .;C:\Users\asus\.jdks\openjdk-23\bin;C:\WINDOWS\SYSTEM32;C:\WINDOWS\WinSxS\amd64_microsoft.windows.common-controls_6595b64144ccf1df_6.0.22621.3672_none_2713b9d173822955;C:\Users\asus\.jdks\openjdk-23\bin\server;C:\Program Files\JetBrains\IntelliJ IDEA 2024.2.1\bin;C:\Users\asus\.openjfx\cache\17.0.6;C:\WINDOWS\System32\DriverStore\FileRepository\iigd_dch.inf_amd64_9741ef1f4093481f;C:\Program Files\Common Files\Microsoft Shared\Ink

VM Arguments:
jvm_args: -javaagent:C:\Program Files\JetBrains\IntelliJ IDEA 2024.2.1\lib\idea_rt.jar=54652:C:\Program Files\JetBrains\IntelliJ IDEA 2024.2.1\bin -Dfile.encoding=UTF-8 -Dsun.stdout.encoding=UTF-8 -Dsun.stderr.encoding=UTF-8 --module-path=C:\Users\asus\.m2\repository\org\openjfx\javafx-graphics\17.0.6\javafx-graphics-17.0.6-win.jar;C:\Users\asus\Documents\GitHub\Lib-management\lib\target\classes;C:\Users\asus\.m2\repository\org\openjfx\javafx-controls\17.0.6\javafx-controls-17.0.6-win.jar;C:\Users\asus\.m2\repository\org\openjfx\javafx-base\17.0.6\javafx-base-17.0.6-win.jar;C:\Users\asus\.m2\repository\org\openjfx\javafx-fxml\17.0.6\javafx-fxml-17.0.6-win.jar;C:\Users\asus\.m2\repository\com\mysql\mysql-connector-j\8.0.33\mysql-connector-j-8.0.33.jar -Djdk.module.main=com.example.lib 
java_command: com.example.lib/com.example.lib.Main
java_class_path (initial): C:\Users\asus\.m2\repository\org\openjfx\javafx-controls\17.0.6\javafx-controls-17.0.6.jar;C:\Users\asus\.m2\repository\org\openjfx\javafx-graphics\17.0.6\javafx-graphics-17.0.6.jar;C:\Users\asus\.m2\repository\org\openjfx\javafx-base\17.0.6\javafx-base-17.0.6.jar;C:\Users\asus\.m2\repository\org\openjfx\javafx-fxml\17.0.6\javafx-fxml-17.0.6.jar;C:\Users\asus\.m2\repository\com\google\protobuf\protobuf-java\3.21.9\protobuf-java-3.21.9.jar
Launcher Type: SUN_STANDARD

[Global flags]
     intx CICompilerCount                          = 12                                        {product} {ergonomic}
     uint ConcGCThreads                            = 4                                         {product} {ergonomic}
     uint G1ConcRefinementThreads                  = 15                                        {product} {ergonomic}
   size_t G1HeapRegionSize                         = 2097152                                   {product} {ergonomic}
   size_t InitialHeapSize                          = 264241152                                 {product} {ergonomic}
   size_t MarkStackSize                            = 4194304                                   {product} {ergonomic}
   size_t MarkStackSizeMax                         = 536870912                                 {product} {ergonomic}
   size_t MaxHeapSize                              = 4200595456                                {product} {ergonomic}
   size_t MaxNewSize                               = 2518679552                                {product} {ergonomic}
   size_t MinHeapDeltaBytes                        = 2097152                                   {product} {ergonomic}
   size_t MinHeapSize                              = 8388608                                   {product} {ergonomic}
    uintx NonNMethodCodeHeapSize                   = 7602176                                {pd product} {ergonomic}
    uintx NonProfiledCodeHeapSize                  = 122093568                              {pd product} {ergonomic}
    uintx ProfiledCodeHeapSize                     = 121962496                              {pd product} {ergonomic}
    uintx ReservedCodeCacheSize                    = 251658240                              {pd product} {ergonomic}
     bool SegmentedCodeCache                       = true                                      {product} {ergonomic}
   size_t SoftMaxHeapSize                          = 4200595456                             {manageable} {ergonomic}
     bool UseCompressedOops                        = true                           {product lp64_product} {ergonomic}
     bool UseG1GC                                  = true                                      {product} {ergonomic}
     bool UseLargePagesIndividualAllocation        = false                                  {pd product} {ergonomic}

Logging:
Log output configuration:
 #0: stdout all=warning uptime,level,tags foldmultilines=false
 #1: stderr all=off uptime,level,tags foldmultilines=false

Environment Variables:
JAVA_HOME=C:\Program Files\Java\jdk-1.8
PATH=C:\Program Files\Java\jdk-1.8\bin;C:\Program Files (x86)\Common Files\Oracle\Java\javapath;C:\WINDOWS\system32;C:\WINDOWS;C:\WINDOWS\System32\Wbem;C:\WINDOWS\System32\WindowsPowerShell\v1.0\;C:\WINDOWS\System32\OpenSSH\;C:\Program Files\Java\jdk-22\bin;C:\Program Files\Git\cmd;C:\Program Files\MySQL\MySQL Server 8.0\bin;C:\msys64\ucrt64\bin;C:\Users\asus\AppData\Local\Programs\Microsoft VS Code\bin;C:\Program Files\JetBrains\IntelliJ IDEA 2024.2.1\bin;;C:\Users\asus\AppData\Local\GitHubDesktop\bin
USERNAME=asus
OS=Windows_NT
PROCESSOR_IDENTIFIER=Intel64 Family 6 Model 186 Stepping 2, GenuineIntel
TMP=C:\Users\asus\AppData\Local\Temp
TEMP=C:\Users\asus\AppData\Local\Temp




Periodic native trim disabled

---------------  S Y S T E M  ---------------

OS:
 Windows 11 , 64 bit Build 22621 (10.0.22621.3958)
OS uptime: 11 days 6:59 hours

CPU: total 20 (initial active 20) (10 cores per cpu, 2 threads per core) family 6 model 186 stepping 2 microcode 0x410e, cx8, cmov, fxsr, ht, mmx, 3dnowpref, sse, sse2, sse3, ssse3, sse4.1, sse4.2, popcnt, lzcnt, tsc, tscinvbit, avx, avx2, aes, erms, clmul, bmi1, bmi2, adx, sha, fma, vzeroupper, clflush, clflushopt, clwb, serialize, rdtscp, rdpid, fsrm, gfni, f16c, pku, cet_ibt, cet_ss
Processor Information for processor 0
  Max Mhz: 2600, Current Mhz: 2600, Mhz Limit: 2600
Processor Information for processor 1
  Max Mhz: 2600, Current Mhz: 2600, Mhz Limit: 2600
Processor Information for processor 2
  Max Mhz: 2600, Current Mhz: 2600, Mhz Limit: 2600
Processor Information for processor 3
  Max Mhz: 2600, Current Mhz: 2600, Mhz Limit: 2600
Processor Information for processor 4
  Max Mhz: 2600, Current Mhz: 2600, Mhz Limit: 2600
Processor Information for processor 5
  Max Mhz: 2600, Current Mhz: 2600, Mhz Limit: 2600
Processor Information for processor 6
  Max Mhz: 2600, Current Mhz: 2600, Mhz Limit: 2600
Processor Information for processor 7
  Max Mhz: 2600, Current Mhz: 2600, Mhz Limit: 2600
Processor Information for processor 8
  Max Mhz: 2600, Current Mhz: 2600, Mhz Limit: 2600
Processor Information for processor 9
  Max Mhz: 2600, Current Mhz: 2600, Mhz Limit: 2600
Processor Information for processor 10
  Max Mhz: 2600, Current Mhz: 2600, Mhz Limit: 2600
Processor Information for processor 11
  Max Mhz: 2600, Current Mhz: 2600, Mhz Limit: 2600
Processor Information for processor 12
  Max Mhz: 2600, Current Mhz: 1900, Mhz Limit: 1898
Processor Information for processor 13
  Max Mhz: 2600, Current Mhz: 1500, Mhz Limit: 1898
Processor Information for processor 14
  Max Mhz: 2600, Current Mhz: 1500, Mhz Limit: 1898
Processor Information for processor 15
  Max Mhz: 2600, Current Mhz: 1900, Mhz Limit: 1898
Processor Information for processor 16
  Max Mhz: 2600, Current Mhz: 1900, Mhz Limit: 1898
Processor Information for processor 17
  Max Mhz: 2600, Current Mhz: 1900, Mhz Limit: 1898
Processor Information for processor 18
  Max Mhz: 2600, Current Mhz: 1900, Mhz Limit: 1898
Processor Information for processor 19
  Max Mhz: 2600, Current Mhz: 1900, Mhz Limit: 1898

Memory: 4k page, system-wide physical 16016M (1182M free)
TotalPageFile size 35216M (AvailPageFile size 201M)
current process WorkingSet (physical memory assigned to process): 218M, peak: 247M
current process commit charge ("private bytes"): 318M, peak: 517M

vm_info: OpenJDK 64-Bit Server VM (23+37-2369) for windows-amd64 JRE (23+37-2369), built on 2024-08-20T16:01:23Z with MS VC++ 17.6 (VS2022)

END.
