#
# There is insufficient memory for the Java Runtime Environment to continue.
# Native memory allocation (malloc) failed to allocate 1766880 bytes. Error detail: Chunk::new
# Possible reasons:
#   The system is out of physical RAM or swap space
#   This process is running with CompressedOops enabled, and the Java Heap may be blocking the growth of the native heap
# Possible solutions:
#   Reduce memory load on the system
#   Increase physical memory or swap space
#   Check if swap backing store is full
#   Decrease Java heap size (-Xmx/-Xms)
#   Decrease number of Java threads
#   Decrease Java thread stack sizes (-Xss)
#   Set larger code cache with -XX:ReservedCodeCacheSize=
#   JVM is running with Zero Based Compressed Oops mode in which the Java heap is
#     placed in the first 32GB address space. The Java Heap base address is the
#     maximum limit for the native heap growth. Please use -XX:HeapBaseMinAddress
#     to set the Java Heap base and to place the Java Heap above 32GB virtual address.
# This output file may be truncated or incomplete.
#
#  Out of Memory Error (arena.cpp:149), pid=34544, tid=32236
#
# JRE version: OpenJDK Runtime Environment (23.0+37) (build 23+37-2369)
# Java VM: OpenJDK 64-Bit Server VM (23+37-2369, mixed mode, sharing, tiered, compressed oops, compressed class ptrs, g1 gc, windows-amd64)
# No core dump will be written. Minidumps are not enabled by default on client versions of Windows
#

---------------  S U M M A R Y ------------

Command Line: -javaagent:C:\Program Files\JetBrains\IntelliJ IDEA 2024.2.1\lib\idea_rt.jar=60022:C:\Program Files\JetBrains\IntelliJ IDEA 2024.2.1\bin -Dfile.encoding=UTF-8 -Dsun.stdout.encoding=UTF-8 -Dsun.stderr.encoding=UTF-8 --module-path=C:\Users\asus\.m2\repository\org\openjfx\javafx-graphics\17.0.6\javafx-graphics-17.0.6-win.jar;C:\Users\asus\.m2\repository\org\openjfx\javafx-controls\17.0.6\javafx-controls-17.0.6-win.jar;C:\Users\asus\.m2\repository\org\openjfx\javafx-base\17.0.6\javafx-base-17.0.6-win.jar;C:\Users\asus\.m2\repository\com\fasterxml\jackson\core\jackson-databind\2.13.0\jackson-databind-2.13.0.jar;C:\Users\asus\.m2\repository\com\fasterxml\jackson\core\jackson-core\2.13.0\jackson-core-2.13.0.jar;C:\Users\asus\.m2\repository\com\fasterxml\jackson\core\jackson-annotations\2.13.0\jackson-annotations-2.13.0.jar;C:\Users\asus\.m2\repository\org\openjfx\javafx-fxml\17.0.6\javafx-fxml-17.0.6-win.jar;C:\Users\asus\Desktop\OOP\BTL_UP\QR_CODE\target\classes;C:\Users\asus\.m2\repository\io\nayuki\qrcodegen\1.7.0\qrcodegen-1.7.0.jar -Djdk.module.main=com.example.user com.example.user/com.book.QR_Code

Host: 13th Gen Intel(R) Core(TM) i9-13900H, 20 cores, 15G,  Windows 11 , 64 bit Build 22621 (10.0.22621.4391)
Time: Wed Nov 20 22:01:36 2024 SE Asia Standard Time elapsed time: 0.185590 seconds (0d 0h 0m 0s)

---------------  T H R E A D  ---------------

Current thread (0x0000028223540fd0):  JavaThread "C2 CompilerThread3" daemon [_thread_in_native, id=32236, stack(0x000000e04f800000,0x000000e04f900000) (1024K)]


Current CompileTask:
C2:185  306       4       java.util.stream.ReferencePipeline$3$1::accept (23 bytes)

Stack: [0x000000e04f800000,0x000000e04f900000]
Native frames: (J=compiled Java code, j=interpreted, Vv=VM code, C=native code)
V  [jvm.dll+0x6e08a9]  (no source info available)
V  [jvm.dll+0x87da63]  (no source info available)
V  [jvm.dll+0x87feee]  (no source info available)
V  [jvm.dll+0x8805c3]  (no source info available)
V  [jvm.dll+0x27aee6]  (no source info available)
V  [jvm.dll+0xbc06f]  (no source info available)
V  [jvm.dll+0xbc2cb]  (no source info available)
V  [jvm.dll+0x3b3a9c]  (no source info available)
V  [jvm.dll+0x38a42b]  (no source info available)
V  [jvm.dll+0x38989a]  (no source info available)
V  [jvm.dll+0x244aa1]  (no source info available)
V  [jvm.dll+0x243dff]  (no source info available)
V  [jvm.dll+0x1c33a0]  (no source info available)
V  [jvm.dll+0x253cf1]  (no source info available)
V  [jvm.dll+0x251faa]  (no source info available)
V  [jvm.dll+0x3ee036]  (no source info available)
V  [jvm.dll+0x824f1b]  (no source info available)
V  [jvm.dll+0x6df055]  (no source info available)
C  [ucrtbase.dll+0x29333]  (no source info available)
C  [KERNEL32.DLL+0x1259d]  (no source info available)
C  [ntdll.dll+0x5af38]  (no source info available)

Lock stack of current Java thread (top to bottom):


---------------  P R O C E S S  ---------------

Threads class SMR info:
_java_thread_list=0x00000282693bc900, length=19, elements={
0x0000028200ed5430, 0x0000028223520a00, 0x00000282235227d0, 0x0000028223525750,
0x00000282235262e0, 0x000002822352ee80, 0x0000028223531580, 0x000002822353c700,
0x0000028223542b10, 0x00000282235416a0, 0x0000028223531c10, 0x0000028223540230,
0x0000028223541d70, 0x00000282235438b0, 0x0000028223540900, 0x0000028223540fd0,
0x00000282235431e0, 0x0000028223533ce0, 0x00000282235322a0
}

Java Threads: ( => current thread )
  0x0000028200ed5430 JavaThread "main"                              [_thread_in_Java, id=9888, stack(0x000000e04e200000,0x000000e04e300000) (1024K)]
  0x0000028223520a00 JavaThread "Reference Handler"          daemon [_thread_blocked, id=33840, stack(0x000000e04ea00000,0x000000e04eb00000) (1024K)]
  0x00000282235227d0 JavaThread "Finalizer"                  daemon [_thread_blocked, id=28928, stack(0x000000e04eb00000,0x000000e04ec00000) (1024K)]
  0x0000028223525750 JavaThread "Signal Dispatcher"          daemon [_thread_blocked, id=11460, stack(0x000000e04ec00000,0x000000e04ed00000) (1024K)]
  0x00000282235262e0 JavaThread "Attach Listener"            daemon [_thread_blocked, id=28236, stack(0x000000e04ed00000,0x000000e04ee00000) (1024K)]
  0x000002822352ee80 JavaThread "Service Thread"             daemon [_thread_blocked, id=28288, stack(0x000000e04ee00000,0x000000e04ef00000) (1024K)]
  0x0000028223531580 JavaThread "Monitor Deflation Thread"   daemon [_thread_blocked, id=27136, stack(0x000000e04ef00000,0x000000e04f000000) (1024K)]
  0x000002822353c700 JavaThread "C2 CompilerThread0"         daemon [_thread_blocked, id=32580, stack(0x000000e04f000000,0x000000e04f100000) (1024K)]
  0x0000028223542b10 JavaThread "C1 CompilerThread0"         daemon [_thread_blocked, id=23948, stack(0x000000e04f100000,0x000000e04f200000) (1024K)]
  0x00000282235416a0 JavaThread "C1 CompilerThread1"         daemon [_thread_in_native, id=1632, stack(0x000000e04f200000,0x000000e04f300000) (1024K)]
  0x0000028223531c10 JavaThread "Common-Cleaner"             daemon [_thread_blocked, id=25484, stack(0x000000e04f300000,0x000000e04f400000) (1024K)]
  0x0000028223540230 JavaThread "C1 CompilerThread2"         daemon [_thread_in_vm, id=28588, stack(0x000000e04f400000,0x000000e04f500000) (1024K)]
  0x0000028223541d70 JavaThread "C2 CompilerThread1"         daemon [_thread_blocked, id=32760, stack(0x000000e04f500000,0x000000e04f600000) (1024K)]
  0x00000282235438b0 JavaThread "C2 CompilerThread2"         daemon [_thread_blocked, id=4532, stack(0x000000e04f600000,0x000000e04f700000) (1024K)]
  0x0000028223540900 JavaThread "C1 CompilerThread3"         daemon [_thread_blocked, id=11052, stack(0x000000e04f700000,0x000000e04f800000) (1024K)]
=>0x0000028223540fd0 JavaThread "C2 CompilerThread3"         daemon [_thread_in_native, id=32236, stack(0x000000e04f800000,0x000000e04f900000) (1024K)]
  0x00000282235431e0 JavaThread "C2 CompilerThread4"         daemon [_thread_blocked, id=15456, stack(0x000000e04f900000,0x000000e04fa00000) (1024K)]
  0x0000028223533ce0 JavaThread "Monitor Ctrl-Break"         daemon [_thread_in_native, id=8996, stack(0x000000e04fa00000,0x000000e04fb00000) (1024K)]
  0x00000282235322a0 JavaThread "Notification Thread"        daemon [_thread_blocked, id=13516, stack(0x000000e04fb00000,0x000000e04fc00000) (1024K)]
Total: 19

Other Threads:
  0x0000028223508eb0 VMThread "VM Thread"                           [id=10812, stack(0x000000e04e900000,0x000000e04ea00000) (1024K)]
  0x00000282234f5be0 WatcherThread "VM Periodic Task Thread"        [id=31376, stack(0x000000e04e800000,0x000000e04e900000) (1024K)]
  0x0000028200f9e720 WorkerThread "GC Thread#0"                     [id=26224, stack(0x000000e04e300000,0x000000e04e400000) (1024K)]
  0x0000028203288cd0 ConcurrentGCThread "G1 Main Marker"            [id=30808, stack(0x000000e04e400000,0x000000e04e500000) (1024K)]
  0x00000282032896f0 WorkerThread "G1 Conc#0"                       [id=21816, stack(0x000000e04e500000,0x000000e04e600000) (1024K)]
  0x00000282233ca6d0 ConcurrentGCThread "G1 Refine#0"               [id=23020, stack(0x000000e04e600000,0x000000e04e700000) (1024K)]
  0x00000282233cb250 ConcurrentGCThread "G1 Service"                [id=14248, stack(0x000000e04e700000,0x000000e04e800000) (1024K)]
Total: 7

Threads with active compile tasks:
C1 CompilerThread0  224  734       3       java.lang.invoke.InvokerBytecodeGenerator::emitImplicitConversion (161 bytes)
C1 CompilerThread1  224  728       3       jdk.internal.org.objectweb.asm.Frame::getAbstractTypeFromDescriptor (462 bytes)
C1 CompilerThread2  224  735       3       jdk.internal.org.objectweb.asm.Type::getArgumentsAndReturnSizes (140 bytes)
C2 CompilerThread3  224  306       4       java.util.stream.ReferencePipeline$3$1::accept (23 bytes)
Total: 4

VM state: not at safepoint (normal execution)

VM Mutex/Monitor currently owned by a thread: None

Heap address: 0x0000000705a00000, size: 4006 MB, Compressed Oops mode: Zero based, Oop shift amount: 3

CDS archive(s) mapped at: [0x0000028224000000-0x0000028224d70000-0x0000028224d70000), size 14090240, SharedBaseAddress: 0x0000028224000000, ArchiveRelocationMode: 1.
Compressed class space mapped at: 0x0000028225000000-0x0000028265000000, reserved size: 1073741824
Narrow klass base: 0x0000028224000000, Narrow klass shift: 0, Narrow klass range: 0x41000000

GC Precious Log:
 CardTable entry size: 512
 Card Set container configuration: InlinePtr #cards 4 size 8 Array Of Cards #cards 16 size 48 Howl #buckets 8 coarsen threshold 3686 Howl Bitmap #cards 512 size 80 coarsen threshold 460 Card regions per heap region 1 cards per card region 4096
 CPUs: 20 total, 20 available
 Memory: 16016M
 Large Page Support: Disabled
 NUMA Support: Disabled
 Compressed Oops: Enabled (Zero based)
 Heap Region Size: 2M
 Heap Min Capacity: 8M
 Heap Initial Capacity: 252M
 Heap Max Capacity: 4006M
 Pre-touch: Disabled
 Parallel Workers: 15
 Concurrent Workers: 4
 Concurrent Refinement Workers: 15
 Periodic GC: Disabled

Heap:
 garbage-first heap   total reserved 4102144K, committed 258048K, used 10240K [0x0000000705a00000, 0x0000000800000000)
  region size 2048K, 6 young (12288K), 0 survivors (0K)
 Metaspace       used 2183K, committed 2368K, reserved 1114112K
  class space    used 190K, committed 256K, reserved 1048576K

Heap Regions: E=young(eden), S=young(survivor), O=old, HS=humongous(starts), HC=humongous(continues), CS=collection set, F=free, TAMS=top-at-mark-start, PB=parsable bottom
|   0|0x0000000705a00000, 0x0000000705a00000, 0x0000000705c00000|  0%| F|  |TAMS 0x0000000705a00000| PB 0x0000000705a00000| Untracked |  0
|   1|0x0000000705c00000, 0x0000000705c00000, 0x0000000705e00000|  0%| F|  |TAMS 0x0000000705c00000| PB 0x0000000705c00000| Untracked |  0
|   2|0x0000000705e00000, 0x0000000705e00000, 0x0000000706000000|  0%| F|  |TAMS 0x0000000705e00000| PB 0x0000000705e00000| Untracked |  0
|   3|0x0000000706000000, 0x0000000706000000, 0x0000000706200000|  0%| F|  |TAMS 0x0000000706000000| PB 0x0000000706000000| Untracked |  0
|   4|0x0000000706200000, 0x0000000706200000, 0x0000000706400000|  0%| F|  |TAMS 0x0000000706200000| PB 0x0000000706200000| Untracked |  0
|   5|0x0000000706400000, 0x0000000706400000, 0x0000000706600000|  0%| F|  |TAMS 0x0000000706400000| PB 0x0000000706400000| Untracked |  0
|   6|0x0000000706600000, 0x0000000706600000, 0x0000000706800000|  0%| F|  |TAMS 0x0000000706600000| PB 0x0000000706600000| Untracked |  0
|   7|0x0000000706800000, 0x0000000706800000, 0x0000000706a00000|  0%| F|  |TAMS 0x0000000706800000| PB 0x0000000706800000| Untracked |  0
|   8|0x0000000706a00000, 0x0000000706a00000, 0x0000000706c00000|  0%| F|  |TAMS 0x0000000706a00000| PB 0x0000000706a00000| Untracked |  0
|   9|0x0000000706c00000, 0x0000000706c00000, 0x0000000706e00000|  0%| F|  |TAMS 0x0000000706c00000| PB 0x0000000706c00000| Untracked |  0
|  10|0x0000000706e00000, 0x0000000706e00000, 0x0000000707000000|  0%| F|  |TAMS 0x0000000706e00000| PB 0x0000000706e00000| Untracked |  0
|  11|0x0000000707000000, 0x0000000707000000, 0x0000000707200000|  0%| F|  |TAMS 0x0000000707000000| PB 0x0000000707000000| Untracked |  0
|  12|0x0000000707200000, 0x0000000707200000, 0x0000000707400000|  0%| F|  |TAMS 0x0000000707200000| PB 0x0000000707200000| Untracked |  0
|  13|0x0000000707400000, 0x0000000707400000, 0x0000000707600000|  0%| F|  |TAMS 0x0000000707400000| PB 0x0000000707400000| Untracked |  0
|  14|0x0000000707600000, 0x0000000707600000, 0x0000000707800000|  0%| F|  |TAMS 0x0000000707600000| PB 0x0000000707600000| Untracked |  0
|  15|0x0000000707800000, 0x0000000707800000, 0x0000000707a00000|  0%| F|  |TAMS 0x0000000707800000| PB 0x0000000707800000| Untracked |  0
|  16|0x0000000707a00000, 0x0000000707a00000, 0x0000000707c00000|  0%| F|  |TAMS 0x0000000707a00000| PB 0x0000000707a00000| Untracked |  0
|  17|0x0000000707c00000, 0x0000000707c00000, 0x0000000707e00000|  0%| F|  |TAMS 0x0000000707c00000| PB 0x0000000707c00000| Untracked |  0
|  18|0x0000000707e00000, 0x0000000707e00000, 0x0000000708000000|  0%| F|  |TAMS 0x0000000707e00000| PB 0x0000000707e00000| Untracked |  0
|  19|0x0000000708000000, 0x0000000708000000, 0x0000000708200000|  0%| F|  |TAMS 0x0000000708000000| PB 0x0000000708000000| Untracked |  0
|  20|0x0000000708200000, 0x0000000708200000, 0x0000000708400000|  0%| F|  |TAMS 0x0000000708200000| PB 0x0000000708200000| Untracked |  0
|  21|0x0000000708400000, 0x0000000708400000, 0x0000000708600000|  0%| F|  |TAMS 0x0000000708400000| PB 0x0000000708400000| Untracked |  0
|  22|0x0000000708600000, 0x0000000708600000, 0x0000000708800000|  0%| F|  |TAMS 0x0000000708600000| PB 0x0000000708600000| Untracked |  0
|  23|0x0000000708800000, 0x0000000708800000, 0x0000000708a00000|  0%| F|  |TAMS 0x0000000708800000| PB 0x0000000708800000| Untracked |  0
|  24|0x0000000708a00000, 0x0000000708a00000, 0x0000000708c00000|  0%| F|  |TAMS 0x0000000708a00000| PB 0x0000000708a00000| Untracked |  0
|  25|0x0000000708c00000, 0x0000000708c00000, 0x0000000708e00000|  0%| F|  |TAMS 0x0000000708c00000| PB 0x0000000708c00000| Untracked |  0
|  26|0x0000000708e00000, 0x0000000708e00000, 0x0000000709000000|  0%| F|  |TAMS 0x0000000708e00000| PB 0x0000000708e00000| Untracked |  0
|  27|0x0000000709000000, 0x0000000709000000, 0x0000000709200000|  0%| F|  |TAMS 0x0000000709000000| PB 0x0000000709000000| Untracked |  0
|  28|0x0000000709200000, 0x0000000709200000, 0x0000000709400000|  0%| F|  |TAMS 0x0000000709200000| PB 0x0000000709200000| Untracked |  0
|  29|0x0000000709400000, 0x0000000709400000, 0x0000000709600000|  0%| F|  |TAMS 0x0000000709400000| PB 0x0000000709400000| Untracked |  0
|  30|0x0000000709600000, 0x0000000709600000, 0x0000000709800000|  0%| F|  |TAMS 0x0000000709600000| PB 0x0000000709600000| Untracked |  0
|  31|0x0000000709800000, 0x0000000709800000, 0x0000000709a00000|  0%| F|  |TAMS 0x0000000709800000| PB 0x0000000709800000| Untracked |  0
|  32|0x0000000709a00000, 0x0000000709a00000, 0x0000000709c00000|  0%| F|  |TAMS 0x0000000709a00000| PB 0x0000000709a00000| Untracked |  0
|  33|0x0000000709c00000, 0x0000000709c00000, 0x0000000709e00000|  0%| F|  |TAMS 0x0000000709c00000| PB 0x0000000709c00000| Untracked |  0
|  34|0x0000000709e00000, 0x0000000709e00000, 0x000000070a000000|  0%| F|  |TAMS 0x0000000709e00000| PB 0x0000000709e00000| Untracked |  0
|  35|0x000000070a000000, 0x000000070a000000, 0x000000070a200000|  0%| F|  |TAMS 0x000000070a000000| PB 0x000000070a000000| Untracked |  0
|  36|0x000000070a200000, 0x000000070a200000, 0x000000070a400000|  0%| F|  |TAMS 0x000000070a200000| PB 0x000000070a200000| Untracked |  0
|  37|0x000000070a400000, 0x000000070a400000, 0x000000070a600000|  0%| F|  |TAMS 0x000000070a400000| PB 0x000000070a400000| Untracked |  0
|  38|0x000000070a600000, 0x000000070a600000, 0x000000070a800000|  0%| F|  |TAMS 0x000000070a600000| PB 0x000000070a600000| Untracked |  0
|  39|0x000000070a800000, 0x000000070a800000, 0x000000070aa00000|  0%| F|  |TAMS 0x000000070a800000| PB 0x000000070a800000| Untracked |  0
|  40|0x000000070aa00000, 0x000000070aa00000, 0x000000070ac00000|  0%| F|  |TAMS 0x000000070aa00000| PB 0x000000070aa00000| Untracked |  0
|  41|0x000000070ac00000, 0x000000070ac00000, 0x000000070ae00000|  0%| F|  |TAMS 0x000000070ac00000| PB 0x000000070ac00000| Untracked |  0
|  42|0x000000070ae00000, 0x000000070ae00000, 0x000000070b000000|  0%| F|  |TAMS 0x000000070ae00000| PB 0x000000070ae00000| Untracked |  0
|  43|0x000000070b000000, 0x000000070b000000, 0x000000070b200000|  0%| F|  |TAMS 0x000000070b000000| PB 0x000000070b000000| Untracked |  0
|  44|0x000000070b200000, 0x000000070b200000, 0x000000070b400000|  0%| F|  |TAMS 0x000000070b200000| PB 0x000000070b200000| Untracked |  0
|  45|0x000000070b400000, 0x000000070b400000, 0x000000070b600000|  0%| F|  |TAMS 0x000000070b400000| PB 0x000000070b400000| Untracked |  0
|  46|0x000000070b600000, 0x000000070b600000, 0x000000070b800000|  0%| F|  |TAMS 0x000000070b600000| PB 0x000000070b600000| Untracked |  0
|  47|0x000000070b800000, 0x000000070b800000, 0x000000070ba00000|  0%| F|  |TAMS 0x000000070b800000| PB 0x000000070b800000| Untracked |  0
|  48|0x000000070ba00000, 0x000000070ba00000, 0x000000070bc00000|  0%| F|  |TAMS 0x000000070ba00000| PB 0x000000070ba00000| Untracked |  0
|  49|0x000000070bc00000, 0x000000070bc00000, 0x000000070be00000|  0%| F|  |TAMS 0x000000070bc00000| PB 0x000000070bc00000| Untracked |  0
|  50|0x000000070be00000, 0x000000070be00000, 0x000000070c000000|  0%| F|  |TAMS 0x000000070be00000| PB 0x000000070be00000| Untracked |  0
|  51|0x000000070c000000, 0x000000070c000000, 0x000000070c200000|  0%| F|  |TAMS 0x000000070c000000| PB 0x000000070c000000| Untracked |  0
|  52|0x000000070c200000, 0x000000070c200000, 0x000000070c400000|  0%| F|  |TAMS 0x000000070c200000| PB 0x000000070c200000| Untracked |  0
|  53|0x000000070c400000, 0x000000070c400000, 0x000000070c600000|  0%| F|  |TAMS 0x000000070c400000| PB 0x000000070c400000| Untracked |  0
|  54|0x000000070c600000, 0x000000070c600000, 0x000000070c800000|  0%| F|  |TAMS 0x000000070c600000| PB 0x000000070c600000| Untracked |  0
|  55|0x000000070c800000, 0x000000070c800000, 0x000000070ca00000|  0%| F|  |TAMS 0x000000070c800000| PB 0x000000070c800000| Untracked |  0
|  56|0x000000070ca00000, 0x000000070ca00000, 0x000000070cc00000|  0%| F|  |TAMS 0x000000070ca00000| PB 0x000000070ca00000| Untracked |  0
|  57|0x000000070cc00000, 0x000000070cc00000, 0x000000070ce00000|  0%| F|  |TAMS 0x000000070cc00000| PB 0x000000070cc00000| Untracked |  0
|  58|0x000000070ce00000, 0x000000070ce00000, 0x000000070d000000|  0%| F|  |TAMS 0x000000070ce00000| PB 0x000000070ce00000| Untracked |  0
|  59|0x000000070d000000, 0x000000070d000000, 0x000000070d200000|  0%| F|  |TAMS 0x000000070d000000| PB 0x000000070d000000| Untracked |  0
|  60|0x000000070d200000, 0x000000070d200000, 0x000000070d400000|  0%| F|  |TAMS 0x000000070d200000| PB 0x000000070d200000| Untracked |  0
|  61|0x000000070d400000, 0x000000070d400000, 0x000000070d600000|  0%| F|  |TAMS 0x000000070d400000| PB 0x000000070d400000| Untracked |  0
|  62|0x000000070d600000, 0x000000070d600000, 0x000000070d800000|  0%| F|  |TAMS 0x000000070d600000| PB 0x000000070d600000| Untracked |  0
|  63|0x000000070d800000, 0x000000070d800000, 0x000000070da00000|  0%| F|  |TAMS 0x000000070d800000| PB 0x000000070d800000| Untracked |  0
|  64|0x000000070da00000, 0x000000070da00000, 0x000000070dc00000|  0%| F|  |TAMS 0x000000070da00000| PB 0x000000070da00000| Untracked |  0
|  65|0x000000070dc00000, 0x000000070dc00000, 0x000000070de00000|  0%| F|  |TAMS 0x000000070dc00000| PB 0x000000070dc00000| Untracked |  0
|  66|0x000000070de00000, 0x000000070de00000, 0x000000070e000000|  0%| F|  |TAMS 0x000000070de00000| PB 0x000000070de00000| Untracked |  0
|  67|0x000000070e000000, 0x000000070e000000, 0x000000070e200000|  0%| F|  |TAMS 0x000000070e000000| PB 0x000000070e000000| Untracked |  0
|  68|0x000000070e200000, 0x000000070e200000, 0x000000070e400000|  0%| F|  |TAMS 0x000000070e200000| PB 0x000000070e200000| Untracked |  0
|  69|0x000000070e400000, 0x000000070e400000, 0x000000070e600000|  0%| F|  |TAMS 0x000000070e400000| PB 0x000000070e400000| Untracked |  0
|  70|0x000000070e600000, 0x000000070e600000, 0x000000070e800000|  0%| F|  |TAMS 0x000000070e600000| PB 0x000000070e600000| Untracked |  0
|  71|0x000000070e800000, 0x000000070e800000, 0x000000070ea00000|  0%| F|  |TAMS 0x000000070e800000| PB 0x000000070e800000| Untracked |  0
|  72|0x000000070ea00000, 0x000000070ea00000, 0x000000070ec00000|  0%| F|  |TAMS 0x000000070ea00000| PB 0x000000070ea00000| Untracked |  0
|  73|0x000000070ec00000, 0x000000070ec00000, 0x000000070ee00000|  0%| F|  |TAMS 0x000000070ec00000| PB 0x000000070ec00000| Untracked |  0
|  74|0x000000070ee00000, 0x000000070ee00000, 0x000000070f000000|  0%| F|  |TAMS 0x000000070ee00000| PB 0x000000070ee00000| Untracked |  0
|  75|0x000000070f000000, 0x000000070f000000, 0x000000070f200000|  0%| F|  |TAMS 0x000000070f000000| PB 0x000000070f000000| Untracked |  0
|  76|0x000000070f200000, 0x000000070f200000, 0x000000070f400000|  0%| F|  |TAMS 0x000000070f200000| PB 0x000000070f200000| Untracked |  0
|  77|0x000000070f400000, 0x000000070f400000, 0x000000070f600000|  0%| F|  |TAMS 0x000000070f400000| PB 0x000000070f400000| Untracked |  0
|  78|0x000000070f600000, 0x000000070f600000, 0x000000070f800000|  0%| F|  |TAMS 0x000000070f600000| PB 0x000000070f600000| Untracked |  0
|  79|0x000000070f800000, 0x000000070f800000, 0x000000070fa00000|  0%| F|  |TAMS 0x000000070f800000| PB 0x000000070f800000| Untracked |  0
|  80|0x000000070fa00000, 0x000000070fa00000, 0x000000070fc00000|  0%| F|  |TAMS 0x000000070fa00000| PB 0x000000070fa00000| Untracked |  0
|  81|0x000000070fc00000, 0x000000070fc00000, 0x000000070fe00000|  0%| F|  |TAMS 0x000000070fc00000| PB 0x000000070fc00000| Untracked |  0
|  82|0x000000070fe00000, 0x000000070fe00000, 0x0000000710000000|  0%| F|  |TAMS 0x000000070fe00000| PB 0x000000070fe00000| Untracked |  0
|  83|0x0000000710000000, 0x0000000710000000, 0x0000000710200000|  0%| F|  |TAMS 0x0000000710000000| PB 0x0000000710000000| Untracked |  0
|  84|0x0000000710200000, 0x0000000710200000, 0x0000000710400000|  0%| F|  |TAMS 0x0000000710200000| PB 0x0000000710200000| Untracked |  0
|  85|0x0000000710400000, 0x0000000710400000, 0x0000000710600000|  0%| F|  |TAMS 0x0000000710400000| PB 0x0000000710400000| Untracked |  0
|  86|0x0000000710600000, 0x0000000710600000, 0x0000000710800000|  0%| F|  |TAMS 0x0000000710600000| PB 0x0000000710600000| Untracked |  0
|  87|0x0000000710800000, 0x0000000710800000, 0x0000000710a00000|  0%| F|  |TAMS 0x0000000710800000| PB 0x0000000710800000| Untracked |  0
|  88|0x0000000710a00000, 0x0000000710a00000, 0x0000000710c00000|  0%| F|  |TAMS 0x0000000710a00000| PB 0x0000000710a00000| Untracked |  0
|  89|0x0000000710c00000, 0x0000000710c00000, 0x0000000710e00000|  0%| F|  |TAMS 0x0000000710c00000| PB 0x0000000710c00000| Untracked |  0
|  90|0x0000000710e00000, 0x0000000710e00000, 0x0000000711000000|  0%| F|  |TAMS 0x0000000710e00000| PB 0x0000000710e00000| Untracked |  0
|  91|0x0000000711000000, 0x0000000711000000, 0x0000000711200000|  0%| F|  |TAMS 0x0000000711000000| PB 0x0000000711000000| Untracked |  0
|  92|0x0000000711200000, 0x0000000711200000, 0x0000000711400000|  0%| F|  |TAMS 0x0000000711200000| PB 0x0000000711200000| Untracked |  0
|  93|0x0000000711400000, 0x0000000711400000, 0x0000000711600000|  0%| F|  |TAMS 0x0000000711400000| PB 0x0000000711400000| Untracked |  0
|  94|0x0000000711600000, 0x0000000711600000, 0x0000000711800000|  0%| F|  |TAMS 0x0000000711600000| PB 0x0000000711600000| Untracked |  0
|  95|0x0000000711800000, 0x0000000711800000, 0x0000000711a00000|  0%| F|  |TAMS 0x0000000711800000| PB 0x0000000711800000| Untracked |  0
|  96|0x0000000711a00000, 0x0000000711a00000, 0x0000000711c00000|  0%| F|  |TAMS 0x0000000711a00000| PB 0x0000000711a00000| Untracked |  0
|  97|0x0000000711c00000, 0x0000000711c00000, 0x0000000711e00000|  0%| F|  |TAMS 0x0000000711c00000| PB 0x0000000711c00000| Untracked |  0
|  98|0x0000000711e00000, 0x0000000711e00000, 0x0000000712000000|  0%| F|  |TAMS 0x0000000711e00000| PB 0x0000000711e00000| Untracked |  0
|  99|0x0000000712000000, 0x0000000712000000, 0x0000000712200000|  0%| F|  |TAMS 0x0000000712000000| PB 0x0000000712000000| Untracked |  0
| 100|0x0000000712200000, 0x0000000712200000, 0x0000000712400000|  0%| F|  |TAMS 0x0000000712200000| PB 0x0000000712200000| Untracked |  0
| 101|0x0000000712400000, 0x0000000712400000, 0x0000000712600000|  0%| F|  |TAMS 0x0000000712400000| PB 0x0000000712400000| Untracked |  0
| 102|0x0000000712600000, 0x0000000712600000, 0x0000000712800000|  0%| F|  |TAMS 0x0000000712600000| PB 0x0000000712600000| Untracked |  0
| 103|0x0000000712800000, 0x0000000712800000, 0x0000000712a00000|  0%| F|  |TAMS 0x0000000712800000| PB 0x0000000712800000| Untracked |  0
| 104|0x0000000712a00000, 0x0000000712a00000, 0x0000000712c00000|  0%| F|  |TAMS 0x0000000712a00000| PB 0x0000000712a00000| Untracked |  0
| 105|0x0000000712c00000, 0x0000000712c00000, 0x0000000712e00000|  0%| F|  |TAMS 0x0000000712c00000| PB 0x0000000712c00000| Untracked |  0
| 106|0x0000000712e00000, 0x0000000712e00000, 0x0000000713000000|  0%| F|  |TAMS 0x0000000712e00000| PB 0x0000000712e00000| Untracked |  0
| 107|0x0000000713000000, 0x0000000713000000, 0x0000000713200000|  0%| F|  |TAMS 0x0000000713000000| PB 0x0000000713000000| Untracked |  0
| 108|0x0000000713200000, 0x0000000713200000, 0x0000000713400000|  0%| F|  |TAMS 0x0000000713200000| PB 0x0000000713200000| Untracked |  0
| 109|0x0000000713400000, 0x0000000713400000, 0x0000000713600000|  0%| F|  |TAMS 0x0000000713400000| PB 0x0000000713400000| Untracked |  0
| 110|0x0000000713600000, 0x0000000713600000, 0x0000000713800000|  0%| F|  |TAMS 0x0000000713600000| PB 0x0000000713600000| Untracked |  0
| 111|0x0000000713800000, 0x0000000713800000, 0x0000000713a00000|  0%| F|  |TAMS 0x0000000713800000| PB 0x0000000713800000| Untracked |  0
| 112|0x0000000713a00000, 0x0000000713a00000, 0x0000000713c00000|  0%| F|  |TAMS 0x0000000713a00000| PB 0x0000000713a00000| Untracked |  0
| 113|0x0000000713c00000, 0x0000000713c00000, 0x0000000713e00000|  0%| F|  |TAMS 0x0000000713c00000| PB 0x0000000713c00000| Untracked |  0
| 114|0x0000000713e00000, 0x0000000713e00000, 0x0000000714000000|  0%| F|  |TAMS 0x0000000713e00000| PB 0x0000000713e00000| Untracked |  0
| 115|0x0000000714000000, 0x0000000714000000, 0x0000000714200000|  0%| F|  |TAMS 0x0000000714000000| PB 0x0000000714000000| Untracked |  0
| 116|0x0000000714200000, 0x0000000714200000, 0x0000000714400000|  0%| F|  |TAMS 0x0000000714200000| PB 0x0000000714200000| Untracked |  0
| 117|0x0000000714400000, 0x0000000714400000, 0x0000000714600000|  0%| F|  |TAMS 0x0000000714400000| PB 0x0000000714400000| Untracked |  0
| 118|0x0000000714600000, 0x0000000714600000, 0x0000000714800000|  0%| F|  |TAMS 0x0000000714600000| PB 0x0000000714600000| Untracked |  0
| 119|0x0000000714800000, 0x0000000714800000, 0x0000000714a00000|  0%| F|  |TAMS 0x0000000714800000| PB 0x0000000714800000| Untracked |  0
| 120|0x0000000714a00000, 0x0000000714c00000, 0x0000000714c00000|100%| E|  |TAMS 0x0000000714a00000| PB 0x0000000714a00000| Complete |  0
| 121|0x0000000714c00000, 0x0000000714e00000, 0x0000000714e00000|100%| E|CS|TAMS 0x0000000714c00000| PB 0x0000000714c00000| Complete |  0
| 122|0x0000000714e00000, 0x0000000715000000, 0x0000000715000000|100%| E|CS|TAMS 0x0000000714e00000| PB 0x0000000714e00000| Complete |  0
| 123|0x0000000715000000, 0x0000000715200000, 0x0000000715200000|100%| E|CS|TAMS 0x0000000715000000| PB 0x0000000715000000| Complete |  0
| 124|0x0000000715200000, 0x0000000715400000, 0x0000000715400000|100%| E|CS|TAMS 0x0000000715200000| PB 0x0000000715200000| Complete |  0
| 125|0x0000000715400000, 0x0000000715600000, 0x0000000715600000|100%| E|CS|TAMS 0x0000000715400000| PB 0x0000000715400000| Complete |  0

Card table byte_map: [0x000002821bcd0000,0x000002821c4b0000] _byte_map_base: 0x00000282184a3000

Marking Bits: (CMBitMap*) 0x0000028203274ab0
 Bits: [0x000002821c4b0000, 0x0000028220348000)

Polling page: 0x00000282010e0000

Metaspace:

Usage:
  Non-class:      2.00 MB used.
      Class:    199.57 KB used.
       Both:      2.20 MB used.

Virtual space:
  Non-class space:       64.00 MB reserved,       2.12 MB (  3%) committed,  1 nodes.
      Class space:        1.00 GB reserved,     256.00 KB ( <1%) committed,  1 nodes.
             Both:        1.06 GB reserved,       2.38 MB ( <1%) committed. 

Chunk freelists:
   Non-Class:  11.86 MB
       Class:  15.70 MB
        Both:  27.56 MB

MaxMetaspaceSize: unlimited
CompressedClassSpaceSize: 1.00 GB
Initial GC threshold: 21.00 MB
Current GC threshold: 21.00 MB
CDS: on
 - commit_granule_bytes: 65536.
 - commit_granule_words: 8192.
 - virtual_space_node_default_size: 8388608.
 - enlarge_chunks_in_place: 1.
 - use_allocation_guard: 0.


Internal statistics:

num_allocs_failed_limit: 0.
num_arena_births: 82.
num_arena_deaths: 0.
num_vsnodes_births: 2.
num_vsnodes_deaths: 0.
num_space_committed: 38.
num_space_uncommitted: 0.
num_chunks_returned_to_freelist: 0.
num_chunks_taken_from_freelist: 101.
num_chunk_merges: 0.
num_chunk_splits: 62.
num_chunks_enlarged: 28.
num_inconsistent_stats: 0.

CodeHeap 'non-profiled nmethods': size=119232Kb used=243Kb max_used=243Kb free=118988Kb
 bounds [0x00000282134d0000, 0x0000028213740000, 0x000002821a940000]
CodeHeap 'profiled nmethods': size=119104Kb used=838Kb max_used=838Kb free=118265Kb
 bounds [0x000002820b940000, 0x000002820bbb0000, 0x0000028212d90000]
CodeHeap 'non-nmethods': size=7424Kb used=3040Kb max_used=3050Kb free=4384Kb
 bounds [0x0000028212d90000, 0x0000028213090000, 0x00000282134d0000]
CodeCache: size=245760Kb, used=4121Kb, max_used=4131Kb, free=241637Kb
 total_blobs=1217, nmethods=749, adapters=370, full_count=0
Compilation: enabled, stopped_count=0, restarted_count=0

Compilation events (20 events):
Event: 0.170 Thread 0x0000028223542b10  639       3       io.nayuki.qrcodegen.QrCode::setFunctionModule (19 bytes)
Event: 0.170 Thread 0x0000028223540230 nmethod 634 0x000002820b9eef88 code [0x000002820b9ef160, 0x000002820b9ef928]
Event: 0.170 Thread 0x00000282235416a0 nmethod 638 0x000002820b9ef988 code [0x000002820b9efaa0, 0x000002820b9efbf8]
Event: 0.170 Thread 0x0000028223540900 nmethod 636 0x000002820b9efc88 code [0x000002820b9efde0, 0x000002820b9f00d8]
Event: 0.170 Thread 0x00000282235438b0 nmethod 637 0x0000028213503908 code [0x0000028213503a00, 0x0000028213503a70]
Event: 0.170 Thread 0x0000028223540900  640       3       io.nayuki.qrcodegen.QrCode::reedSolomonMultiply (89 bytes)
Event: 0.170 Thread 0x0000028223542b10 nmethod 639 0x000002820b9f0108 code [0x000002820b9f0240, 0x000002820b9f0410]
Event: 0.170 Thread 0x0000028223540900 nmethod 640 0x000002820b9f0488 code [0x000002820b9f05a0, 0x000002820b9f0778]
Event: 0.170 Thread 0x0000028223541d70  641       4       io.nayuki.qrcodegen.QrCode::reedSolomonMultiply (89 bytes)
Event: 0.170 Thread 0x00000282235416a0  642       3       io.nayuki.qrcodegen.QrCode::finderPenaltyAddHistory (29 bytes)
Event: 0.170 Thread 0x0000028223542b10  643       3       io.nayuki.qrcodegen.QrCode::finderPenaltyCountPatterns (122 bytes)
Event: 0.170 Thread 0x00000282235416a0 nmethod 642 0x000002820b9f0808 code [0x000002820b9f0940, 0x000002820b9f0b88]
Event: 0.171 Thread 0x0000028223542b10 nmethod 643 0x000002820b9f0c08 code [0x000002820b9f0d40, 0x000002820b9f11d8]
Event: 0.171 Thread 0x0000028223541d70 nmethod 641 0x0000028213503c08 code [0x0000028213503d00, 0x0000028213503e58]
Event: 0.171 Thread 0x0000028223540230  644       3       io.nayuki.qrcodegen.QrCode::finderPenaltyTerminateAndCount (31 bytes)
Event: 0.171 Thread 0x0000028223541d70  645       4       io.nayuki.qrcodegen.QrCode::finderPenaltyAddHistory (29 bytes)
Event: 0.171 Thread 0x0000028223540230 nmethod 644 0x000002820b9f1208 code [0x000002820b9f1340, 0x000002820b9f1548]
Event: 0.172 Thread 0x0000028223541d70 nmethod 645 0x0000028213503f08 code [0x0000028213504000, 0x0000028213504138]
Event: 0.172 Thread 0x000002822353c700  646       4       io.nayuki.qrcodegen.QrCode::finderPenaltyCountPatterns (122 bytes)
Event: 0.173 Thread 0x000002822353c700 nmethod 646 0x0000028213504208 code [0x0000028213504320, 0x00000282135044a0]

GC Heap History (0 events):
No events

Dll operation events (9 events):
Event: 0.008 Loaded shared library C:\Users\asus\.jdks\openjdk-23\bin\java.dll
Event: 0.037 Loaded shared library C:\Users\asus\.jdks\openjdk-23\bin\jsvml.dll
Event: 0.061 Loaded shared library C:\Users\asus\.jdks\openjdk-23\bin\net.dll
Event: 0.062 Loaded shared library C:\Users\asus\.jdks\openjdk-23\bin\nio.dll
Event: 0.068 Loaded shared library C:\Users\asus\.jdks\openjdk-23\bin\zip.dll
Event: 0.130 Loaded shared library C:\Users\asus\.jdks\openjdk-23\bin\zip.dll
Event: 0.133 Loaded shared library C:\Users\asus\.jdks\openjdk-23\bin\instrument.dll
Event: 0.144 Loaded shared library C:\Program Files\JetBrains\IntelliJ IDEA 2024.2.1\bin\breakgen64.dll
Event: 0.182 Loaded shared library C:\Users\asus\.jdks\openjdk-23\bin\awt.dll

Deoptimization events (20 events):
Event: 0.124 Thread 0x0000028200ed5430 Uncommon trap: trap_request=0xffffff45 fr.pc=0x00000282134dfbbc relative=0x00000000000006bc
Event: 0.124 Thread 0x0000028200ed5430 Uncommon trap: reason=unstable_if action=reinterpret pc=0x00000282134dfbbc method=java.util.ImmutableCollections$SetN.probe(Ljava/lang/Object;)I @ 34 c2
Event: 0.124 Thread 0x0000028200ed5430 DEOPT PACKING pc=0x00000282134dfbbc sp=0x000000e04e2ff1c0
Event: 0.124 Thread 0x0000028200ed5430 DEOPT UNPACKING pc=0x0000028212de4402 sp=0x000000e04e2ff160 mode 2
Event: 0.126 Thread 0x0000028200ed5430 Uncommon trap: trap_request=0xffffff45 fr.pc=0x00000282134e4834 relative=0x00000000000004f4
Event: 0.126 Thread 0x0000028200ed5430 Uncommon trap: reason=unstable_if action=reinterpret pc=0x00000282134e4834 method=java.lang.StringLatin1.newString([BII)Ljava/lang/String; @ 1 c2
Event: 0.126 Thread 0x0000028200ed5430 DEOPT PACKING pc=0x00000282134e4834 sp=0x000000e04e2fef70
Event: 0.126 Thread 0x0000028200ed5430 DEOPT UNPACKING pc=0x0000028212de4402 sp=0x000000e04e2fef38 mode 2
Event: 0.145 Thread 0x0000028200ed5430 Uncommon trap: trap_request=0xffffff45 fr.pc=0x00000282134d9adc relative=0x000000000000005c
Event: 0.145 Thread 0x0000028200ed5430 Uncommon trap: reason=unstable_if action=reinterpret pc=0x00000282134d9adc method=java.lang.String.isLatin1()Z @ 10 c2
Event: 0.145 Thread 0x0000028200ed5430 DEOPT PACKING pc=0x00000282134d9adc sp=0x000000e04e2feb00
Event: 0.145 Thread 0x0000028200ed5430 DEOPT UNPACKING pc=0x0000028212de4402 sp=0x000000e04e2fea90 mode 2
Event: 0.145 Thread 0x0000028200ed5430 Uncommon trap: trap_request=0xffffff45 fr.pc=0x00000282134d9554 relative=0x00000000000000b4
Event: 0.145 Thread 0x0000028200ed5430 Uncommon trap: reason=unstable_if action=reinterpret pc=0x00000282134d9554 method=java.lang.String.isLatin1()Z @ 10 c2
Event: 0.145 Thread 0x0000028200ed5430 DEOPT PACKING pc=0x00000282134d9554 sp=0x000000e04e2ff470
Event: 0.145 Thread 0x0000028200ed5430 DEOPT UNPACKING pc=0x0000028212de4402 sp=0x000000e04e2ff3b0 mode 2
Event: 0.169 Thread 0x0000028200ed5430 Uncommon trap: trap_request=0xffffff45 fr.pc=0x00000282134de300 relative=0x0000000000000180
Event: 0.169 Thread 0x0000028200ed5430 Uncommon trap: reason=unstable_if action=reinterpret pc=0x00000282134de300 method=java.lang.String.equals(Ljava/lang/Object;)Z @ 33 c2
Event: 0.169 Thread 0x0000028200ed5430 DEOPT PACKING pc=0x00000282134de300 sp=0x000000e04e2ff7c0
Event: 0.169 Thread 0x0000028200ed5430 DEOPT UNPACKING pc=0x0000028212de4402 sp=0x000000e04e2ff750 mode 2

Classes loaded (20 events):
Event: 0.174 Loading class sun/awt/image/SurfaceManager done
Event: 0.174 Loading class java/awt/image/ColorModel
Event: 0.174 Loading class java/awt/image/ColorModel done
Event: 0.174 Loading class java/awt/image/ColorModel$1
Event: 0.174 Loading class java/awt/image/ColorModel$1 done
Event: 0.182 Loading class java/awt/image/DirectColorModel
Event: 0.183 Loading class java/awt/image/PackedColorModel
Event: 0.183 Loading class java/awt/image/PackedColorModel done
Event: 0.183 Loading class java/awt/image/DirectColorModel done
Event: 0.183 Loading class java/awt/color/ColorSpace
Event: 0.183 Loading class java/awt/color/ColorSpace done
Event: 0.183 Loading class java/awt/color/ColorSpace$BuiltInSpace
Event: 0.183 Loading class java/awt/color/ColorSpace$BuiltInSpace done
Event: 0.183 Loading class java/awt/color/ICC_ColorSpace
Event: 0.183 Loading class java/awt/color/ICC_ColorSpace done
Event: 0.183 Loading class java/awt/color/ICC_Profile
Event: 0.184 Loading class java/awt/color/ICC_Profile done
Event: 0.184 Loading class sun/awt/AWTAccessor$ICC_ProfileAccessor
Event: 0.184 Loading class sun/awt/AWTAccessor$ICC_ProfileAccessor done
Event: 0.184 Loading class sun/java2d/cmm/Profile

Classes unloaded (0 events):
No events

Classes redefined (0 events):
No events

Internal exceptions (7 events):
Event: 0.094 Thread 0x0000028200ed5430 Exception <a 'java/lang/NoSuchMethodError'{0x0000000714f387e0}: 'void java.lang.invoke.DirectMethodHandle$Holder.invokeSpecial(java.lang.Object, java.lang.Object, java.lang.Object)'> (0x0000000714f387e0) 
thrown [s\open\src\hotspot\share\interpreter\linkResolver.cpp, line 796]
Event: 0.096 Thread 0x0000028200ed5430 Exception <a 'java/lang/NoSuchMethodError'{0x0000000714f45c28}: 'java.lang.Object java.lang.invoke.DirectMethodHandle$Holder.invokeVirtual(java.lang.Object, java.lang.Object, java.lang.Object)'> (0x0000000714f45c28) 
thrown [s\open\src\hotspot\share\interpreter\linkResolver.cpp, line 796]
Event: 0.113 Thread 0x0000028200ed5430 Exception <a 'java/lang/NoSuchMethodError'{0x0000000714d0b7e8}: 'void java.lang.invoke.DirectMethodHandle$Holder.invokeVirtual(java.lang.Object, java.lang.Object)'> (0x0000000714d0b7e8) 
thrown [s\open\src\hotspot\share\interpreter\linkResolver.cpp, line 796]
Event: 0.114 Thread 0x0000028200ed5430 Exception <a 'java/lang/NoSuchMethodError'{0x0000000714d16540}: 'java.lang.Object java.lang.invoke.DirectMethodHandle$Holder.invokeInterface(java.lang.Object, java.lang.Object, java.lang.Object)'> (0x0000000714d16540) 
thrown [s\open\src\hotspot\share\interpreter\linkResolver.cpp, line 796]
Event: 0.142 Thread 0x0000028200ed5430 Exception <a 'java/lang/NoSuchMethodError'{0x0000000714a629e0}: 'java.lang.Object java.lang.invoke.Invokers$Holder.invokeExact_MT(java.lang.Object, java.lang.Object, java.lang.Object, java.lang.Object, java.lang.Object)'> (0x0000000714a629e0) 
thrown [s\open\src\hotspot\share\interpreter\linkResolver.cpp, line 796]
Event: 0.149 Thread 0x0000028223533ce0 Exception <a 'java/lang/ClassNotFoundException'{0x0000000714a85028}: jdk/net/ExtendedSocketOptions> (0x0000000714a85028) 
thrown [s\open\src\hotspot\share\classfile\systemDictionary.cpp, line 313]
Event: 0.150 Thread 0x0000028223533ce0 Exception <a 'java/lang/NoSuchMethodError'{0x0000000714a86798}: 'void java.lang.invoke.DirectMethodHandle$Holder.invokeStatic(java.lang.Object, java.lang.Object)'> (0x0000000714a86798) 
thrown [s\open\src\hotspot\share\interpreter\linkResolver.cpp, line 796]

VM Operations (6 events):
Event: 0.093 Executing VM operation: HandshakeAllThreads (Deoptimize)
Event: 0.093 Executing VM operation: HandshakeAllThreads (Deoptimize) done
Event: 0.095 Executing VM operation: HandshakeAllThreads (Deoptimize)
Event: 0.095 Executing VM operation: HandshakeAllThreads (Deoptimize) done
Event: 0.122 Executing VM operation: HandshakeAllThreads (Deoptimize)
Event: 0.122 Executing VM operation: HandshakeAllThreads (Deoptimize) done

Memory protections (0 events):
No events

Nmethod flushes (0 events):
No events

Events (19 events):
Event: 0.024 Thread 0x0000028200ed5430 Thread added: 0x0000028200ed5430
Event: 0.035 Thread 0x0000028200ed5430 Thread added: 0x0000028223520a00
Event: 0.035 Thread 0x0000028200ed5430 Thread added: 0x00000282235227d0
Event: 0.035 Thread 0x0000028200ed5430 Thread added: 0x0000028223525750
Event: 0.035 Thread 0x0000028200ed5430 Thread added: 0x00000282235262e0
Event: 0.035 Thread 0x0000028200ed5430 Thread added: 0x000002822352ee80
Event: 0.035 Thread 0x0000028200ed5430 Thread added: 0x0000028223531580
Event: 0.035 Thread 0x0000028200ed5430 Thread added: 0x000002822353c700
Event: 0.035 Thread 0x0000028200ed5430 Thread added: 0x0000028223542b10
Event: 0.037 Thread 0x0000028223542b10 Thread added: 0x00000282235416a0
Event: 0.058 Thread 0x0000028200ed5430 Thread added: 0x0000028223531c10
Event: 0.065 Thread 0x0000028223542b10 Thread added: 0x0000028223540230
Event: 0.076 Thread 0x00000282235416a0 Thread added: 0x0000028223541d70
Event: 0.076 Thread 0x00000282235416a0 Thread added: 0x00000282235438b0
Event: 0.077 Thread 0x00000282235416a0 Thread added: 0x0000028223540900
Event: 0.079 Thread 0x0000028223542b10 Thread added: 0x0000028223540fd0
Event: 0.080 Thread 0x0000028223542b10 Thread added: 0x00000282235431e0
Event: 0.145 Thread 0x0000028200ed5430 Thread added: 0x0000028223533ce0
Event: 0.145 Thread 0x0000028200ed5430 Thread added: 0x00000282235322a0


Dynamic libraries:
0x00007ff79d180000 - 0x00007ff79d18e000 	C:\Users\asus\.jdks\openjdk-23\bin\java.exe
0x00007ffb5fdd0000 - 0x00007ffb5ffe7000 	C:\WINDOWS\SYSTEM32\ntdll.dll
0x00007ffb5f6e0000 - 0x00007ffb5f7a4000 	C:\WINDOWS\System32\KERNEL32.DLL
0x00007ffb5d1f0000 - 0x00007ffb5d5a9000 	C:\WINDOWS\System32\KERNELBASE.dll
0x00007ffb5d0d0000 - 0x00007ffb5d1e1000 	C:\WINDOWS\System32\ucrtbase.dll
0x00007ffb47420000 - 0x00007ffb47437000 	C:\Users\asus\.jdks\openjdk-23\bin\jli.dll
0x00007ffb55f80000 - 0x00007ffb55f9b000 	C:\Users\asus\.jdks\openjdk-23\bin\VCRUNTIME140.dll
0x00007ffb5dec0000 - 0x00007ffb5e06e000 	C:\WINDOWS\System32\USER32.dll
0x00007ffb5dac0000 - 0x00007ffb5dae6000 	C:\WINDOWS\System32\win32u.dll
0x00007ffb45100000 - 0x00007ffb45392000 	C:\WINDOWS\WinSxS\amd64_microsoft.windows.common-controls_6595b64144ccf1df_6.0.22621.4391_none_2715d37f73803e96\COMCTL32.dll
0x00007ffb5f5e0000 - 0x00007ffb5f609000 	C:\WINDOWS\System32\GDI32.dll
0x00007ffb5db40000 - 0x00007ffb5dbe7000 	C:\WINDOWS\System32\msvcrt.dll
0x00007ffb5d9a0000 - 0x00007ffb5dabb000 	C:\WINDOWS\System32\gdi32full.dll
0x00007ffb5d5e0000 - 0x00007ffb5d67a000 	C:\WINDOWS\System32\msvcp_win.dll
0x00007ffb5fd40000 - 0x00007ffb5fd71000 	C:\WINDOWS\System32\IMM32.DLL
0x00007ffb585f0000 - 0x00007ffb585fc000 	C:\Users\asus\.jdks\openjdk-23\bin\vcruntime140_1.dll
0x00007ffb461c0000 - 0x00007ffb4624e000 	C:\Users\asus\.jdks\openjdk-23\bin\msvcp140.dll
0x00007ffaf31b0000 - 0x00007ffaf3eff000 	C:\Users\asus\.jdks\openjdk-23\bin\server\jvm.dll
0x00007ffb5f040000 - 0x00007ffb5f0f2000 	C:\WINDOWS\System32\ADVAPI32.dll
0x00007ffb5f630000 - 0x00007ffb5f6d7000 	C:\WINDOWS\System32\sechost.dll
0x00007ffb5d5b0000 - 0x00007ffb5d5d8000 	C:\WINDOWS\System32\bcrypt.dll
0x00007ffb5eda0000 - 0x00007ffb5eeb4000 	C:\WINDOWS\System32\RPCRT4.dll
0x00007ffb5eec0000 - 0x00007ffb5ef31000 	C:\WINDOWS\System32\WS2_32.dll
0x00007ffb46190000 - 0x00007ffb4619a000 	C:\WINDOWS\SYSTEM32\VERSION.dll
0x00007ffb56730000 - 0x00007ffb56764000 	C:\WINDOWS\SYSTEM32\WINMM.dll
0x00007ffb5cd40000 - 0x00007ffb5cd8d000 	C:\WINDOWS\SYSTEM32\POWRPROF.dll
0x00007ffb5cb40000 - 0x00007ffb5cb53000 	C:\WINDOWS\SYSTEM32\UMPDC.dll
0x00007ffb5c110000 - 0x00007ffb5c128000 	C:\WINDOWS\SYSTEM32\kernel.appcore.dll
0x00007ffb567d0000 - 0x00007ffb567da000 	C:\Users\asus\.jdks\openjdk-23\bin\jimage.dll
0x00007ffb5a900000 - 0x00007ffb5ab32000 	C:\WINDOWS\SYSTEM32\DBGHELP.DLL
0x00007ffb5e070000 - 0x00007ffb5e3ff000 	C:\WINDOWS\System32\combase.dll
0x00007ffb5ef50000 - 0x00007ffb5f027000 	C:\WINDOWS\System32\OLEAUT32.dll
0x00007ffb43a90000 - 0x00007ffb43ac2000 	C:\WINDOWS\SYSTEM32\dbgcore.DLL
0x00007ffb5d6f0000 - 0x00007ffb5d76b000 	C:\WINDOWS\System32\bcryptPrimitives.dll
0x00007ffb26ed0000 - 0x00007ffb26edf000 	C:\Users\asus\.jdks\openjdk-23\bin\instrument.dll
0x00007ffb3e250000 - 0x00007ffb3e26e000 	C:\Users\asus\.jdks\openjdk-23\bin\java.dll
0x00007ffb5dbf0000 - 0x00007ffb5dd95000 	C:\WINDOWS\System32\ole32.dll
0x00007ffb5e4c0000 - 0x00007ffb5ed36000 	C:\WINDOWS\System32\SHELL32.dll
0x00007ffb5b010000 - 0x00007ffb5b913000 	C:\WINDOWS\SYSTEM32\windows.storage.dll
0x00007ffb5aed0000 - 0x00007ffb5b00f000 	C:\WINDOWS\SYSTEM32\wintypes.dll
0x00007ffb5f840000 - 0x00007ffb5f939000 	C:\WINDOWS\System32\SHCORE.dll
0x00007ffb5faa0000 - 0x00007ffb5fafe000 	C:\WINDOWS\System32\shlwapi.dll
0x00007ffb5d000000 - 0x00007ffb5d02b000 	C:\WINDOWS\SYSTEM32\profapi.dll
0x00007ffb16c50000 - 0x00007ffb16d27000 	C:\Users\asus\.jdks\openjdk-23\bin\jsvml.dll
0x00007ffb47540000 - 0x00007ffb47550000 	C:\Users\asus\.jdks\openjdk-23\bin\net.dll
0x00007ffb5c590000 - 0x00007ffb5c5f9000 	C:\WINDOWS\system32\mswsock.dll
0x00007ffb3e230000 - 0x00007ffb3e246000 	C:\Users\asus\.jdks\openjdk-23\bin\nio.dll
0x00007ffb3e210000 - 0x00007ffb3e227000 	C:\Users\asus\.jdks\openjdk-23\bin\zip.dll
0x00007ffb26eb0000 - 0x00007ffb26eca000 	C:\Program Files\JetBrains\IntelliJ IDEA 2024.2.1\bin\breakgen64.dll
0x00007ffacd9b0000 - 0x00007ffacdb3d000 	C:\Users\asus\.jdks\openjdk-23\bin\awt.dll
0x00007ffb58a50000 - 0x00007ffb58ae7000 	C:\WINDOWS\SYSTEM32\apphelp.dll

dbghelp: loaded successfully - version: 4.0.5 - missing functions: none
symbol engine: initialized successfully - sym options: 0x614 - pdb path: .;C:\Users\asus\.jdks\openjdk-23\bin;C:\WINDOWS\SYSTEM32;C:\WINDOWS\WinSxS\amd64_microsoft.windows.common-controls_6595b64144ccf1df_6.0.22621.4391_none_2715d37f73803e96;C:\Users\asus\.jdks\openjdk-23\bin\server;C:\Program Files\JetBrains\IntelliJ IDEA 2024.2.1\bin

VM Arguments:
jvm_args: -javaagent:C:\Program Files\JetBrains\IntelliJ IDEA 2024.2.1\lib\idea_rt.jar=60022:C:\Program Files\JetBrains\IntelliJ IDEA 2024.2.1\bin -Dfile.encoding=UTF-8 -Dsun.stdout.encoding=UTF-8 -Dsun.stderr.encoding=UTF-8 --module-path=C:\Users\asus\.m2\repository\org\openjfx\javafx-graphics\17.0.6\javafx-graphics-17.0.6-win.jar;C:\Users\asus\.m2\repository\org\openjfx\javafx-controls\17.0.6\javafx-controls-17.0.6-win.jar;C:\Users\asus\.m2\repository\org\openjfx\javafx-base\17.0.6\javafx-base-17.0.6-win.jar;C:\Users\asus\.m2\repository\com\fasterxml\jackson\core\jackson-databind\2.13.0\jackson-databind-2.13.0.jar;C:\Users\asus\.m2\repository\com\fasterxml\jackson\core\jackson-core\2.13.0\jackson-core-2.13.0.jar;C:\Users\asus\.m2\repository\com\fasterxml\jackson\core\jackson-annotations\2.13.0\jackson-annotations-2.13.0.jar;C:\Users\asus\.m2\repository\org\openjfx\javafx-fxml\17.0.6\javafx-fxml-17.0.6-win.jar;C:\Users\asus\Desktop\OOP\BTL_UP\QR_CODE\target\classes;C:\Users\asus\.m2\repository\io\nayuki\qrcodegen\1.7.0\qrcodegen-1.7.0.jar -Djdk.module.main=com.example.user 
java_command: com.example.user/com.book.QR_Code
java_class_path (initial): C:\Users\asus\.m2\repository\org\openjfx\javafx-controls\17.0.6\javafx-controls-17.0.6.jar;C:\Users\asus\.m2\repository\org\openjfx\javafx-graphics\17.0.6\javafx-graphics-17.0.6.jar;C:\Users\asus\.m2\repository\org\openjfx\javafx-base\17.0.6\javafx-base-17.0.6.jar;C:\Users\asus\.m2\repository\org\openjfx\javafx-fxml\17.0.6\javafx-fxml-17.0.6.jar;C:\Users\asus\.m2\repository\org\apache\httpcomponents\httpclient\4.5.13\httpclient-4.5.13.jar;C:\Users\asus\.m2\repository\org\apache\httpcomponents\httpcore\4.4.13\httpcore-4.4.13.jar;C:\Users\asus\.m2\repository\commons-logging\commons-logging\1.2\commons-logging-1.2.jar;C:\Users\asus\.m2\repository\commons-codec\commons-codec\1.11\commons-codec-1.11.jar;C:\Users\asus\.m2\repository\com\mysql\mysql-connector-j\8.0.33\mysql-connector-j-8.0.33.jar;C:\Users\asus\.m2\repository\com\google\protobuf\protobuf-java\3.21.9\protobuf-java-3.21.9.jar
Launcher Type: SUN_STANDARD

[Global flags]
     intx CICompilerCount                          = 12                                        {product} {ergonomic}
     uint ConcGCThreads                            = 4                                         {product} {ergonomic}
     uint G1ConcRefinementThreads                  = 15                                        {product} {ergonomic}
   size_t G1HeapRegionSize                         = 2097152                                   {product} {ergonomic}
   size_t InitialHeapSize                          = 264241152                                 {product} {ergonomic}
   size_t MarkStackSize                            = 4194304                                   {product} {ergonomic}
   size_t MarkStackSizeMax                         = 536870912                                 {product} {ergonomic}
   size_t MaxHeapSize                              = 4200595456                                {product} {ergonomic}
   size_t MaxNewSize                               = 2518679552                                {product} {ergonomic}
   size_t MinHeapDeltaBytes                        = 2097152                                   {product} {ergonomic}
   size_t MinHeapSize                              = 8388608                                   {product} {ergonomic}
    uintx NonNMethodCodeHeapSize                   = 7602176                                {pd product} {ergonomic}
    uintx NonProfiledCodeHeapSize                  = 122093568                              {pd product} {ergonomic}
    uintx ProfiledCodeHeapSize                     = 121962496                              {pd product} {ergonomic}
    uintx ReservedCodeCacheSize                    = 251658240                              {pd product} {ergonomic}
     bool SegmentedCodeCache                       = true                                      {product} {ergonomic}
   size_t SoftMaxHeapSize                          = 4200595456                             {manageable} {ergonomic}
     bool UseCompressedOops                        = true                           {product lp64_product} {ergonomic}
     bool UseG1GC                                  = true                                      {product} {ergonomic}
     bool UseLargePagesIndividualAllocation        = false                                  {pd product} {ergonomic}

Logging:
Log output configuration:
 #0: stdout all=warning uptime,level,tags foldmultilines=false
 #1: stderr all=off uptime,level,tags foldmultilines=false

Environment Variables:
JAVA_HOME=C:\Program Files\Java\jdk-1.8
PATH=C:\Program Files\Java\jdk-1.8\bin;C:\Program Files (x86)\Common Files\Oracle\Java\javapath;C:\WINDOWS\system32;C:\WINDOWS;C:\WINDOWS\System32\Wbem;C:\WINDOWS\System32\WindowsPowerShell\v1.0\;C:\WINDOWS\System32\OpenSSH\;C:\Program Files\Java\jdk-22\bin;C:\Program Files\Git\cmd;C:\Program Files\MySQL\MySQL Server 8.0\bin;C:\msys64\ucrt64\bin;C:\Users\asus\AppData\Local\Programs\Microsoft VS Code\bin;C:\Program Files\JetBrains\IntelliJ IDEA 2024.2.1\bin;;C:\Users\asus\AppData\Local\GitHubDesktop\bin
USERNAME=asus
OS=Windows_NT
PROCESSOR_IDENTIFIER=Intel64 Family 6 Model 186 Stepping 2, GenuineIntel
TMP=C:\Users\asus\AppData\Local\Temp
TEMP=C:\Users\asus\AppData\Local\Temp




Periodic native trim disabled

---------------  S Y S T E M  ---------------

OS:
 Windows 11 , 64 bit Build 22621 (10.0.22621.4391)
OS uptime: 1 days 12:30 hours

CPU: total 20 (initial active 20) (10 cores per cpu, 2 threads per core) family 6 model 186 stepping 2 microcode 0x410e, cx8, cmov, fxsr, ht, mmx, 3dnowpref, sse, sse2, sse3, ssse3, sse4.1, sse4.2, popcnt, lzcnt, tsc, tscinvbit, avx, avx2, aes, erms, clmul, bmi1, bmi2, adx, sha, fma, vzeroupper, clflush, clflushopt, clwb, serialize, rdtscp, rdpid, fsrm, gfni, f16c, pku, cet_ibt, cet_ss
Processor Information for processor 0
  Max Mhz: 2600, Current Mhz: 2600, Mhz Limit: 2600
Processor Information for processor 1
  Max Mhz: 2600, Current Mhz: 2600, Mhz Limit: 2600
Processor Information for processor 2
  Max Mhz: 2600, Current Mhz: 2600, Mhz Limit: 2600
Processor Information for processor 3
  Max Mhz: 2600, Current Mhz: 2600, Mhz Limit: 2600
Processor Information for processor 4
  Max Mhz: 2600, Current Mhz: 2600, Mhz Limit: 2600
Processor Information for processor 5
  Max Mhz: 2600, Current Mhz: 2600, Mhz Limit: 2600
Processor Information for processor 6
  Max Mhz: 2600, Current Mhz: 2600, Mhz Limit: 2600
Processor Information for processor 7
  Max Mhz: 2600, Current Mhz: 2600, Mhz Limit: 2600
Processor Information for processor 8
  Max Mhz: 2600, Current Mhz: 2600, Mhz Limit: 2600
Processor Information for processor 9
  Max Mhz: 2600, Current Mhz: 2600, Mhz Limit: 2600
Processor Information for processor 10
  Max Mhz: 2600, Current Mhz: 2600, Mhz Limit: 2600
Processor Information for processor 11
  Max Mhz: 2600, Current Mhz: 2600, Mhz Limit: 2600
Processor Information for processor 12
  Max Mhz: 2600, Current Mhz: 1900, Mhz Limit: 1898
Processor Information for processor 13
  Max Mhz: 2600, Current Mhz: 1900, Mhz Limit: 1898
Processor Information for processor 14
  Max Mhz: 2600, Current Mhz: 1500, Mhz Limit: 1898
Processor Information for processor 15
  Max Mhz: 2600, Current Mhz: 1900, Mhz Limit: 1898
Processor Information for processor 16
  Max Mhz: 2600, Current Mhz: 1900, Mhz Limit: 1898
Processor Information for processor 17
  Max Mhz: 2600, Current Mhz: 1500, Mhz Limit: 1898
Processor Information for processor 18
  Max Mhz: 2600, Current Mhz: 1900, Mhz Limit: 1898
Processor Information for processor 19
  Max Mhz: 2600, Current Mhz: 1900, Mhz Limit: 1898

Memory: 4k page, system-wide physical 16016M (1113M free)
TotalPageFile size 35216M (AvailPageFile size 5M)
current process WorkingSet (physical memory assigned to process): 74M, peak: 74M
current process commit charge ("private bytes"): 379M, peak: 380M

vm_info: OpenJDK 64-Bit Server VM (23+37-2369) for windows-amd64 JRE (23+37-2369), built on 2024-08-20T16:01:23Z with MS VC++ 17.6 (VS2022)

END.
