#
# There is insufficient memory for the Java Runtime Environment to continue.
# Native memory allocation (mmap) failed to map 65536 bytes. Error detail: Failed to commit metaspace.
# Possible reasons:
#   The system is out of physical RAM or swap space
#   This process is running with CompressedOops enabled, and the Java Heap may be blocking the growth of the native heap
# Possible solutions:
#   Reduce memory load on the system
#   Increase physical memory or swap space
#   Check if swap backing store is full
#   Decrease Java heap size (-Xmx/-Xms)
#   Decrease number of Java threads
#   Decrease Java thread stack sizes (-Xss)
#   Set larger code cache with -XX:ReservedCodeCacheSize=
#   JVM is running with Zero Based Compressed Oops mode in which the Java heap is
#     placed in the first 32GB address space. The Java Heap base address is the
#     maximum limit for the native heap growth. Please use -XX:HeapBaseMinAddress
#     to set the Java Heap base and to place the Java Heap above 32GB virtual address.
# This output file may be truncated or incomplete.
#
#  Out of Memory Error (virtualSpaceNode.cpp:113), pid=18764, tid=30404
#
# JRE version: OpenJDK Runtime Environment (23.0+37) (build 23+37-2369)
# Java VM: OpenJDK 64-Bit Server VM (23+37-2369, mixed mode, sharing, tiered, compressed oops, compressed class ptrs, g1 gc, windows-amd64)
# No core dump will be written. Minidumps are not enabled by default on client versions of Windows
#

---------------  S U M M A R Y ------------

Command Line: -javaagent:C:\Program Files\JetBrains\IntelliJ IDEA 2024.2.1\lib\idea_rt.jar=60036:C:\Program Files\JetBrains\IntelliJ IDEA 2024.2.1\bin -Dfile.encoding=UTF-8 -Dsun.stdout.encoding=UTF-8 -Dsun.stderr.encoding=UTF-8 --module-path=C:\Users\asus\.m2\repository\org\openjfx\javafx-graphics\17.0.6\javafx-graphics-17.0.6-win.jar;C:\Users\asus\.m2\repository\org\openjfx\javafx-controls\17.0.6\javafx-controls-17.0.6-win.jar;C:\Users\asus\.m2\repository\org\openjfx\javafx-base\17.0.6\javafx-base-17.0.6-win.jar;C:\Users\asus\.m2\repository\com\fasterxml\jackson\core\jackson-databind\2.13.0\jackson-databind-2.13.0.jar;C:\Users\asus\.m2\repository\com\fasterxml\jackson\core\jackson-core\2.13.0\jackson-core-2.13.0.jar;C:\Users\asus\.m2\repository\com\fasterxml\jackson\core\jackson-annotations\2.13.0\jackson-annotations-2.13.0.jar;C:\Users\asus\.m2\repository\org\openjfx\javafx-fxml\17.0.6\javafx-fxml-17.0.6-win.jar;C:\Users\asus\Desktop\OOP\BTL_UP\QR_CODE\target\classes;C:\Users\asus\.m2\repository\io\nayuki\qrcodegen\1.7.0\qrcodegen-1.7.0.jar -Djdk.module.main=com.example.user com.example.user/com.book.DisplayQRCode

Host: 13th Gen Intel(R) Core(TM) i9-13900H, 20 cores, 15G,  Windows 11 , 64 bit Build 22621 (10.0.22621.4391)
Time: Wed Nov 20 22:02:11 2024 SE Asia Standard Time elapsed time: 0.475660 seconds (0d 0h 0m 0s)

---------------  T H R E A D  ---------------

Current thread (0x00000209e8792a10):  JavaThread "JavaFX Application Thread"        [_thread_in_vm, id=30404, stack(0x000000a056c00000,0x000000a056d00000) (1024K)]

Stack: [0x000000a056c00000,0x000000a056d00000]
Native frames: (J=compiled Java code, j=interpreted, Vv=VM code, C=native code)
V  [jvm.dll+0x6e08a9]  (no source info available)
V  [jvm.dll+0x87da63]  (no source info available)
V  [jvm.dll+0x87feee]  (no source info available)
V  [jvm.dll+0x8805c3]  (no source info available)
V  [jvm.dll+0x27aee6]  (no source info available)
V  [jvm.dll+0x87966e]  (no source info available)
V  [jvm.dll+0x682025]  (no source info available)
V  [jvm.dll+0x1e09dc]  (no source info available)
V  [jvm.dll+0x1e07ae]  (no source info available)
V  [jvm.dll+0x684978]  (no source info available)
V  [jvm.dll+0x2219dc]  (no source info available)
V  [jvm.dll+0x682a3e]  (no source info available)
V  [jvm.dll+0x693c39]  (no source info available)
V  [jvm.dll+0x68cfee]  (no source info available)
V  [jvm.dll+0x3d26b1]  (no source info available)
C  0x0000020990edbfac  (no source info available)

The last pc belongs to method entry point (kind = zerolocals) (printed below).
Java frames: (J=compiled Java code, j=interpreted, Vv=VM code)
j  com.sun.javafx.tk.quantum.PerformanceTrackerImpl.doLogEvent(Ljava/lang/String;)V+0 javafx.graphics
j  com.sun.javafx.perf.PerformanceTracker.logEvent(Ljava/lang/String;)V+7 javafx.graphics
j  com.sun.javafx.tk.quantum.QuantumToolkit.runToolkit()V+204 javafx.graphics
j  com.sun.javafx.tk.quantum.QuantumToolkit.lambda$startup$10()V+1 javafx.graphics
j  com.sun.javafx.tk.quantum.QuantumToolkit$$Lambda+0x00000209a302f388.run()V+4 javafx.graphics
j  com.sun.glass.ui.Application.lambda$run$1(Ljava/lang/Runnable;)V+4 javafx.graphics
j  com.sun.glass.ui.Application$$Lambda+0x00000209a3032858.run()V+4 javafx.graphics
v  ~StubRoutines::call_stub 0x0000020990ed0fcd
j  com.sun.glass.ui.win.WinApplication._runLoop(Ljava/lang/Runnable;)V+0 javafx.graphics
j  com.sun.glass.ui.win.WinApplication.lambda$runLoop$3(ILjava/lang/Runnable;)V+8 javafx.graphics
j  com.sun.glass.ui.win.WinApplication$$Lambda+0x00000209a30330e8.run()V+12 javafx.graphics
j  java.lang.Thread.runWith(Ljava/lang/Object;Ljava/lang/Runnable;)V+5 java.base@23
j  java.lang.Thread.run()V+19 java.base@23
v  ~StubRoutines::call_stub 0x0000020990ed0fcd
Lock stack of current Java thread (top to bottom):

method entry point (kind = zerolocals)  [0x0000020990edbdc0, 0x0000020990edc188]  968 bytes
[MachCode]
  0x0000020990edbdc0: 488b 5308 | 0fb7 4a2e | 0fb7 522c | 2bd1 81fa | f501 0000 | 0f86 2500 | 0000 488b | c248 c1e0 
  0x0000020990edbde0: 0348 83c0 | 5849 0387 | d004 0000 | 483b e00f | 870a 0000 | 0058 498b | e550 e9e1 | a7ff ff58 
  0x0000020990edbe00: 4c8d 74cc | f885 d20f | 8e09 0000 | 0068 0000 | 0000 ffca | 7ff7 5055 | 488b ec41 | 5568 0000 
  0x0000020990edbe20: 0000 4c8b | 6b08 4d8d | 6d38 5348 | 8b53 0848 | 8b52 0848 | 8b52 1848 | 8b52 7048 | 8b12 5248 
  0x0000020990edbe40: 8b53 1048 | 85d2 0f84 | 0700 0000 | 4881 c210 | 0100 0052 | 488b 5308 | 488b 5208 | 488b 5210 
  0x0000020990edbe60: 5249 8bc6 | 482b c548 | c1e8 0350 | 4155 68f7 | ffff ff41 | c687 7104 | 0000 0148 | 8b45 d848 
  0x0000020990edbe80: 85c0 0f84 | 9100 0000 | 8b48 f485 | c90f 8886 | 0000 0048 | 03c1 488b | 4808 4883 | e902 488b 
  0x0000020990edbea0: 54c8 1048 | f7da 498b | 14d6 4885 | d275 10f6 | 44c8 1801 | 755d f048 | 834c c818 | 01eb 548b 
  0x0000020990edbec0: 5208 49ba | 0000 00a2 | 0902 0000 | 4903 d24c | 8bd2 4833 | 54c8 1848 | f7c2 fcff | ffff 7433 
  0x0000020990edbee0: f6c2 0275 | 2e48 837c | c818 0074 | 2148 837c | c818 0174 | 1949 8bd2 | 4833 54c8 | 1848 f7c2 
  0x0000020990edbf00: fcff ffff | 740d 4883 | 4cc8 1802 | eb05 4889 | 54c8 1848 | 83e9 0279 | 8548 8b43 | 1048 85c0 
  0x0000020990edbf20: 7420 8b88 | cc00 0000 | 83c1 0289 | 88cc 0000 | 0023 88e0 | 0000 000f | 8496 0100 | 00e9 cf00 
  0x0000020990edbf40: 0000 488b | 4318 4885 | c00f 85b0 | 0000 00e8 | 0500 0000 | e999 0000 | 0048 8bd3 | 488d 4424 
  0x0000020990edbf60: 084c 896d | c049 8bcf | c5f8 7749 | 89af b003 | 0000 4989 | 87a0 0300 | 0048 83ec | 2040 f6c4 
  0x0000020990edbf80: 0f0f 8419 | 0000 0048 | 83ec 0848 | b890 2658 | f3fa 7f00 | 00ff d048 | 83c4 08e9 | 0c00 0000 
  0x0000020990edbfa0: 48b8 9026 | 58f3 fa7f | 0000 ffd0 | 4883 c420 | 49c7 87a0 | 0300 0000 | 0000 0049 | c787 b003 
  0x0000020990edbfc0: 0000 0000 | 0000 49c7 | 87a8 0300 | 0000 0000 | 00c5 f877 | 4983 7f08 | 000f 8405 | 0000 00e9 
  0x0000020990edbfe0: dc4e ffff | 4c8b 6dc0 | 4c8b 75c8 | 4e8d 74f5 | 00c3 488b | 4318 4885 | c00f 8412 | 0000 008b 
  0x0000020990edc000: 4808 83c1 | 0289 4808 | 2348 1c0f | 84c2 0000 | 0049 3ba7 | e804 0000 | 0f87 4800 | 0000 8984 
  0x0000020990edc020: 2400 f0ff | ff89 8424 | 00e0 ffff | 8984 2400 | d0ff ff89 | 8424 00c0 | ffff 8984 | 2400 b0ff 
  0x0000020990edc040: ff89 8424 | 00a0 ffff | 8984 2400 | 90ff ff89 | 8424 0080 | ffff 493b | a7e0 0400 | 0076 0749 
  0x0000020990edc060: 89a7 e804 | 0000 41c6 | 8771 0400 | 0000 49ba | 41ad dff3 | fa7f 0000 | 4180 3a00 | 0f84 3e00 
  0x0000020990edc080: 0000 488b | 55e8 498b | cf48 83ec | 2040 f6c4 | 0f0f 8419 | 0000 0048 | 83ec 0848 | b800 ee8f 
  0x0000020990edc0a0: f3fa 7f00 | 00ff d048 | 83c4 08e9 | 0c00 0000 | 48b8 00ee | 8ff3 fa7f | 0000 ffd0 | 4883 c420 
  0x0000020990edc0c0: 410f b65d | 0049 ba50 | 7ee3 f3fa | 7f00 0041 | ff24 daba | 0000 0000 | e805 0000 | 00e9 9600 
  0x0000020990edc0e0: 0000 488d | 4424 084c | 896d c049 | 8bcf c5f8 | 7749 89af | b003 0000 | 4989 87a0 | 0300 0048 
  0x0000020990edc100: 83ec 2040 | f6c4 0f0f | 8419 0000 | 0048 83ec | 0848 b8a0 | 3158 f3fa | 7f00 00ff | d048 83c4 
  0x0000020990edc120: 08e9 0c00 | 0000 48b8 | a031 58f3 | fa7f 0000 | ffd0 4883 | c420 49c7 | 87a0 0300 | 0000 0000 
  0x0000020990edc140: 0049 c787 | b003 0000 | 0000 0000 | 49c7 87a8 | 0300 0000 | 0000 00c5 | f877 4983 | 7f08 000f 
  0x0000020990edc160: 8405 0000 | 00e9 564d | ffff 4c8b | 6dc0 4c8b | 75c8 4e8d | 74f5 00c3 | 488b 5de8 | e990 feff 
  0x0000020990edc180: ff0f 1f80 | 0000 0000 
[/MachCode]

---------------  P R O C E S S  ---------------

Threads class SMR info:
_java_thread_list=0x00000209e87b56d0, length=20, elements={
0x00000209ff1e4f40, 0x00000209a1ad1600, 0x00000209a1ad33d0, 0x00000209a1ad4240,
0x00000209a1ad7100, 0x00000209a1ad81d0, 0x00000209a1af92b0, 0x00000209a1afa4c0,
0x00000209a1b13850, 0x00000209a1b81b80, 0x00000209a1cb6f00, 0x00000209a1b80040,
0x00000209a1b82250, 0x00000209a1b80710, 0x00000209e7c1a4e0, 0x00000209e7d97510,
0x00000209e7b776e0, 0x00000209e877ce40, 0x00000209e8792a10, 0x00000209e80db530
}

Java Threads: ( => current thread )
  0x00000209ff1e4f40 JavaThread "main"                              [_thread_blocked, id=5404, stack(0x000000a055600000,0x000000a055700000) (1024K)]
  0x00000209a1ad1600 JavaThread "Reference Handler"          daemon [_thread_blocked, id=13016, stack(0x000000a055e00000,0x000000a055f00000) (1024K)]
  0x00000209a1ad33d0 JavaThread "Finalizer"                  daemon [_thread_blocked, id=7300, stack(0x000000a055f00000,0x000000a056000000) (1024K)]
  0x00000209a1ad4240 JavaThread "Signal Dispatcher"          daemon [_thread_blocked, id=19040, stack(0x000000a056000000,0x000000a056100000) (1024K)]
  0x00000209a1ad7100 JavaThread "Attach Listener"            daemon [_thread_blocked, id=11696, stack(0x000000a056100000,0x000000a056200000) (1024K)]
  0x00000209a1ad81d0 JavaThread "Service Thread"             daemon [_thread_blocked, id=24808, stack(0x000000a056200000,0x000000a056300000) (1024K)]
  0x00000209a1af92b0 JavaThread "Monitor Deflation Thread"   daemon [_thread_blocked, id=11492, stack(0x000000a056300000,0x000000a056400000) (1024K)]
  0x00000209a1afa4c0 JavaThread "C2 CompilerThread0"         daemon [_thread_blocked, id=31764, stack(0x000000a056400000,0x000000a056500000) (1024K)]
  0x00000209a1b13850 JavaThread "C1 CompilerThread0"         daemon [_thread_blocked, id=9904, stack(0x000000a056500000,0x000000a056600000) (1024K)]
  0x00000209a1b81b80 JavaThread "C1 CompilerThread1"         daemon [_thread_blocked, id=31780, stack(0x000000a056600000,0x000000a056700000) (1024K)]
  0x00000209a1cb6f00 JavaThread "Common-Cleaner"             daemon [_thread_blocked, id=8672, stack(0x000000a056700000,0x000000a056800000) (1024K)]
  0x00000209a1b80040 JavaThread "C1 CompilerThread2"         daemon [_thread_blocked, id=32124, stack(0x000000a056800000,0x000000a056900000) (1024K)]
  0x00000209a1b82250 JavaThread "C2 CompilerThread1"         daemon [_thread_blocked, id=864, stack(0x000000a056900000,0x000000a056a00000) (1024K)]
  0x00000209a1b80710 JavaThread "C1 CompilerThread3"         daemon [_thread_blocked, id=30620, stack(0x000000a056a00000,0x000000a056b00000) (1024K)]
  0x00000209e7c1a4e0 JavaThread "Monitor Ctrl-Break"         daemon [_thread_in_native, id=15044, stack(0x000000a056e00000,0x000000a056f00000) (1024K)]
  0x00000209e7d97510 JavaThread "Notification Thread"        daemon [_thread_blocked, id=17448, stack(0x000000a056f00000,0x000000a057000000) (1024K)]
  0x00000209e7b776e0 JavaThread "QuantumRenderer-0"          daemon [_thread_blocked, id=33288, stack(0x000000a057000000,0x000000a057100000) (1024K)]
  0x00000209e877ce40 JavaThread "InvokeLaterDispatcher"      daemon [_thread_blocked, id=32656, stack(0x000000a056b00000,0x000000a056c00000) (1024K)]
=>0x00000209e8792a10 JavaThread "JavaFX Application Thread"         [_thread_in_vm, id=30404, stack(0x000000a056c00000,0x000000a056d00000) (1024K)]
  0x00000209e80db530 JavaThread "Thread-1"                   daemon [_thread_in_vm, id=16064, stack(0x000000a056d00000,0x000000a056e00000) (1024K)]
Total: 20

Other Threads:
  0x00000209a1ab9d70 VMThread "VM Thread"                           [id=2992, stack(0x000000a055d00000,0x000000a055e00000) (1024K)]
  0x00000209a1aa69e0 WatcherThread "VM Periodic Task Thread"        [id=30548, stack(0x000000a055c00000,0x000000a055d00000) (1024K)]
  0x00000209ffad31b0 WorkerThread "GC Thread#0"                     [id=25604, stack(0x000000a055700000,0x000000a055800000) (1024K)]
  0x00000209ffae8ca0 ConcurrentGCThread "G1 Main Marker"            [id=26560, stack(0x000000a055800000,0x000000a055900000) (1024K)]
  0x00000209ffae9f50 WorkerThread "G1 Conc#0"                       [id=24724, stack(0x000000a055900000,0x000000a055a00000) (1024K)]
  0x00000209a1977640 ConcurrentGCThread "G1 Refine#0"               [id=24508, stack(0x000000a055a00000,0x000000a055b00000) (1024K)]
  0x00000209a1977fd0 ConcurrentGCThread "G1 Service"                [id=29704, stack(0x000000a055b00000,0x000000a055c00000) (1024K)]
Total: 7

Threads with active compile tasks:
Total: 0

VM state: not at safepoint (normal execution)

VM Mutex/Monitor currently owned by a thread:  ([mutex/lock_event])
[0x00007ffaf3e21890] Metaspace_lock - owner thread: 0x00000209e8792a10

Heap address: 0x0000000705a00000, size: 4006 MB, Compressed Oops mode: Zero based, Oop shift amount: 3

CDS archive(s) mapped at: [0x00000209a2000000-0x00000209a2d70000-0x00000209a2d70000), size 14090240, SharedBaseAddress: 0x00000209a2000000, ArchiveRelocationMode: 1.
Compressed class space mapped at: 0x00000209a3000000-0x00000209e3000000, reserved size: 1073741824
Narrow klass base: 0x00000209a2000000, Narrow klass shift: 0, Narrow klass range: 0x41000000

GC Precious Log:
 CardTable entry size: 512
 Card Set container configuration: InlinePtr #cards 4 size 8 Array Of Cards #cards 16 size 48 Howl #buckets 8 coarsen threshold 3686 Howl Bitmap #cards 512 size 80 coarsen threshold 460 Card regions per heap region 1 cards per card region 4096
 CPUs: 20 total, 20 available
 Memory: 16016M
 Large Page Support: Disabled
 NUMA Support: Disabled
 Compressed Oops: Enabled (Zero based)
 Heap Region Size: 2M
 Heap Min Capacity: 8M
 Heap Initial Capacity: 252M
 Heap Max Capacity: 4006M
 Pre-touch: Disabled
 Parallel Workers: 15
 Concurrent Workers: 4
 Concurrent Refinement Workers: 15
 Periodic GC: Disabled

Heap:
 garbage-first heap   total reserved 4102144K, committed 258048K, used 20480K [0x0000000705a00000, 0x0000000800000000)
  region size 2048K, 12 young (24576K), 0 survivors (0K)
 Metaspace       used 3775K, committed 4032K, reserved 1114112K
  class space    used 426K, committed 576K, reserved 1048576K

Heap Regions: E=young(eden), S=young(survivor), O=old, HS=humongous(starts), HC=humongous(continues), CS=collection set, F=free, TAMS=top-at-mark-start, PB=parsable bottom
|   0|0x0000000705a00000, 0x0000000705a00000, 0x0000000705c00000|  0%| F|  |TAMS 0x0000000705a00000| PB 0x0000000705a00000| Untracked |  0
|   1|0x0000000705c00000, 0x0000000705c00000, 0x0000000705e00000|  0%| F|  |TAMS 0x0000000705c00000| PB 0x0000000705c00000| Untracked |  0
|   2|0x0000000705e00000, 0x0000000705e00000, 0x0000000706000000|  0%| F|  |TAMS 0x0000000705e00000| PB 0x0000000705e00000| Untracked |  0
|   3|0x0000000706000000, 0x0000000706000000, 0x0000000706200000|  0%| F|  |TAMS 0x0000000706000000| PB 0x0000000706000000| Untracked |  0
|   4|0x0000000706200000, 0x0000000706200000, 0x0000000706400000|  0%| F|  |TAMS 0x0000000706200000| PB 0x0000000706200000| Untracked |  0
|   5|0x0000000706400000, 0x0000000706400000, 0x0000000706600000|  0%| F|  |TAMS 0x0000000706400000| PB 0x0000000706400000| Untracked |  0
|   6|0x0000000706600000, 0x0000000706600000, 0x0000000706800000|  0%| F|  |TAMS 0x0000000706600000| PB 0x0000000706600000| Untracked |  0
|   7|0x0000000706800000, 0x0000000706800000, 0x0000000706a00000|  0%| F|  |TAMS 0x0000000706800000| PB 0x0000000706800000| Untracked |  0
|   8|0x0000000706a00000, 0x0000000706a00000, 0x0000000706c00000|  0%| F|  |TAMS 0x0000000706a00000| PB 0x0000000706a00000| Untracked |  0
|   9|0x0000000706c00000, 0x0000000706c00000, 0x0000000706e00000|  0%| F|  |TAMS 0x0000000706c00000| PB 0x0000000706c00000| Untracked |  0
|  10|0x0000000706e00000, 0x0000000706e00000, 0x0000000707000000|  0%| F|  |TAMS 0x0000000706e00000| PB 0x0000000706e00000| Untracked |  0
|  11|0x0000000707000000, 0x0000000707000000, 0x0000000707200000|  0%| F|  |TAMS 0x0000000707000000| PB 0x0000000707000000| Untracked |  0
|  12|0x0000000707200000, 0x0000000707200000, 0x0000000707400000|  0%| F|  |TAMS 0x0000000707200000| PB 0x0000000707200000| Untracked |  0
|  13|0x0000000707400000, 0x0000000707400000, 0x0000000707600000|  0%| F|  |TAMS 0x0000000707400000| PB 0x0000000707400000| Untracked |  0
|  14|0x0000000707600000, 0x0000000707600000, 0x0000000707800000|  0%| F|  |TAMS 0x0000000707600000| PB 0x0000000707600000| Untracked |  0
|  15|0x0000000707800000, 0x0000000707800000, 0x0000000707a00000|  0%| F|  |TAMS 0x0000000707800000| PB 0x0000000707800000| Untracked |  0
|  16|0x0000000707a00000, 0x0000000707a00000, 0x0000000707c00000|  0%| F|  |TAMS 0x0000000707a00000| PB 0x0000000707a00000| Untracked |  0
|  17|0x0000000707c00000, 0x0000000707c00000, 0x0000000707e00000|  0%| F|  |TAMS 0x0000000707c00000| PB 0x0000000707c00000| Untracked |  0
|  18|0x0000000707e00000, 0x0000000707e00000, 0x0000000708000000|  0%| F|  |TAMS 0x0000000707e00000| PB 0x0000000707e00000| Untracked |  0
|  19|0x0000000708000000, 0x0000000708000000, 0x0000000708200000|  0%| F|  |TAMS 0x0000000708000000| PB 0x0000000708000000| Untracked |  0
|  20|0x0000000708200000, 0x0000000708200000, 0x0000000708400000|  0%| F|  |TAMS 0x0000000708200000| PB 0x0000000708200000| Untracked |  0
|  21|0x0000000708400000, 0x0000000708400000, 0x0000000708600000|  0%| F|  |TAMS 0x0000000708400000| PB 0x0000000708400000| Untracked |  0
|  22|0x0000000708600000, 0x0000000708600000, 0x0000000708800000|  0%| F|  |TAMS 0x0000000708600000| PB 0x0000000708600000| Untracked |  0
|  23|0x0000000708800000, 0x0000000708800000, 0x0000000708a00000|  0%| F|  |TAMS 0x0000000708800000| PB 0x0000000708800000| Untracked |  0
|  24|0x0000000708a00000, 0x0000000708a00000, 0x0000000708c00000|  0%| F|  |TAMS 0x0000000708a00000| PB 0x0000000708a00000| Untracked |  0
|  25|0x0000000708c00000, 0x0000000708c00000, 0x0000000708e00000|  0%| F|  |TAMS 0x0000000708c00000| PB 0x0000000708c00000| Untracked |  0
|  26|0x0000000708e00000, 0x0000000708e00000, 0x0000000709000000|  0%| F|  |TAMS 0x0000000708e00000| PB 0x0000000708e00000| Untracked |  0
|  27|0x0000000709000000, 0x0000000709000000, 0x0000000709200000|  0%| F|  |TAMS 0x0000000709000000| PB 0x0000000709000000| Untracked |  0
|  28|0x0000000709200000, 0x0000000709200000, 0x0000000709400000|  0%| F|  |TAMS 0x0000000709200000| PB 0x0000000709200000| Untracked |  0
|  29|0x0000000709400000, 0x0000000709400000, 0x0000000709600000|  0%| F|  |TAMS 0x0000000709400000| PB 0x0000000709400000| Untracked |  0
|  30|0x0000000709600000, 0x0000000709600000, 0x0000000709800000|  0%| F|  |TAMS 0x0000000709600000| PB 0x0000000709600000| Untracked |  0
|  31|0x0000000709800000, 0x0000000709800000, 0x0000000709a00000|  0%| F|  |TAMS 0x0000000709800000| PB 0x0000000709800000| Untracked |  0
|  32|0x0000000709a00000, 0x0000000709a00000, 0x0000000709c00000|  0%| F|  |TAMS 0x0000000709a00000| PB 0x0000000709a00000| Untracked |  0
|  33|0x0000000709c00000, 0x0000000709c00000, 0x0000000709e00000|  0%| F|  |TAMS 0x0000000709c00000| PB 0x0000000709c00000| Untracked |  0
|  34|0x0000000709e00000, 0x0000000709e00000, 0x000000070a000000|  0%| F|  |TAMS 0x0000000709e00000| PB 0x0000000709e00000| Untracked |  0
|  35|0x000000070a000000, 0x000000070a000000, 0x000000070a200000|  0%| F|  |TAMS 0x000000070a000000| PB 0x000000070a000000| Untracked |  0
|  36|0x000000070a200000, 0x000000070a200000, 0x000000070a400000|  0%| F|  |TAMS 0x000000070a200000| PB 0x000000070a200000| Untracked |  0
|  37|0x000000070a400000, 0x000000070a400000, 0x000000070a600000|  0%| F|  |TAMS 0x000000070a400000| PB 0x000000070a400000| Untracked |  0
|  38|0x000000070a600000, 0x000000070a600000, 0x000000070a800000|  0%| F|  |TAMS 0x000000070a600000| PB 0x000000070a600000| Untracked |  0
|  39|0x000000070a800000, 0x000000070a800000, 0x000000070aa00000|  0%| F|  |TAMS 0x000000070a800000| PB 0x000000070a800000| Untracked |  0
|  40|0x000000070aa00000, 0x000000070aa00000, 0x000000070ac00000|  0%| F|  |TAMS 0x000000070aa00000| PB 0x000000070aa00000| Untracked |  0
|  41|0x000000070ac00000, 0x000000070ac00000, 0x000000070ae00000|  0%| F|  |TAMS 0x000000070ac00000| PB 0x000000070ac00000| Untracked |  0
|  42|0x000000070ae00000, 0x000000070ae00000, 0x000000070b000000|  0%| F|  |TAMS 0x000000070ae00000| PB 0x000000070ae00000| Untracked |  0
|  43|0x000000070b000000, 0x000000070b000000, 0x000000070b200000|  0%| F|  |TAMS 0x000000070b000000| PB 0x000000070b000000| Untracked |  0
|  44|0x000000070b200000, 0x000000070b200000, 0x000000070b400000|  0%| F|  |TAMS 0x000000070b200000| PB 0x000000070b200000| Untracked |  0
|  45|0x000000070b400000, 0x000000070b400000, 0x000000070b600000|  0%| F|  |TAMS 0x000000070b400000| PB 0x000000070b400000| Untracked |  0
|  46|0x000000070b600000, 0x000000070b600000, 0x000000070b800000|  0%| F|  |TAMS 0x000000070b600000| PB 0x000000070b600000| Untracked |  0
|  47|0x000000070b800000, 0x000000070b800000, 0x000000070ba00000|  0%| F|  |TAMS 0x000000070b800000| PB 0x000000070b800000| Untracked |  0
|  48|0x000000070ba00000, 0x000000070ba00000, 0x000000070bc00000|  0%| F|  |TAMS 0x000000070ba00000| PB 0x000000070ba00000| Untracked |  0
|  49|0x000000070bc00000, 0x000000070bc00000, 0x000000070be00000|  0%| F|  |TAMS 0x000000070bc00000| PB 0x000000070bc00000| Untracked |  0
|  50|0x000000070be00000, 0x000000070be00000, 0x000000070c000000|  0%| F|  |TAMS 0x000000070be00000| PB 0x000000070be00000| Untracked |  0
|  51|0x000000070c000000, 0x000000070c000000, 0x000000070c200000|  0%| F|  |TAMS 0x000000070c000000| PB 0x000000070c000000| Untracked |  0
|  52|0x000000070c200000, 0x000000070c200000, 0x000000070c400000|  0%| F|  |TAMS 0x000000070c200000| PB 0x000000070c200000| Untracked |  0
|  53|0x000000070c400000, 0x000000070c400000, 0x000000070c600000|  0%| F|  |TAMS 0x000000070c400000| PB 0x000000070c400000| Untracked |  0
|  54|0x000000070c600000, 0x000000070c600000, 0x000000070c800000|  0%| F|  |TAMS 0x000000070c600000| PB 0x000000070c600000| Untracked |  0
|  55|0x000000070c800000, 0x000000070c800000, 0x000000070ca00000|  0%| F|  |TAMS 0x000000070c800000| PB 0x000000070c800000| Untracked |  0
|  56|0x000000070ca00000, 0x000000070ca00000, 0x000000070cc00000|  0%| F|  |TAMS 0x000000070ca00000| PB 0x000000070ca00000| Untracked |  0
|  57|0x000000070cc00000, 0x000000070cc00000, 0x000000070ce00000|  0%| F|  |TAMS 0x000000070cc00000| PB 0x000000070cc00000| Untracked |  0
|  58|0x000000070ce00000, 0x000000070ce00000, 0x000000070d000000|  0%| F|  |TAMS 0x000000070ce00000| PB 0x000000070ce00000| Untracked |  0
|  59|0x000000070d000000, 0x000000070d000000, 0x000000070d200000|  0%| F|  |TAMS 0x000000070d000000| PB 0x000000070d000000| Untracked |  0
|  60|0x000000070d200000, 0x000000070d200000, 0x000000070d400000|  0%| F|  |TAMS 0x000000070d200000| PB 0x000000070d200000| Untracked |  0
|  61|0x000000070d400000, 0x000000070d400000, 0x000000070d600000|  0%| F|  |TAMS 0x000000070d400000| PB 0x000000070d400000| Untracked |  0
|  62|0x000000070d600000, 0x000000070d600000, 0x000000070d800000|  0%| F|  |TAMS 0x000000070d600000| PB 0x000000070d600000| Untracked |  0
|  63|0x000000070d800000, 0x000000070d800000, 0x000000070da00000|  0%| F|  |TAMS 0x000000070d800000| PB 0x000000070d800000| Untracked |  0
|  64|0x000000070da00000, 0x000000070da00000, 0x000000070dc00000|  0%| F|  |TAMS 0x000000070da00000| PB 0x000000070da00000| Untracked |  0
|  65|0x000000070dc00000, 0x000000070dc00000, 0x000000070de00000|  0%| F|  |TAMS 0x000000070dc00000| PB 0x000000070dc00000| Untracked |  0
|  66|0x000000070de00000, 0x000000070de00000, 0x000000070e000000|  0%| F|  |TAMS 0x000000070de00000| PB 0x000000070de00000| Untracked |  0
|  67|0x000000070e000000, 0x000000070e000000, 0x000000070e200000|  0%| F|  |TAMS 0x000000070e000000| PB 0x000000070e000000| Untracked |  0
|  68|0x000000070e200000, 0x000000070e200000, 0x000000070e400000|  0%| F|  |TAMS 0x000000070e200000| PB 0x000000070e200000| Untracked |  0
|  69|0x000000070e400000, 0x000000070e400000, 0x000000070e600000|  0%| F|  |TAMS 0x000000070e400000| PB 0x000000070e400000| Untracked |  0
|  70|0x000000070e600000, 0x000000070e600000, 0x000000070e800000|  0%| F|  |TAMS 0x000000070e600000| PB 0x000000070e600000| Untracked |  0
|  71|0x000000070e800000, 0x000000070e800000, 0x000000070ea00000|  0%| F|  |TAMS 0x000000070e800000| PB 0x000000070e800000| Untracked |  0
|  72|0x000000070ea00000, 0x000000070ea00000, 0x000000070ec00000|  0%| F|  |TAMS 0x000000070ea00000| PB 0x000000070ea00000| Untracked |  0
|  73|0x000000070ec00000, 0x000000070ec00000, 0x000000070ee00000|  0%| F|  |TAMS 0x000000070ec00000| PB 0x000000070ec00000| Untracked |  0
|  74|0x000000070ee00000, 0x000000070ee00000, 0x000000070f000000|  0%| F|  |TAMS 0x000000070ee00000| PB 0x000000070ee00000| Untracked |  0
|  75|0x000000070f000000, 0x000000070f000000, 0x000000070f200000|  0%| F|  |TAMS 0x000000070f000000| PB 0x000000070f000000| Untracked |  0
|  76|0x000000070f200000, 0x000000070f200000, 0x000000070f400000|  0%| F|  |TAMS 0x000000070f200000| PB 0x000000070f200000| Untracked |  0
|  77|0x000000070f400000, 0x000000070f400000, 0x000000070f600000|  0%| F|  |TAMS 0x000000070f400000| PB 0x000000070f400000| Untracked |  0
|  78|0x000000070f600000, 0x000000070f600000, 0x000000070f800000|  0%| F|  |TAMS 0x000000070f600000| PB 0x000000070f600000| Untracked |  0
|  79|0x000000070f800000, 0x000000070f800000, 0x000000070fa00000|  0%| F|  |TAMS 0x000000070f800000| PB 0x000000070f800000| Untracked |  0
|  80|0x000000070fa00000, 0x000000070fa00000, 0x000000070fc00000|  0%| F|  |TAMS 0x000000070fa00000| PB 0x000000070fa00000| Untracked |  0
|  81|0x000000070fc00000, 0x000000070fc00000, 0x000000070fe00000|  0%| F|  |TAMS 0x000000070fc00000| PB 0x000000070fc00000| Untracked |  0
|  82|0x000000070fe00000, 0x000000070fe00000, 0x0000000710000000|  0%| F|  |TAMS 0x000000070fe00000| PB 0x000000070fe00000| Untracked |  0
|  83|0x0000000710000000, 0x0000000710000000, 0x0000000710200000|  0%| F|  |TAMS 0x0000000710000000| PB 0x0000000710000000| Untracked |  0
|  84|0x0000000710200000, 0x0000000710200000, 0x0000000710400000|  0%| F|  |TAMS 0x0000000710200000| PB 0x0000000710200000| Untracked |  0
|  85|0x0000000710400000, 0x0000000710400000, 0x0000000710600000|  0%| F|  |TAMS 0x0000000710400000| PB 0x0000000710400000| Untracked |  0
|  86|0x0000000710600000, 0x0000000710600000, 0x0000000710800000|  0%| F|  |TAMS 0x0000000710600000| PB 0x0000000710600000| Untracked |  0
|  87|0x0000000710800000, 0x0000000710800000, 0x0000000710a00000|  0%| F|  |TAMS 0x0000000710800000| PB 0x0000000710800000| Untracked |  0
|  88|0x0000000710a00000, 0x0000000710a00000, 0x0000000710c00000|  0%| F|  |TAMS 0x0000000710a00000| PB 0x0000000710a00000| Untracked |  0
|  89|0x0000000710c00000, 0x0000000710c00000, 0x0000000710e00000|  0%| F|  |TAMS 0x0000000710c00000| PB 0x0000000710c00000| Untracked |  0
|  90|0x0000000710e00000, 0x0000000710e00000, 0x0000000711000000|  0%| F|  |TAMS 0x0000000710e00000| PB 0x0000000710e00000| Untracked |  0
|  91|0x0000000711000000, 0x0000000711000000, 0x0000000711200000|  0%| F|  |TAMS 0x0000000711000000| PB 0x0000000711000000| Untracked |  0
|  92|0x0000000711200000, 0x0000000711200000, 0x0000000711400000|  0%| F|  |TAMS 0x0000000711200000| PB 0x0000000711200000| Untracked |  0
|  93|0x0000000711400000, 0x0000000711400000, 0x0000000711600000|  0%| F|  |TAMS 0x0000000711400000| PB 0x0000000711400000| Untracked |  0
|  94|0x0000000711600000, 0x0000000711600000, 0x0000000711800000|  0%| F|  |TAMS 0x0000000711600000| PB 0x0000000711600000| Untracked |  0
|  95|0x0000000711800000, 0x0000000711800000, 0x0000000711a00000|  0%| F|  |TAMS 0x0000000711800000| PB 0x0000000711800000| Untracked |  0
|  96|0x0000000711a00000, 0x0000000711a00000, 0x0000000711c00000|  0%| F|  |TAMS 0x0000000711a00000| PB 0x0000000711a00000| Untracked |  0
|  97|0x0000000711c00000, 0x0000000711c00000, 0x0000000711e00000|  0%| F|  |TAMS 0x0000000711c00000| PB 0x0000000711c00000| Untracked |  0
|  98|0x0000000711e00000, 0x0000000711e00000, 0x0000000712000000|  0%| F|  |TAMS 0x0000000711e00000| PB 0x0000000711e00000| Untracked |  0
|  99|0x0000000712000000, 0x0000000712000000, 0x0000000712200000|  0%| F|  |TAMS 0x0000000712000000| PB 0x0000000712000000| Untracked |  0
| 100|0x0000000712200000, 0x0000000712200000, 0x0000000712400000|  0%| F|  |TAMS 0x0000000712200000| PB 0x0000000712200000| Untracked |  0
| 101|0x0000000712400000, 0x0000000712400000, 0x0000000712600000|  0%| F|  |TAMS 0x0000000712400000| PB 0x0000000712400000| Untracked |  0
| 102|0x0000000712600000, 0x0000000712600000, 0x0000000712800000|  0%| F|  |TAMS 0x0000000712600000| PB 0x0000000712600000| Untracked |  0
| 103|0x0000000712800000, 0x0000000712800000, 0x0000000712a00000|  0%| F|  |TAMS 0x0000000712800000| PB 0x0000000712800000| Untracked |  0
| 104|0x0000000712a00000, 0x0000000712a00000, 0x0000000712c00000|  0%| F|  |TAMS 0x0000000712a00000| PB 0x0000000712a00000| Untracked |  0
| 105|0x0000000712c00000, 0x0000000712c00000, 0x0000000712e00000|  0%| F|  |TAMS 0x0000000712c00000| PB 0x0000000712c00000| Untracked |  0
| 106|0x0000000712e00000, 0x0000000712e00000, 0x0000000713000000|  0%| F|  |TAMS 0x0000000712e00000| PB 0x0000000712e00000| Untracked |  0
| 107|0x0000000713000000, 0x0000000713000000, 0x0000000713200000|  0%| F|  |TAMS 0x0000000713000000| PB 0x0000000713000000| Untracked |  0
| 108|0x0000000713200000, 0x0000000713200000, 0x0000000713400000|  0%| F|  |TAMS 0x0000000713200000| PB 0x0000000713200000| Untracked |  0
| 109|0x0000000713400000, 0x0000000713400000, 0x0000000713600000|  0%| F|  |TAMS 0x0000000713400000| PB 0x0000000713400000| Untracked |  0
| 110|0x0000000713600000, 0x0000000713600000, 0x0000000713800000|  0%| F|  |TAMS 0x0000000713600000| PB 0x0000000713600000| Untracked |  0
| 111|0x0000000713800000, 0x0000000713800000, 0x0000000713a00000|  0%| F|  |TAMS 0x0000000713800000| PB 0x0000000713800000| Untracked |  0
| 112|0x0000000713a00000, 0x0000000713a00000, 0x0000000713c00000|  0%| F|  |TAMS 0x0000000713a00000| PB 0x0000000713a00000| Untracked |  0
| 113|0x0000000713c00000, 0x0000000713c00000, 0x0000000713e00000|  0%| F|  |TAMS 0x0000000713c00000| PB 0x0000000713c00000| Untracked |  0
| 114|0x0000000713e00000, 0x0000000713f008b0, 0x0000000714000000| 50%| E|  |TAMS 0x0000000713e00000| PB 0x0000000713e00000| Complete |  0
| 115|0x0000000714000000, 0x0000000714200000, 0x0000000714200000|100%| E|CS|TAMS 0x0000000714000000| PB 0x0000000714000000| Complete |  0
| 116|0x0000000714200000, 0x0000000714400000, 0x0000000714400000|100%| E|CS|TAMS 0x0000000714200000| PB 0x0000000714200000| Complete |  0
| 117|0x0000000714400000, 0x0000000714600000, 0x0000000714600000|100%| E|  |TAMS 0x0000000714400000| PB 0x0000000714400000| Complete |  0
| 118|0x0000000714600000, 0x0000000714800000, 0x0000000714800000|100%| E|CS|TAMS 0x0000000714600000| PB 0x0000000714600000| Complete |  0
| 119|0x0000000714800000, 0x0000000714a00000, 0x0000000714a00000|100%| E|CS|TAMS 0x0000000714800000| PB 0x0000000714800000| Complete |  0
| 120|0x0000000714a00000, 0x0000000714c00000, 0x0000000714c00000|100%| E|CS|TAMS 0x0000000714a00000| PB 0x0000000714a00000| Complete |  0
| 121|0x0000000714c00000, 0x0000000714e00000, 0x0000000714e00000|100%| E|CS|TAMS 0x0000000714c00000| PB 0x0000000714c00000| Complete |  0
| 122|0x0000000714e00000, 0x0000000715000000, 0x0000000715000000|100%| E|CS|TAMS 0x0000000714e00000| PB 0x0000000714e00000| Complete |  0
| 123|0x0000000715000000, 0x0000000715200000, 0x0000000715200000|100%| E|CS|TAMS 0x0000000715000000| PB 0x0000000715000000| Complete |  0
| 124|0x0000000715200000, 0x0000000715400000, 0x0000000715400000|100%| E|CS|TAMS 0x0000000715200000| PB 0x0000000715200000| Complete |  0
| 125|0x0000000715400000, 0x0000000715600000, 0x0000000715600000|100%| E|CS|TAMS 0x0000000715400000| PB 0x0000000715400000| Complete |  0

Card table byte_map: [0x000002099a170000,0x000002099a950000] _byte_map_base: 0x0000020996943000

Marking Bits: (CMBitMap*) 0x00000209ffad38c0
 Bits: [0x000002099a950000, 0x000002099e7e8000)

Polling page: 0x00000209ff4b0000

Metaspace:

Usage:
  Non-class:      3.27 MB used.
      Class:    426.16 KB used.
       Both:      3.69 MB used.

Virtual space:
  Non-class space:       64.00 MB reserved,       3.38 MB (  5%) committed,  1 nodes.
      Class space:        1.00 GB reserved,     576.00 KB ( <1%) committed,  1 nodes.
             Both:        1.06 GB reserved,       3.94 MB ( <1%) committed. 

Chunk freelists:
   Non-Class:  10.67 MB
       Class:  15.48 MB
        Both:  26.15 MB

MaxMetaspaceSize: unlimited
CompressedClassSpaceSize: 1.00 GB
Initial GC threshold: 21.00 MB
Current GC threshold: 21.00 MB
CDS: on
 - commit_granule_bytes: 65536.
 - commit_granule_words: 8192.
 - virtual_space_node_default_size: 8388608.
 - enlarge_chunks_in_place: 1.
 - use_allocation_guard: 0.


Internal statistics:

num_allocs_failed_limit: 0.
num_arena_births: 126.
num_arena_deaths: 0.
num_vsnodes_births: 2.
num_vsnodes_deaths: 0.
num_space_committed: 63.
num_space_uncommitted: 0.
num_chunks_returned_to_freelist: 0.
num_chunks_taken_from_freelist: 208.
num_chunk_merges: 0.
num_chunk_splits: 134.
num_chunks_enlarged: 85.
num_inconsistent_stats: 0.

CodeHeap 'non-profiled nmethods': size=119232Kb used=328Kb max_used=328Kb free=118903Kb
 bounds [0x0000020991610000, 0x0000020991880000, 0x0000020998a80000]
CodeHeap 'profiled nmethods': size=119104Kb used=1234Kb max_used=1234Kb free=117869Kb
 bounds [0x0000020989a80000, 0x0000020989cf0000, 0x0000020990ed0000]
CodeHeap 'non-nmethods': size=7424Kb used=3070Kb max_used=3086Kb free=4353Kb
 bounds [0x0000020990ed0000, 0x00000209911e0000, 0x0000020991610000]
CodeCache: size=245760Kb, used=4632Kb, max_used=4648Kb, free=241125Kb
 total_blobs=1532, nmethods=1039, adapters=396, full_count=0
Compilation: enabled, stopped_count=0, restarted_count=0

Compilation events (20 events):
Event: 0.473 Thread 0x00000209a1b80040 1031       3       jdk.internal.org.objectweb.asm.MethodWriter::putMethodInfo (1274 bytes)
Event: 0.473 Thread 0x00000209a1b81b80 nmethod 1030 0x0000020989bad588 code [0x0000020989bad6a0, 0x0000020989bad7f8]
Event: 0.473 Thread 0x00000209a1b81b80 1032       3       jdk.internal.org.objectweb.asm.Handler::putExceptionTable (63 bytes)
Event: 0.473 Thread 0x00000209a1afa4c0 1035       4       java.util.HashMap::putVal (300 bytes)
Event: 0.473 Thread 0x00000209a1b80710 nmethod 1024 0x0000020989bad888 code [0x0000020989badaa0, 0x0000020989bae800]
Event: 0.473 Thread 0x00000209a1b80710 1036       3       java.lang.System::checkKey (34 bytes)
Event: 0.473 Thread 0x00000209a1b81b80 nmethod 1032 0x0000020989bae888 code [0x0000020989baea20, 0x0000020989baeeb0]
Event: 0.473 Thread 0x00000209a1b81b80 1029       1       jdk.internal.org.objectweb.asm.SymbolTable::getConstantPoolCount (5 bytes)
Event: 0.473 Thread 0x00000209a1b81b80 nmethod 1029 0x0000020991660d08 code [0x0000020991660e20, 0x0000020991660ee8]
Event: 0.473 Thread 0x00000209a1b80710 nmethod 1036 0x0000020989baef08 code [0x0000020989baf060, 0x0000020989baf400]
Event: 0.473 Thread 0x00000209a1b80710 1037       3       java.lang.invoke.MethodHandles$Lookup::<init> (84 bytes)
Event: 0.473 Thread 0x00000209a1b80710 nmethod 1037 0x0000020989baf488 code [0x0000020989baf5a0, 0x0000020989baf7f8]
Event: 0.473 Thread 0x00000209a1b13850 nmethod 1028 0x0000020989baf888 code [0x0000020989bafb40, 0x0000020989bb09e8]
Event: 0.474 Thread 0x00000209a1b13850 1038       3       java.nio.Buffer::<init> (105 bytes)
Event: 0.474 Thread 0x00000209a1b82250 1039       4       java.lang.String::indexOf (41 bytes)
Event: 0.474 Thread 0x00000209a1b13850 nmethod 1038 0x0000020989bb0a88 code [0x0000020989bb0cc0, 0x0000020989bb1830]
Event: 0.474 Thread 0x00000209a1b80040 nmethod 1031 0x0000020989bb1908 code [0x0000020989bb1fa0, 0x0000020989bb4760]
Event: 0.474 Thread 0x00000209a1b82250 nmethod 1039 0x0000020991661008 code [0x0000020991661100, 0x00000209916612c8]
Event: 0.474 Thread 0x00000209a1b80040 1040       3       java.nio.ByteBuffer::limit (8 bytes)
Event: 0.475 Thread 0x00000209a1b80040 nmethod 1040 0x0000020989bb4808 code [0x0000020989bb4920, 0x0000020989bb4a70]

GC Heap History (0 events):
No events

Dll operation events (20 events):
Event: 0.275 Loaded shared library C:\Users\asus\.openjfx\cache\17.0.6\api-ms-win-crt-filesystem-l1-1-0.dll
Event: 0.277 Loaded shared library C:\Users\asus\.openjfx\cache\17.0.6\api-ms-win-crt-heap-l1-1-0.dll
Event: 0.279 Loaded shared library C:\Users\asus\.openjfx\cache\17.0.6\api-ms-win-crt-locale-l1-1-0.dll
Event: 0.281 Loaded shared library C:\Users\asus\.openjfx\cache\17.0.6\api-ms-win-crt-math-l1-1-0.dll
Event: 0.283 Loaded shared library C:\Users\asus\.openjfx\cache\17.0.6\api-ms-win-crt-multibyte-l1-1-0.dll
Event: 0.287 Loaded shared library C:\Users\asus\.openjfx\cache\17.0.6\api-ms-win-crt-private-l1-1-0.dll
Event: 0.289 Loaded shared library C:\Users\asus\.openjfx\cache\17.0.6\api-ms-win-crt-process-l1-1-0.dll
Event: 0.290 Loaded shared library C:\Users\asus\.openjfx\cache\17.0.6\api-ms-win-crt-runtime-l1-1-0.dll
Event: 0.292 Loaded shared library C:\Users\asus\.openjfx\cache\17.0.6\api-ms-win-crt-stdio-l1-1-0.dll
Event: 0.294 Loaded shared library C:\Users\asus\.openjfx\cache\17.0.6\api-ms-win-crt-string-l1-1-0.dll
Event: 0.296 Loaded shared library C:\Users\asus\.openjfx\cache\17.0.6\api-ms-win-crt-time-l1-1-0.dll
Event: 0.298 Loaded shared library C:\Users\asus\.openjfx\cache\17.0.6\api-ms-win-crt-utility-l1-1-0.dll
Event: 0.309 Loaded shared library C:\Users\asus\.openjfx\cache\17.0.6\ucrtbase.dll
Event: 0.312 Loaded shared library C:\Users\asus\.openjfx\cache\17.0.6\vcruntime140.dll
Event: 0.313 Loaded shared library C:\Users\asus\.openjfx\cache\17.0.6\vcruntime140_1.dll
Event: 0.321 Loaded shared library C:\Users\asus\.openjfx\cache\17.0.6\msvcp140.dll
Event: 0.323 Loaded shared library C:\Users\asus\.openjfx\cache\17.0.6\msvcp140_1.dll
Event: 0.326 Loaded shared library C:\Users\asus\.openjfx\cache\17.0.6\msvcp140_2.dll
Event: 0.359 Loaded shared library C:\Users\asus\.openjfx\cache\17.0.6\prism_d3d.dll
Event: 0.442 Loaded shared library C:\Users\asus\.openjfx\cache\17.0.6\glass.dll

Deoptimization events (20 events):
Event: 0.212 Thread 0x00000209ff1e4f40 DEOPT PACKING pc=0x000002099162ecec sp=0x000000a0556fe930
Event: 0.212 Thread 0x00000209ff1e4f40 DEOPT UNPACKING pc=0x0000020990f24402 sp=0x000000a0556fe8d8 mode 2
Event: 0.311 Thread 0x00000209ff1e4f40 DEOPT PACKING pc=0x0000020989b6d6af sp=0x000000a0556fe8c0
Event: 0.311 Thread 0x00000209ff1e4f40 DEOPT UNPACKING pc=0x0000020990f24b22 sp=0x000000a0556fdce0 mode 0
Event: 0.437 Thread 0x00000209ff1e4f40 Uncommon trap: trap_request=0xffffffc6 fr.pc=0x000002099163dbbc relative=0x0000000000000c5c
Event: 0.437 Thread 0x00000209ff1e4f40 Uncommon trap: reason=bimorphic_or_optimized_type_check action=maybe_recompile pc=0x000002099163dbbc method=java.util.HashMap.putVal(ILjava/lang/Object;Ljava/lang/Object;ZZ)Ljava/lang/Object; @ 56 c2
Event: 0.437 Thread 0x00000209ff1e4f40 DEOPT PACKING pc=0x000002099163dbbc sp=0x000000a0556fd800
Event: 0.437 Thread 0x00000209ff1e4f40 DEOPT UNPACKING pc=0x0000020990f24402 sp=0x000000a0556fd798 mode 2
Event: 0.437 Thread 0x00000209ff1e4f40 Uncommon trap: trap_request=0xffffffc6 fr.pc=0x000002099163dbbc relative=0x0000000000000c5c
Event: 0.437 Thread 0x00000209ff1e4f40 Uncommon trap: reason=bimorphic_or_optimized_type_check action=maybe_recompile pc=0x000002099163dbbc method=java.util.HashMap.putVal(ILjava/lang/Object;Ljava/lang/Object;ZZ)Ljava/lang/Object; @ 56 c2
Event: 0.437 Thread 0x00000209ff1e4f40 DEOPT PACKING pc=0x000002099163dbbc sp=0x000000a0556fd800
Event: 0.437 Thread 0x00000209ff1e4f40 DEOPT UNPACKING pc=0x0000020990f24402 sp=0x000000a0556fd798 mode 2
Event: 0.437 Thread 0x00000209ff1e4f40 Uncommon trap: trap_request=0xffffffc6 fr.pc=0x000002099163dbbc relative=0x0000000000000c5c
Event: 0.437 Thread 0x00000209ff1e4f40 Uncommon trap: reason=bimorphic_or_optimized_type_check action=maybe_recompile pc=0x000002099163dbbc method=java.util.HashMap.putVal(ILjava/lang/Object;Ljava/lang/Object;ZZ)Ljava/lang/Object; @ 56 c2
Event: 0.437 Thread 0x00000209ff1e4f40 DEOPT PACKING pc=0x000002099163dbbc sp=0x000000a0556fd800
Event: 0.437 Thread 0x00000209ff1e4f40 DEOPT UNPACKING pc=0x0000020990f24402 sp=0x000000a0556fd798 mode 2
Event: 0.437 Thread 0x00000209ff1e4f40 Uncommon trap: trap_request=0xffffffc6 fr.pc=0x000002099163dbbc relative=0x0000000000000c5c
Event: 0.437 Thread 0x00000209ff1e4f40 Uncommon trap: reason=bimorphic_or_optimized_type_check action=maybe_recompile pc=0x000002099163dbbc method=java.util.HashMap.putVal(ILjava/lang/Object;Ljava/lang/Object;ZZ)Ljava/lang/Object; @ 56 c2
Event: 0.437 Thread 0x00000209ff1e4f40 DEOPT PACKING pc=0x000002099163dbbc sp=0x000000a0556fd800
Event: 0.437 Thread 0x00000209ff1e4f40 DEOPT UNPACKING pc=0x0000020990f24402 sp=0x000000a0556fd798 mode 2

Classes loaded (20 events):
Event: 0.450 Loading class java/util/concurrent/FutureTask
Event: 0.450 Loading class java/util/concurrent/FutureTask done
Event: 0.451 Loading class java/util/concurrent/CancellationException
Event: 0.451 Loading class java/util/concurrent/CancellationException done
Event: 0.451 Loading class java/util/concurrent/ExecutionException
Event: 0.451 Loading class java/util/concurrent/ExecutionException done
Event: 0.451 Loading class java/util/concurrent/FutureTask$WaitNode
Event: 0.451 Loading class java/util/concurrent/FutureTask$WaitNode done
Event: 0.451 Loading class java/util/concurrent/Executors$RunnableAdapter
Event: 0.451 Loading class java/util/concurrent/Executors$RunnableAdapter done
Event: 0.466 Loading class java/lang/IndexOutOfBoundsException
Event: 0.466 Loading class java/lang/IndexOutOfBoundsException done
Event: 0.467 Loading class java/util/NoSuchElementException
Event: 0.467 Loading class java/util/NoSuchElementException done
Event: 0.472 Loading class java/util/AbstractList$Itr
Event: 0.472 Loading class java/util/AbstractList$Itr done
Event: 0.473 Loading class java/lang/NumberFormatException
Event: 0.473 Loading class java/lang/NumberFormatException done
Event: 0.473 Loading class java/util/concurrent/LinkedBlockingDeque$Node
Event: 0.473 Loading class java/util/concurrent/LinkedBlockingDeque$Node done

Classes unloaded (0 events):
No events

Classes redefined (0 events):
No events

Internal exceptions (14 events):
Event: 0.082 Thread 0x00000209ff1e4f40 Exception <a 'java/lang/NoSuchMethodError'{0x0000000714f388e8}: 'void java.lang.invoke.DirectMethodHandle$Holder.invokeSpecial(java.lang.Object, java.lang.Object, java.lang.Object)'> (0x0000000714f388e8) 
thrown [s\open\src\hotspot\share\interpreter\linkResolver.cpp, line 796]
Event: 0.084 Thread 0x00000209ff1e4f40 Exception <a 'java/lang/NoSuchMethodError'{0x0000000714f45d30}: 'java.lang.Object java.lang.invoke.DirectMethodHandle$Holder.invokeVirtual(java.lang.Object, java.lang.Object, java.lang.Object)'> (0x0000000714f45d30) 
thrown [s\open\src\hotspot\share\interpreter\linkResolver.cpp, line 796]
Event: 0.105 Thread 0x00000209ff1e4f40 Exception <a 'java/lang/NoSuchMethodError'{0x0000000714d0b7e8}: 'void java.lang.invoke.DirectMethodHandle$Holder.invokeVirtual(java.lang.Object, java.lang.Object)'> (0x0000000714d0b7e8) 
thrown [s\open\src\hotspot\share\interpreter\linkResolver.cpp, line 796]
Event: 0.106 Thread 0x00000209ff1e4f40 Exception <a 'java/lang/NoSuchMethodError'{0x0000000714d16540}: 'java.lang.Object java.lang.invoke.DirectMethodHandle$Holder.invokeInterface(java.lang.Object, java.lang.Object, java.lang.Object)'> (0x0000000714d16540) 
thrown [s\open\src\hotspot\share\interpreter\linkResolver.cpp, line 796]
Event: 0.134 Thread 0x00000209ff1e4f40 Exception <a 'java/lang/NoSuchMethodError'{0x0000000714a629b0}: 'java.lang.Object java.lang.invoke.Invokers$Holder.invokeExact_MT(java.lang.Object, java.lang.Object, java.lang.Object, java.lang.Object, java.lang.Object)'> (0x0000000714a629b0) 
thrown [s\open\src\hotspot\share\interpreter\linkResolver.cpp, line 796]
Event: 0.140 Thread 0x00000209e7c1a4e0 Exception <a 'java/lang/ClassNotFoundException'{0x0000000714a85028}: jdk/net/ExtendedSocketOptions> (0x0000000714a85028) 
thrown [s\open\src\hotspot\share\classfile\systemDictionary.cpp, line 313]
Event: 0.141 Thread 0x00000209e7c1a4e0 Exception <a 'java/lang/NoSuchMethodError'{0x0000000714a86798}: 'void java.lang.invoke.DirectMethodHandle$Holder.invokeStatic(java.lang.Object, java.lang.Object)'> (0x0000000714a86798) 
thrown [s\open\src\hotspot\share\interpreter\linkResolver.cpp, line 796]
Event: 0.158 Thread 0x00000209ff1e4f40 Exception <a 'java/lang/NoSuchMethodError'{0x0000000714b81b88}: 'void java.lang.invoke.DirectMethodHandle$Holder.invokeStatic(java.lang.Object, java.lang.Object, java.lang.Object, java.lang.Object)'> (0x0000000714b81b88) 
thrown [s\open\src\hotspot\share\interpreter\linkResolver.cpp, line 796]
Event: 0.159 Thread 0x00000209ff1e4f40 Exception <a 'java/lang/NoSuchMethodError'{0x0000000714b85960}: 'void java.lang.invoke.DirectMethodHandle$Holder.invokeSpecial(java.lang.Object, java.lang.Object, java.lang.Object, java.lang.Object, java.lang.Object)'> (0x0000000714b85960) 
thrown [s\open\src\hotspot\share\interpreter\linkResolver.cpp, line 796]
Event: 0.431 Thread 0x00000209ff1e4f40 Exception <a 'java/lang/NoSuchMethodError'{0x000000071430f310}: 'int java.lang.invoke.DirectMethodHandle$Holder.invokeStaticInit(java.lang.Object, java.lang.Object, java.lang.Object)'> (0x000000071430f310) 
thrown [s\open\src\hotspot\share\interpreter\linkResolver.cpp, line 796]
Event: 0.445 Thread 0x00000209ff1e4f40 Exception <a 'java/lang/NoSuchMethodError'{0x00000007143f5cc8}: 'java.lang.Object java.lang.invoke.DirectMethodHandle$Holder.newInvokeSpecial(java.lang.Object, java.lang.Object, int, java.lang.Object)'> (0x00000007143f5cc8) 
thrown [s\open\src\hotspot\share\interpreter\linkResolver.cpp, line 796]
Event: 0.445 Thread 0x00000209ff1e4f40 Exception <a 'java/lang/NoSuchMethodError'{0x00000007143f9f18}: 'java.lang.Object java.lang.invoke.DirectMethodHandle$Holder.invokeSpecial(java.lang.Object, java.lang.Object, java.lang.Object, int, java.lang.Object)'> (0x00000007143f9f18) 
thrown [s\open\src\hotspot\share\interpreter\linkResolver.cpp, line 796]
Event: 0.471 Thread 0x00000209e8792a10 Exception <a 'java/lang/NoSuchMethodError'{0x0000000713e508b8}: 'void java.lang.invoke.DirectMethodHandle$Holder.invokeStaticInit(java.lang.Object)'> (0x0000000713e508b8) 
thrown [s\open\src\hotspot\share\interpreter\linkResolver.cpp, line 796]
Event: 0.472 Thread 0x00000209ff1e4f40 Exception <a 'java/lang/NoSuchMethodError'{0x0000000714085678}: 'java.lang.Object java.lang.invoke.DirectMethodHandle$Holder.newInvokeSpecial(java.lang.Object, java.lang.Object, java.lang.Object, java.lang.Object, java.lang.Object, java.lang.Object)'> (0x0000000714085678) 
thrown [s\open\src\hotspot\share\interpreter\linkResolver.cpp, line 796]

VM Operations (8 events):
Event: 0.080 Executing VM operation: HandshakeAllThreads (Deoptimize)
Event: 0.080 Executing VM operation: HandshakeAllThreads (Deoptimize) done
Event: 0.083 Executing VM operation: HandshakeAllThreads (Deoptimize)
Event: 0.083 Executing VM operation: HandshakeAllThreads (Deoptimize) done
Event: 0.112 Executing VM operation: HandshakeAllThreads (Deoptimize)
Event: 0.112 Executing VM operation: HandshakeAllThreads (Deoptimize) done
Event: 0.437 Executing VM operation: HandshakeAllThreads (Deoptimize)
Event: 0.437 Executing VM operation: HandshakeAllThreads (Deoptimize) done

Memory protections (0 events):
No events

Nmethod flushes (0 events):
No events

Events (20 events):
Event: 0.025 Thread 0x00000209ff1e4f40 Thread added: 0x00000209a1ad81d0
Event: 0.025 Thread 0x00000209ff1e4f40 Thread added: 0x00000209a1af92b0
Event: 0.025 Thread 0x00000209ff1e4f40 Thread added: 0x00000209a1afa4c0
Event: 0.025 Thread 0x00000209ff1e4f40 Thread added: 0x00000209a1b13850
Event: 0.026 Thread 0x00000209a1b13850 Thread added: 0x00000209a1b81b80
Event: 0.042 Thread 0x00000209ff1e4f40 Thread added: 0x00000209a1cb6f00
Event: 0.048 Thread 0x00000209a1b81b80 Thread added: 0x00000209a1b80040
Event: 0.060 Thread 0x00000209a1b81b80 Thread added: 0x00000209a1b82250
Event: 0.061 Thread 0x00000209a1b81b80 Thread added: 0x00000209a1b80710
Event: 0.063 Thread 0x00000209a1afa4c0 Thread added: 0x00000209a1b7f970
Event: 0.066 Thread 0x00000209a1b80040 Thread added: 0x00000209a1b80de0
Event: 0.067 Thread 0x00000209a1afa4c0 Thread added: 0x00000209a1b7ebd0
Event: 0.137 Thread 0x00000209ff1e4f40 Thread added: 0x00000209e7c1a4e0
Event: 0.137 Thread 0x00000209ff1e4f40 Thread added: 0x00000209e7d97510
Event: 0.349 Thread 0x00000209ff1e4f40 Thread added: 0x00000209e7b776e0
Event: 0.429 Thread 0x00000209a1b7ebd0 Thread exited: 0x00000209a1b7ebd0
Event: 0.430 Thread 0x00000209a1b80de0 Thread exited: 0x00000209a1b80de0
Event: 0.430 Thread 0x00000209a1b7f970 Thread exited: 0x00000209a1b7f970
Event: 0.444 Thread 0x00000209ff1e4f40 Thread added: 0x00000209e877ce40
Event: 0.445 Thread 0x00000209ff1e4f40 Thread added: 0x00000209e8792a10


Dynamic libraries:
0x00007ff79d180000 - 0x00007ff79d18e000 	C:\Users\asus\.jdks\openjdk-23\bin\java.exe
0x00007ffb5fdd0000 - 0x00007ffb5ffe7000 	C:\WINDOWS\SYSTEM32\ntdll.dll
0x00007ffb5f6e0000 - 0x00007ffb5f7a4000 	C:\WINDOWS\System32\KERNEL32.DLL
0x00007ffb5d1f0000 - 0x00007ffb5d5a9000 	C:\WINDOWS\System32\KERNELBASE.dll
0x00007ffb5d0d0000 - 0x00007ffb5d1e1000 	C:\WINDOWS\System32\ucrtbase.dll
0x00007ffb47420000 - 0x00007ffb47437000 	C:\Users\asus\.jdks\openjdk-23\bin\jli.dll
0x00007ffb55f80000 - 0x00007ffb55f9b000 	C:\Users\asus\.jdks\openjdk-23\bin\VCRUNTIME140.dll
0x00007ffb5dec0000 - 0x00007ffb5e06e000 	C:\WINDOWS\System32\USER32.dll
0x00007ffb5dac0000 - 0x00007ffb5dae6000 	C:\WINDOWS\System32\win32u.dll
0x00007ffb45100000 - 0x00007ffb45392000 	C:\WINDOWS\WinSxS\amd64_microsoft.windows.common-controls_6595b64144ccf1df_6.0.22621.4391_none_2715d37f73803e96\COMCTL32.dll
0x00007ffb5f5e0000 - 0x00007ffb5f609000 	C:\WINDOWS\System32\GDI32.dll
0x00007ffb5db40000 - 0x00007ffb5dbe7000 	C:\WINDOWS\System32\msvcrt.dll
0x00007ffb5d9a0000 - 0x00007ffb5dabb000 	C:\WINDOWS\System32\gdi32full.dll
0x00007ffb5d5e0000 - 0x00007ffb5d67a000 	C:\WINDOWS\System32\msvcp_win.dll
0x00007ffb5fd40000 - 0x00007ffb5fd71000 	C:\WINDOWS\System32\IMM32.DLL
0x00007ffb585f0000 - 0x00007ffb585fc000 	C:\Users\asus\.jdks\openjdk-23\bin\vcruntime140_1.dll
0x00007ffb461c0000 - 0x00007ffb4624e000 	C:\Users\asus\.jdks\openjdk-23\bin\msvcp140.dll
0x00007ffaf31b0000 - 0x00007ffaf3eff000 	C:\Users\asus\.jdks\openjdk-23\bin\server\jvm.dll
0x00007ffb5f040000 - 0x00007ffb5f0f2000 	C:\WINDOWS\System32\ADVAPI32.dll
0x00007ffb5f630000 - 0x00007ffb5f6d7000 	C:\WINDOWS\System32\sechost.dll
0x00007ffb5d5b0000 - 0x00007ffb5d5d8000 	C:\WINDOWS\System32\bcrypt.dll
0x00007ffb5eda0000 - 0x00007ffb5eeb4000 	C:\WINDOWS\System32\RPCRT4.dll
0x00007ffb5eec0000 - 0x00007ffb5ef31000 	C:\WINDOWS\System32\WS2_32.dll
0x00007ffb5cd40000 - 0x00007ffb5cd8d000 	C:\WINDOWS\SYSTEM32\POWRPROF.dll
0x00007ffb46190000 - 0x00007ffb4619a000 	C:\WINDOWS\SYSTEM32\VERSION.dll
0x00007ffb56730000 - 0x00007ffb56764000 	C:\WINDOWS\SYSTEM32\WINMM.dll
0x00007ffb5cb40000 - 0x00007ffb5cb53000 	C:\WINDOWS\SYSTEM32\UMPDC.dll
0x00007ffb5c110000 - 0x00007ffb5c128000 	C:\WINDOWS\SYSTEM32\kernel.appcore.dll
0x00007ffb567d0000 - 0x00007ffb567da000 	C:\Users\asus\.jdks\openjdk-23\bin\jimage.dll
0x00007ffb5a900000 - 0x00007ffb5ab32000 	C:\WINDOWS\SYSTEM32\DBGHELP.DLL
0x00007ffb5e070000 - 0x00007ffb5e3ff000 	C:\WINDOWS\System32\combase.dll
0x00007ffb5ef50000 - 0x00007ffb5f027000 	C:\WINDOWS\System32\OLEAUT32.dll
0x00007ffb43a90000 - 0x00007ffb43ac2000 	C:\WINDOWS\SYSTEM32\dbgcore.DLL
0x00007ffb5d6f0000 - 0x00007ffb5d76b000 	C:\WINDOWS\System32\bcryptPrimitives.dll
0x00007ffb26eb0000 - 0x00007ffb26ebf000 	C:\Users\asus\.jdks\openjdk-23\bin\instrument.dll
0x00007ffb3e250000 - 0x00007ffb3e26e000 	C:\Users\asus\.jdks\openjdk-23\bin\java.dll
0x00007ffb5dbf0000 - 0x00007ffb5dd95000 	C:\WINDOWS\System32\ole32.dll
0x00007ffb5e4c0000 - 0x00007ffb5ed36000 	C:\WINDOWS\System32\SHELL32.dll
0x00007ffb5b010000 - 0x00007ffb5b913000 	C:\WINDOWS\SYSTEM32\windows.storage.dll
0x00007ffb5aed0000 - 0x00007ffb5b00f000 	C:\WINDOWS\SYSTEM32\wintypes.dll
0x00007ffb5f840000 - 0x00007ffb5f939000 	C:\WINDOWS\System32\SHCORE.dll
0x00007ffb5faa0000 - 0x00007ffb5fafe000 	C:\WINDOWS\System32\shlwapi.dll
0x00007ffb5d000000 - 0x00007ffb5d02b000 	C:\WINDOWS\SYSTEM32\profapi.dll
0x00007ffb16c50000 - 0x00007ffb16d27000 	C:\Users\asus\.jdks\openjdk-23\bin\jsvml.dll
0x00007ffb47540000 - 0x00007ffb47550000 	C:\Users\asus\.jdks\openjdk-23\bin\net.dll
0x00007ffb5c590000 - 0x00007ffb5c5f9000 	C:\WINDOWS\system32\mswsock.dll
0x00007ffb3e230000 - 0x00007ffb3e246000 	C:\Users\asus\.jdks\openjdk-23\bin\nio.dll
0x00007ffb3e210000 - 0x00007ffb3e227000 	C:\Users\asus\.jdks\openjdk-23\bin\zip.dll
0x00007ffb25460000 - 0x00007ffb2547a000 	C:\Program Files\JetBrains\IntelliJ IDEA 2024.2.1\bin\breakgen64.dll
0x00000209a1f20000 - 0x00000209a1f23000 	C:\Users\asus\.openjfx\cache\17.0.6\api-ms-win-core-console-l1-1-0.dll
0x00000209a1f30000 - 0x00000209a1f33000 	C:\Users\asus\.openjfx\cache\17.0.6\api-ms-win-core-console-l1-2-0.dll
0x00000209a1f40000 - 0x00000209a1f43000 	C:\Users\asus\.openjfx\cache\17.0.6\api-ms-win-core-datetime-l1-1-0.dll
0x00000209a1f50000 - 0x00000209a1f53000 	C:\Users\asus\.openjfx\cache\17.0.6\api-ms-win-core-debug-l1-1-0.dll
0x00000209a1f60000 - 0x00000209a1f63000 	C:\Users\asus\.openjfx\cache\17.0.6\api-ms-win-core-errorhandling-l1-1-0.dll
0x00000209a1f70000 - 0x00000209a1f74000 	C:\Users\asus\.openjfx\cache\17.0.6\api-ms-win-core-file-l1-1-0.dll
0x00000209a1f80000 - 0x00000209a1f83000 	C:\Users\asus\.openjfx\cache\17.0.6\api-ms-win-core-file-l1-2-0.dll
0x00000209a1f90000 - 0x00000209a1f93000 	C:\Users\asus\.openjfx\cache\17.0.6\api-ms-win-core-file-l2-1-0.dll
0x00000209a1fa0000 - 0x00000209a1fa3000 	C:\Users\asus\.openjfx\cache\17.0.6\api-ms-win-core-handle-l1-1-0.dll
0x00000209a1fb0000 - 0x00000209a1fb3000 	C:\Users\asus\.openjfx\cache\17.0.6\api-ms-win-core-heap-l1-1-0.dll
0x00000209a1fc0000 - 0x00000209a1fc3000 	C:\Users\asus\.openjfx\cache\17.0.6\api-ms-win-core-interlocked-l1-1-0.dll
0x00000209a1fd0000 - 0x00000209a1fd3000 	C:\Users\asus\.openjfx\cache\17.0.6\api-ms-win-core-libraryloader-l1-1-0.dll
0x00000209a1fe0000 - 0x00000209a1fe3000 	C:\Users\asus\.openjfx\cache\17.0.6\api-ms-win-core-localization-l1-2-0.dll
0x00000209a1ff0000 - 0x00000209a1ff3000 	C:\Users\asus\.openjfx\cache\17.0.6\api-ms-win-core-memory-l1-1-0.dll
0x00000209e87d0000 - 0x00000209e87d3000 	C:\Users\asus\.openjfx\cache\17.0.6\api-ms-win-core-namedpipe-l1-1-0.dll
0x00000209e87e0000 - 0x00000209e87e3000 	C:\Users\asus\.openjfx\cache\17.0.6\api-ms-win-core-processenvironment-l1-1-0.dll
0x00000209e87f0000 - 0x00000209e87f3000 	C:\Users\asus\.openjfx\cache\17.0.6\api-ms-win-core-processthreads-l1-1-0.dll
0x00000209e8800000 - 0x00000209e8803000 	C:\Users\asus\.openjfx\cache\17.0.6\api-ms-win-core-processthreads-l1-1-1.dll
0x00000209e8810000 - 0x00000209e8813000 	C:\Users\asus\.openjfx\cache\17.0.6\api-ms-win-core-profile-l1-1-0.dll
0x00000209e8820000 - 0x00000209e8823000 	C:\Users\asus\.openjfx\cache\17.0.6\api-ms-win-core-rtlsupport-l1-1-0.dll
0x00000209e8830000 - 0x00000209e8833000 	C:\Users\asus\.openjfx\cache\17.0.6\api-ms-win-core-string-l1-1-0.dll
0x00000209e8840000 - 0x00000209e8843000 	C:\Users\asus\.openjfx\cache\17.0.6\api-ms-win-core-synch-l1-1-0.dll
0x00000209e8850000 - 0x00000209e8853000 	C:\Users\asus\.openjfx\cache\17.0.6\api-ms-win-core-synch-l1-2-0.dll
0x00000209e8860000 - 0x00000209e8863000 	C:\Users\asus\.openjfx\cache\17.0.6\api-ms-win-core-sysinfo-l1-1-0.dll
0x00000209e8870000 - 0x00000209e8873000 	C:\Users\asus\.openjfx\cache\17.0.6\api-ms-win-core-timezone-l1-1-0.dll
0x00000209e8880000 - 0x00000209e8883000 	C:\Users\asus\.openjfx\cache\17.0.6\api-ms-win-core-util-l1-1-0.dll
0x00000209e8890000 - 0x00000209e8893000 	C:\Users\asus\.openjfx\cache\17.0.6\api-ms-win-crt-conio-l1-1-0.dll
0x00000209e88a0000 - 0x00000209e88a4000 	C:\Users\asus\.openjfx\cache\17.0.6\api-ms-win-crt-convert-l1-1-0.dll
0x00000209e88b0000 - 0x00000209e88b3000 	C:\Users\asus\.openjfx\cache\17.0.6\api-ms-win-crt-environment-l1-1-0.dll
0x00000209e88c0000 - 0x00000209e88c3000 	C:\Users\asus\.openjfx\cache\17.0.6\api-ms-win-crt-filesystem-l1-1-0.dll
0x00000209e88d0000 - 0x00000209e88d3000 	C:\Users\asus\.openjfx\cache\17.0.6\api-ms-win-crt-heap-l1-1-0.dll
0x00000209e88e0000 - 0x00000209e88e3000 	C:\Users\asus\.openjfx\cache\17.0.6\api-ms-win-crt-locale-l1-1-0.dll
0x00000209e88f0000 - 0x00000209e88f5000 	C:\Users\asus\.openjfx\cache\17.0.6\api-ms-win-crt-math-l1-1-0.dll
0x00000209e8900000 - 0x00000209e8905000 	C:\Users\asus\.openjfx\cache\17.0.6\api-ms-win-crt-multibyte-l1-1-0.dll
0x00000209e8910000 - 0x00000209e8920000 	C:\Users\asus\.openjfx\cache\17.0.6\api-ms-win-crt-private-l1-1-0.dll
0x00000209e8920000 - 0x00000209e8923000 	C:\Users\asus\.openjfx\cache\17.0.6\api-ms-win-crt-process-l1-1-0.dll
0x00000209e8930000 - 0x00000209e8934000 	C:\Users\asus\.openjfx\cache\17.0.6\api-ms-win-crt-runtime-l1-1-0.dll
0x00000209e8940000 - 0x00000209e8944000 	C:\Users\asus\.openjfx\cache\17.0.6\api-ms-win-crt-stdio-l1-1-0.dll
0x00000209e8950000 - 0x00000209e8954000 	C:\Users\asus\.openjfx\cache\17.0.6\api-ms-win-crt-string-l1-1-0.dll
0x00000209e8960000 - 0x00000209e8963000 	C:\Users\asus\.openjfx\cache\17.0.6\api-ms-win-crt-time-l1-1-0.dll
0x00000209e8970000 - 0x00000209e8973000 	C:\Users\asus\.openjfx\cache\17.0.6\api-ms-win-crt-utility-l1-1-0.dll
0x00007ffafa0a0000 - 0x00007ffafa19c000 	C:\Users\asus\.openjfx\cache\17.0.6\ucrtbase.dll
0x00007ffb20700000 - 0x00007ffb2071a000 	C:\Users\asus\.openjfx\cache\17.0.6\vcruntime140.dll
0x00007ffb26ea0000 - 0x00007ffb26eac000 	C:\Users\asus\.openjfx\cache\17.0.6\vcruntime140_1.dll
0x00007ffaf4b20000 - 0x00007ffaf4bad000 	C:\Users\asus\.openjfx\cache\17.0.6\msvcp140.dll
0x00007ffb26da0000 - 0x00007ffb26da9000 	C:\Users\asus\.openjfx\cache\17.0.6\msvcp140_1.dll
0x00007ffb16ee0000 - 0x00007ffb16f0f000 	C:\Users\asus\.openjfx\cache\17.0.6\msvcp140_2.dll
0x00007ffb169b0000 - 0x00007ffb169da000 	C:\Users\asus\.openjfx\cache\17.0.6\prism_d3d.dll
0x00007ffadcd70000 - 0x00007ffadcf18000 	C:\WINDOWS\system32\d3d9.dll
0x00007ffb5a490000 - 0x00007ffb5a4bb000 	C:\WINDOWS\SYSTEM32\dwmapi.dll
0x00007ffb5a220000 - 0x00007ffb5a257000 	C:\WINDOWS\SYSTEM32\dxcore.dll
0x00007ffb5a100000 - 0x00007ffb5a1b1000 	C:\WINDOWS\system32\uxtheme.dll
0x00007ffad5c90000 - 0x00007ffad5d40000 	C:\WINDOWS\SYSTEM32\d3d9on12.dll
0x00007ffb5a280000 - 0x00007ffb5a377000 	C:\WINDOWS\SYSTEM32\dxgi.dll
0x00007ffb16980000 - 0x00007ffb169a6000 	C:\WINDOWS\SYSTEM32\d3d12.dll
0x00007ffb5cdc0000 - 0x00007ffb5ce0e000 	C:\WINDOWS\SYSTEM32\cfgmgr32.dll
0x00007ffacd7b0000 - 0x00007ffacd9b2000 	C:\WINDOWS\SYSTEM32\D3D12Core.dll
0x00007ffb16590000 - 0x00007ffb165b7000 	C:\WINDOWS\System32\DriverStore\FileRepository\iigd_dch.inf_amd64_9741ef1f4093481f\igd12umd64.dll
0x00007ffaa4650000 - 0x00007ffaa5309000 	C:\WINDOWS\System32\DriverStore\FileRepository\iigd_dch.inf_amd64_9741ef1f4093481f\igd12um64xel.dll
0x00007ffb5d770000 - 0x00007ffb5d8d6000 	C:\WINDOWS\System32\CRYPT32.dll
0x00007ffb33010000 - 0x00007ffb33054000 	C:\WINDOWS\SYSTEM32\ControlLib.dll
0x00007ffb5f100000 - 0x00007ffb5f574000 	C:\WINDOWS\System32\SETUPAPI.dll
0x00007ffb5cd90000 - 0x00007ffb5cdbc000 	C:\WINDOWS\SYSTEM32\DEVOBJ.dll
0x00007ffb512f0000 - 0x00007ffb51378000 	C:\WINDOWS\System32\DriverStore\FileRepository\iigd_dch.inf_amd64_9741ef1f4093481f\IntelControlLib.dll
0x00007ffb5d680000 - 0x00007ffb5d6ec000 	C:\WINDOWS\System32\WINTRUST.dll
0x00007ffb5c840000 - 0x00007ffb5c852000 	C:\WINDOWS\SYSTEM32\MSASN1.dll
0x00007ffb55d60000 - 0x00007ffb55da9000 	C:\WINDOWS\SYSTEM32\directxdatabasehelper.dll
0x00007ffb50840000 - 0x00007ffb50c57000 	C:\WINDOWS\System32\DriverStore\FileRepository\iigd_dch.inf_amd64_9741ef1f4093481f\igdgmm64.dll
0x00007ffb4cb40000 - 0x00007ffb5083c000 	C:\WINDOWS\System32\DriverStore\FileRepository\iigd_dch.inf_amd64_9741ef1f4093481f\igc64.dll
0x00007ffb164b0000 - 0x00007ffb164df000 	C:\WINDOWS\SYSTEM32\D3DSCache.dll
0x00007ffb5c680000 - 0x00007ffb5c6a8000 	C:\WINDOWS\SYSTEM32\USERENV.dll
0x00007ffaa1f50000 - 0x00007ffaa32f5000 	C:\WINDOWS\System32\DriverStore\FileRepository\iigd_dch.inf_amd64_9741ef1f4093481f\igd12dxva64.dll
0x00007ffaf6e90000 - 0x00007ffaf8bb0000 	C:\WINDOWS\System32\DriverStore\FileRepository\iigd_dch.inf_amd64_9741ef1f4093481f\media_bin_64.dll
0x00007ffaf6e60000 - 0x00007ffaf6e87000 	C:\WINDOWS\System32\DriverStore\FileRepository\iigd_dch.inf_amd64_9741ef1f4093481f\igdinfo64.dll
0x00007ffb536f0000 - 0x00007ffb53994000 	C:\WINDOWS\SYSTEM32\twinapi.appcore.dll
0x00007ffb16460000 - 0x00007ffb164a2000 	C:\Users\asus\.openjfx\cache\17.0.6\glass.dll
0x00007ffb5ddc0000 - 0x00007ffb5debf000 	C:\WINDOWS\System32\COMDLG32.dll
0x00007ffb5f940000 - 0x00007ffb5faa0000 	C:\WINDOWS\System32\MSCTF.dll

dbghelp: loaded successfully - version: 4.0.5 - missing functions: none
symbol engine: initialized successfully - sym options: 0x614 - pdb path: .;C:\Users\asus\.jdks\openjdk-23\bin;C:\WINDOWS\SYSTEM32;C:\WINDOWS\WinSxS\amd64_microsoft.windows.common-controls_6595b64144ccf1df_6.0.22621.4391_none_2715d37f73803e96;C:\Users\asus\.jdks\openjdk-23\bin\server;C:\Program Files\JetBrains\IntelliJ IDEA 2024.2.1\bin;C:\Users\asus\.openjfx\cache\17.0.6;C:\WINDOWS\System32\DriverStore\FileRepository\iigd_dch.inf_amd64_9741ef1f4093481f

VM Arguments:
jvm_args: -javaagent:C:\Program Files\JetBrains\IntelliJ IDEA 2024.2.1\lib\idea_rt.jar=60036:C:\Program Files\JetBrains\IntelliJ IDEA 2024.2.1\bin -Dfile.encoding=UTF-8 -Dsun.stdout.encoding=UTF-8 -Dsun.stderr.encoding=UTF-8 --module-path=C:\Users\asus\.m2\repository\org\openjfx\javafx-graphics\17.0.6\javafx-graphics-17.0.6-win.jar;C:\Users\asus\.m2\repository\org\openjfx\javafx-controls\17.0.6\javafx-controls-17.0.6-win.jar;C:\Users\asus\.m2\repository\org\openjfx\javafx-base\17.0.6\javafx-base-17.0.6-win.jar;C:\Users\asus\.m2\repository\com\fasterxml\jackson\core\jackson-databind\2.13.0\jackson-databind-2.13.0.jar;C:\Users\asus\.m2\repository\com\fasterxml\jackson\core\jackson-core\2.13.0\jackson-core-2.13.0.jar;C:\Users\asus\.m2\repository\com\fasterxml\jackson\core\jackson-annotations\2.13.0\jackson-annotations-2.13.0.jar;C:\Users\asus\.m2\repository\org\openjfx\javafx-fxml\17.0.6\javafx-fxml-17.0.6-win.jar;C:\Users\asus\Desktop\OOP\BTL_UP\QR_CODE\target\classes;C:\Users\asus\.m2\repository\io\nayuki\qrcodegen\1.7.0\qrcodegen-1.7.0.jar -Djdk.module.main=com.example.user 
java_command: com.example.user/com.book.DisplayQRCode
java_class_path (initial): C:\Users\asus\.m2\repository\org\openjfx\javafx-controls\17.0.6\javafx-controls-17.0.6.jar;C:\Users\asus\.m2\repository\org\openjfx\javafx-graphics\17.0.6\javafx-graphics-17.0.6.jar;C:\Users\asus\.m2\repository\org\openjfx\javafx-base\17.0.6\javafx-base-17.0.6.jar;C:\Users\asus\.m2\repository\org\openjfx\javafx-fxml\17.0.6\javafx-fxml-17.0.6.jar;C:\Users\asus\.m2\repository\org\apache\httpcomponents\httpclient\4.5.13\httpclient-4.5.13.jar;C:\Users\asus\.m2\repository\org\apache\httpcomponents\httpcore\4.4.13\httpcore-4.4.13.jar;C:\Users\asus\.m2\repository\commons-logging\commons-logging\1.2\commons-logging-1.2.jar;C:\Users\asus\.m2\repository\commons-codec\commons-codec\1.11\commons-codec-1.11.jar;C:\Users\asus\.m2\repository\com\mysql\mysql-connector-j\8.0.33\mysql-connector-j-8.0.33.jar;C:\Users\asus\.m2\repository\com\google\protobuf\protobuf-java\3.21.9\protobuf-java-3.21.9.jar
Launcher Type: SUN_STANDARD

[Global flags]
     intx CICompilerCount                          = 12                                        {product} {ergonomic}
     uint ConcGCThreads                            = 4                                         {product} {ergonomic}
     uint G1ConcRefinementThreads                  = 15                                        {product} {ergonomic}
   size_t G1HeapRegionSize                         = 2097152                                   {product} {ergonomic}
   size_t InitialHeapSize                          = 264241152                                 {product} {ergonomic}
   size_t MarkStackSize                            = 4194304                                   {product} {ergonomic}
   size_t MarkStackSizeMax                         = 536870912                                 {product} {ergonomic}
   size_t MaxHeapSize                              = 4200595456                                {product} {ergonomic}
   size_t MaxNewSize                               = 2518679552                                {product} {ergonomic}
   size_t MinHeapDeltaBytes                        = 2097152                                   {product} {ergonomic}
   size_t MinHeapSize                              = 8388608                                   {product} {ergonomic}
    uintx NonNMethodCodeHeapSize                   = 7602176                                {pd product} {ergonomic}
    uintx NonProfiledCodeHeapSize                  = 122093568                              {pd product} {ergonomic}
    uintx ProfiledCodeHeapSize                     = 121962496                              {pd product} {ergonomic}
    uintx ReservedCodeCacheSize                    = 251658240                              {pd product} {ergonomic}
     bool SegmentedCodeCache                       = true                                      {product} {ergonomic}
   size_t SoftMaxHeapSize                          = 4200595456                             {manageable} {ergonomic}
     bool UseCompressedOops                        = true                           {product lp64_product} {ergonomic}
     bool UseG1GC                                  = true                                      {product} {ergonomic}
     bool UseLargePagesIndividualAllocation        = false                                  {pd product} {ergonomic}

Logging:
Log output configuration:
 #0: stdout all=warning uptime,level,tags foldmultilines=false
 #1: stderr all=off uptime,level,tags foldmultilines=false

Environment Variables:
JAVA_HOME=C:\Program Files\Java\jdk-1.8
PATH=C:\Program Files\Java\jdk-1.8\bin;C:\Program Files (x86)\Common Files\Oracle\Java\javapath;C:\WINDOWS\system32;C:\WINDOWS;C:\WINDOWS\System32\Wbem;C:\WINDOWS\System32\WindowsPowerShell\v1.0\;C:\WINDOWS\System32\OpenSSH\;C:\Program Files\Java\jdk-22\bin;C:\Program Files\Git\cmd;C:\Program Files\MySQL\MySQL Server 8.0\bin;C:\msys64\ucrt64\bin;C:\Users\asus\AppData\Local\Programs\Microsoft VS Code\bin;C:\Program Files\JetBrains\IntelliJ IDEA 2024.2.1\bin;;C:\Users\asus\AppData\Local\GitHubDesktop\bin
USERNAME=asus
OS=Windows_NT
PROCESSOR_IDENTIFIER=Intel64 Family 6 Model 186 Stepping 2, GenuineIntel
TMP=C:\Users\asus\AppData\Local\Temp
TEMP=C:\Users\asus\AppData\Local\Temp




Periodic native trim disabled

---------------  S Y S T E M  ---------------

OS:
 Windows 11 , 64 bit Build 22621 (10.0.22621.4391)
OS uptime: 1 days 12:31 hours

CPU: total 20 (initial active 20) (10 cores per cpu, 2 threads per core) family 6 model 186 stepping 2 microcode 0x410e, cx8, cmov, fxsr, ht, mmx, 3dnowpref, sse, sse2, sse3, ssse3, sse4.1, sse4.2, popcnt, lzcnt, tsc, tscinvbit, avx, avx2, aes, erms, clmul, bmi1, bmi2, adx, sha, fma, vzeroupper, clflush, clflushopt, clwb, serialize, rdtscp, rdpid, fsrm, gfni, f16c, pku, cet_ibt, cet_ss
Processor Information for processor 0
  Max Mhz: 2600, Current Mhz: 2600, Mhz Limit: 2600
Processor Information for processor 1
  Max Mhz: 2600, Current Mhz: 2600, Mhz Limit: 2600
Processor Information for processor 2
  Max Mhz: 2600, Current Mhz: 2600, Mhz Limit: 2600
Processor Information for processor 3
  Max Mhz: 2600, Current Mhz: 2600, Mhz Limit: 2600
Processor Information for processor 4
  Max Mhz: 2600, Current Mhz: 2600, Mhz Limit: 2600
Processor Information for processor 5
  Max Mhz: 2600, Current Mhz: 1496, Mhz Limit: 2600
Processor Information for processor 6
  Max Mhz: 2600, Current Mhz: 1496, Mhz Limit: 2600
Processor Information for processor 7
  Max Mhz: 2600, Current Mhz: 2600, Mhz Limit: 2600
Processor Information for processor 8
  Max Mhz: 2600, Current Mhz: 2600, Mhz Limit: 2600
Processor Information for processor 9
  Max Mhz: 2600, Current Mhz: 2600, Mhz Limit: 2600
Processor Information for processor 10
  Max Mhz: 2600, Current Mhz: 2600, Mhz Limit: 2600
Processor Information for processor 11
  Max Mhz: 2600, Current Mhz: 2600, Mhz Limit: 2600
Processor Information for processor 12
  Max Mhz: 2600, Current Mhz: 1900, Mhz Limit: 1898
Processor Information for processor 13
  Max Mhz: 2600, Current Mhz: 1900, Mhz Limit: 1898
Processor Information for processor 14
  Max Mhz: 2600, Current Mhz: 1900, Mhz Limit: 1898
Processor Information for processor 15
  Max Mhz: 2600, Current Mhz: 1900, Mhz Limit: 1898
Processor Information for processor 16
  Max Mhz: 2600, Current Mhz: 1900, Mhz Limit: 1898
Processor Information for processor 17
  Max Mhz: 2600, Current Mhz: 1900, Mhz Limit: 1898
Processor Information for processor 18
  Max Mhz: 2600, Current Mhz: 1900, Mhz Limit: 1898
Processor Information for processor 19
  Max Mhz: 2600, Current Mhz: 1900, Mhz Limit: 1898

Memory: 4k page, system-wide physical 16016M (1016M free)
TotalPageFile size 35216M (AvailPageFile size 0M)
current process WorkingSet (physical memory assigned to process): 104M, peak: 104M
current process commit charge ("private bytes"): 403M, peak: 403M

vm_info: OpenJDK 64-Bit Server VM (23+37-2369) for windows-amd64 JRE (23+37-2369), built on 2024-08-20T16:01:23Z with MS VC++ 17.6 (VS2022)

END.
